[focusFillBound()]: WARNING:
    Unusually large potential values
    detected on the focusing boundary!
    Convergence not guaranteed for NPBE/NRPBE calculations!

	Command being timed: "/SEAS/home/twang66/APBS/bin/apbs 1RCX_coarse.in"
	User time (seconds): 1125.13
	System time (seconds): 9.46
	Percent of CPU this job got: 691%
	Elapsed (wall clock) time (h:mm:ss or m:ss): 2:44.10
	Average shared text size (kbytes): 0
	Average unshared data size (kbytes): 0
	Average stack size (kbytes): 0
	Average total size (kbytes): 0
	Maximum resident set size (kbytes): 5314604
	Average resident set size (kbytes): 0
	Major (requiring I/O) page faults: 43
	Minor (reclaiming a frame) page faults: 392598
	Voluntary context switches: 21683
	Involuntary context switches: 2931
	Swaps: 0
	File system inputs: 63344
	File system outputs: 5136
	Socket messages sent: 0
	Socket messages received: 0
	Signals delivered: 0
	Page size (bytes): 4096
	Exit status: 0
