[focusFillBound()]: WARNING:
    Unusually large potential values
    detected on the focusing boundary!
    Convergence not guaranteed for NPBE/NRPBE calculations!

	Command being timed: "/SEAS/home/twang66/APBS/bin/apbs 1RCX_medium.in"
	User time (seconds): 3206.56
	System time (seconds): 21.39
	Percent of CPU this job got: 439%
	Elapsed (wall clock) time (h:mm:ss or m:ss): 12:13.90
	Average shared text size (kbytes): 0
	Average unshared data size (kbytes): 0
	Average stack size (kbytes): 0
	Average total size (kbytes): 0
	Maximum resident set size (kbytes): 13040432
	Average resident set size (kbytes): 0
	Major (requiring I/O) page faults: 43
	Minor (reclaiming a frame) page faults: 441409
	Voluntary context switches: 32300
	Involuntary context switches: 6510
	Swaps: 0
	File system inputs: 63456
	File system outputs: 5504
	Socket messages sent: 0
	Socket messages received: 0
	Signals delivered: 0
	Page size (bytes): 4096
	Exit status: 0
