[focusFillBound()]: WARNING:
    Unusually large potential values
    detected on the focusing boundary!
    Convergence not guaranteed for NPBE/NRPBE calculations!

	Command being timed: "/SEAS/home/twang66/APBS/bin/apbs 1RCX_fine.in"
	User time (seconds): 9729.93
	System time (seconds): 41.92
	Percent of CPU this job got: 164%
	Elapsed (wall clock) time (h:mm:ss or m:ss): 1:39:15
	Average shared text size (kbytes): 0
	Average unshared data size (kbytes): 0
	Average stack size (kbytes): 0
	Average total size (kbytes): 0
	Maximum resident set size (kbytes): 34192120
	Average resident set size (kbytes): 0
	Major (requiring I/O) page faults: 43
	Minor (reclaiming a frame) page faults: 677709
	Voluntary context switches: 40590
	Involuntary context switches: 12622
	Swaps: 0
	File system inputs: 53880
	File system outputs: 5832
	Socket messages sent: 0
	Socket messages received: 0
	Signals delivered: 0
	Page size (bytes): 4096
	Exit status: 0
