Could not find Gmsh.Interactive plotting and shapes module not available.
number of elements: 2097152
assembly system matrix wall time: 1011.607980966568
gmres wall time: 580.5250446796417
The linear system was solved in 4 iterations
Total solvation energy: -89624.05134513 [kcal/Mol]
bempp:HOST:INFO: Created grid with id 666aad0c-93f1-41c8-b0c1-746f97db62a7. Elements: 2097152. Edges: 3145728. Vertices: 1048578
bempp:HOST:TIMING: Grid.__init__ : 2.620e+01s
bempp:HOST:TIMING: _compute_p1_dof_map : 1.223e+00s
bempp:HOST:TIMING: p1_continuous_function_space : 1.235e+01s
bempp:HOST:TIMING: Start operation: 
bempp:HOST:TIMING: Finished Operation: : 9.442250728607178s
bempp:HOST:TIMING: assemble_sparse : 9.803e+00s
bempp:HOST:INFO: OpenCL Device set to: pthread-Intel(R) Xeon(R) Gold 6148 CPU @ 2.40GHz
bempp:HOST:TIMING: Start operation: Initialising Exafmm.
bempp:HOST:TIMING: Finished Operation: Initialising Exafmm.: 31.993371963500977s
bempp:HOST:TIMING: Start operation: Singular assembler:laplace_double_layer_boundary:opencl
bempp:HOST:TIMING: Finished Operation: Singular assembler:laplace_double_layer_boundary:opencl: 9.938901424407959s
bempp:HOST:TIMING: Start operation: Initialising Exafmm.
bempp:HOST:TIMING: Finished Operation: Initialising Exafmm.: 29.47300386428833s
bempp:HOST:TIMING: Start operation: Singular assembler:modified_helmholtz_double_layer_boundary:opencl
bempp:HOST:TIMING: Finished Operation: Singular assembler:modified_helmholtz_double_layer_boundary:opencl: 23.76142144203186s
bempp:HOST:DEBUG: Using cached Fmm Interface.
bempp:HOST:TIMING: Start operation: Singular assembler:laplace_single_layer_boundary:opencl
bempp:HOST:TIMING: Finished Operation: Singular assembler:laplace_single_layer_boundary:opencl: 8.865943431854248s
bempp:HOST:DEBUG: Using cached Fmm Interface.
bempp:HOST:TIMING: Start operation: Singular assembler:modified_helmholtz_single_layer_boundary:opencl
bempp:HOST:TIMING: Finished Operation: Singular assembler:modified_helmholtz_single_layer_boundary:opencl: 22.37457585334778s
bempp:HOST:DEBUG: Using cached Fmm Interface.
bempp:HOST:TIMING: Start operation: Singular assembler:modified_helmholtz_hypersingular_boundary:opencl
bempp:HOST:TIMING: Finished Operation: Singular assembler:modified_helmholtz_hypersingular_boundary:opencl: 27.55804967880249s
bempp:HOST:DEBUG: Using cached Fmm Interface.
bempp:HOST:TIMING: Start operation: Singular assembler:laplace_hypersingular_boundary:opencl
bempp:HOST:TIMING: Finished Operation: Singular assembler:laplace_hypersingular_boundary:opencl: 6.016907215118408s
bempp:HOST:TIMING: Start operation: 
bempp:HOST:TIMING: Finished Operation: : 6.194359540939331s
bempp:HOST:TIMING: assemble_sparse : 6.488e+00s
bempp:HOST:DEBUG: Using cached Fmm Interface.
bempp:HOST:TIMING: Start operation: Singular assembler:laplace_adjoint_double_layer_boundary:opencl
bempp:HOST:TIMING: Finished Operation: Singular assembler:laplace_adjoint_double_layer_boundary:opencl: 9.961947202682495s
bempp:HOST:DEBUG: Using cached Fmm Interface.
bempp:HOST:TIMING: Start operation: Singular assembler:modified_helmholtz_adjoint_double_layer_boundary:opencl
bempp:HOST:TIMING: Finished Operation: Singular assembler:modified_helmholtz_adjoint_double_layer_boundary:opencl: 23.967940092086792s
bempp:HOST:TIMING: Start operation: 
bempp:HOST:TIMING: Finished Operation: : 6.2020251750946045s
bempp:HOST:TIMING: assemble_sparse : 6.504e+00s
bempp:HOST:TIMING: Start operation: Evaluating Fmm.
bempp:HOST:TIMING: Start operation: Calling ExaFMM.
bempp:HOST:TIMING: Finished Operation: Calling ExaFMM.: 2.0513291358947754s
bempp:HOST:TIMING: Start operation: Singular Corrections Evaluator
bempp:HOST:TIMING: Finished Operation: Singular Corrections Evaluator: 0.48421144485473633s
bempp:HOST:TIMING: Finished Operation: Evaluating Fmm.: 2.711280107498169s
bempp:HOST:TIMING: Start operation: Evaluating Fmm.
bempp:HOST:TIMING: Start operation: Calling ExaFMM.
bempp:HOST:TIMING: Finished Operation: Calling ExaFMM.: 2.111389636993408s
bempp:HOST:TIMING: Start operation: Singular Corrections Evaluator
bempp:HOST:TIMING: Finished Operation: Singular Corrections Evaluator: 0.4412522315979004s
bempp:HOST:TIMING: Finished Operation: Evaluating Fmm.: 2.6681578159332275s
bempp:HOST:TIMING: Start operation: Evaluating Fmm.
bempp:HOST:TIMING: Start operation: Calling ExaFMM.
bempp:HOST:TIMING: Finished Operation: Calling ExaFMM.: 2.1005425453186035s
bempp:HOST:TIMING: Start operation: Singular Corrections Evaluator
bempp:HOST:TIMING: Finished Operation: Singular Corrections Evaluator: 0.4795570373535156s
bempp:HOST:TIMING: Finished Operation: Evaluating Fmm.: 2.698014497756958s
bempp:HOST:TIMING: Start operation: Evaluating Fmm.
bempp:HOST:TIMING: Start operation: Calling ExaFMM.
bempp:HOST:TIMING: Finished Operation: Calling ExaFMM.: 5.811518430709839s
bempp:HOST:TIMING: Start operation: Singular Corrections Evaluator
bempp:HOST:TIMING: Finished Operation: Singular Corrections Evaluator: 0.609407901763916s
bempp:HOST:TIMING: Finished Operation: Evaluating Fmm.: 6.877439498901367s
bempp:HOST:TIMING: Start operation: Evaluating Fmm.
bempp:HOST:TIMING: Start operation: Calling ExaFMM.
bempp:HOST:TIMING: Finished Operation: Calling ExaFMM.: 5.216024160385132s
bempp:HOST:TIMING: Start operation: Singular Corrections Evaluator
bempp:HOST:TIMING: Finished Operation: Singular Corrections Evaluator: 0.5616250038146973s
bempp:HOST:TIMING: Finished Operation: Evaluating Fmm.: 5.998832941055298s
bempp:HOST:TIMING: Start operation: Evaluating Fmm.
bempp:HOST:TIMING: Start operation: Calling ExaFMM.
bempp:HOST:TIMING: Finished Operation: Calling ExaFMM.: 5.213663339614868s
bempp:HOST:TIMING: Start operation: Singular Corrections Evaluator
bempp:HOST:TIMING: Finished Operation: Singular Corrections Evaluator: 0.6370334625244141s
bempp:HOST:TIMING: Finished Operation: Evaluating Fmm.: 5.980204105377197s
bempp:HOST:TIMING: Start operation: Evaluating Fmm.
bempp:HOST:TIMING: Start operation: Calling ExaFMM.
bempp:HOST:TIMING: Finished Operation: Calling ExaFMM.: 2.372929096221924s
bempp:HOST:TIMING: Start operation: Singular Corrections Evaluator
bempp:HOST:TIMING: Finished Operation: Singular Corrections Evaluator: 0.6543023586273193s
bempp:HOST:TIMING: Finished Operation: Evaluating Fmm.: 3.583543062210083s
bempp:HOST:TIMING: Start operation: Evaluating Fmm.
bempp:HOST:TIMING: Start operation: Calling ExaFMM.
bempp:HOST:TIMING: Finished Operation: Calling ExaFMM.: 5.419811248779297s
bempp:HOST:TIMING: Start operation: Singular Corrections Evaluator
bempp:HOST:TIMING: Finished Operation: Singular Corrections Evaluator: 0.5566692352294922s
bempp:HOST:TIMING: Finished Operation: Evaluating Fmm.: 6.130321502685547s
bempp:HOST:TIMING: Start operation: Evaluating Fmm.
bempp:HOST:TIMING: Start operation: Calling ExaFMM.
bempp:HOST:TIMING: Finished Operation: Calling ExaFMM.: 5.423969030380249s
bempp:HOST:TIMING: Start operation: Singular Corrections Evaluator
bempp:HOST:TIMING: Finished Operation: Singular Corrections Evaluator: 0.717552661895752s
bempp:HOST:TIMING: Finished Operation: Evaluating Fmm.: 6.252106189727783s
bempp:HOST:TIMING: Start operation: Evaluating Fmm.
bempp:HOST:TIMING: Start operation: Calling ExaFMM.
bempp:HOST:TIMING: Finished Operation: Calling ExaFMM.: 5.33276104927063s
bempp:HOST:TIMING: Start operation: Singular Corrections Evaluator
bempp:HOST:TIMING: Finished Operation: Singular Corrections Evaluator: 0.5878357887268066s
bempp:HOST:TIMING: Finished Operation: Evaluating Fmm.: 6.03046178817749s
bempp:HOST:TIMING: Start operation: Evaluating Fmm.
bempp:HOST:TIMING: Start operation: Calling ExaFMM.
bempp:HOST:TIMING: Finished Operation: Calling ExaFMM.: 5.240705490112305s
bempp:HOST:TIMING: Start operation: Singular Corrections Evaluator
bempp:HOST:TIMING: Finished Operation: Singular Corrections Evaluator: 0.5764725208282471s
bempp:HOST:TIMING: Finished Operation: Evaluating Fmm.: 6.090860843658447s
bempp:HOST:TIMING: Start operation: Evaluating Fmm.
bempp:HOST:TIMING: Start operation: Calling ExaFMM.
bempp:HOST:TIMING: Finished Operation: Calling ExaFMM.: 5.23770809173584s
bempp:HOST:TIMING: Start operation: Singular Corrections Evaluator
bempp:HOST:TIMING: Finished Operation: Singular Corrections Evaluator: 0.5860495567321777s
bempp:HOST:TIMING: Finished Operation: Evaluating Fmm.: 5.934199810028076s
bempp:HOST:TIMING: Start operation: Evaluating Fmm.
bempp:HOST:TIMING: Start operation: Calling ExaFMM.
bempp:HOST:TIMING: Finished Operation: Calling ExaFMM.: 5.3337085247039795s
bempp:HOST:TIMING: Start operation: Singular Corrections Evaluator
bempp:HOST:TIMING: Finished Operation: Singular Corrections Evaluator: 0.677600622177124s
bempp:HOST:TIMING: Finished Operation: Evaluating Fmm.: 6.120225191116333s
bempp:HOST:TIMING: Start operation: Evaluating Fmm.
bempp:HOST:TIMING: Start operation: Calling ExaFMM.
bempp:HOST:TIMING: Finished Operation: Calling ExaFMM.: 5.296434640884399s
bempp:HOST:TIMING: Start operation: Singular Corrections Evaluator
bempp:HOST:TIMING: Finished Operation: Singular Corrections Evaluator: 0.5896353721618652s
bempp:HOST:TIMING: Finished Operation: Evaluating Fmm.: 5.9954516887664795s
bempp:HOST:TIMING: Start operation: Evaluating Fmm.
bempp:HOST:TIMING: Start operation: Calling ExaFMM.
bempp:HOST:TIMING: Finished Operation: Calling ExaFMM.: 2.062145233154297s
bempp:HOST:TIMING: Start operation: Singular Corrections Evaluator
bempp:HOST:TIMING: Finished Operation: Singular Corrections Evaluator: 0.5096240043640137s
bempp:HOST:TIMING: Finished Operation: Evaluating Fmm.: 2.738163948059082s
bempp:HOST:TIMING: Start operation: Evaluating Fmm.
bempp:HOST:TIMING: Start operation: Calling ExaFMM.
bempp:HOST:TIMING: Finished Operation: Calling ExaFMM.: 2.140760660171509s
bempp:HOST:TIMING: Start operation: Singular Corrections Evaluator
bempp:HOST:TIMING: Finished Operation: Singular Corrections Evaluator: 0.5328028202056885s
bempp:HOST:TIMING: Finished Operation: Evaluating Fmm.: 2.770479202270508s
bempp:HOST:TIMING: Start operation: Evaluating Fmm.
bempp:HOST:TIMING: Start operation: Calling ExaFMM.
bempp:HOST:TIMING: Finished Operation: Calling ExaFMM.: 2.5212552547454834s
bempp:HOST:TIMING: Start operation: Singular Corrections Evaluator
bempp:HOST:TIMING: Finished Operation: Singular Corrections Evaluator: 0.48558545112609863s
bempp:HOST:TIMING: Finished Operation: Evaluating Fmm.: 3.1021480560302734s
bempp:HOST:TIMING: Start operation: Evaluating Fmm.
bempp:HOST:TIMING: Start operation: Calling ExaFMM.
bempp:HOST:TIMING: Finished Operation: Calling ExaFMM.: 2.079249143600464s
bempp:HOST:TIMING: Start operation: Singular Corrections Evaluator
bempp:HOST:TIMING: Finished Operation: Singular Corrections Evaluator: 0.5015449523925781s
bempp:HOST:TIMING: Finished Operation: Evaluating Fmm.: 2.7268335819244385s
bempp:HOST:TIMING: Start operation: Evaluating Fmm.
bempp:HOST:TIMING: Start operation: Calling ExaFMM.
bempp:HOST:TIMING: Finished Operation: Calling ExaFMM.: 5.338298797607422s
bempp:HOST:TIMING: Start operation: Singular Corrections Evaluator
bempp:HOST:TIMING: Finished Operation: Singular Corrections Evaluator: 0.6199674606323242s
bempp:HOST:TIMING: Finished Operation: Evaluating Fmm.: 6.198385715484619s
bempp:HOST:TIMING: Start operation: Evaluating Fmm.
bempp:HOST:TIMING: Start operation: Calling ExaFMM.
bempp:HOST:TIMING: Finished Operation: Calling ExaFMM.: 2.1577494144439697s
bempp:HOST:TIMING: Start operation: Singular Corrections Evaluator
bempp:HOST:TIMING: Finished Operation: Singular Corrections Evaluator: 0.5359807014465332s
bempp:HOST:TIMING: Finished Operation: Evaluating Fmm.: 2.9903650283813477s
bempp:HOST:TIMING: Start operation: Evaluating Fmm.
bempp:HOST:TIMING: Start operation: Calling ExaFMM.
bempp:HOST:TIMING: Finished Operation: Calling ExaFMM.: 2.021235227584839s
bempp:HOST:TIMING: Start operation: Singular Corrections Evaluator
bempp:HOST:TIMING: Finished Operation: Singular Corrections Evaluator: 0.48121047019958496s
bempp:HOST:TIMING: Finished Operation: Evaluating Fmm.: 2.6079463958740234s
bempp:HOST:TIMING: Start operation: Evaluating Fmm.
bempp:HOST:TIMING: Start operation: Calling ExaFMM.
bempp:HOST:TIMING: Finished Operation: Calling ExaFMM.: 2.078913450241089s
bempp:HOST:TIMING: Start operation: Singular Corrections Evaluator
bempp:HOST:TIMING: Finished Operation: Singular Corrections Evaluator: 0.45903444290161133s
bempp:HOST:TIMING: Finished Operation: Evaluating Fmm.: 2.6285252571105957s
bempp:HOST:TIMING: Start operation: Evaluating Fmm.
bempp:HOST:TIMING: Start operation: Calling ExaFMM.
bempp:HOST:TIMING: Finished Operation: Calling ExaFMM.: 5.364375352859497s
bempp:HOST:TIMING: Start operation: Singular Corrections Evaluator
bempp:HOST:TIMING: Finished Operation: Singular Corrections Evaluator: 0.6038434505462646s
bempp:HOST:TIMING: Finished Operation: Evaluating Fmm.: 6.240717887878418s
bempp:HOST:TIMING: Start operation: Evaluating Fmm.
bempp:HOST:TIMING: Start operation: Calling ExaFMM.
bempp:HOST:TIMING: Finished Operation: Calling ExaFMM.: 5.394705057144165s
bempp:HOST:TIMING: Start operation: Singular Corrections Evaluator
bempp:HOST:TIMING: Finished Operation: Singular Corrections Evaluator: 0.572197437286377s
bempp:HOST:TIMING: Finished Operation: Evaluating Fmm.: 6.054919242858887s
bempp:HOST:TIMING: Start operation: Evaluating Fmm.
bempp:HOST:TIMING: Start operation: Calling ExaFMM.
bempp:HOST:TIMING: Finished Operation: Calling ExaFMM.: 5.382277250289917s
bempp:HOST:TIMING: Start operation: Singular Corrections Evaluator
bempp:HOST:TIMING: Finished Operation: Singular Corrections Evaluator: 0.6242454051971436s
bempp:HOST:TIMING: Finished Operation: Evaluating Fmm.: 6.117073059082031s
bempp:HOST:TIMING: Start operation: Evaluating Fmm.
bempp:HOST:TIMING: Start operation: Calling ExaFMM.
bempp:HOST:TIMING: Finished Operation: Calling ExaFMM.: 2.438744306564331s
bempp:HOST:TIMING: Start operation: Singular Corrections Evaluator
bempp:HOST:TIMING: Finished Operation: Singular Corrections Evaluator: 0.5408437252044678s
bempp:HOST:TIMING: Finished Operation: Evaluating Fmm.: 3.174441337585449s
bempp:HOST:TIMING: Start operation: Evaluating Fmm.
bempp:HOST:TIMING: Start operation: Calling ExaFMM.
bempp:HOST:TIMING: Finished Operation: Calling ExaFMM.: 5.492447137832642s
bempp:HOST:TIMING: Start operation: Singular Corrections Evaluator
bempp:HOST:TIMING: Finished Operation: Singular Corrections Evaluator: 0.5799028873443604s
bempp:HOST:TIMING: Finished Operation: Evaluating Fmm.: 6.1876513957977295s
bempp:HOST:TIMING: Start operation: Evaluating Fmm.
bempp:HOST:TIMING: Start operation: Calling ExaFMM.
bempp:HOST:TIMING: Finished Operation: Calling ExaFMM.: 5.450810432434082s
bempp:HOST:TIMING: Start operation: Singular Corrections Evaluator
bempp:HOST:TIMING: Finished Operation: Singular Corrections Evaluator: 0.6593396663665771s
bempp:HOST:TIMING: Finished Operation: Evaluating Fmm.: 6.205324649810791s
bempp:HOST:TIMING: Start operation: Evaluating Fmm.
bempp:HOST:TIMING: Start operation: Calling ExaFMM.
bempp:HOST:TIMING: Finished Operation: Calling ExaFMM.: 5.443172931671143s
bempp:HOST:TIMING: Start operation: Singular Corrections Evaluator
bempp:HOST:TIMING: Finished Operation: Singular Corrections Evaluator: 0.5806968212127686s
bempp:HOST:TIMING: Finished Operation: Evaluating Fmm.: 6.133867025375366s
bempp:HOST:TIMING: Start operation: Evaluating Fmm.
bempp:HOST:TIMING: Start operation: Calling ExaFMM.
bempp:HOST:TIMING: Finished Operation: Calling ExaFMM.: 5.186464548110962s
bempp:HOST:TIMING: Start operation: Singular Corrections Evaluator
bempp:HOST:TIMING: Finished Operation: Singular Corrections Evaluator: 0.5769381523132324s
bempp:HOST:TIMING: Finished Operation: Evaluating Fmm.: 5.864521265029907s
bempp:HOST:TIMING: Start operation: Evaluating Fmm.
bempp:HOST:TIMING: Start operation: Calling ExaFMM.
bempp:HOST:TIMING: Finished Operation: Calling ExaFMM.: 5.4716737270355225s
bempp:HOST:TIMING: Start operation: Singular Corrections Evaluator
bempp:HOST:TIMING: Finished Operation: Singular Corrections Evaluator: 0.6093761920928955s
bempp:HOST:TIMING: Finished Operation: Evaluating Fmm.: 6.207698822021484s
bempp:HOST:TIMING: Start operation: Evaluating Fmm.
bempp:HOST:TIMING: Start operation: Calling ExaFMM.
bempp:HOST:TIMING: Finished Operation: Calling ExaFMM.: 5.632952690124512s
bempp:HOST:TIMING: Start operation: Singular Corrections Evaluator
bempp:HOST:TIMING: Finished Operation: Singular Corrections Evaluator: 0.5831034183502197s
bempp:HOST:TIMING: Finished Operation: Evaluating Fmm.: 6.3277552127838135s
bempp:HOST:TIMING: Start operation: Evaluating Fmm.
bempp:HOST:TIMING: Start operation: Calling ExaFMM.
bempp:HOST:TIMING: Finished Operation: Calling ExaFMM.: 5.32849383354187s
bempp:HOST:TIMING: Start operation: Singular Corrections Evaluator
bempp:HOST:TIMING: Finished Operation: Singular Corrections Evaluator: 0.5475363731384277s
bempp:HOST:TIMING: Finished Operation: Evaluating Fmm.: 5.974322319030762s
bempp:HOST:TIMING: Start operation: Evaluating Fmm.
bempp:HOST:TIMING: Start operation: Calling ExaFMM.
bempp:HOST:TIMING: Finished Operation: Calling ExaFMM.: 2.027071475982666s
bempp:HOST:TIMING: Start operation: Singular Corrections Evaluator
bempp:HOST:TIMING: Finished Operation: Singular Corrections Evaluator: 0.504244327545166s
bempp:HOST:TIMING: Finished Operation: Evaluating Fmm.: 2.704192638397217s
bempp:HOST:TIMING: Start operation: Evaluating Fmm.
bempp:HOST:TIMING: Start operation: Calling ExaFMM.
bempp:HOST:TIMING: Finished Operation: Calling ExaFMM.: 2.240900754928589s
bempp:HOST:TIMING: Start operation: Singular Corrections Evaluator
bempp:HOST:TIMING: Finished Operation: Singular Corrections Evaluator: 0.5257275104522705s
bempp:HOST:TIMING: Finished Operation: Evaluating Fmm.: 2.8574576377868652s
bempp:HOST:TIMING: Start operation: Evaluating Fmm.
bempp:HOST:TIMING: Start operation: Calling ExaFMM.
bempp:HOST:TIMING: Finished Operation: Calling ExaFMM.: 2.343585729598999s
bempp:HOST:TIMING: Start operation: Singular Corrections Evaluator
bempp:HOST:TIMING: Finished Operation: Singular Corrections Evaluator: 0.4508044719696045s
bempp:HOST:TIMING: Finished Operation: Evaluating Fmm.: 2.9019455909729004s
bempp:HOST:TIMING: Start operation: Evaluating Fmm.
bempp:HOST:TIMING: Start operation: Calling ExaFMM.
bempp:HOST:TIMING: Finished Operation: Calling ExaFMM.: 2.0320143699645996s
bempp:HOST:TIMING: Start operation: Singular Corrections Evaluator
bempp:HOST:TIMING: Finished Operation: Singular Corrections Evaluator: 0.44995641708374023s
bempp:HOST:TIMING: Finished Operation: Evaluating Fmm.: 2.5978317260742188s
bempp:HOST:TIMING: Start operation: Evaluating Fmm.
bempp:HOST:TIMING: Start operation: Calling ExaFMM.
bempp:HOST:TIMING: Finished Operation: Calling ExaFMM.: 5.467839002609253s
bempp:HOST:TIMING: Start operation: Singular Corrections Evaluator
bempp:HOST:TIMING: Finished Operation: Singular Corrections Evaluator: 0.6200332641601562s
bempp:HOST:TIMING: Finished Operation: Evaluating Fmm.: 6.269982814788818s
bempp:HOST:TIMING: Start operation: Evaluating Fmm.
bempp:HOST:TIMING: Start operation: Calling ExaFMM.
bempp:HOST:TIMING: Finished Operation: Calling ExaFMM.: 2.08943772315979s
bempp:HOST:TIMING: Start operation: Singular Corrections Evaluator
bempp:HOST:TIMING: Finished Operation: Singular Corrections Evaluator: 0.4495060443878174s
bempp:HOST:TIMING: Finished Operation: Evaluating Fmm.: 2.645383834838867s
bempp:HOST:TIMING: Start operation: Evaluating Fmm.
bempp:HOST:TIMING: Start operation: Calling ExaFMM.
bempp:HOST:TIMING: Finished Operation: Calling ExaFMM.: 2.2306668758392334s
bempp:HOST:TIMING: Start operation: Singular Corrections Evaluator
bempp:HOST:TIMING: Finished Operation: Singular Corrections Evaluator: 0.4575972557067871s
bempp:HOST:TIMING: Finished Operation: Evaluating Fmm.: 2.80169939994812s
bempp:HOST:TIMING: Start operation: Evaluating Fmm.
bempp:HOST:TIMING: Start operation: Calling ExaFMM.
bempp:HOST:TIMING: Finished Operation: Calling ExaFMM.: 2.100508451461792s
bempp:HOST:TIMING: Start operation: Singular Corrections Evaluator
bempp:HOST:TIMING: Finished Operation: Singular Corrections Evaluator: 0.445514440536499s
bempp:HOST:TIMING: Finished Operation: Evaluating Fmm.: 2.6537466049194336s
bempp:HOST:TIMING: Start operation: Evaluating Fmm.
bempp:HOST:TIMING: Start operation: Calling ExaFMM.
bempp:HOST:TIMING: Finished Operation: Calling ExaFMM.: 5.26464319229126s
bempp:HOST:TIMING: Start operation: Singular Corrections Evaluator
bempp:HOST:TIMING: Finished Operation: Singular Corrections Evaluator: 0.6225738525390625s
bempp:HOST:TIMING: Finished Operation: Evaluating Fmm.: 5.995596647262573s
bempp:HOST:TIMING: Start operation: Evaluating Fmm.
bempp:HOST:TIMING: Start operation: Calling ExaFMM.
bempp:HOST:TIMING: Finished Operation: Calling ExaFMM.: 5.409966945648193s
bempp:HOST:TIMING: Start operation: Singular Corrections Evaluator
bempp:HOST:TIMING: Finished Operation: Singular Corrections Evaluator: 0.6025164127349854s
bempp:HOST:TIMING: Finished Operation: Evaluating Fmm.: 6.127626895904541s
bempp:HOST:TIMING: Start operation: Evaluating Fmm.
bempp:HOST:TIMING: Start operation: Calling ExaFMM.
bempp:HOST:TIMING: Finished Operation: Calling ExaFMM.: 5.465372323989868s
bempp:HOST:TIMING: Start operation: Singular Corrections Evaluator
bempp:HOST:TIMING: Finished Operation: Singular Corrections Evaluator: 0.5631380081176758s
bempp:HOST:TIMING: Finished Operation: Evaluating Fmm.: 6.162778615951538s
bempp:HOST:TIMING: Start operation: Evaluating Fmm.
bempp:HOST:TIMING: Start operation: Calling ExaFMM.
bempp:HOST:TIMING: Finished Operation: Calling ExaFMM.: 2.1395139694213867s
bempp:HOST:TIMING: Start operation: Singular Corrections Evaluator
bempp:HOST:TIMING: Finished Operation: Singular Corrections Evaluator: 0.6116518974304199s
bempp:HOST:TIMING: Finished Operation: Evaluating Fmm.: 2.9355411529541016s
bempp:HOST:TIMING: Start operation: Evaluating Fmm.
bempp:HOST:TIMING: Start operation: Calling ExaFMM.
bempp:HOST:TIMING: Finished Operation: Calling ExaFMM.: 5.232828855514526s
bempp:HOST:TIMING: Start operation: Singular Corrections Evaluator
bempp:HOST:TIMING: Finished Operation: Singular Corrections Evaluator: 0.7939596176147461s
bempp:HOST:TIMING: Finished Operation: Evaluating Fmm.: 6.132194995880127s
bempp:HOST:TIMING: Start operation: Evaluating Fmm.
bempp:HOST:TIMING: Start operation: Calling ExaFMM.
bempp:HOST:TIMING: Finished Operation: Calling ExaFMM.: 5.20702600479126s
bempp:HOST:TIMING: Start operation: Singular Corrections Evaluator
bempp:HOST:TIMING: Finished Operation: Singular Corrections Evaluator: 0.560603141784668s
bempp:HOST:TIMING: Finished Operation: Evaluating Fmm.: 5.864674806594849s
bempp:HOST:TIMING: Start operation: Evaluating Fmm.
bempp:HOST:TIMING: Start operation: Calling ExaFMM.
bempp:HOST:TIMING: Finished Operation: Calling ExaFMM.: 5.189403057098389s
bempp:HOST:TIMING: Start operation: Singular Corrections Evaluator
bempp:HOST:TIMING: Finished Operation: Singular Corrections Evaluator: 0.5670266151428223s
bempp:HOST:TIMING: Finished Operation: Evaluating Fmm.: 5.848815202713013s
bempp:HOST:TIMING: Start operation: Evaluating Fmm.
bempp:HOST:TIMING: Start operation: Calling ExaFMM.
bempp:HOST:TIMING: Finished Operation: Calling ExaFMM.: 5.261392593383789s
bempp:HOST:TIMING: Start operation: Singular Corrections Evaluator
bempp:HOST:TIMING: Finished Operation: Singular Corrections Evaluator: 0.6219761371612549s
bempp:HOST:TIMING: Finished Operation: Evaluating Fmm.: 5.982937812805176s
bempp:HOST:TIMING: Start operation: Evaluating Fmm.
bempp:HOST:TIMING: Start operation: Calling ExaFMM.
bempp:HOST:TIMING: Finished Operation: Calling ExaFMM.: 5.212519407272339s
bempp:HOST:TIMING: Start operation: Singular Corrections Evaluator
bempp:HOST:TIMING: Finished Operation: Singular Corrections Evaluator: 0.6049437522888184s
bempp:HOST:TIMING: Finished Operation: Evaluating Fmm.: 5.914447546005249s
bempp:HOST:TIMING: Start operation: Evaluating Fmm.
bempp:HOST:TIMING: Start operation: Calling ExaFMM.
bempp:HOST:TIMING: Finished Operation: Calling ExaFMM.: 5.301764488220215s
bempp:HOST:TIMING: Start operation: Singular Corrections Evaluator
bempp:HOST:TIMING: Finished Operation: Singular Corrections Evaluator: 0.5747992992401123s
bempp:HOST:TIMING: Finished Operation: Evaluating Fmm.: 5.98082423210144s
bempp:HOST:TIMING: Start operation: Evaluating Fmm.
bempp:HOST:TIMING: Start operation: Calling ExaFMM.
bempp:HOST:TIMING: Finished Operation: Calling ExaFMM.: 5.3276989459991455s
bempp:HOST:TIMING: Start operation: Singular Corrections Evaluator
bempp:HOST:TIMING: Finished Operation: Singular Corrections Evaluator: 0.5984547138214111s
bempp:HOST:TIMING: Finished Operation: Evaluating Fmm.: 6.033031463623047s
bempp:HOST:TIMING: Start operation: Evaluating Fmm.
bempp:HOST:TIMING: Start operation: Calling ExaFMM.
bempp:HOST:TIMING: Finished Operation: Calling ExaFMM.: 2.183408737182617s
bempp:HOST:TIMING: Start operation: Singular Corrections Evaluator
bempp:HOST:TIMING: Finished Operation: Singular Corrections Evaluator: 0.5134763717651367s
bempp:HOST:TIMING: Finished Operation: Evaluating Fmm.: 2.8975589275360107s
bempp:HOST:TIMING: Start operation: Evaluating Fmm.
bempp:HOST:TIMING: Start operation: Calling ExaFMM.
bempp:HOST:TIMING: Finished Operation: Calling ExaFMM.: 2.1080551147460938s
bempp:HOST:TIMING: Start operation: Singular Corrections Evaluator
bempp:HOST:TIMING: Finished Operation: Singular Corrections Evaluator: 0.46243715286254883s
bempp:HOST:TIMING: Finished Operation: Evaluating Fmm.: 2.7085719108581543s
bempp:HOST:TIMING: Start operation: Evaluating Fmm.
bempp:HOST:TIMING: Start operation: Calling ExaFMM.
bempp:HOST:TIMING: Finished Operation: Calling ExaFMM.: 2.535029888153076s
bempp:HOST:TIMING: Start operation: Singular Corrections Evaluator
bempp:HOST:TIMING: Finished Operation: Singular Corrections Evaluator: 0.46511101722717285s
bempp:HOST:TIMING: Finished Operation: Evaluating Fmm.: 3.130753755569458s
bempp:HOST:TIMING: Start operation: Evaluating Fmm.
bempp:HOST:TIMING: Start operation: Calling ExaFMM.
bempp:HOST:TIMING: Finished Operation: Calling ExaFMM.: 2.580282211303711s
bempp:HOST:TIMING: Start operation: Singular Corrections Evaluator
bempp:HOST:TIMING: Finished Operation: Singular Corrections Evaluator: 0.48110342025756836s
bempp:HOST:TIMING: Finished Operation: Evaluating Fmm.: 3.1678645610809326s
bempp:HOST:TIMING: Start operation: Evaluating Fmm.
bempp:HOST:TIMING: Start operation: Calling ExaFMM.
bempp:HOST:TIMING: Finished Operation: Calling ExaFMM.: 5.324714422225952s
bempp:HOST:TIMING: Start operation: Singular Corrections Evaluator
bempp:HOST:TIMING: Finished Operation: Singular Corrections Evaluator: 0.6376254558563232s
bempp:HOST:TIMING: Finished Operation: Evaluating Fmm.: 6.142633676528931s
bempp:HOST:INFO: GMRES Iteration 1 with residual 5345.438215042314
bempp:HOST:TIMING: Start operation: Evaluating Fmm.
bempp:HOST:TIMING: Start operation: Calling ExaFMM.
bempp:HOST:TIMING: Finished Operation: Calling ExaFMM.: 2.0502982139587402s
bempp:HOST:TIMING: Start operation: Singular Corrections Evaluator
bempp:HOST:TIMING: Finished Operation: Singular Corrections Evaluator: 0.47774434089660645s
bempp:HOST:TIMING: Finished Operation: Evaluating Fmm.: 2.619719982147217s
bempp:HOST:TIMING: Start operation: Evaluating Fmm.
bempp:HOST:TIMING: Start operation: Calling ExaFMM.
bempp:HOST:TIMING: Finished Operation: Calling ExaFMM.: 2.044851541519165s
bempp:HOST:TIMING: Start operation: Singular Corrections Evaluator
bempp:HOST:TIMING: Finished Operation: Singular Corrections Evaluator: 0.44672322273254395s
bempp:HOST:TIMING: Finished Operation: Evaluating Fmm.: 2.5855469703674316s
bempp:HOST:TIMING: Start operation: Evaluating Fmm.
bempp:HOST:TIMING: Start operation: Calling ExaFMM.
bempp:HOST:TIMING: Finished Operation: Calling ExaFMM.: 2.2761802673339844s
bempp:HOST:TIMING: Start operation: Singular Corrections Evaluator
bempp:HOST:TIMING: Finished Operation: Singular Corrections Evaluator: 0.4541652202606201s
bempp:HOST:TIMING: Finished Operation: Evaluating Fmm.: 2.839987277984619s
bempp:HOST:TIMING: Start operation: Evaluating Fmm.
bempp:HOST:TIMING: Start operation: Calling ExaFMM.
bempp:HOST:TIMING: Finished Operation: Calling ExaFMM.: 5.275097608566284s
bempp:HOST:TIMING: Start operation: Singular Corrections Evaluator
bempp:HOST:TIMING: Finished Operation: Singular Corrections Evaluator: 0.5869419574737549s
bempp:HOST:TIMING: Finished Operation: Evaluating Fmm.: 5.95791482925415s
bempp:HOST:TIMING: Start operation: Evaluating Fmm.
bempp:HOST:TIMING: Start operation: Calling ExaFMM.
bempp:HOST:TIMING: Finished Operation: Calling ExaFMM.: 5.2010698318481445s
bempp:HOST:TIMING: Start operation: Singular Corrections Evaluator
bempp:HOST:TIMING: Finished Operation: Singular Corrections Evaluator: 0.5815260410308838s
bempp:HOST:TIMING: Finished Operation: Evaluating Fmm.: 5.899587392807007s
bempp:HOST:TIMING: Start operation: Evaluating Fmm.
bempp:HOST:TIMING: Start operation: Calling ExaFMM.
bempp:HOST:TIMING: Finished Operation: Calling ExaFMM.: 5.237285137176514s
bempp:HOST:TIMING: Start operation: Singular Corrections Evaluator
bempp:HOST:TIMING: Finished Operation: Singular Corrections Evaluator: 0.5632703304290771s
bempp:HOST:TIMING: Finished Operation: Evaluating Fmm.: 5.9289023876190186s
bempp:HOST:TIMING: Start operation: Evaluating Fmm.
bempp:HOST:TIMING: Start operation: Calling ExaFMM.
bempp:HOST:TIMING: Finished Operation: Calling ExaFMM.: 2.1615750789642334s
bempp:HOST:TIMING: Start operation: Singular Corrections Evaluator
bempp:HOST:TIMING: Finished Operation: Singular Corrections Evaluator: 0.5083537101745605s
bempp:HOST:TIMING: Finished Operation: Evaluating Fmm.: 2.8756844997406006s
bempp:HOST:TIMING: Start operation: Evaluating Fmm.
bempp:HOST:TIMING: Start operation: Calling ExaFMM.
bempp:HOST:TIMING: Finished Operation: Calling ExaFMM.: 5.209859132766724s
bempp:HOST:TIMING: Start operation: Singular Corrections Evaluator
bempp:HOST:TIMING: Finished Operation: Singular Corrections Evaluator: 0.6462593078613281s
bempp:HOST:TIMING: Finished Operation: Evaluating Fmm.: 5.9624693393707275s
bempp:HOST:TIMING: Start operation: Evaluating Fmm.
bempp:HOST:TIMING: Start operation: Calling ExaFMM.
bempp:HOST:TIMING: Finished Operation: Calling ExaFMM.: 5.223248243331909s
bempp:HOST:TIMING: Start operation: Singular Corrections Evaluator
bempp:HOST:TIMING: Finished Operation: Singular Corrections Evaluator: 0.6082932949066162s
bempp:HOST:TIMING: Finished Operation: Evaluating Fmm.: 5.938726425170898s
bempp:HOST:TIMING: Start operation: Evaluating Fmm.
bempp:HOST:TIMING: Start operation: Calling ExaFMM.
bempp:HOST:TIMING: Finished Operation: Calling ExaFMM.: 5.170348405838013s
bempp:HOST:TIMING: Start operation: Singular Corrections Evaluator
bempp:HOST:TIMING: Finished Operation: Singular Corrections Evaluator: 0.5985965728759766s
bempp:HOST:TIMING: Finished Operation: Evaluating Fmm.: 5.868433952331543s
bempp:HOST:TIMING: Start operation: Evaluating Fmm.
bempp:HOST:TIMING: Start operation: Calling ExaFMM.
bempp:HOST:TIMING: Finished Operation: Calling ExaFMM.: 5.456641674041748s
bempp:HOST:TIMING: Start operation: Singular Corrections Evaluator
bempp:HOST:TIMING: Finished Operation: Singular Corrections Evaluator: 0.5933887958526611s
bempp:HOST:TIMING: Finished Operation: Evaluating Fmm.: 6.141324520111084s
bempp:HOST:TIMING: Start operation: Evaluating Fmm.
bempp:HOST:TIMING: Start operation: Calling ExaFMM.
bempp:HOST:TIMING: Finished Operation: Calling ExaFMM.: 5.329100131988525s
bempp:HOST:TIMING: Start operation: Singular Corrections Evaluator
bempp:HOST:TIMING: Finished Operation: Singular Corrections Evaluator: 0.5962734222412109s
bempp:HOST:TIMING: Finished Operation: Evaluating Fmm.: 6.036352157592773s
bempp:HOST:TIMING: Start operation: Evaluating Fmm.
bempp:HOST:TIMING: Start operation: Calling ExaFMM.
bempp:HOST:TIMING: Finished Operation: Calling ExaFMM.: 5.228857517242432s
bempp:HOST:TIMING: Start operation: Singular Corrections Evaluator
bempp:HOST:TIMING: Finished Operation: Singular Corrections Evaluator: 0.5571122169494629s
bempp:HOST:TIMING: Finished Operation: Evaluating Fmm.: 5.961380481719971s
bempp:HOST:TIMING: Start operation: Evaluating Fmm.
bempp:HOST:TIMING: Start operation: Calling ExaFMM.
bempp:HOST:TIMING: Finished Operation: Calling ExaFMM.: 5.309742212295532s
bempp:HOST:TIMING: Start operation: Singular Corrections Evaluator
bempp:HOST:TIMING: Finished Operation: Singular Corrections Evaluator: 0.5981714725494385s
bempp:HOST:TIMING: Finished Operation: Evaluating Fmm.: 6.0154197216033936s
bempp:HOST:TIMING: Start operation: Evaluating Fmm.
bempp:HOST:TIMING: Start operation: Calling ExaFMM.
bempp:HOST:TIMING: Finished Operation: Calling ExaFMM.: 2.1620194911956787s
bempp:HOST:TIMING: Start operation: Singular Corrections Evaluator
bempp:HOST:TIMING: Finished Operation: Singular Corrections Evaluator: 0.6538844108581543s
bempp:HOST:TIMING: Finished Operation: Evaluating Fmm.: 3.116504430770874s
bempp:HOST:TIMING: Start operation: Evaluating Fmm.
bempp:HOST:TIMING: Start operation: Calling ExaFMM.
bempp:HOST:TIMING: Finished Operation: Calling ExaFMM.: 2.0278360843658447s
bempp:HOST:TIMING: Start operation: Singular Corrections Evaluator
bempp:HOST:TIMING: Finished Operation: Singular Corrections Evaluator: 0.43119192123413086s
bempp:HOST:TIMING: Finished Operation: Evaluating Fmm.: 2.60184645652771s
bempp:HOST:TIMING: Start operation: Evaluating Fmm.
bempp:HOST:TIMING: Start operation: Calling ExaFMM.
bempp:HOST:TIMING: Finished Operation: Calling ExaFMM.: 2.0628862380981445s
bempp:HOST:TIMING: Start operation: Singular Corrections Evaluator
bempp:HOST:TIMING: Finished Operation: Singular Corrections Evaluator: 0.45654916763305664s
bempp:HOST:TIMING: Finished Operation: Evaluating Fmm.: 2.614757537841797s
bempp:HOST:TIMING: Start operation: Evaluating Fmm.
bempp:HOST:TIMING: Start operation: Calling ExaFMM.
bempp:HOST:TIMING: Finished Operation: Calling ExaFMM.: 2.026611804962158s
bempp:HOST:TIMING: Start operation: Singular Corrections Evaluator
bempp:HOST:TIMING: Finished Operation: Singular Corrections Evaluator: 0.4488370418548584s
bempp:HOST:TIMING: Finished Operation: Evaluating Fmm.: 2.583524227142334s
bempp:HOST:TIMING: Start operation: Evaluating Fmm.
bempp:HOST:TIMING: Start operation: Calling ExaFMM.
bempp:HOST:TIMING: Finished Operation: Calling ExaFMM.: 5.5173609256744385s
bempp:HOST:TIMING: Start operation: Singular Corrections Evaluator
bempp:HOST:TIMING: Finished Operation: Singular Corrections Evaluator: 0.5808596611022949s
bempp:HOST:TIMING: Finished Operation: Evaluating Fmm.: 6.2928407192230225s
bempp:HOST:INFO: GMRES Iteration 2 with residual 1104.043402987389
bempp:HOST:TIMING: Start operation: Evaluating Fmm.
bempp:HOST:TIMING: Start operation: Calling ExaFMM.
bempp:HOST:TIMING: Finished Operation: Calling ExaFMM.: 2.022773027420044s
bempp:HOST:TIMING: Start operation: Singular Corrections Evaluator
bempp:HOST:TIMING: Finished Operation: Singular Corrections Evaluator: 0.45297765731811523s
bempp:HOST:TIMING: Finished Operation: Evaluating Fmm.: 2.583789348602295s
bempp:HOST:TIMING: Start operation: Evaluating Fmm.
bempp:HOST:TIMING: Start operation: Calling ExaFMM.
bempp:HOST:TIMING: Finished Operation: Calling ExaFMM.: 2.1610710620880127s
bempp:HOST:TIMING: Start operation: Singular Corrections Evaluator
bempp:HOST:TIMING: Finished Operation: Singular Corrections Evaluator: 0.44405579566955566s
bempp:HOST:TIMING: Finished Operation: Evaluating Fmm.: 2.7294304370880127s
bempp:HOST:TIMING: Start operation: Evaluating Fmm.
bempp:HOST:TIMING: Start operation: Calling ExaFMM.
bempp:HOST:TIMING: Finished Operation: Calling ExaFMM.: 2.424670934677124s
bempp:HOST:TIMING: Start operation: Singular Corrections Evaluator
bempp:HOST:TIMING: Finished Operation: Singular Corrections Evaluator: 0.5025737285614014s
bempp:HOST:TIMING: Finished Operation: Evaluating Fmm.: 3.029848575592041s
bempp:HOST:TIMING: Start operation: Evaluating Fmm.
bempp:HOST:TIMING: Start operation: Calling ExaFMM.
bempp:HOST:TIMING: Finished Operation: Calling ExaFMM.: 5.49911642074585s
bempp:HOST:TIMING: Start operation: Singular Corrections Evaluator
bempp:HOST:TIMING: Finished Operation: Singular Corrections Evaluator: 0.5923781394958496s
bempp:HOST:TIMING: Finished Operation: Evaluating Fmm.: 6.202138662338257s
bempp:HOST:TIMING: Start operation: Evaluating Fmm.
bempp:HOST:TIMING: Start operation: Calling ExaFMM.
bempp:HOST:TIMING: Finished Operation: Calling ExaFMM.: 5.583640098571777s
bempp:HOST:TIMING: Start operation: Singular Corrections Evaluator
bempp:HOST:TIMING: Finished Operation: Singular Corrections Evaluator: 0.5685896873474121s
bempp:HOST:TIMING: Finished Operation: Evaluating Fmm.: 6.266672849655151s
bempp:HOST:TIMING: Start operation: Evaluating Fmm.
bempp:HOST:TIMING: Start operation: Calling ExaFMM.
bempp:HOST:TIMING: Finished Operation: Calling ExaFMM.: 5.2307209968566895s
bempp:HOST:TIMING: Start operation: Singular Corrections Evaluator
bempp:HOST:TIMING: Finished Operation: Singular Corrections Evaluator: 0.5977425575256348s
bempp:HOST:TIMING: Finished Operation: Evaluating Fmm.: 5.937269687652588s
bempp:HOST:TIMING: Start operation: Evaluating Fmm.
bempp:HOST:TIMING: Start operation: Calling ExaFMM.
bempp:HOST:TIMING: Finished Operation: Calling ExaFMM.: 2.238492965698242s
bempp:HOST:TIMING: Start operation: Singular Corrections Evaluator
bempp:HOST:TIMING: Finished Operation: Singular Corrections Evaluator: 0.4925873279571533s
bempp:HOST:TIMING: Finished Operation: Evaluating Fmm.: 2.893232822418213s
bempp:HOST:TIMING: Start operation: Evaluating Fmm.
bempp:HOST:TIMING: Start operation: Calling ExaFMM.
bempp:HOST:TIMING: Finished Operation: Calling ExaFMM.: 5.54000449180603s
bempp:HOST:TIMING: Start operation: Singular Corrections Evaluator
bempp:HOST:TIMING: Finished Operation: Singular Corrections Evaluator: 0.5873398780822754s
bempp:HOST:TIMING: Finished Operation: Evaluating Fmm.: 6.232730865478516s
bempp:HOST:TIMING: Start operation: Evaluating Fmm.
bempp:HOST:TIMING: Start operation: Calling ExaFMM.
bempp:HOST:TIMING: Finished Operation: Calling ExaFMM.: 5.4386889934539795s
bempp:HOST:TIMING: Start operation: Singular Corrections Evaluator
bempp:HOST:TIMING: Finished Operation: Singular Corrections Evaluator: 0.575387716293335s
bempp:HOST:TIMING: Finished Operation: Evaluating Fmm.: 6.13623046875s
bempp:HOST:TIMING: Start operation: Evaluating Fmm.
bempp:HOST:TIMING: Start operation: Calling ExaFMM.
bempp:HOST:TIMING: Finished Operation: Calling ExaFMM.: 5.275611877441406s
bempp:HOST:TIMING: Start operation: Singular Corrections Evaluator
bempp:HOST:TIMING: Finished Operation: Singular Corrections Evaluator: 0.5938985347747803s
bempp:HOST:TIMING: Finished Operation: Evaluating Fmm.: 5.961465120315552s
bempp:HOST:TIMING: Start operation: Evaluating Fmm.
bempp:HOST:TIMING: Start operation: Calling ExaFMM.
bempp:HOST:TIMING: Finished Operation: Calling ExaFMM.: 5.666046380996704s
bempp:HOST:TIMING: Start operation: Singular Corrections Evaluator
bempp:HOST:TIMING: Finished Operation: Singular Corrections Evaluator: 0.5565133094787598s
bempp:HOST:TIMING: Finished Operation: Evaluating Fmm.: 6.3372344970703125s
bempp:HOST:TIMING: Start operation: Evaluating Fmm.
bempp:HOST:TIMING: Start operation: Calling ExaFMM.
bempp:HOST:TIMING: Finished Operation: Calling ExaFMM.: 5.325444936752319s
bempp:HOST:TIMING: Start operation: Singular Corrections Evaluator
bempp:HOST:TIMING: Finished Operation: Singular Corrections Evaluator: 0.5824918746948242s
bempp:HOST:TIMING: Finished Operation: Evaluating Fmm.: 6.001389741897583s
bempp:HOST:TIMING: Start operation: Evaluating Fmm.
bempp:HOST:TIMING: Start operation: Calling ExaFMM.
bempp:HOST:TIMING: Finished Operation: Calling ExaFMM.: 5.3389081954956055s
bempp:HOST:TIMING: Start operation: Singular Corrections Evaluator
bempp:HOST:TIMING: Finished Operation: Singular Corrections Evaluator: 0.5986506938934326s
bempp:HOST:TIMING: Finished Operation: Evaluating Fmm.: 6.04671311378479s
bempp:HOST:TIMING: Start operation: Evaluating Fmm.
bempp:HOST:TIMING: Start operation: Calling ExaFMM.
bempp:HOST:TIMING: Finished Operation: Calling ExaFMM.: 5.543062925338745s
bempp:HOST:TIMING: Start operation: Singular Corrections Evaluator
bempp:HOST:TIMING: Finished Operation: Singular Corrections Evaluator: 0.5705287456512451s
bempp:HOST:TIMING: Finished Operation: Evaluating Fmm.: 6.26863169670105s
bempp:HOST:TIMING: Start operation: Evaluating Fmm.
bempp:HOST:TIMING: Start operation: Calling ExaFMM.
bempp:HOST:TIMING: Finished Operation: Calling ExaFMM.: 2.170623779296875s
bempp:HOST:TIMING: Start operation: Singular Corrections Evaluator
bempp:HOST:TIMING: Finished Operation: Singular Corrections Evaluator: 0.4997131824493408s
bempp:HOST:TIMING: Finished Operation: Evaluating Fmm.: 2.8527047634124756s
bempp:HOST:TIMING: Start operation: Evaluating Fmm.
bempp:HOST:TIMING: Start operation: Calling ExaFMM.
bempp:HOST:TIMING: Finished Operation: Calling ExaFMM.: 2.1279520988464355s
bempp:HOST:TIMING: Start operation: Singular Corrections Evaluator
bempp:HOST:TIMING: Finished Operation: Singular Corrections Evaluator: 0.470808744430542s
bempp:HOST:TIMING: Finished Operation: Evaluating Fmm.: 2.7060492038726807s
bempp:HOST:TIMING: Start operation: Evaluating Fmm.
bempp:HOST:TIMING: Start operation: Calling ExaFMM.
bempp:HOST:TIMING: Finished Operation: Calling ExaFMM.: 2.3344976902008057s
bempp:HOST:TIMING: Start operation: Singular Corrections Evaluator
bempp:HOST:TIMING: Finished Operation: Singular Corrections Evaluator: 0.4816854000091553s
bempp:HOST:TIMING: Finished Operation: Evaluating Fmm.: 2.9238712787628174s
bempp:HOST:TIMING: Start operation: Evaluating Fmm.
bempp:HOST:TIMING: Start operation: Calling ExaFMM.
bempp:HOST:TIMING: Finished Operation: Calling ExaFMM.: 2.408158540725708s
bempp:HOST:TIMING: Start operation: Singular Corrections Evaluator
bempp:HOST:TIMING: Finished Operation: Singular Corrections Evaluator: 0.4482753276824951s
bempp:HOST:TIMING: Finished Operation: Evaluating Fmm.: 3.074885129928589s
bempp:HOST:TIMING: Start operation: Evaluating Fmm.
bempp:HOST:TIMING: Start operation: Calling ExaFMM.
bempp:HOST:TIMING: Finished Operation: Calling ExaFMM.: 5.311652898788452s
bempp:HOST:TIMING: Start operation: Singular Corrections Evaluator
bempp:HOST:TIMING: Finished Operation: Singular Corrections Evaluator: 0.5992348194122314s
bempp:HOST:TIMING: Finished Operation: Evaluating Fmm.: 6.107134580612183s
bempp:HOST:INFO: GMRES Iteration 3 with residual 75.90185720345266
bempp:HOST:TIMING: Start operation: Evaluating Fmm.
bempp:HOST:TIMING: Start operation: Calling ExaFMM.
bempp:HOST:TIMING: Finished Operation: Calling ExaFMM.: 2.050530195236206s
bempp:HOST:TIMING: Start operation: Singular Corrections Evaluator
bempp:HOST:TIMING: Finished Operation: Singular Corrections Evaluator: 0.44098567962646484s
bempp:HOST:TIMING: Finished Operation: Evaluating Fmm.: 2.6008594036102295s
bempp:HOST:TIMING: Start operation: Evaluating Fmm.
bempp:HOST:TIMING: Start operation: Calling ExaFMM.
bempp:HOST:TIMING: Finished Operation: Calling ExaFMM.: 2.3149256706237793s
bempp:HOST:TIMING: Start operation: Singular Corrections Evaluator
bempp:HOST:TIMING: Finished Operation: Singular Corrections Evaluator: 0.43904829025268555s
bempp:HOST:TIMING: Finished Operation: Evaluating Fmm.: 2.8707406520843506s
bempp:HOST:TIMING: Start operation: Evaluating Fmm.
bempp:HOST:TIMING: Start operation: Calling ExaFMM.
bempp:HOST:TIMING: Finished Operation: Calling ExaFMM.: 2.2037229537963867s
bempp:HOST:TIMING: Start operation: Singular Corrections Evaluator
bempp:HOST:TIMING: Finished Operation: Singular Corrections Evaluator: 0.44636106491088867s
bempp:HOST:TIMING: Finished Operation: Evaluating Fmm.: 2.7479701042175293s
bempp:HOST:TIMING: Start operation: Evaluating Fmm.
bempp:HOST:TIMING: Start operation: Calling ExaFMM.
bempp:HOST:TIMING: Finished Operation: Calling ExaFMM.: 5.203825235366821s
bempp:HOST:TIMING: Start operation: Singular Corrections Evaluator
bempp:HOST:TIMING: Finished Operation: Singular Corrections Evaluator: 0.5972621440887451s
bempp:HOST:TIMING: Finished Operation: Evaluating Fmm.: 5.908362865447998s
bempp:HOST:TIMING: Start operation: Evaluating Fmm.
bempp:HOST:TIMING: Start operation: Calling ExaFMM.
bempp:HOST:TIMING: Finished Operation: Calling ExaFMM.: 5.3831565380096436s
bempp:HOST:TIMING: Start operation: Singular Corrections Evaluator
bempp:HOST:TIMING: Finished Operation: Singular Corrections Evaluator: 0.5713679790496826s
bempp:HOST:TIMING: Finished Operation: Evaluating Fmm.: 6.096126556396484s
bempp:HOST:TIMING: Start operation: Evaluating Fmm.
bempp:HOST:TIMING: Start operation: Calling ExaFMM.
bempp:HOST:TIMING: Finished Operation: Calling ExaFMM.: 5.195860385894775s
bempp:HOST:TIMING: Start operation: Singular Corrections Evaluator
bempp:HOST:TIMING: Finished Operation: Singular Corrections Evaluator: 0.5701382160186768s
bempp:HOST:TIMING: Finished Operation: Evaluating Fmm.: 5.866891384124756s
bempp:HOST:TIMING: Start operation: Evaluating Fmm.
bempp:HOST:TIMING: Start operation: Calling ExaFMM.
bempp:HOST:TIMING: Finished Operation: Calling ExaFMM.: 2.110891342163086s
bempp:HOST:TIMING: Start operation: Singular Corrections Evaluator
bempp:HOST:TIMING: Finished Operation: Singular Corrections Evaluator: 0.504310131072998s
bempp:HOST:TIMING: Finished Operation: Evaluating Fmm.: 2.923476219177246s
bempp:HOST:TIMING: Start operation: Evaluating Fmm.
bempp:HOST:TIMING: Start operation: Calling ExaFMM.
bempp:HOST:TIMING: Finished Operation: Calling ExaFMM.: 5.427404880523682s
bempp:HOST:TIMING: Start operation: Singular Corrections Evaluator
bempp:HOST:TIMING: Finished Operation: Singular Corrections Evaluator: 0.6129577159881592s
bempp:HOST:TIMING: Finished Operation: Evaluating Fmm.: 6.135356426239014s
bempp:HOST:TIMING: Start operation: Evaluating Fmm.
bempp:HOST:TIMING: Start operation: Calling ExaFMM.
bempp:HOST:TIMING: Finished Operation: Calling ExaFMM.: 5.423882961273193s
bempp:HOST:TIMING: Start operation: Singular Corrections Evaluator
bempp:HOST:TIMING: Finished Operation: Singular Corrections Evaluator: 0.5640966892242432s
bempp:HOST:TIMING: Finished Operation: Evaluating Fmm.: 6.115250825881958s
bempp:HOST:TIMING: Start operation: Evaluating Fmm.
bempp:HOST:TIMING: Start operation: Calling ExaFMM.
bempp:HOST:TIMING: Finished Operation: Calling ExaFMM.: 5.351534128189087s
bempp:HOST:TIMING: Start operation: Singular Corrections Evaluator
bempp:HOST:TIMING: Finished Operation: Singular Corrections Evaluator: 0.5678179264068604s
bempp:HOST:TIMING: Finished Operation: Evaluating Fmm.: 6.029796600341797s
bempp:HOST:TIMING: Start operation: Evaluating Fmm.
bempp:HOST:TIMING: Start operation: Calling ExaFMM.
bempp:HOST:TIMING: Finished Operation: Calling ExaFMM.: 5.327802658081055s
bempp:HOST:TIMING: Start operation: Singular Corrections Evaluator
bempp:HOST:TIMING: Finished Operation: Singular Corrections Evaluator: 0.6179013252258301s
bempp:HOST:TIMING: Finished Operation: Evaluating Fmm.: 6.053846120834351s
bempp:HOST:TIMING: Start operation: Evaluating Fmm.
bempp:HOST:TIMING: Start operation: Calling ExaFMM.
bempp:HOST:TIMING: Finished Operation: Calling ExaFMM.: 5.331943511962891s
bempp:HOST:TIMING: Start operation: Singular Corrections Evaluator
bempp:HOST:TIMING: Finished Operation: Singular Corrections Evaluator: 0.5630908012390137s
bempp:HOST:TIMING: Finished Operation: Evaluating Fmm.: 5.984057903289795s
bempp:HOST:TIMING: Start operation: Evaluating Fmm.
bempp:HOST:TIMING: Start operation: Calling ExaFMM.
bempp:HOST:TIMING: Finished Operation: Calling ExaFMM.: 5.436336040496826s
bempp:HOST:TIMING: Start operation: Singular Corrections Evaluator
bempp:HOST:TIMING: Finished Operation: Singular Corrections Evaluator: 0.5612895488739014s
bempp:HOST:TIMING: Finished Operation: Evaluating Fmm.: 6.105943918228149s
bempp:HOST:TIMING: Start operation: Evaluating Fmm.
bempp:HOST:TIMING: Start operation: Calling ExaFMM.
bempp:HOST:TIMING: Finished Operation: Calling ExaFMM.: 5.296346187591553s
bempp:HOST:TIMING: Start operation: Singular Corrections Evaluator
bempp:HOST:TIMING: Finished Operation: Singular Corrections Evaluator: 0.588963508605957s
bempp:HOST:TIMING: Finished Operation: Evaluating Fmm.: 5.992547512054443s
bempp:HOST:TIMING: Start operation: Evaluating Fmm.
bempp:HOST:TIMING: Start operation: Calling ExaFMM.
bempp:HOST:TIMING: Finished Operation: Calling ExaFMM.: 2.3358540534973145s
bempp:HOST:TIMING: Start operation: Singular Corrections Evaluator
bempp:HOST:TIMING: Finished Operation: Singular Corrections Evaluator: 0.500575065612793s
bempp:HOST:TIMING: Finished Operation: Evaluating Fmm.: 3.125638008117676s
bempp:HOST:TIMING: Start operation: Evaluating Fmm.
bempp:HOST:TIMING: Start operation: Calling ExaFMM.
bempp:HOST:TIMING: Finished Operation: Calling ExaFMM.: 2.2011094093322754s
bempp:HOST:TIMING: Start operation: Singular Corrections Evaluator
bempp:HOST:TIMING: Finished Operation: Singular Corrections Evaluator: 0.4443223476409912s
bempp:HOST:TIMING: Finished Operation: Evaluating Fmm.: 2.7619457244873047s
bempp:HOST:TIMING: Start operation: Evaluating Fmm.
bempp:HOST:TIMING: Start operation: Calling ExaFMM.
bempp:HOST:TIMING: Finished Operation: Calling ExaFMM.: 2.1615958213806152s
bempp:HOST:TIMING: Start operation: Singular Corrections Evaluator
bempp:HOST:TIMING: Finished Operation: Singular Corrections Evaluator: 0.438662052154541s
bempp:HOST:TIMING: Finished Operation: Evaluating Fmm.: 2.710908889770508s
bempp:HOST:TIMING: Start operation: Evaluating Fmm.
bempp:HOST:TIMING: Start operation: Calling ExaFMM.
bempp:HOST:TIMING: Finished Operation: Calling ExaFMM.: 2.170200824737549s
bempp:HOST:TIMING: Start operation: Singular Corrections Evaluator
bempp:HOST:TIMING: Finished Operation: Singular Corrections Evaluator: 0.4527623653411865s
bempp:HOST:TIMING: Finished Operation: Evaluating Fmm.: 2.7371158599853516s
bempp:HOST:TIMING: Start operation: Evaluating Fmm.
bempp:HOST:TIMING: Start operation: Calling ExaFMM.
bempp:HOST:TIMING: Finished Operation: Calling ExaFMM.: 5.365086555480957s
bempp:HOST:TIMING: Start operation: Singular Corrections Evaluator
bempp:HOST:TIMING: Finished Operation: Singular Corrections Evaluator: 0.5603823661804199s
bempp:HOST:TIMING: Finished Operation: Evaluating Fmm.: 6.130700349807739s
bempp:HOST:INFO: GMRES Iteration 4 with residual 5.594089090139817
bempp:HOST:TIMING: Start operation: Initialising Exafmm.
bempp:HOST:TIMING: Finished Operation: Initialising Exafmm.: 15.261819124221802s
bempp:HOST:DEBUG: Using cached Fmm Interface.
bempp:HOST:TIMING: Start operation: Evaluating Fmm.
bempp:HOST:TIMING: Start operation: Calling ExaFMM.
bempp:HOST:TIMING: Finished Operation: Calling ExaFMM.: 0.5721564292907715s
bempp:HOST:TIMING: Finished Operation: Evaluating Fmm.: 0.622420072555542s
bempp:HOST:TIMING: Start operation: Evaluating Fmm.
bempp:HOST:TIMING: Start operation: Calling ExaFMM.
bempp:HOST:TIMING: Finished Operation: Calling ExaFMM.: 0.5549008846282959s
bempp:HOST:TIMING: Finished Operation: Evaluating Fmm.: 0.5723876953125s
bempp:HOST:TIMING: Start operation: Evaluating Fmm.
bempp:HOST:TIMING: Start operation: Calling ExaFMM.
bempp:HOST:TIMING: Finished Operation: Calling ExaFMM.: 0.5518679618835449s
bempp:HOST:TIMING: Finished Operation: Evaluating Fmm.: 0.5674207210540771s
bempp:HOST:TIMING: Start operation: Evaluating Fmm.
bempp:HOST:TIMING: Start operation: Calling ExaFMM.
bempp:HOST:TIMING: Finished Operation: Calling ExaFMM.: 0.5510334968566895s
bempp:HOST:TIMING: Finished Operation: Evaluating Fmm.: 0.5667102336883545s
	Command being timed: "python /SEAS/home/twang66/bempp_exafmm_paper/repro-pack/bempp_pbs/scripts/derivative_ex_mass_lumping.py /SEAS/home/twang66/bempp_exafmm_paper/repro-pack/runs/sphere_performance/config/sphere_refine9.yml"
	User time (seconds): 26207.05
	System time (seconds): 587.51
	Percent of CPU this job got: 1479%
	Elapsed (wall clock) time (h:mm:ss or m:ss): 30:11.32
	Average shared text size (kbytes): 0
	Average unshared data size (kbytes): 0
	Average stack size (kbytes): 0
	Average total size (kbytes): 0
	Maximum resident set size (kbytes): 42965260
	Average resident set size (kbytes): 0
	Major (requiring I/O) page faults: 0
	Minor (reclaiming a frame) page faults: 63308531
	Voluntary context switches: 193457
	Involuntary context switches: 1270347
	Swaps: 0
	File system inputs: 55104
	File system outputs: 951968
	Socket messages sent: 0
	Socket messages received: 0
	Signals delivered: 0
	Page size (bytes): 4096
	Exit status: 0
