Could not find Gmsh.Interactive plotting and shapes module not available.
number of elements: 32768
assembly system matrix wall time: 22.189271211624146
gmres wall time: 13.292732000350952
The linear system was solved in 4 iterations
Total solvation energy: -89636.67216201 [kcal/Mol]
bempp:HOST:INFO: Created grid with id bf98b114-071d-4df0-b78f-6f51e516acd5. Elements: 32768. Edges: 49152. Vertices: 16386
bempp:HOST:TIMING: Grid.__init__ : 4.376e+00s
bempp:HOST:TIMING: _compute_p1_dof_map : 3.718e-02s
bempp:HOST:TIMING: p1_continuous_function_space : 2.221e-01s
bempp:HOST:TIMING: Start operation: 
bempp:HOST:TIMING: Finished Operation: : 2.7069895267486572s
bempp:HOST:TIMING: assemble_sparse : 2.711e+00s
bempp:HOST:INFO: OpenCL Device set to: pthread-Intel(R) Xeon(R) Gold 6148 CPU @ 2.40GHz
bempp:HOST:TIMING: Start operation: Initialising Exafmm.
bempp:HOST:TIMING: Finished Operation: Initialising Exafmm.: 0.4933462142944336s
bempp:HOST:TIMING: Start operation: Singular assembler:laplace_double_layer_boundary:opencl
bempp:HOST:TIMING: Finished Operation: Singular assembler:laplace_double_layer_boundary:opencl: 0.26746249198913574s
bempp:HOST:TIMING: Start operation: Initialising Exafmm.
bempp:HOST:TIMING: Finished Operation: Initialising Exafmm.: 0.5850956439971924s
bempp:HOST:TIMING: Start operation: Singular assembler:modified_helmholtz_double_layer_boundary:opencl
bempp:HOST:TIMING: Finished Operation: Singular assembler:modified_helmholtz_double_layer_boundary:opencl: 0.6569194793701172s
bempp:HOST:DEBUG: Using cached Fmm Interface.
bempp:HOST:TIMING: Start operation: Singular assembler:laplace_single_layer_boundary:opencl
bempp:HOST:TIMING: Finished Operation: Singular assembler:laplace_single_layer_boundary:opencl: 0.23956584930419922s
bempp:HOST:DEBUG: Using cached Fmm Interface.
bempp:HOST:TIMING: Start operation: Singular assembler:modified_helmholtz_single_layer_boundary:opencl
bempp:HOST:TIMING: Finished Operation: Singular assembler:modified_helmholtz_single_layer_boundary:opencl: 0.631472110748291s
bempp:HOST:DEBUG: Using cached Fmm Interface.
bempp:HOST:TIMING: Start operation: Singular assembler:modified_helmholtz_hypersingular_boundary:opencl
bempp:HOST:TIMING: Finished Operation: Singular assembler:modified_helmholtz_hypersingular_boundary:opencl: 0.7213296890258789s
bempp:HOST:DEBUG: Using cached Fmm Interface.
bempp:HOST:TIMING: Start operation: Singular assembler:laplace_hypersingular_boundary:opencl
bempp:HOST:TIMING: Finished Operation: Singular assembler:laplace_hypersingular_boundary:opencl: 0.1672534942626953s
bempp:HOST:TIMING: Start operation: 
bempp:HOST:TIMING: Finished Operation: : 0.10125207901000977s
bempp:HOST:TIMING: assemble_sparse : 1.050e-01s
bempp:HOST:DEBUG: Using cached Fmm Interface.
bempp:HOST:TIMING: Start operation: Singular assembler:laplace_adjoint_double_layer_boundary:opencl
bempp:HOST:TIMING: Finished Operation: Singular assembler:laplace_adjoint_double_layer_boundary:opencl: 0.26827549934387207s
bempp:HOST:DEBUG: Using cached Fmm Interface.
bempp:HOST:TIMING: Start operation: Singular assembler:modified_helmholtz_adjoint_double_layer_boundary:opencl
bempp:HOST:TIMING: Finished Operation: Singular assembler:modified_helmholtz_adjoint_double_layer_boundary:opencl: 0.6957430839538574s
bempp:HOST:TIMING: Start operation: 
bempp:HOST:TIMING: Finished Operation: : 0.10386943817138672s
bempp:HOST:TIMING: assemble_sparse : 1.072e-01s
bempp:HOST:TIMING: Start operation: Evaluating Fmm.
bempp:HOST:TIMING: Start operation: Calling ExaFMM.
bempp:HOST:TIMING: Finished Operation: Calling ExaFMM.: 0.028829336166381836s
bempp:HOST:TIMING: Start operation: Singular Corrections Evaluator
bempp:HOST:TIMING: Finished Operation: Singular Corrections Evaluator: 0.017766714096069336s
bempp:HOST:TIMING: Finished Operation: Evaluating Fmm.: 0.04905366897583008s
bempp:HOST:TIMING: Start operation: Evaluating Fmm.
bempp:HOST:TIMING: Start operation: Calling ExaFMM.
bempp:HOST:TIMING: Finished Operation: Calling ExaFMM.: 0.026596546173095703s
bempp:HOST:TIMING: Start operation: Singular Corrections Evaluator
bempp:HOST:TIMING: Finished Operation: Singular Corrections Evaluator: 0.013388395309448242s
bempp:HOST:TIMING: Finished Operation: Evaluating Fmm.: 0.04192543029785156s
bempp:HOST:TIMING: Start operation: Evaluating Fmm.
bempp:HOST:TIMING: Start operation: Calling ExaFMM.
bempp:HOST:TIMING: Finished Operation: Calling ExaFMM.: 0.02650761604309082s
bempp:HOST:TIMING: Start operation: Singular Corrections Evaluator
bempp:HOST:TIMING: Finished Operation: Singular Corrections Evaluator: 0.033994197845458984s
bempp:HOST:TIMING: Finished Operation: Evaluating Fmm.: 0.06246352195739746s
bempp:HOST:TIMING: Start operation: Evaluating Fmm.
bempp:HOST:TIMING: Start operation: Calling ExaFMM.
bempp:HOST:TIMING: Finished Operation: Calling ExaFMM.: 0.09697127342224121s
bempp:HOST:TIMING: Start operation: Singular Corrections Evaluator
bempp:HOST:TIMING: Finished Operation: Singular Corrections Evaluator: 0.036211490631103516s
bempp:HOST:TIMING: Finished Operation: Evaluating Fmm.: 0.13535475730895996s
bempp:HOST:TIMING: Start operation: Evaluating Fmm.
bempp:HOST:TIMING: Start operation: Calling ExaFMM.
bempp:HOST:TIMING: Finished Operation: Calling ExaFMM.: 0.09427762031555176s
bempp:HOST:TIMING: Start operation: Singular Corrections Evaluator
bempp:HOST:TIMING: Finished Operation: Singular Corrections Evaluator: 0.02426767349243164s
bempp:HOST:TIMING: Finished Operation: Evaluating Fmm.: 0.12046694755554199s
bempp:HOST:TIMING: Start operation: Evaluating Fmm.
bempp:HOST:TIMING: Start operation: Calling ExaFMM.
bempp:HOST:TIMING: Finished Operation: Calling ExaFMM.: 0.09554290771484375s
bempp:HOST:TIMING: Start operation: Singular Corrections Evaluator
bempp:HOST:TIMING: Finished Operation: Singular Corrections Evaluator: 0.018319129943847656s
bempp:HOST:TIMING: Finished Operation: Evaluating Fmm.: 0.11579537391662598s
bempp:HOST:TIMING: Start operation: Evaluating Fmm.
bempp:HOST:TIMING: Start operation: Calling ExaFMM.
bempp:HOST:TIMING: Finished Operation: Calling ExaFMM.: 0.026534318923950195s
bempp:HOST:TIMING: Start operation: Singular Corrections Evaluator
bempp:HOST:TIMING: Finished Operation: Singular Corrections Evaluator: 0.020370960235595703s
bempp:HOST:TIMING: Finished Operation: Evaluating Fmm.: 0.04905414581298828s
bempp:HOST:TIMING: Start operation: Evaluating Fmm.
bempp:HOST:TIMING: Start operation: Calling ExaFMM.
bempp:HOST:TIMING: Finished Operation: Calling ExaFMM.: 0.10768890380859375s
bempp:HOST:TIMING: Start operation: Singular Corrections Evaluator
bempp:HOST:TIMING: Finished Operation: Singular Corrections Evaluator: 0.02264881134033203s
bempp:HOST:TIMING: Finished Operation: Evaluating Fmm.: 0.13266777992248535s
bempp:HOST:TIMING: Start operation: Evaluating Fmm.
bempp:HOST:TIMING: Start operation: Calling ExaFMM.
bempp:HOST:TIMING: Finished Operation: Calling ExaFMM.: 0.0943300724029541s
bempp:HOST:TIMING: Start operation: Singular Corrections Evaluator
bempp:HOST:TIMING: Finished Operation: Singular Corrections Evaluator: 0.017011404037475586s
bempp:HOST:TIMING: Finished Operation: Evaluating Fmm.: 0.11333966255187988s
bempp:HOST:TIMING: Start operation: Evaluating Fmm.
bempp:HOST:TIMING: Start operation: Calling ExaFMM.
bempp:HOST:TIMING: Finished Operation: Calling ExaFMM.: 0.0944066047668457s
bempp:HOST:TIMING: Start operation: Singular Corrections Evaluator
bempp:HOST:TIMING: Finished Operation: Singular Corrections Evaluator: 0.020183563232421875s
bempp:HOST:TIMING: Finished Operation: Evaluating Fmm.: 0.1165010929107666s
bempp:HOST:TIMING: Start operation: Evaluating Fmm.
bempp:HOST:TIMING: Start operation: Calling ExaFMM.
bempp:HOST:TIMING: Finished Operation: Calling ExaFMM.: 0.0939333438873291s
bempp:HOST:TIMING: Start operation: Singular Corrections Evaluator
bempp:HOST:TIMING: Finished Operation: Singular Corrections Evaluator: 0.034896135330200195s
bempp:HOST:TIMING: Finished Operation: Evaluating Fmm.: 0.13069510459899902s
bempp:HOST:TIMING: Start operation: Evaluating Fmm.
bempp:HOST:TIMING: Start operation: Calling ExaFMM.
bempp:HOST:TIMING: Finished Operation: Calling ExaFMM.: 0.09485650062561035s
bempp:HOST:TIMING: Start operation: Singular Corrections Evaluator
bempp:HOST:TIMING: Finished Operation: Singular Corrections Evaluator: 0.04162240028381348s
bempp:HOST:TIMING: Finished Operation: Evaluating Fmm.: 0.13828539848327637s
bempp:HOST:TIMING: Start operation: Evaluating Fmm.
bempp:HOST:TIMING: Start operation: Calling ExaFMM.
bempp:HOST:TIMING: Finished Operation: Calling ExaFMM.: 0.09383344650268555s
bempp:HOST:TIMING: Start operation: Singular Corrections Evaluator
bempp:HOST:TIMING: Finished Operation: Singular Corrections Evaluator: 0.036728858947753906s
bempp:HOST:TIMING: Finished Operation: Evaluating Fmm.: 0.13231372833251953s
bempp:HOST:TIMING: Start operation: Evaluating Fmm.
bempp:HOST:TIMING: Start operation: Calling ExaFMM.
bempp:HOST:TIMING: Finished Operation: Calling ExaFMM.: 0.09835338592529297s
bempp:HOST:TIMING: Start operation: Singular Corrections Evaluator
bempp:HOST:TIMING: Finished Operation: Singular Corrections Evaluator: 0.06303071975708008s
bempp:HOST:TIMING: Finished Operation: Evaluating Fmm.: 0.1634993553161621s
bempp:HOST:TIMING: Start operation: Evaluating Fmm.
bempp:HOST:TIMING: Start operation: Calling ExaFMM.
bempp:HOST:TIMING: Finished Operation: Calling ExaFMM.: 0.026580333709716797s
bempp:HOST:TIMING: Start operation: Singular Corrections Evaluator
bempp:HOST:TIMING: Finished Operation: Singular Corrections Evaluator: 0.03593707084655762s
bempp:HOST:TIMING: Finished Operation: Evaluating Fmm.: 0.06442809104919434s
bempp:HOST:TIMING: Start operation: Evaluating Fmm.
bempp:HOST:TIMING: Start operation: Calling ExaFMM.
bempp:HOST:TIMING: Finished Operation: Calling ExaFMM.: 0.026400089263916016s
bempp:HOST:TIMING: Start operation: Singular Corrections Evaluator
bempp:HOST:TIMING: Finished Operation: Singular Corrections Evaluator: 0.02339029312133789s
bempp:HOST:TIMING: Finished Operation: Evaluating Fmm.: 0.05153608322143555s
bempp:HOST:TIMING: Start operation: Evaluating Fmm.
bempp:HOST:TIMING: Start operation: Calling ExaFMM.
bempp:HOST:TIMING: Finished Operation: Calling ExaFMM.: 0.026357650756835938s
bempp:HOST:TIMING: Start operation: Singular Corrections Evaluator
bempp:HOST:TIMING: Finished Operation: Singular Corrections Evaluator: 0.028288602828979492s
bempp:HOST:TIMING: Finished Operation: Evaluating Fmm.: 0.05643749237060547s
bempp:HOST:TIMING: Start operation: Evaluating Fmm.
bempp:HOST:TIMING: Start operation: Calling ExaFMM.
bempp:HOST:TIMING: Finished Operation: Calling ExaFMM.: 0.02637457847595215s
bempp:HOST:TIMING: Start operation: Singular Corrections Evaluator
bempp:HOST:TIMING: Finished Operation: Singular Corrections Evaluator: 0.021516799926757812s
bempp:HOST:TIMING: Finished Operation: Evaluating Fmm.: 0.0496213436126709s
bempp:HOST:TIMING: Start operation: Evaluating Fmm.
bempp:HOST:TIMING: Start operation: Calling ExaFMM.
bempp:HOST:TIMING: Finished Operation: Calling ExaFMM.: 0.09514880180358887s
bempp:HOST:TIMING: Start operation: Singular Corrections Evaluator
bempp:HOST:TIMING: Finished Operation: Singular Corrections Evaluator: 0.06918621063232422s
bempp:HOST:TIMING: Finished Operation: Evaluating Fmm.: 0.16620182991027832s
bempp:HOST:TIMING: Start operation: Evaluating Fmm.
bempp:HOST:TIMING: Start operation: Calling ExaFMM.
bempp:HOST:TIMING: Finished Operation: Calling ExaFMM.: 0.02658367156982422s
bempp:HOST:TIMING: Start operation: Singular Corrections Evaluator
bempp:HOST:TIMING: Finished Operation: Singular Corrections Evaluator: 0.04570293426513672s
bempp:HOST:TIMING: Finished Operation: Evaluating Fmm.: 0.07426762580871582s
bempp:HOST:TIMING: Start operation: Evaluating Fmm.
bempp:HOST:TIMING: Start operation: Calling ExaFMM.
bempp:HOST:TIMING: Finished Operation: Calling ExaFMM.: 0.02649402618408203s
bempp:HOST:TIMING: Start operation: Singular Corrections Evaluator
bempp:HOST:TIMING: Finished Operation: Singular Corrections Evaluator: 0.019902467727661133s
bempp:HOST:TIMING: Finished Operation: Evaluating Fmm.: 0.04827094078063965s
bempp:HOST:TIMING: Start operation: Evaluating Fmm.
bempp:HOST:TIMING: Start operation: Calling ExaFMM.
bempp:HOST:TIMING: Finished Operation: Calling ExaFMM.: 0.026525020599365234s
bempp:HOST:TIMING: Start operation: Singular Corrections Evaluator
bempp:HOST:TIMING: Finished Operation: Singular Corrections Evaluator: 0.035103797912597656s
bempp:HOST:TIMING: Finished Operation: Evaluating Fmm.: 0.06353473663330078s
bempp:HOST:TIMING: Start operation: Evaluating Fmm.
bempp:HOST:TIMING: Start operation: Calling ExaFMM.
bempp:HOST:TIMING: Finished Operation: Calling ExaFMM.: 0.09374260902404785s
bempp:HOST:TIMING: Start operation: Singular Corrections Evaluator
bempp:HOST:TIMING: Finished Operation: Singular Corrections Evaluator: 0.048509836196899414s
bempp:HOST:TIMING: Finished Operation: Evaluating Fmm.: 0.14411520957946777s
bempp:HOST:TIMING: Start operation: Evaluating Fmm.
bempp:HOST:TIMING: Start operation: Calling ExaFMM.
bempp:HOST:TIMING: Finished Operation: Calling ExaFMM.: 0.09401559829711914s
bempp:HOST:TIMING: Start operation: Singular Corrections Evaluator
bempp:HOST:TIMING: Finished Operation: Singular Corrections Evaluator: 0.07304883003234863s
bempp:HOST:TIMING: Finished Operation: Evaluating Fmm.: 0.16893863677978516s
bempp:HOST:TIMING: Start operation: Evaluating Fmm.
bempp:HOST:TIMING: Start operation: Calling ExaFMM.
bempp:HOST:TIMING: Finished Operation: Calling ExaFMM.: 0.09398794174194336s
bempp:HOST:TIMING: Start operation: Singular Corrections Evaluator
bempp:HOST:TIMING: Finished Operation: Singular Corrections Evaluator: 0.035508155822753906s
bempp:HOST:TIMING: Finished Operation: Evaluating Fmm.: 0.1313626766204834s
bempp:HOST:TIMING: Start operation: Evaluating Fmm.
bempp:HOST:TIMING: Start operation: Calling ExaFMM.
bempp:HOST:TIMING: Finished Operation: Calling ExaFMM.: 0.026565074920654297s
bempp:HOST:TIMING: Start operation: Singular Corrections Evaluator
bempp:HOST:TIMING: Finished Operation: Singular Corrections Evaluator: 0.019072294235229492s
bempp:HOST:TIMING: Finished Operation: Evaluating Fmm.: 0.047484636306762695s
bempp:HOST:TIMING: Start operation: Evaluating Fmm.
bempp:HOST:TIMING: Start operation: Calling ExaFMM.
bempp:HOST:TIMING: Finished Operation: Calling ExaFMM.: 0.09442138671875s
bempp:HOST:TIMING: Start operation: Singular Corrections Evaluator
bempp:HOST:TIMING: Finished Operation: Singular Corrections Evaluator: 0.04720616340637207s
bempp:HOST:TIMING: Finished Operation: Evaluating Fmm.: 0.14347100257873535s
bempp:HOST:TIMING: Start operation: Evaluating Fmm.
bempp:HOST:TIMING: Start operation: Calling ExaFMM.
bempp:HOST:TIMING: Finished Operation: Calling ExaFMM.: 0.09422588348388672s
bempp:HOST:TIMING: Start operation: Singular Corrections Evaluator
bempp:HOST:TIMING: Finished Operation: Singular Corrections Evaluator: 0.038831233978271484s
bempp:HOST:TIMING: Finished Operation: Evaluating Fmm.: 0.13484644889831543s
bempp:HOST:TIMING: Start operation: Evaluating Fmm.
bempp:HOST:TIMING: Start operation: Calling ExaFMM.
bempp:HOST:TIMING: Finished Operation: Calling ExaFMM.: 0.09335017204284668s
bempp:HOST:TIMING: Start operation: Singular Corrections Evaluator
bempp:HOST:TIMING: Finished Operation: Singular Corrections Evaluator: 0.04025006294250488s
bempp:HOST:TIMING: Finished Operation: Evaluating Fmm.: 0.13538336753845215s
bempp:HOST:TIMING: Start operation: Evaluating Fmm.
bempp:HOST:TIMING: Start operation: Calling ExaFMM.
bempp:HOST:TIMING: Finished Operation: Calling ExaFMM.: 0.0946047306060791s
bempp:HOST:TIMING: Start operation: Singular Corrections Evaluator
bempp:HOST:TIMING: Finished Operation: Singular Corrections Evaluator: 0.058377981185913086s
bempp:HOST:TIMING: Finished Operation: Evaluating Fmm.: 0.15492653846740723s
bempp:HOST:TIMING: Start operation: Evaluating Fmm.
bempp:HOST:TIMING: Start operation: Calling ExaFMM.
bempp:HOST:TIMING: Finished Operation: Calling ExaFMM.: 0.09365344047546387s
bempp:HOST:TIMING: Start operation: Singular Corrections Evaluator
bempp:HOST:TIMING: Finished Operation: Singular Corrections Evaluator: 0.06176042556762695s
bempp:HOST:TIMING: Finished Operation: Evaluating Fmm.: 0.15712332725524902s
bempp:HOST:TIMING: Start operation: Evaluating Fmm.
bempp:HOST:TIMING: Start operation: Calling ExaFMM.
bempp:HOST:TIMING: Finished Operation: Calling ExaFMM.: 0.09674477577209473s
bempp:HOST:TIMING: Start operation: Singular Corrections Evaluator
bempp:HOST:TIMING: Finished Operation: Singular Corrections Evaluator: 0.04210710525512695s
bempp:HOST:TIMING: Finished Operation: Evaluating Fmm.: 0.14065909385681152s
bempp:HOST:TIMING: Start operation: Evaluating Fmm.
bempp:HOST:TIMING: Start operation: Calling ExaFMM.
bempp:HOST:TIMING: Finished Operation: Calling ExaFMM.: 0.09610962867736816s
bempp:HOST:TIMING: Start operation: Singular Corrections Evaluator
bempp:HOST:TIMING: Finished Operation: Singular Corrections Evaluator: 0.02443385124206543s
bempp:HOST:TIMING: Finished Operation: Evaluating Fmm.: 0.12234830856323242s
bempp:HOST:TIMING: Start operation: Evaluating Fmm.
bempp:HOST:TIMING: Start operation: Calling ExaFMM.
bempp:HOST:TIMING: Finished Operation: Calling ExaFMM.: 0.02667546272277832s
bempp:HOST:TIMING: Start operation: Singular Corrections Evaluator
bempp:HOST:TIMING: Finished Operation: Singular Corrections Evaluator: 0.0254514217376709s
bempp:HOST:TIMING: Finished Operation: Evaluating Fmm.: 0.0559086799621582s
bempp:HOST:TIMING: Start operation: Evaluating Fmm.
bempp:HOST:TIMING: Start operation: Calling ExaFMM.
bempp:HOST:TIMING: Finished Operation: Calling ExaFMM.: 0.026379108428955078s
bempp:HOST:TIMING: Start operation: Singular Corrections Evaluator
bempp:HOST:TIMING: Finished Operation: Singular Corrections Evaluator: 0.019451141357421875s
bempp:HOST:TIMING: Finished Operation: Evaluating Fmm.: 0.04756283760070801s
bempp:HOST:TIMING: Start operation: Evaluating Fmm.
bempp:HOST:TIMING: Start operation: Calling ExaFMM.
bempp:HOST:TIMING: Finished Operation: Calling ExaFMM.: 0.03500509262084961s
bempp:HOST:TIMING: Start operation: Singular Corrections Evaluator
bempp:HOST:TIMING: Finished Operation: Singular Corrections Evaluator: 0.019905567169189453s
bempp:HOST:TIMING: Finished Operation: Evaluating Fmm.: 0.05702328681945801s
bempp:HOST:TIMING: Start operation: Evaluating Fmm.
bempp:HOST:TIMING: Start operation: Calling ExaFMM.
bempp:HOST:TIMING: Finished Operation: Calling ExaFMM.: 0.02840876579284668s
bempp:HOST:TIMING: Start operation: Singular Corrections Evaluator
bempp:HOST:TIMING: Finished Operation: Singular Corrections Evaluator: 0.023969411849975586s
bempp:HOST:TIMING: Finished Operation: Evaluating Fmm.: 0.054816246032714844s
bempp:HOST:TIMING: Start operation: Evaluating Fmm.
bempp:HOST:TIMING: Start operation: Calling ExaFMM.
bempp:HOST:TIMING: Finished Operation: Calling ExaFMM.: 0.09731459617614746s
bempp:HOST:TIMING: Start operation: Singular Corrections Evaluator
bempp:HOST:TIMING: Finished Operation: Singular Corrections Evaluator: 0.041532039642333984s
bempp:HOST:TIMING: Finished Operation: Evaluating Fmm.: 0.1410820484161377s
bempp:HOST:TIMING: Start operation: Evaluating Fmm.
bempp:HOST:TIMING: Start operation: Calling ExaFMM.
bempp:HOST:TIMING: Finished Operation: Calling ExaFMM.: 0.026469707489013672s
bempp:HOST:TIMING: Start operation: Singular Corrections Evaluator
bempp:HOST:TIMING: Finished Operation: Singular Corrections Evaluator: 0.042806148529052734s
bempp:HOST:TIMING: Finished Operation: Evaluating Fmm.: 0.07465958595275879s
bempp:HOST:TIMING: Start operation: Evaluating Fmm.
bempp:HOST:TIMING: Start operation: Calling ExaFMM.
bempp:HOST:TIMING: Finished Operation: Calling ExaFMM.: 0.03843235969543457s
bempp:HOST:TIMING: Start operation: Singular Corrections Evaluator
bempp:HOST:TIMING: Finished Operation: Singular Corrections Evaluator: 0.035302162170410156s
bempp:HOST:TIMING: Finished Operation: Evaluating Fmm.: 0.08421993255615234s
bempp:HOST:TIMING: Start operation: Evaluating Fmm.
bempp:HOST:TIMING: Start operation: Calling ExaFMM.
bempp:HOST:TIMING: Finished Operation: Calling ExaFMM.: 0.026579618453979492s
bempp:HOST:TIMING: Start operation: Singular Corrections Evaluator
bempp:HOST:TIMING: Finished Operation: Singular Corrections Evaluator: 0.05541276931762695s
bempp:HOST:TIMING: Finished Operation: Evaluating Fmm.: 0.08391332626342773s
bempp:HOST:TIMING: Start operation: Evaluating Fmm.
bempp:HOST:TIMING: Start operation: Calling ExaFMM.
bempp:HOST:TIMING: Finished Operation: Calling ExaFMM.: 0.09940361976623535s
bempp:HOST:TIMING: Start operation: Singular Corrections Evaluator
bempp:HOST:TIMING: Finished Operation: Singular Corrections Evaluator: 0.10768604278564453s
bempp:HOST:TIMING: Finished Operation: Evaluating Fmm.: 0.21715664863586426s
bempp:HOST:TIMING: Start operation: Evaluating Fmm.
bempp:HOST:TIMING: Start operation: Calling ExaFMM.
bempp:HOST:TIMING: Finished Operation: Calling ExaFMM.: 0.11116337776184082s
bempp:HOST:TIMING: Start operation: Singular Corrections Evaluator
bempp:HOST:TIMING: Finished Operation: Singular Corrections Evaluator: 0.055773258209228516s
bempp:HOST:TIMING: Finished Operation: Evaluating Fmm.: 0.16882634162902832s
bempp:HOST:TIMING: Start operation: Evaluating Fmm.
bempp:HOST:TIMING: Start operation: Calling ExaFMM.
bempp:HOST:TIMING: Finished Operation: Calling ExaFMM.: 0.0909421443939209s
bempp:HOST:TIMING: Start operation: Singular Corrections Evaluator
bempp:HOST:TIMING: Finished Operation: Singular Corrections Evaluator: 0.03231239318847656s
bempp:HOST:TIMING: Finished Operation: Evaluating Fmm.: 0.12553000450134277s
bempp:HOST:TIMING: Start operation: Evaluating Fmm.
bempp:HOST:TIMING: Start operation: Calling ExaFMM.
bempp:HOST:TIMING: Finished Operation: Calling ExaFMM.: 0.028255462646484375s
bempp:HOST:TIMING: Start operation: Singular Corrections Evaluator
bempp:HOST:TIMING: Finished Operation: Singular Corrections Evaluator: 0.02203965187072754s
bempp:HOST:TIMING: Finished Operation: Evaluating Fmm.: 0.05232858657836914s
bempp:HOST:TIMING: Start operation: Evaluating Fmm.
bempp:HOST:TIMING: Start operation: Calling ExaFMM.
bempp:HOST:TIMING: Finished Operation: Calling ExaFMM.: 0.09110450744628906s
bempp:HOST:TIMING: Start operation: Singular Corrections Evaluator
bempp:HOST:TIMING: Finished Operation: Singular Corrections Evaluator: 0.07324767112731934s
bempp:HOST:TIMING: Finished Operation: Evaluating Fmm.: 0.16630005836486816s
bempp:HOST:TIMING: Start operation: Evaluating Fmm.
bempp:HOST:TIMING: Start operation: Calling ExaFMM.
bempp:HOST:TIMING: Finished Operation: Calling ExaFMM.: 0.09009504318237305s
bempp:HOST:TIMING: Start operation: Singular Corrections Evaluator
bempp:HOST:TIMING: Finished Operation: Singular Corrections Evaluator: 0.09817957878112793s
bempp:HOST:TIMING: Finished Operation: Evaluating Fmm.: 0.19017720222473145s
bempp:HOST:TIMING: Start operation: Evaluating Fmm.
bempp:HOST:TIMING: Start operation: Calling ExaFMM.
bempp:HOST:TIMING: Finished Operation: Calling ExaFMM.: 0.09026241302490234s
bempp:HOST:TIMING: Start operation: Singular Corrections Evaluator
bempp:HOST:TIMING: Finished Operation: Singular Corrections Evaluator: 0.057761430740356445s
bempp:HOST:TIMING: Finished Operation: Evaluating Fmm.: 0.14991998672485352s
bempp:HOST:TIMING: Start operation: Evaluating Fmm.
bempp:HOST:TIMING: Start operation: Calling ExaFMM.
bempp:HOST:TIMING: Finished Operation: Calling ExaFMM.: 0.09088397026062012s
bempp:HOST:TIMING: Start operation: Singular Corrections Evaluator
bempp:HOST:TIMING: Finished Operation: Singular Corrections Evaluator: 0.07501673698425293s
bempp:HOST:TIMING: Finished Operation: Evaluating Fmm.: 0.16832971572875977s
bempp:HOST:TIMING: Start operation: Evaluating Fmm.
bempp:HOST:TIMING: Start operation: Calling ExaFMM.
bempp:HOST:TIMING: Finished Operation: Calling ExaFMM.: 0.09029316902160645s
bempp:HOST:TIMING: Start operation: Singular Corrections Evaluator
bempp:HOST:TIMING: Finished Operation: Singular Corrections Evaluator: 0.05332684516906738s
bempp:HOST:TIMING: Finished Operation: Evaluating Fmm.: 0.1455550193786621s
bempp:HOST:TIMING: Start operation: Evaluating Fmm.
bempp:HOST:TIMING: Start operation: Calling ExaFMM.
bempp:HOST:TIMING: Finished Operation: Calling ExaFMM.: 0.09085774421691895s
bempp:HOST:TIMING: Start operation: Singular Corrections Evaluator
bempp:HOST:TIMING: Finished Operation: Singular Corrections Evaluator: 0.046530723571777344s
bempp:HOST:TIMING: Finished Operation: Evaluating Fmm.: 0.13926339149475098s
bempp:HOST:TIMING: Start operation: Evaluating Fmm.
bempp:HOST:TIMING: Start operation: Calling ExaFMM.
bempp:HOST:TIMING: Finished Operation: Calling ExaFMM.: 0.09074831008911133s
bempp:HOST:TIMING: Start operation: Singular Corrections Evaluator
bempp:HOST:TIMING: Finished Operation: Singular Corrections Evaluator: 0.028937339782714844s
bempp:HOST:TIMING: Finished Operation: Evaluating Fmm.: 0.12155866622924805s
bempp:HOST:TIMING: Start operation: Evaluating Fmm.
bempp:HOST:TIMING: Start operation: Calling ExaFMM.
bempp:HOST:TIMING: Finished Operation: Calling ExaFMM.: 0.027170419692993164s
bempp:HOST:TIMING: Start operation: Singular Corrections Evaluator
bempp:HOST:TIMING: Finished Operation: Singular Corrections Evaluator: 0.027029991149902344s
bempp:HOST:TIMING: Finished Operation: Evaluating Fmm.: 0.05673837661743164s
bempp:HOST:TIMING: Start operation: Evaluating Fmm.
bempp:HOST:TIMING: Start operation: Calling ExaFMM.
bempp:HOST:TIMING: Finished Operation: Calling ExaFMM.: 0.04040789604187012s
bempp:HOST:TIMING: Start operation: Singular Corrections Evaluator
bempp:HOST:TIMING: Finished Operation: Singular Corrections Evaluator: 0.04640626907348633s
bempp:HOST:TIMING: Finished Operation: Evaluating Fmm.: 0.08886408805847168s
bempp:HOST:TIMING: Start operation: Evaluating Fmm.
bempp:HOST:TIMING: Start operation: Calling ExaFMM.
bempp:HOST:TIMING: Finished Operation: Calling ExaFMM.: 0.026610612869262695s
bempp:HOST:TIMING: Start operation: Singular Corrections Evaluator
bempp:HOST:TIMING: Finished Operation: Singular Corrections Evaluator: 0.08044719696044922s
bempp:HOST:TIMING: Finished Operation: Evaluating Fmm.: 0.1089479923248291s
bempp:HOST:TIMING: Start operation: Evaluating Fmm.
bempp:HOST:TIMING: Start operation: Calling ExaFMM.
bempp:HOST:TIMING: Finished Operation: Calling ExaFMM.: 0.02647113800048828s
bempp:HOST:TIMING: Start operation: Singular Corrections Evaluator
bempp:HOST:TIMING: Finished Operation: Singular Corrections Evaluator: 0.019804716110229492s
bempp:HOST:TIMING: Finished Operation: Evaluating Fmm.: 0.04814624786376953s
bempp:HOST:TIMING: Start operation: Evaluating Fmm.
bempp:HOST:TIMING: Start operation: Calling ExaFMM.
bempp:HOST:TIMING: Finished Operation: Calling ExaFMM.: 0.14365005493164062s
bempp:HOST:TIMING: Start operation: Singular Corrections Evaluator
bempp:HOST:TIMING: Finished Operation: Singular Corrections Evaluator: 0.054846763610839844s
bempp:HOST:TIMING: Finished Operation: Evaluating Fmm.: 0.20079636573791504s
bempp:HOST:INFO: GMRES Iteration 1 with residual 83.60262292477418
bempp:HOST:TIMING: Start operation: Evaluating Fmm.
bempp:HOST:TIMING: Start operation: Calling ExaFMM.
bempp:HOST:TIMING: Finished Operation: Calling ExaFMM.: 0.02646160125732422s
bempp:HOST:TIMING: Start operation: Singular Corrections Evaluator
bempp:HOST:TIMING: Finished Operation: Singular Corrections Evaluator: 0.050859689712524414s
bempp:HOST:TIMING: Finished Operation: Evaluating Fmm.: 0.07939767837524414s
bempp:HOST:TIMING: Start operation: Evaluating Fmm.
bempp:HOST:TIMING: Start operation: Calling ExaFMM.
bempp:HOST:TIMING: Finished Operation: Calling ExaFMM.: 0.02645587921142578s
bempp:HOST:TIMING: Start operation: Singular Corrections Evaluator
bempp:HOST:TIMING: Finished Operation: Singular Corrections Evaluator: 0.031144142150878906s
bempp:HOST:TIMING: Finished Operation: Evaluating Fmm.: 0.05947256088256836s
bempp:HOST:TIMING: Start operation: Evaluating Fmm.
bempp:HOST:TIMING: Start operation: Calling ExaFMM.
bempp:HOST:TIMING: Finished Operation: Calling ExaFMM.: 0.026441097259521484s
bempp:HOST:TIMING: Start operation: Singular Corrections Evaluator
bempp:HOST:TIMING: Finished Operation: Singular Corrections Evaluator: 0.020793437957763672s
bempp:HOST:TIMING: Finished Operation: Evaluating Fmm.: 0.049082040786743164s
bempp:HOST:TIMING: Start operation: Evaluating Fmm.
bempp:HOST:TIMING: Start operation: Calling ExaFMM.
bempp:HOST:TIMING: Finished Operation: Calling ExaFMM.: 0.09074592590332031s
bempp:HOST:TIMING: Start operation: Singular Corrections Evaluator
bempp:HOST:TIMING: Finished Operation: Singular Corrections Evaluator: 0.038726806640625s
bempp:HOST:TIMING: Finished Operation: Evaluating Fmm.: 0.13143634796142578s
bempp:HOST:TIMING: Start operation: Evaluating Fmm.
bempp:HOST:TIMING: Start operation: Calling ExaFMM.
bempp:HOST:TIMING: Finished Operation: Calling ExaFMM.: 0.09078788757324219s
bempp:HOST:TIMING: Start operation: Singular Corrections Evaluator
bempp:HOST:TIMING: Finished Operation: Singular Corrections Evaluator: 0.060312509536743164s
bempp:HOST:TIMING: Finished Operation: Evaluating Fmm.: 0.15298914909362793s
bempp:HOST:TIMING: Start operation: Evaluating Fmm.
bempp:HOST:TIMING: Start operation: Calling ExaFMM.
bempp:HOST:TIMING: Finished Operation: Calling ExaFMM.: 0.09174442291259766s
bempp:HOST:TIMING: Start operation: Singular Corrections Evaluator
bempp:HOST:TIMING: Finished Operation: Singular Corrections Evaluator: 0.024968862533569336s
bempp:HOST:TIMING: Finished Operation: Evaluating Fmm.: 0.11858701705932617s
bempp:HOST:TIMING: Start operation: Evaluating Fmm.
bempp:HOST:TIMING: Start operation: Calling ExaFMM.
bempp:HOST:TIMING: Finished Operation: Calling ExaFMM.: 0.026535987854003906s
bempp:HOST:TIMING: Start operation: Singular Corrections Evaluator
bempp:HOST:TIMING: Finished Operation: Singular Corrections Evaluator: 0.02539992332458496s
bempp:HOST:TIMING: Finished Operation: Evaluating Fmm.: 0.053824663162231445s
bempp:HOST:TIMING: Start operation: Evaluating Fmm.
bempp:HOST:TIMING: Start operation: Calling ExaFMM.
bempp:HOST:TIMING: Finished Operation: Calling ExaFMM.: 0.09048128128051758s
bempp:HOST:TIMING: Start operation: Singular Corrections Evaluator
bempp:HOST:TIMING: Finished Operation: Singular Corrections Evaluator: 0.04264998435974121s
bempp:HOST:TIMING: Finished Operation: Evaluating Fmm.: 0.13506698608398438s
bempp:HOST:TIMING: Start operation: Evaluating Fmm.
bempp:HOST:TIMING: Start operation: Calling ExaFMM.
bempp:HOST:TIMING: Finished Operation: Calling ExaFMM.: 0.09061741828918457s
bempp:HOST:TIMING: Start operation: Singular Corrections Evaluator
bempp:HOST:TIMING: Finished Operation: Singular Corrections Evaluator: 0.038692474365234375s
bempp:HOST:TIMING: Finished Operation: Evaluating Fmm.: 0.13119268417358398s
bempp:HOST:TIMING: Start operation: Evaluating Fmm.
bempp:HOST:TIMING: Start operation: Calling ExaFMM.
bempp:HOST:TIMING: Finished Operation: Calling ExaFMM.: 0.09000325202941895s
bempp:HOST:TIMING: Start operation: Singular Corrections Evaluator
bempp:HOST:TIMING: Finished Operation: Singular Corrections Evaluator: 0.04210829734802246s
bempp:HOST:TIMING: Finished Operation: Evaluating Fmm.: 0.13401412963867188s
bempp:HOST:TIMING: Start operation: Evaluating Fmm.
bempp:HOST:TIMING: Start operation: Calling ExaFMM.
bempp:HOST:TIMING: Finished Operation: Calling ExaFMM.: 0.0902099609375s
bempp:HOST:TIMING: Start operation: Singular Corrections Evaluator
bempp:HOST:TIMING: Finished Operation: Singular Corrections Evaluator: 0.048668861389160156s
bempp:HOST:TIMING: Finished Operation: Evaluating Fmm.: 0.14076018333435059s
bempp:HOST:TIMING: Start operation: Evaluating Fmm.
bempp:HOST:TIMING: Start operation: Calling ExaFMM.
bempp:HOST:TIMING: Finished Operation: Calling ExaFMM.: 0.09247899055480957s
bempp:HOST:TIMING: Start operation: Singular Corrections Evaluator
bempp:HOST:TIMING: Finished Operation: Singular Corrections Evaluator: 0.03369903564453125s
bempp:HOST:TIMING: Finished Operation: Evaluating Fmm.: 0.12818431854248047s
bempp:HOST:TIMING: Start operation: Evaluating Fmm.
bempp:HOST:TIMING: Start operation: Calling ExaFMM.
bempp:HOST:TIMING: Finished Operation: Calling ExaFMM.: 0.09067058563232422s
bempp:HOST:TIMING: Start operation: Singular Corrections Evaluator
bempp:HOST:TIMING: Finished Operation: Singular Corrections Evaluator: 0.04764223098754883s
bempp:HOST:TIMING: Finished Operation: Evaluating Fmm.: 0.14018464088439941s
bempp:HOST:TIMING: Start operation: Evaluating Fmm.
bempp:HOST:TIMING: Start operation: Calling ExaFMM.
bempp:HOST:TIMING: Finished Operation: Calling ExaFMM.: 0.09030914306640625s
bempp:HOST:TIMING: Start operation: Singular Corrections Evaluator
bempp:HOST:TIMING: Finished Operation: Singular Corrections Evaluator: 0.04442262649536133s
bempp:HOST:TIMING: Finished Operation: Evaluating Fmm.: 0.13656830787658691s
bempp:HOST:TIMING: Start operation: Evaluating Fmm.
bempp:HOST:TIMING: Start operation: Calling ExaFMM.
bempp:HOST:TIMING: Finished Operation: Calling ExaFMM.: 0.026417970657348633s
bempp:HOST:TIMING: Start operation: Singular Corrections Evaluator
bempp:HOST:TIMING: Finished Operation: Singular Corrections Evaluator: 0.04781198501586914s
bempp:HOST:TIMING: Finished Operation: Evaluating Fmm.: 0.07614731788635254s
bempp:HOST:TIMING: Start operation: Evaluating Fmm.
bempp:HOST:TIMING: Start operation: Calling ExaFMM.
bempp:HOST:TIMING: Finished Operation: Calling ExaFMM.: 0.02634263038635254s
bempp:HOST:TIMING: Start operation: Singular Corrections Evaluator
bempp:HOST:TIMING: Finished Operation: Singular Corrections Evaluator: 0.033582448959350586s
bempp:HOST:TIMING: Finished Operation: Evaluating Fmm.: 0.06175661087036133s
bempp:HOST:TIMING: Start operation: Evaluating Fmm.
bempp:HOST:TIMING: Start operation: Calling ExaFMM.
bempp:HOST:TIMING: Finished Operation: Calling ExaFMM.: 0.026444196701049805s
bempp:HOST:TIMING: Start operation: Singular Corrections Evaluator
bempp:HOST:TIMING: Finished Operation: Singular Corrections Evaluator: 0.020893573760986328s
bempp:HOST:TIMING: Finished Operation: Evaluating Fmm.: 0.04914212226867676s
bempp:HOST:TIMING: Start operation: Evaluating Fmm.
bempp:HOST:TIMING: Start operation: Calling ExaFMM.
bempp:HOST:TIMING: Finished Operation: Calling ExaFMM.: 0.026273250579833984s
bempp:HOST:TIMING: Start operation: Singular Corrections Evaluator
bempp:HOST:TIMING: Finished Operation: Singular Corrections Evaluator: 0.02169036865234375s
bempp:HOST:TIMING: Finished Operation: Evaluating Fmm.: 0.049802303314208984s
bempp:HOST:TIMING: Start operation: Evaluating Fmm.
bempp:HOST:TIMING: Start operation: Calling ExaFMM.
bempp:HOST:TIMING: Finished Operation: Calling ExaFMM.: 0.0901944637298584s
bempp:HOST:TIMING: Start operation: Singular Corrections Evaluator
bempp:HOST:TIMING: Finished Operation: Singular Corrections Evaluator: 0.02405834197998047s
bempp:HOST:TIMING: Finished Operation: Evaluating Fmm.: 0.11612486839294434s
bempp:HOST:INFO: GMRES Iteration 2 with residual 17.347195141056815
bempp:HOST:TIMING: Start operation: Evaluating Fmm.
bempp:HOST:TIMING: Start operation: Calling ExaFMM.
bempp:HOST:TIMING: Finished Operation: Calling ExaFMM.: 0.026453018188476562s
bempp:HOST:TIMING: Start operation: Singular Corrections Evaluator
bempp:HOST:TIMING: Finished Operation: Singular Corrections Evaluator: 0.03310275077819824s
bempp:HOST:TIMING: Finished Operation: Evaluating Fmm.: 0.06154203414916992s
bempp:HOST:TIMING: Start operation: Evaluating Fmm.
bempp:HOST:TIMING: Start operation: Calling ExaFMM.
bempp:HOST:TIMING: Finished Operation: Calling ExaFMM.: 0.026415586471557617s
bempp:HOST:TIMING: Start operation: Singular Corrections Evaluator
bempp:HOST:TIMING: Finished Operation: Singular Corrections Evaluator: 0.0452115535736084s
bempp:HOST:TIMING: Finished Operation: Evaluating Fmm.: 0.07343506813049316s
bempp:HOST:TIMING: Start operation: Evaluating Fmm.
bempp:HOST:TIMING: Start operation: Calling ExaFMM.
bempp:HOST:TIMING: Finished Operation: Calling ExaFMM.: 0.026313304901123047s
bempp:HOST:TIMING: Start operation: Singular Corrections Evaluator
bempp:HOST:TIMING: Finished Operation: Singular Corrections Evaluator: 0.021846294403076172s
bempp:HOST:TIMING: Finished Operation: Evaluating Fmm.: 0.04999518394470215s
bempp:HOST:TIMING: Start operation: Evaluating Fmm.
bempp:HOST:TIMING: Start operation: Calling ExaFMM.
bempp:HOST:TIMING: Finished Operation: Calling ExaFMM.: 0.09567832946777344s
bempp:HOST:TIMING: Start operation: Singular Corrections Evaluator
bempp:HOST:TIMING: Finished Operation: Singular Corrections Evaluator: 0.06500887870788574s
bempp:HOST:TIMING: Finished Operation: Evaluating Fmm.: 0.1629807949066162s
bempp:HOST:TIMING: Start operation: Evaluating Fmm.
bempp:HOST:TIMING: Start operation: Calling ExaFMM.
bempp:HOST:TIMING: Finished Operation: Calling ExaFMM.: 0.09070539474487305s
bempp:HOST:TIMING: Start operation: Singular Corrections Evaluator
bempp:HOST:TIMING: Finished Operation: Singular Corrections Evaluator: 0.04971933364868164s
bempp:HOST:TIMING: Finished Operation: Evaluating Fmm.: 0.14229893684387207s
bempp:HOST:TIMING: Start operation: Evaluating Fmm.
bempp:HOST:TIMING: Start operation: Calling ExaFMM.
bempp:HOST:TIMING: Finished Operation: Calling ExaFMM.: 0.0913248062133789s
bempp:HOST:TIMING: Start operation: Singular Corrections Evaluator
bempp:HOST:TIMING: Finished Operation: Singular Corrections Evaluator: 0.03161144256591797s
bempp:HOST:TIMING: Finished Operation: Evaluating Fmm.: 0.1247403621673584s
bempp:HOST:TIMING: Start operation: Evaluating Fmm.
bempp:HOST:TIMING: Start operation: Calling ExaFMM.
bempp:HOST:TIMING: Finished Operation: Calling ExaFMM.: 0.04230046272277832s
bempp:HOST:TIMING: Start operation: Singular Corrections Evaluator
bempp:HOST:TIMING: Finished Operation: Singular Corrections Evaluator: 0.020603418350219727s
bempp:HOST:TIMING: Finished Operation: Evaluating Fmm.: 0.06489825248718262s
bempp:HOST:TIMING: Start operation: Evaluating Fmm.
bempp:HOST:TIMING: Start operation: Calling ExaFMM.
bempp:HOST:TIMING: Finished Operation: Calling ExaFMM.: 0.09072232246398926s
bempp:HOST:TIMING: Start operation: Singular Corrections Evaluator
bempp:HOST:TIMING: Finished Operation: Singular Corrections Evaluator: 0.025019407272338867s
bempp:HOST:TIMING: Finished Operation: Evaluating Fmm.: 0.11758995056152344s
bempp:HOST:TIMING: Start operation: Evaluating Fmm.
bempp:HOST:TIMING: Start operation: Calling ExaFMM.
bempp:HOST:TIMING: Finished Operation: Calling ExaFMM.: 0.09020137786865234s
bempp:HOST:TIMING: Start operation: Singular Corrections Evaluator
bempp:HOST:TIMING: Finished Operation: Singular Corrections Evaluator: 0.06117844581604004s
bempp:HOST:TIMING: Finished Operation: Evaluating Fmm.: 0.15323710441589355s
bempp:HOST:TIMING: Start operation: Evaluating Fmm.
bempp:HOST:TIMING: Start operation: Calling ExaFMM.
bempp:HOST:TIMING: Finished Operation: Calling ExaFMM.: 0.09017539024353027s
bempp:HOST:TIMING: Start operation: Singular Corrections Evaluator
bempp:HOST:TIMING: Finished Operation: Singular Corrections Evaluator: 0.028038740158081055s
bempp:HOST:TIMING: Finished Operation: Evaluating Fmm.: 0.12002968788146973s
bempp:HOST:TIMING: Start operation: Evaluating Fmm.
bempp:HOST:TIMING: Start operation: Calling ExaFMM.
bempp:HOST:TIMING: Finished Operation: Calling ExaFMM.: 0.0903313159942627s
bempp:HOST:TIMING: Start operation: Singular Corrections Evaluator
bempp:HOST:TIMING: Finished Operation: Singular Corrections Evaluator: 0.032440185546875s
bempp:HOST:TIMING: Finished Operation: Evaluating Fmm.: 0.12457823753356934s
bempp:HOST:TIMING: Start operation: Evaluating Fmm.
bempp:HOST:TIMING: Start operation: Calling ExaFMM.
bempp:HOST:TIMING: Finished Operation: Calling ExaFMM.: 0.14023375511169434s
bempp:HOST:TIMING: Start operation: Singular Corrections Evaluator
bempp:HOST:TIMING: Finished Operation: Singular Corrections Evaluator: 0.0359346866607666s
bempp:HOST:TIMING: Finished Operation: Evaluating Fmm.: 0.1782841682434082s
bempp:HOST:TIMING: Start operation: Evaluating Fmm.
bempp:HOST:TIMING: Start operation: Calling ExaFMM.
bempp:HOST:TIMING: Finished Operation: Calling ExaFMM.: 0.1482408046722412s
bempp:HOST:TIMING: Start operation: Singular Corrections Evaluator
bempp:HOST:TIMING: Finished Operation: Singular Corrections Evaluator: 0.06119036674499512s
bempp:HOST:TIMING: Finished Operation: Evaluating Fmm.: 0.21155476570129395s
bempp:HOST:TIMING: Start operation: Evaluating Fmm.
bempp:HOST:TIMING: Start operation: Calling ExaFMM.
bempp:HOST:TIMING: Finished Operation: Calling ExaFMM.: 0.1409316062927246s
bempp:HOST:TIMING: Start operation: Singular Corrections Evaluator
bempp:HOST:TIMING: Finished Operation: Singular Corrections Evaluator: 0.04018211364746094s
bempp:HOST:TIMING: Finished Operation: Evaluating Fmm.: 0.18321919441223145s
bempp:HOST:TIMING: Start operation: Evaluating Fmm.
bempp:HOST:TIMING: Start operation: Calling ExaFMM.
bempp:HOST:TIMING: Finished Operation: Calling ExaFMM.: 0.04098057746887207s
bempp:HOST:TIMING: Start operation: Singular Corrections Evaluator
bempp:HOST:TIMING: Finished Operation: Singular Corrections Evaluator: 0.02946758270263672s
bempp:HOST:TIMING: Finished Operation: Evaluating Fmm.: 0.0725247859954834s
bempp:HOST:TIMING: Start operation: Evaluating Fmm.
bempp:HOST:TIMING: Start operation: Calling ExaFMM.
bempp:HOST:TIMING: Finished Operation: Calling ExaFMM.: 0.0264585018157959s
bempp:HOST:TIMING: Start operation: Singular Corrections Evaluator
bempp:HOST:TIMING: Finished Operation: Singular Corrections Evaluator: 0.03452730178833008s
bempp:HOST:TIMING: Finished Operation: Evaluating Fmm.: 0.06278753280639648s
bempp:HOST:TIMING: Start operation: Evaluating Fmm.
bempp:HOST:TIMING: Start operation: Calling ExaFMM.
bempp:HOST:TIMING: Finished Operation: Calling ExaFMM.: 0.02635955810546875s
bempp:HOST:TIMING: Start operation: Singular Corrections Evaluator
bempp:HOST:TIMING: Finished Operation: Singular Corrections Evaluator: 0.03508257865905762s
bempp:HOST:TIMING: Finished Operation: Evaluating Fmm.: 0.06329846382141113s
bempp:HOST:TIMING: Start operation: Evaluating Fmm.
bempp:HOST:TIMING: Start operation: Calling ExaFMM.
bempp:HOST:TIMING: Finished Operation: Calling ExaFMM.: 0.026437044143676758s
bempp:HOST:TIMING: Start operation: Singular Corrections Evaluator
bempp:HOST:TIMING: Finished Operation: Singular Corrections Evaluator: 0.01794123649597168s
bempp:HOST:TIMING: Finished Operation: Evaluating Fmm.: 0.04623675346374512s
bempp:HOST:TIMING: Start operation: Evaluating Fmm.
bempp:HOST:TIMING: Start operation: Calling ExaFMM.
bempp:HOST:TIMING: Finished Operation: Calling ExaFMM.: 0.08950042724609375s
bempp:HOST:TIMING: Start operation: Singular Corrections Evaluator
bempp:HOST:TIMING: Finished Operation: Singular Corrections Evaluator: 0.06143331527709961s
bempp:HOST:TIMING: Finished Operation: Evaluating Fmm.: 0.15288448333740234s
bempp:HOST:INFO: GMRES Iteration 3 with residual 1.2281656732954704
bempp:HOST:TIMING: Start operation: Evaluating Fmm.
bempp:HOST:TIMING: Start operation: Calling ExaFMM.
bempp:HOST:TIMING: Finished Operation: Calling ExaFMM.: 0.026402711868286133s
bempp:HOST:TIMING: Start operation: Singular Corrections Evaluator
bempp:HOST:TIMING: Finished Operation: Singular Corrections Evaluator: 0.05240464210510254s
bempp:HOST:TIMING: Finished Operation: Evaluating Fmm.: 0.08078861236572266s
bempp:HOST:TIMING: Start operation: Evaluating Fmm.
bempp:HOST:TIMING: Start operation: Calling ExaFMM.
bempp:HOST:TIMING: Finished Operation: Calling ExaFMM.: 0.026375770568847656s
bempp:HOST:TIMING: Start operation: Singular Corrections Evaluator
bempp:HOST:TIMING: Finished Operation: Singular Corrections Evaluator: 0.017851829528808594s
bempp:HOST:TIMING: Finished Operation: Evaluating Fmm.: 0.046045780181884766s
bempp:HOST:TIMING: Start operation: Evaluating Fmm.
bempp:HOST:TIMING: Start operation: Calling ExaFMM.
bempp:HOST:TIMING: Finished Operation: Calling ExaFMM.: 0.026524066925048828s
bempp:HOST:TIMING: Start operation: Singular Corrections Evaluator
bempp:HOST:TIMING: Finished Operation: Singular Corrections Evaluator: 0.02499985694885254s
bempp:HOST:TIMING: Finished Operation: Evaluating Fmm.: 0.05331063270568848s
bempp:HOST:TIMING: Start operation: Evaluating Fmm.
bempp:HOST:TIMING: Start operation: Calling ExaFMM.
bempp:HOST:TIMING: Finished Operation: Calling ExaFMM.: 0.12296795845031738s
bempp:HOST:TIMING: Start operation: Singular Corrections Evaluator
bempp:HOST:TIMING: Finished Operation: Singular Corrections Evaluator: 0.04726767539978027s
bempp:HOST:TIMING: Finished Operation: Evaluating Fmm.: 0.17228055000305176s
bempp:HOST:TIMING: Start operation: Evaluating Fmm.
bempp:HOST:TIMING: Start operation: Calling ExaFMM.
bempp:HOST:TIMING: Finished Operation: Calling ExaFMM.: 0.13632965087890625s
bempp:HOST:TIMING: Start operation: Singular Corrections Evaluator
bempp:HOST:TIMING: Finished Operation: Singular Corrections Evaluator: 0.06554532051086426s
bempp:HOST:TIMING: Finished Operation: Evaluating Fmm.: 0.20399999618530273s
bempp:HOST:TIMING: Start operation: Evaluating Fmm.
bempp:HOST:TIMING: Start operation: Calling ExaFMM.
bempp:HOST:TIMING: Finished Operation: Calling ExaFMM.: 0.09334969520568848s
bempp:HOST:TIMING: Start operation: Singular Corrections Evaluator
bempp:HOST:TIMING: Finished Operation: Singular Corrections Evaluator: 0.0642695426940918s
bempp:HOST:TIMING: Finished Operation: Evaluating Fmm.: 0.15964603424072266s
bempp:HOST:TIMING: Start operation: Evaluating Fmm.
bempp:HOST:TIMING: Start operation: Calling ExaFMM.
bempp:HOST:TIMING: Finished Operation: Calling ExaFMM.: 0.02644038200378418s
bempp:HOST:TIMING: Start operation: Singular Corrections Evaluator
bempp:HOST:TIMING: Finished Operation: Singular Corrections Evaluator: 0.02583169937133789s
bempp:HOST:TIMING: Finished Operation: Evaluating Fmm.: 0.05415844917297363s
bempp:HOST:TIMING: Start operation: Evaluating Fmm.
bempp:HOST:TIMING: Start operation: Calling ExaFMM.
bempp:HOST:TIMING: Finished Operation: Calling ExaFMM.: 0.0906670093536377s
bempp:HOST:TIMING: Start operation: Singular Corrections Evaluator
bempp:HOST:TIMING: Finished Operation: Singular Corrections Evaluator: 0.09530234336853027s
bempp:HOST:TIMING: Finished Operation: Evaluating Fmm.: 0.1879284381866455s
bempp:HOST:TIMING: Start operation: Evaluating Fmm.
bempp:HOST:TIMING: Start operation: Calling ExaFMM.
bempp:HOST:TIMING: Finished Operation: Calling ExaFMM.: 0.0907435417175293s
bempp:HOST:TIMING: Start operation: Singular Corrections Evaluator
bempp:HOST:TIMING: Finished Operation: Singular Corrections Evaluator: 0.03995943069458008s
bempp:HOST:TIMING: Finished Operation: Evaluating Fmm.: 0.1325826644897461s
bempp:HOST:TIMING: Start operation: Evaluating Fmm.
bempp:HOST:TIMING: Start operation: Calling ExaFMM.
bempp:HOST:TIMING: Finished Operation: Calling ExaFMM.: 0.08995246887207031s
bempp:HOST:TIMING: Start operation: Singular Corrections Evaluator
bempp:HOST:TIMING: Finished Operation: Singular Corrections Evaluator: 0.05245542526245117s
bempp:HOST:TIMING: Finished Operation: Evaluating Fmm.: 0.1443004608154297s
bempp:HOST:TIMING: Start operation: Evaluating Fmm.
bempp:HOST:TIMING: Start operation: Calling ExaFMM.
bempp:HOST:TIMING: Finished Operation: Calling ExaFMM.: 0.09832167625427246s
bempp:HOST:TIMING: Start operation: Singular Corrections Evaluator
bempp:HOST:TIMING: Finished Operation: Singular Corrections Evaluator: 0.04790329933166504s
bempp:HOST:TIMING: Finished Operation: Evaluating Fmm.: 0.14824342727661133s
bempp:HOST:TIMING: Start operation: Evaluating Fmm.
bempp:HOST:TIMING: Start operation: Calling ExaFMM.
bempp:HOST:TIMING: Finished Operation: Calling ExaFMM.: 0.09039449691772461s
bempp:HOST:TIMING: Start operation: Singular Corrections Evaluator
bempp:HOST:TIMING: Finished Operation: Singular Corrections Evaluator: 0.04156923294067383s
bempp:HOST:TIMING: Finished Operation: Evaluating Fmm.: 0.133866548538208s
bempp:HOST:TIMING: Start operation: Evaluating Fmm.
bempp:HOST:TIMING: Start operation: Calling ExaFMM.
bempp:HOST:TIMING: Finished Operation: Calling ExaFMM.: 0.09051918983459473s
bempp:HOST:TIMING: Start operation: Singular Corrections Evaluator
bempp:HOST:TIMING: Finished Operation: Singular Corrections Evaluator: 0.037955284118652344s
bempp:HOST:TIMING: Finished Operation: Evaluating Fmm.: 0.13033580780029297s
bempp:HOST:TIMING: Start operation: Evaluating Fmm.
bempp:HOST:TIMING: Start operation: Calling ExaFMM.
bempp:HOST:TIMING: Finished Operation: Calling ExaFMM.: 0.09008407592773438s
bempp:HOST:TIMING: Start operation: Singular Corrections Evaluator
bempp:HOST:TIMING: Finished Operation: Singular Corrections Evaluator: 0.031043529510498047s
bempp:HOST:TIMING: Finished Operation: Evaluating Fmm.: 0.1229853630065918s
bempp:HOST:TIMING: Start operation: Evaluating Fmm.
bempp:HOST:TIMING: Start operation: Calling ExaFMM.
bempp:HOST:TIMING: Finished Operation: Calling ExaFMM.: 0.026594877243041992s
bempp:HOST:TIMING: Start operation: Singular Corrections Evaluator
bempp:HOST:TIMING: Finished Operation: Singular Corrections Evaluator: 0.019386768341064453s
bempp:HOST:TIMING: Finished Operation: Evaluating Fmm.: 0.04790830612182617s
bempp:HOST:TIMING: Start operation: Evaluating Fmm.
bempp:HOST:TIMING: Start operation: Calling ExaFMM.
bempp:HOST:TIMING: Finished Operation: Calling ExaFMM.: 0.026396512985229492s
bempp:HOST:TIMING: Start operation: Singular Corrections Evaluator
bempp:HOST:TIMING: Finished Operation: Singular Corrections Evaluator: 0.02736949920654297s
bempp:HOST:TIMING: Finished Operation: Evaluating Fmm.: 0.055620670318603516s
bempp:HOST:TIMING: Start operation: Evaluating Fmm.
bempp:HOST:TIMING: Start operation: Calling ExaFMM.
bempp:HOST:TIMING: Finished Operation: Calling ExaFMM.: 0.026378870010375977s
bempp:HOST:TIMING: Start operation: Singular Corrections Evaluator
bempp:HOST:TIMING: Finished Operation: Singular Corrections Evaluator: 0.019027233123779297s
bempp:HOST:TIMING: Finished Operation: Evaluating Fmm.: 0.04724574089050293s
bempp:HOST:TIMING: Start operation: Evaluating Fmm.
bempp:HOST:TIMING: Start operation: Calling ExaFMM.
bempp:HOST:TIMING: Finished Operation: Calling ExaFMM.: 0.0265352725982666s
bempp:HOST:TIMING: Start operation: Singular Corrections Evaluator
bempp:HOST:TIMING: Finished Operation: Singular Corrections Evaluator: 0.023244380950927734s
bempp:HOST:TIMING: Finished Operation: Evaluating Fmm.: 0.05166006088256836s
bempp:HOST:TIMING: Start operation: Evaluating Fmm.
bempp:HOST:TIMING: Start operation: Calling ExaFMM.
bempp:HOST:TIMING: Finished Operation: Calling ExaFMM.: 0.09056591987609863s
bempp:HOST:TIMING: Start operation: Singular Corrections Evaluator
bempp:HOST:TIMING: Finished Operation: Singular Corrections Evaluator: 0.04997658729553223s
bempp:HOST:TIMING: Finished Operation: Evaluating Fmm.: 0.14246821403503418s
bempp:HOST:INFO: GMRES Iteration 4 with residual 0.094394493832021
bempp:HOST:TIMING: Start operation: Initialising Exafmm.
bempp:HOST:TIMING: Finished Operation: Initialising Exafmm.: 0.30585289001464844s
bempp:HOST:DEBUG: Using cached Fmm Interface.
bempp:HOST:TIMING: Start operation: Evaluating Fmm.
bempp:HOST:TIMING: Start operation: Calling ExaFMM.
bempp:HOST:TIMING: Finished Operation: Calling ExaFMM.: 0.014080524444580078s
bempp:HOST:TIMING: Finished Operation: Evaluating Fmm.: 0.01470494270324707s
bempp:HOST:TIMING: Start operation: Evaluating Fmm.
bempp:HOST:TIMING: Start operation: Calling ExaFMM.
bempp:HOST:TIMING: Finished Operation: Calling ExaFMM.: 0.007584333419799805s
bempp:HOST:TIMING: Finished Operation: Evaluating Fmm.: 0.007905006408691406s
bempp:HOST:TIMING: Start operation: Evaluating Fmm.
bempp:HOST:TIMING: Start operation: Calling ExaFMM.
bempp:HOST:TIMING: Finished Operation: Calling ExaFMM.: 0.00746917724609375s
bempp:HOST:TIMING: Finished Operation: Evaluating Fmm.: 0.0077855587005615234s
bempp:HOST:TIMING: Start operation: Evaluating Fmm.
bempp:HOST:TIMING: Start operation: Calling ExaFMM.
bempp:HOST:TIMING: Finished Operation: Calling ExaFMM.: 0.0074920654296875s
bempp:HOST:TIMING: Finished Operation: Evaluating Fmm.: 0.00779271125793457s
	Command being timed: "python /SEAS/home/twang66/bempp_exafmm_paper/repro-pack/bempp_pbs/scripts/derivative_ex_mass_lumping.py /SEAS/home/twang66/bempp_exafmm_paper/repro-pack/runs/sphere_performance/config/sphere_refine6.yml"
	User time (seconds): 779.49
	System time (seconds): 18.05
	Percent of CPU this job got: 1635%
	Elapsed (wall clock) time (h:mm:ss or m:ss): 0:48.75
	Average shared text size (kbytes): 0
	Average unshared data size (kbytes): 0
	Average stack size (kbytes): 0
	Average total size (kbytes): 0
	Maximum resident set size (kbytes): 1388896
	Average resident set size (kbytes): 0
	Major (requiring I/O) page faults: 0
	Minor (reclaiming a frame) page faults: 308052
	Voluntary context switches: 32700
	Involuntary context switches: 129802
	Swaps: 0
	File system inputs: 2232
	File system outputs: 849008
	Socket messages sent: 0
	Socket messages received: 0
	Signals delivered: 0
	Page size (bytes): 4096
	Exit status: 0
