Could not find Gmsh.Interactive plotting and shapes module not available.
number of elements: 32768
assembly system matrix wall time: 11.713110208511353
gmres wall time: 23.430412769317627
The linear system was solved in 24 iterations
Total solvation energy: -89638.78221329 [kcal/Mol]
bempp:HOST:INFO: Created grid with id a5927293-269c-42e4-b3f9-308c961fe680. Elements: 32768. Edges: 49152. Vertices: 16386
bempp:HOST:TIMING: Grid.__init__ : 4.219e+00s
bempp:HOST:TIMING: p0_discontinuous_function_space : 2.498e-02s
bempp:HOST:TIMING: Start operation: 
bempp:HOST:TIMING: Finished Operation: : 1.5082428455352783s
bempp:HOST:TIMING: assemble_sparse : 1.510e+00s
bempp:HOST:INFO: OpenCL Device set to: pthread-Intel(R) Xeon(R) Gold 6148 CPU @ 2.40GHz
bempp:HOST:TIMING: Start operation: Initialising Exafmm.
bempp:HOST:TIMING: Finished Operation: Initialising Exafmm.: 0.45726990699768066s
bempp:HOST:TIMING: Start operation: Singular assembler:laplace_double_layer_boundary:opencl
bempp:HOST:TIMING: Finished Operation: Singular assembler:laplace_double_layer_boundary:opencl: 0.21640658378601074s
bempp:HOST:DEBUG: Using cached Fmm Interface.
bempp:HOST:TIMING: Start operation: Singular assembler:laplace_single_layer_boundary:opencl
bempp:HOST:TIMING: Finished Operation: Singular assembler:laplace_single_layer_boundary:opencl: 0.1481490135192871s
bempp:HOST:TIMING: Start operation: Initialising Exafmm.
bempp:HOST:TIMING: Finished Operation: Initialising Exafmm.: 0.5361549854278564s
bempp:HOST:TIMING: Start operation: Singular assembler:modified_helmholtz_double_layer_boundary:opencl
bempp:HOST:TIMING: Finished Operation: Singular assembler:modified_helmholtz_double_layer_boundary:opencl: 0.5461065769195557s
bempp:HOST:DEBUG: Using cached Fmm Interface.
bempp:HOST:TIMING: Start operation: Singular assembler:modified_helmholtz_single_layer_boundary:opencl
bempp:HOST:TIMING: Finished Operation: Singular assembler:modified_helmholtz_single_layer_boundary:opencl: 0.5057127475738525s
bempp:HOST:TIMING: Start operation: 
bempp:HOST:TIMING: Finished Operation: : 0.04766702651977539s
bempp:HOST:TIMING: assemble_sparse : 4.875e-02s
bempp:HOST:TIMING: Start operation: Singular assembler:laplace_single_layer_boundary:opencl
bempp:HOST:TIMING: Finished Operation: Singular assembler:laplace_single_layer_boundary:opencl: 0.14326691627502441s
bempp:HOST:TIMING: Start operation: Singular assembler:laplace_double_layer_boundary:opencl
bempp:HOST:TIMING: Finished Operation: Singular assembler:laplace_double_layer_boundary:opencl: 0.17462372779846191s
bempp:HOST:TIMING: Start operation: Singular assembler:modified_helmholtz_single_layer_boundary:opencl
bempp:HOST:TIMING: Finished Operation: Singular assembler:modified_helmholtz_single_layer_boundary:opencl: 0.5017497539520264s
bempp:HOST:TIMING: Start operation: Singular assembler:modified_helmholtz_double_layer_boundary:opencl
bempp:HOST:TIMING: Finished Operation: Singular assembler:modified_helmholtz_double_layer_boundary:opencl: 0.5147819519042969s
bempp:HOST:TIMING: Start operation: Evaluating Fmm.
bempp:HOST:TIMING: Start operation: Calling ExaFMM.
bempp:HOST:TIMING: Finished Operation: Calling ExaFMM.: 0.03256511688232422s
bempp:HOST:TIMING: Start operation: Singular Corrections Evaluator
bempp:HOST:TIMING: Finished Operation: Singular Corrections Evaluator: 0.02290630340576172s
bempp:HOST:TIMING: Finished Operation: Evaluating Fmm.: 0.057706594467163086s
bempp:HOST:TIMING: Start operation: Evaluating Fmm.
bempp:HOST:TIMING: Start operation: Calling ExaFMM.
bempp:HOST:TIMING: Finished Operation: Calling ExaFMM.: 0.026409387588500977s
bempp:HOST:TIMING: Start operation: Singular Corrections Evaluator
bempp:HOST:TIMING: Finished Operation: Singular Corrections Evaluator: 0.031522274017333984s
bempp:HOST:TIMING: Finished Operation: Evaluating Fmm.: 0.059778451919555664s
bempp:HOST:TIMING: Start operation: Evaluating Fmm.
bempp:HOST:TIMING: Start operation: Calling ExaFMM.
bempp:HOST:TIMING: Finished Operation: Calling ExaFMM.: 0.028150081634521484s
bempp:HOST:TIMING: Start operation: Singular Corrections Evaluator
bempp:HOST:TIMING: Finished Operation: Singular Corrections Evaluator: 0.0165407657623291s
bempp:HOST:TIMING: Finished Operation: Evaluating Fmm.: 0.04651522636413574s
bempp:HOST:TIMING: Start operation: Evaluating Fmm.
bempp:HOST:TIMING: Start operation: Calling ExaFMM.
bempp:HOST:TIMING: Finished Operation: Calling ExaFMM.: 0.026490449905395508s
bempp:HOST:TIMING: Start operation: Singular Corrections Evaluator
bempp:HOST:TIMING: Finished Operation: Singular Corrections Evaluator: 0.01296091079711914s
bempp:HOST:TIMING: Finished Operation: Evaluating Fmm.: 0.04129481315612793s
bempp:HOST:TIMING: Start operation: Evaluating Fmm.
bempp:HOST:TIMING: Start operation: Calling ExaFMM.
bempp:HOST:TIMING: Finished Operation: Calling ExaFMM.: 0.09147310256958008s
bempp:HOST:TIMING: Start operation: Singular Corrections Evaluator
bempp:HOST:TIMING: Finished Operation: Singular Corrections Evaluator: 0.05684161186218262s
bempp:HOST:TIMING: Finished Operation: Evaluating Fmm.: 0.15030169486999512s
bempp:HOST:TIMING: Start operation: Evaluating Fmm.
bempp:HOST:TIMING: Start operation: Calling ExaFMM.
bempp:HOST:TIMING: Finished Operation: Calling ExaFMM.: 0.08955883979797363s
bempp:HOST:TIMING: Start operation: Singular Corrections Evaluator
bempp:HOST:TIMING: Finished Operation: Singular Corrections Evaluator: 0.026606321334838867s
bempp:HOST:TIMING: Finished Operation: Evaluating Fmm.: 0.11796021461486816s
bempp:HOST:TIMING: Start operation: Evaluating Fmm.
bempp:HOST:TIMING: Start operation: Calling ExaFMM.
bempp:HOST:TIMING: Finished Operation: Calling ExaFMM.: 0.09047818183898926s
bempp:HOST:TIMING: Start operation: Singular Corrections Evaluator
bempp:HOST:TIMING: Finished Operation: Singular Corrections Evaluator: 0.0156710147857666s
bempp:HOST:TIMING: Finished Operation: Evaluating Fmm.: 0.10793519020080566s
bempp:HOST:TIMING: Start operation: Evaluating Fmm.
bempp:HOST:TIMING: Start operation: Calling ExaFMM.
bempp:HOST:TIMING: Finished Operation: Calling ExaFMM.: 0.11329269409179688s
bempp:HOST:TIMING: Start operation: Singular Corrections Evaluator
bempp:HOST:TIMING: Finished Operation: Singular Corrections Evaluator: 0.028508424758911133s
bempp:HOST:TIMING: Finished Operation: Evaluating Fmm.: 0.14383792877197266s
bempp:HOST:TIMING: Start operation: Evaluating Fmm.
bempp:HOST:TIMING: Start operation: Calling ExaFMM.
bempp:HOST:TIMING: Finished Operation: Calling ExaFMM.: 0.02675604820251465s
bempp:HOST:TIMING: Start operation: Singular Corrections Evaluator
bempp:HOST:TIMING: Finished Operation: Singular Corrections Evaluator: 0.014067888259887695s
bempp:HOST:TIMING: Finished Operation: Evaluating Fmm.: 0.042902469635009766s
bempp:HOST:TIMING: Start operation: Evaluating Fmm.
bempp:HOST:TIMING: Start operation: Calling ExaFMM.
bempp:HOST:TIMING: Finished Operation: Calling ExaFMM.: 0.027132272720336914s
bempp:HOST:TIMING: Start operation: Singular Corrections Evaluator
bempp:HOST:TIMING: Finished Operation: Singular Corrections Evaluator: 0.015860795974731445s
bempp:HOST:TIMING: Finished Operation: Evaluating Fmm.: 0.04483342170715332s
bempp:HOST:TIMING: Start operation: Evaluating Fmm.
bempp:HOST:TIMING: Start operation: Calling ExaFMM.
bempp:HOST:TIMING: Finished Operation: Calling ExaFMM.: 0.02906966209411621s
bempp:HOST:TIMING: Start operation: Singular Corrections Evaluator
bempp:HOST:TIMING: Finished Operation: Singular Corrections Evaluator: 0.01243448257446289s
bempp:HOST:TIMING: Finished Operation: Evaluating Fmm.: 0.04332590103149414s
bempp:HOST:TIMING: Start operation: Evaluating Fmm.
bempp:HOST:TIMING: Start operation: Calling ExaFMM.
bempp:HOST:TIMING: Finished Operation: Calling ExaFMM.: 0.026521921157836914s
bempp:HOST:TIMING: Start operation: Singular Corrections Evaluator
bempp:HOST:TIMING: Finished Operation: Singular Corrections Evaluator: 0.01401662826538086s
bempp:HOST:TIMING: Finished Operation: Evaluating Fmm.: 0.042356252670288086s
bempp:HOST:TIMING: Start operation: Evaluating Fmm.
bempp:HOST:TIMING: Start operation: Calling ExaFMM.
bempp:HOST:TIMING: Finished Operation: Calling ExaFMM.: 0.09025907516479492s
bempp:HOST:TIMING: Start operation: Singular Corrections Evaluator
bempp:HOST:TIMING: Finished Operation: Singular Corrections Evaluator: 0.0295865535736084s
bempp:HOST:TIMING: Finished Operation: Evaluating Fmm.: 0.12181472778320312s
bempp:HOST:TIMING: Start operation: Evaluating Fmm.
bempp:HOST:TIMING: Start operation: Calling ExaFMM.
bempp:HOST:TIMING: Finished Operation: Calling ExaFMM.: 0.09023094177246094s
bempp:HOST:TIMING: Start operation: Singular Corrections Evaluator
bempp:HOST:TIMING: Finished Operation: Singular Corrections Evaluator: 0.03597450256347656s
bempp:HOST:TIMING: Finished Operation: Evaluating Fmm.: 0.12805557250976562s
bempp:HOST:TIMING: Start operation: Evaluating Fmm.
bempp:HOST:TIMING: Start operation: Calling ExaFMM.
bempp:HOST:TIMING: Finished Operation: Calling ExaFMM.: 0.1134943962097168s
bempp:HOST:TIMING: Start operation: Singular Corrections Evaluator
bempp:HOST:TIMING: Finished Operation: Singular Corrections Evaluator: 0.023276567459106445s
bempp:HOST:TIMING: Finished Operation: Evaluating Fmm.: 0.1389172077178955s
bempp:HOST:TIMING: Start operation: Evaluating Fmm.
bempp:HOST:TIMING: Start operation: Calling ExaFMM.
bempp:HOST:TIMING: Finished Operation: Calling ExaFMM.: 0.10727477073669434s
bempp:HOST:TIMING: Start operation: Singular Corrections Evaluator
bempp:HOST:TIMING: Finished Operation: Singular Corrections Evaluator: 0.03822922706604004s
bempp:HOST:TIMING: Finished Operation: Evaluating Fmm.: 0.1475508213043213s
bempp:HOST:TIMING: Start operation: Evaluating Fmm.
bempp:HOST:TIMING: Start operation: Calling ExaFMM.
bempp:HOST:TIMING: Finished Operation: Calling ExaFMM.: 0.03590059280395508s
bempp:HOST:TIMING: Start operation: Singular Corrections Evaluator
bempp:HOST:TIMING: Finished Operation: Singular Corrections Evaluator: 0.0290071964263916s
bempp:HOST:TIMING: Finished Operation: Evaluating Fmm.: 0.07507896423339844s
bempp:HOST:TIMING: Start operation: Evaluating Fmm.
bempp:HOST:TIMING: Start operation: Calling ExaFMM.
bempp:HOST:TIMING: Finished Operation: Calling ExaFMM.: 0.026348590850830078s
bempp:HOST:TIMING: Start operation: Singular Corrections Evaluator
bempp:HOST:TIMING: Finished Operation: Singular Corrections Evaluator: 0.020926952362060547s
bempp:HOST:TIMING: Finished Operation: Evaluating Fmm.: 0.04907679557800293s
bempp:HOST:TIMING: Start operation: Evaluating Fmm.
bempp:HOST:TIMING: Start operation: Calling ExaFMM.
bempp:HOST:TIMING: Finished Operation: Calling ExaFMM.: 0.06554841995239258s
bempp:HOST:TIMING: Start operation: Singular Corrections Evaluator
bempp:HOST:TIMING: Finished Operation: Singular Corrections Evaluator: 0.03528332710266113s
bempp:HOST:TIMING: Finished Operation: Evaluating Fmm.: 0.10260128974914551s
bempp:HOST:TIMING: Start operation: Evaluating Fmm.
bempp:HOST:TIMING: Start operation: Calling ExaFMM.
bempp:HOST:TIMING: Finished Operation: Calling ExaFMM.: 0.041982173919677734s
bempp:HOST:TIMING: Start operation: Singular Corrections Evaluator
bempp:HOST:TIMING: Finished Operation: Singular Corrections Evaluator: 0.01936793327331543s
bempp:HOST:TIMING: Finished Operation: Evaluating Fmm.: 0.06394219398498535s
bempp:HOST:TIMING: Start operation: Evaluating Fmm.
bempp:HOST:TIMING: Start operation: Calling ExaFMM.
bempp:HOST:TIMING: Finished Operation: Calling ExaFMM.: 0.10433721542358398s
bempp:HOST:TIMING: Start operation: Singular Corrections Evaluator
bempp:HOST:TIMING: Finished Operation: Singular Corrections Evaluator: 0.057409048080444336s
bempp:HOST:TIMING: Finished Operation: Evaluating Fmm.: 0.1744675636291504s
bempp:HOST:TIMING: Start operation: Evaluating Fmm.
bempp:HOST:TIMING: Start operation: Calling ExaFMM.
bempp:HOST:TIMING: Finished Operation: Calling ExaFMM.: 0.0903773307800293s
bempp:HOST:TIMING: Start operation: Singular Corrections Evaluator
bempp:HOST:TIMING: Finished Operation: Singular Corrections Evaluator: 0.03342700004577637s
bempp:HOST:TIMING: Finished Operation: Evaluating Fmm.: 0.12561964988708496s
bempp:HOST:TIMING: Start operation: Evaluating Fmm.
bempp:HOST:TIMING: Start operation: Calling ExaFMM.
bempp:HOST:TIMING: Finished Operation: Calling ExaFMM.: 0.08980107307434082s
bempp:HOST:TIMING: Start operation: Singular Corrections Evaluator
bempp:HOST:TIMING: Finished Operation: Singular Corrections Evaluator: 0.026886701583862305s
bempp:HOST:TIMING: Finished Operation: Evaluating Fmm.: 0.11846232414245605s
bempp:HOST:TIMING: Start operation: Evaluating Fmm.
bempp:HOST:TIMING: Start operation: Calling ExaFMM.
bempp:HOST:TIMING: Finished Operation: Calling ExaFMM.: 0.12885403633117676s
bempp:HOST:TIMING: Start operation: Singular Corrections Evaluator
bempp:HOST:TIMING: Finished Operation: Singular Corrections Evaluator: 0.10626864433288574s
bempp:HOST:TIMING: Finished Operation: Evaluating Fmm.: 0.23737692832946777s
bempp:HOST:INFO: GMRES Iteration 1 with residual 26032.86604058051
bempp:HOST:TIMING: Start operation: Evaluating Fmm.
bempp:HOST:TIMING: Start operation: Calling ExaFMM.
bempp:HOST:TIMING: Finished Operation: Calling ExaFMM.: 0.026338815689086914s
bempp:HOST:TIMING: Start operation: Singular Corrections Evaluator
bempp:HOST:TIMING: Finished Operation: Singular Corrections Evaluator: 0.05442547798156738s
bempp:HOST:TIMING: Finished Operation: Evaluating Fmm.: 0.0828237533569336s
bempp:HOST:TIMING: Start operation: Evaluating Fmm.
bempp:HOST:TIMING: Start operation: Calling ExaFMM.
bempp:HOST:TIMING: Finished Operation: Calling ExaFMM.: 0.026323556900024414s
bempp:HOST:TIMING: Start operation: Singular Corrections Evaluator
bempp:HOST:TIMING: Finished Operation: Singular Corrections Evaluator: 0.03834176063537598s
bempp:HOST:TIMING: Finished Operation: Evaluating Fmm.: 0.06654787063598633s
bempp:HOST:TIMING: Start operation: Evaluating Fmm.
bempp:HOST:TIMING: Start operation: Calling ExaFMM.
bempp:HOST:TIMING: Finished Operation: Calling ExaFMM.: 0.026201248168945312s
bempp:HOST:TIMING: Start operation: Singular Corrections Evaluator
bempp:HOST:TIMING: Finished Operation: Singular Corrections Evaluator: 0.028225421905517578s
bempp:HOST:TIMING: Finished Operation: Evaluating Fmm.: 0.05636024475097656s
bempp:HOST:TIMING: Start operation: Evaluating Fmm.
bempp:HOST:TIMING: Start operation: Calling ExaFMM.
bempp:HOST:TIMING: Finished Operation: Calling ExaFMM.: 0.026322126388549805s
bempp:HOST:TIMING: Start operation: Singular Corrections Evaluator
bempp:HOST:TIMING: Finished Operation: Singular Corrections Evaluator: 0.03323960304260254s
bempp:HOST:TIMING: Finished Operation: Evaluating Fmm.: 0.061489105224609375s
bempp:HOST:TIMING: Start operation: Evaluating Fmm.
bempp:HOST:TIMING: Start operation: Calling ExaFMM.
bempp:HOST:TIMING: Finished Operation: Calling ExaFMM.: 0.09691381454467773s
bempp:HOST:TIMING: Start operation: Singular Corrections Evaluator
bempp:HOST:TIMING: Finished Operation: Singular Corrections Evaluator: 0.05471205711364746s
bempp:HOST:TIMING: Finished Operation: Evaluating Fmm.: 0.15362811088562012s
bempp:HOST:TIMING: Start operation: Evaluating Fmm.
bempp:HOST:TIMING: Start operation: Calling ExaFMM.
bempp:HOST:TIMING: Finished Operation: Calling ExaFMM.: 0.0965728759765625s
bempp:HOST:TIMING: Start operation: Singular Corrections Evaluator
bempp:HOST:TIMING: Finished Operation: Singular Corrections Evaluator: 0.06864547729492188s
bempp:HOST:TIMING: Finished Operation: Evaluating Fmm.: 0.16715502738952637s
bempp:HOST:TIMING: Start operation: Evaluating Fmm.
bempp:HOST:TIMING: Start operation: Calling ExaFMM.
bempp:HOST:TIMING: Finished Operation: Calling ExaFMM.: 0.09581327438354492s
bempp:HOST:TIMING: Start operation: Singular Corrections Evaluator
bempp:HOST:TIMING: Finished Operation: Singular Corrections Evaluator: 0.09247136116027832s
bempp:HOST:TIMING: Finished Operation: Evaluating Fmm.: 0.19024348258972168s
bempp:HOST:TIMING: Start operation: Evaluating Fmm.
bempp:HOST:TIMING: Start operation: Calling ExaFMM.
bempp:HOST:TIMING: Finished Operation: Calling ExaFMM.: 0.09718751907348633s
bempp:HOST:TIMING: Start operation: Singular Corrections Evaluator
bempp:HOST:TIMING: Finished Operation: Singular Corrections Evaluator: 0.03887033462524414s
bempp:HOST:TIMING: Finished Operation: Evaluating Fmm.: 0.13800358772277832s
bempp:HOST:INFO: GMRES Iteration 2 with residual 9746.598815046102
bempp:HOST:TIMING: Start operation: Evaluating Fmm.
bempp:HOST:TIMING: Start operation: Calling ExaFMM.
bempp:HOST:TIMING: Finished Operation: Calling ExaFMM.: 0.026255130767822266s
bempp:HOST:TIMING: Start operation: Singular Corrections Evaluator
bempp:HOST:TIMING: Finished Operation: Singular Corrections Evaluator: 0.029126405715942383s
bempp:HOST:TIMING: Finished Operation: Evaluating Fmm.: 0.05743885040283203s
bempp:HOST:TIMING: Start operation: Evaluating Fmm.
bempp:HOST:TIMING: Start operation: Calling ExaFMM.
bempp:HOST:TIMING: Finished Operation: Calling ExaFMM.: 0.039002180099487305s
bempp:HOST:TIMING: Start operation: Singular Corrections Evaluator
bempp:HOST:TIMING: Finished Operation: Singular Corrections Evaluator: 0.053048133850097656s
bempp:HOST:TIMING: Finished Operation: Evaluating Fmm.: 0.09428262710571289s
bempp:HOST:TIMING: Start operation: Evaluating Fmm.
bempp:HOST:TIMING: Start operation: Calling ExaFMM.
bempp:HOST:TIMING: Finished Operation: Calling ExaFMM.: 0.02619624137878418s
bempp:HOST:TIMING: Start operation: Singular Corrections Evaluator
bempp:HOST:TIMING: Finished Operation: Singular Corrections Evaluator: 0.06264781951904297s
bempp:HOST:TIMING: Finished Operation: Evaluating Fmm.: 0.0907590389251709s
bempp:HOST:TIMING: Start operation: Evaluating Fmm.
bempp:HOST:TIMING: Start operation: Calling ExaFMM.
bempp:HOST:TIMING: Finished Operation: Calling ExaFMM.: 0.026661396026611328s
bempp:HOST:TIMING: Start operation: Singular Corrections Evaluator
bempp:HOST:TIMING: Finished Operation: Singular Corrections Evaluator: 0.028046131134033203s
bempp:HOST:TIMING: Finished Operation: Evaluating Fmm.: 0.057268381118774414s
bempp:HOST:TIMING: Start operation: Evaluating Fmm.
bempp:HOST:TIMING: Start operation: Calling ExaFMM.
bempp:HOST:TIMING: Finished Operation: Calling ExaFMM.: 0.09619998931884766s
bempp:HOST:TIMING: Start operation: Singular Corrections Evaluator
bempp:HOST:TIMING: Finished Operation: Singular Corrections Evaluator: 0.0818321704864502s
bempp:HOST:TIMING: Finished Operation: Evaluating Fmm.: 0.18031764030456543s
bempp:HOST:TIMING: Start operation: Evaluating Fmm.
bempp:HOST:TIMING: Start operation: Calling ExaFMM.
bempp:HOST:TIMING: Finished Operation: Calling ExaFMM.: 0.09684276580810547s
bempp:HOST:TIMING: Start operation: Singular Corrections Evaluator
bempp:HOST:TIMING: Finished Operation: Singular Corrections Evaluator: 0.05373263359069824s
bempp:HOST:TIMING: Finished Operation: Evaluating Fmm.: 0.15257716178894043s
bempp:HOST:TIMING: Start operation: Evaluating Fmm.
bempp:HOST:TIMING: Start operation: Calling ExaFMM.
bempp:HOST:TIMING: Finished Operation: Calling ExaFMM.: 0.0957481861114502s
bempp:HOST:TIMING: Start operation: Singular Corrections Evaluator
bempp:HOST:TIMING: Finished Operation: Singular Corrections Evaluator: 0.07067346572875977s
bempp:HOST:TIMING: Finished Operation: Evaluating Fmm.: 0.16838479042053223s
bempp:HOST:TIMING: Start operation: Evaluating Fmm.
bempp:HOST:TIMING: Start operation: Calling ExaFMM.
bempp:HOST:TIMING: Finished Operation: Calling ExaFMM.: 0.09672117233276367s
bempp:HOST:TIMING: Start operation: Singular Corrections Evaluator
bempp:HOST:TIMING: Finished Operation: Singular Corrections Evaluator: 0.0469357967376709s
bempp:HOST:TIMING: Finished Operation: Evaluating Fmm.: 0.14560747146606445s
bempp:HOST:INFO: GMRES Iteration 3 with residual 3239.4389672497055
bempp:HOST:TIMING: Start operation: Evaluating Fmm.
bempp:HOST:TIMING: Start operation: Calling ExaFMM.
bempp:HOST:TIMING: Finished Operation: Calling ExaFMM.: 0.032106876373291016s
bempp:HOST:TIMING: Start operation: Singular Corrections Evaluator
bempp:HOST:TIMING: Finished Operation: Singular Corrections Evaluator: 0.018435955047607422s
bempp:HOST:TIMING: Finished Operation: Evaluating Fmm.: 0.05280184745788574s
bempp:HOST:TIMING: Start operation: Evaluating Fmm.
bempp:HOST:TIMING: Start operation: Calling ExaFMM.
bempp:HOST:TIMING: Finished Operation: Calling ExaFMM.: 0.02625131607055664s
bempp:HOST:TIMING: Start operation: Singular Corrections Evaluator
bempp:HOST:TIMING: Finished Operation: Singular Corrections Evaluator: 0.037290096282958984s
bempp:HOST:TIMING: Finished Operation: Evaluating Fmm.: 0.0654299259185791s
bempp:HOST:TIMING: Start operation: Evaluating Fmm.
bempp:HOST:TIMING: Start operation: Calling ExaFMM.
bempp:HOST:TIMING: Finished Operation: Calling ExaFMM.: 0.026219606399536133s
bempp:HOST:TIMING: Start operation: Singular Corrections Evaluator
bempp:HOST:TIMING: Finished Operation: Singular Corrections Evaluator: 0.04155755043029785s
bempp:HOST:TIMING: Finished Operation: Evaluating Fmm.: 0.06969976425170898s
bempp:HOST:TIMING: Start operation: Evaluating Fmm.
bempp:HOST:TIMING: Start operation: Calling ExaFMM.
bempp:HOST:TIMING: Finished Operation: Calling ExaFMM.: 0.02627253532409668s
bempp:HOST:TIMING: Start operation: Singular Corrections Evaluator
bempp:HOST:TIMING: Finished Operation: Singular Corrections Evaluator: 0.0643777847290039s
bempp:HOST:TIMING: Finished Operation: Evaluating Fmm.: 0.09260940551757812s
bempp:HOST:TIMING: Start operation: Evaluating Fmm.
bempp:HOST:TIMING: Start operation: Calling ExaFMM.
bempp:HOST:TIMING: Finished Operation: Calling ExaFMM.: 0.0983731746673584s
bempp:HOST:TIMING: Start operation: Singular Corrections Evaluator
bempp:HOST:TIMING: Finished Operation: Singular Corrections Evaluator: 0.06963467597961426s
bempp:HOST:TIMING: Finished Operation: Evaluating Fmm.: 0.17000055313110352s
bempp:HOST:TIMING: Start operation: Evaluating Fmm.
bempp:HOST:TIMING: Start operation: Calling ExaFMM.
bempp:HOST:TIMING: Finished Operation: Calling ExaFMM.: 0.09596753120422363s
bempp:HOST:TIMING: Start operation: Singular Corrections Evaluator
bempp:HOST:TIMING: Finished Operation: Singular Corrections Evaluator: 0.03995966911315918s
bempp:HOST:TIMING: Finished Operation: Evaluating Fmm.: 0.13780879974365234s
bempp:HOST:TIMING: Start operation: Evaluating Fmm.
bempp:HOST:TIMING: Start operation: Calling ExaFMM.
bempp:HOST:TIMING: Finished Operation: Calling ExaFMM.: 0.09955286979675293s
bempp:HOST:TIMING: Start operation: Singular Corrections Evaluator
bempp:HOST:TIMING: Finished Operation: Singular Corrections Evaluator: 0.0685427188873291s
bempp:HOST:TIMING: Finished Operation: Evaluating Fmm.: 0.17023706436157227s
bempp:HOST:TIMING: Start operation: Evaluating Fmm.
bempp:HOST:TIMING: Start operation: Calling ExaFMM.
bempp:HOST:TIMING: Finished Operation: Calling ExaFMM.: 0.15209388732910156s
bempp:HOST:TIMING: Start operation: Singular Corrections Evaluator
bempp:HOST:TIMING: Finished Operation: Singular Corrections Evaluator: 0.049004316329956055s
bempp:HOST:TIMING: Finished Operation: Evaluating Fmm.: 0.2032012939453125s
bempp:HOST:INFO: GMRES Iteration 4 with residual 1154.2000782896223
bempp:HOST:TIMING: Start operation: Evaluating Fmm.
bempp:HOST:TIMING: Start operation: Calling ExaFMM.
bempp:HOST:TIMING: Finished Operation: Calling ExaFMM.: 0.02881789207458496s
bempp:HOST:TIMING: Start operation: Singular Corrections Evaluator
bempp:HOST:TIMING: Finished Operation: Singular Corrections Evaluator: 0.021288394927978516s
bempp:HOST:TIMING: Finished Operation: Evaluating Fmm.: 0.05230140686035156s
bempp:HOST:TIMING: Start operation: Evaluating Fmm.
bempp:HOST:TIMING: Start operation: Calling ExaFMM.
bempp:HOST:TIMING: Finished Operation: Calling ExaFMM.: 0.02627396583557129s
bempp:HOST:TIMING: Start operation: Singular Corrections Evaluator
bempp:HOST:TIMING: Finished Operation: Singular Corrections Evaluator: 0.051262617111206055s
bempp:HOST:TIMING: Finished Operation: Evaluating Fmm.: 0.07938838005065918s
bempp:HOST:TIMING: Start operation: Evaluating Fmm.
bempp:HOST:TIMING: Start operation: Calling ExaFMM.
bempp:HOST:TIMING: Finished Operation: Calling ExaFMM.: 0.026067495346069336s
bempp:HOST:TIMING: Start operation: Singular Corrections Evaluator
bempp:HOST:TIMING: Finished Operation: Singular Corrections Evaluator: 0.028102636337280273s
bempp:HOST:TIMING: Finished Operation: Evaluating Fmm.: 0.055959224700927734s
bempp:HOST:TIMING: Start operation: Evaluating Fmm.
bempp:HOST:TIMING: Start operation: Calling ExaFMM.
bempp:HOST:TIMING: Finished Operation: Calling ExaFMM.: 0.02627396583557129s
bempp:HOST:TIMING: Start operation: Singular Corrections Evaluator
bempp:HOST:TIMING: Finished Operation: Singular Corrections Evaluator: 0.09119391441345215s
bempp:HOST:TIMING: Finished Operation: Evaluating Fmm.: 0.11928558349609375s
bempp:HOST:TIMING: Start operation: Evaluating Fmm.
bempp:HOST:TIMING: Start operation: Calling ExaFMM.
bempp:HOST:TIMING: Finished Operation: Calling ExaFMM.: 0.08994174003601074s
bempp:HOST:TIMING: Start operation: Singular Corrections Evaluator
bempp:HOST:TIMING: Finished Operation: Singular Corrections Evaluator: 0.045623779296875s
bempp:HOST:TIMING: Finished Operation: Evaluating Fmm.: 0.13739919662475586s
bempp:HOST:TIMING: Start operation: Evaluating Fmm.
bempp:HOST:TIMING: Start operation: Calling ExaFMM.
bempp:HOST:TIMING: Finished Operation: Calling ExaFMM.: 0.09021282196044922s
bempp:HOST:TIMING: Start operation: Singular Corrections Evaluator
bempp:HOST:TIMING: Finished Operation: Singular Corrections Evaluator: 0.04311490058898926s
bempp:HOST:TIMING: Finished Operation: Evaluating Fmm.: 0.13520050048828125s
bempp:HOST:TIMING: Start operation: Evaluating Fmm.
bempp:HOST:TIMING: Start operation: Calling ExaFMM.
bempp:HOST:TIMING: Finished Operation: Calling ExaFMM.: 0.0958397388458252s
bempp:HOST:TIMING: Start operation: Singular Corrections Evaluator
bempp:HOST:TIMING: Finished Operation: Singular Corrections Evaluator: 0.039391517639160156s
bempp:HOST:TIMING: Finished Operation: Evaluating Fmm.: 0.13718199729919434s
bempp:HOST:TIMING: Start operation: Evaluating Fmm.
bempp:HOST:TIMING: Start operation: Calling ExaFMM.
bempp:HOST:TIMING: Finished Operation: Calling ExaFMM.: 0.09647035598754883s
bempp:HOST:TIMING: Start operation: Singular Corrections Evaluator
bempp:HOST:TIMING: Finished Operation: Singular Corrections Evaluator: 0.04959249496459961s
bempp:HOST:TIMING: Finished Operation: Evaluating Fmm.: 0.14800572395324707s
bempp:HOST:INFO: GMRES Iteration 5 with residual 465.08552795642527
bempp:HOST:TIMING: Start operation: Evaluating Fmm.
bempp:HOST:TIMING: Start operation: Calling ExaFMM.
bempp:HOST:TIMING: Finished Operation: Calling ExaFMM.: 0.03267073631286621s
bempp:HOST:TIMING: Start operation: Singular Corrections Evaluator
bempp:HOST:TIMING: Finished Operation: Singular Corrections Evaluator: 0.029050111770629883s
bempp:HOST:TIMING: Finished Operation: Evaluating Fmm.: 0.06389617919921875s
bempp:HOST:TIMING: Start operation: Evaluating Fmm.
bempp:HOST:TIMING: Start operation: Calling ExaFMM.
bempp:HOST:TIMING: Finished Operation: Calling ExaFMM.: 0.026303768157958984s
bempp:HOST:TIMING: Start operation: Singular Corrections Evaluator
bempp:HOST:TIMING: Finished Operation: Singular Corrections Evaluator: 0.024697303771972656s
bempp:HOST:TIMING: Finished Operation: Evaluating Fmm.: 0.0528256893157959s
bempp:HOST:TIMING: Start operation: Evaluating Fmm.
bempp:HOST:TIMING: Start operation: Calling ExaFMM.
bempp:HOST:TIMING: Finished Operation: Calling ExaFMM.: 0.026157140731811523s
bempp:HOST:TIMING: Start operation: Singular Corrections Evaluator
bempp:HOST:TIMING: Finished Operation: Singular Corrections Evaluator: 0.019100666046142578s
bempp:HOST:TIMING: Finished Operation: Evaluating Fmm.: 0.04731106758117676s
bempp:HOST:TIMING: Start operation: Evaluating Fmm.
bempp:HOST:TIMING: Start operation: Calling ExaFMM.
bempp:HOST:TIMING: Finished Operation: Calling ExaFMM.: 0.02626800537109375s
bempp:HOST:TIMING: Start operation: Singular Corrections Evaluator
bempp:HOST:TIMING: Finished Operation: Singular Corrections Evaluator: 0.05416250228881836s
bempp:HOST:TIMING: Finished Operation: Evaluating Fmm.: 0.08236980438232422s
bempp:HOST:TIMING: Start operation: Evaluating Fmm.
bempp:HOST:TIMING: Start operation: Calling ExaFMM.
bempp:HOST:TIMING: Finished Operation: Calling ExaFMM.: 0.09751510620117188s
bempp:HOST:TIMING: Start operation: Singular Corrections Evaluator
bempp:HOST:TIMING: Finished Operation: Singular Corrections Evaluator: 0.045702457427978516s
bempp:HOST:TIMING: Finished Operation: Evaluating Fmm.: 0.1451578140258789s
bempp:HOST:TIMING: Start operation: Evaluating Fmm.
bempp:HOST:TIMING: Start operation: Calling ExaFMM.
bempp:HOST:TIMING: Finished Operation: Calling ExaFMM.: 0.09662127494812012s
bempp:HOST:TIMING: Start operation: Singular Corrections Evaluator
bempp:HOST:TIMING: Finished Operation: Singular Corrections Evaluator: 0.02923750877380371s
bempp:HOST:TIMING: Finished Operation: Evaluating Fmm.: 0.1277449131011963s
bempp:HOST:TIMING: Start operation: Evaluating Fmm.
bempp:HOST:TIMING: Start operation: Calling ExaFMM.
bempp:HOST:TIMING: Finished Operation: Calling ExaFMM.: 0.09736776351928711s
bempp:HOST:TIMING: Start operation: Singular Corrections Evaluator
bempp:HOST:TIMING: Finished Operation: Singular Corrections Evaluator: 0.03505110740661621s
bempp:HOST:TIMING: Finished Operation: Evaluating Fmm.: 0.1343364715576172s
bempp:HOST:TIMING: Start operation: Evaluating Fmm.
bempp:HOST:TIMING: Start operation: Calling ExaFMM.
bempp:HOST:TIMING: Finished Operation: Calling ExaFMM.: 0.09658241271972656s
bempp:HOST:TIMING: Start operation: Singular Corrections Evaluator
bempp:HOST:TIMING: Finished Operation: Singular Corrections Evaluator: 0.04327726364135742s
bempp:HOST:TIMING: Finished Operation: Evaluating Fmm.: 0.1417839527130127s
bempp:HOST:INFO: GMRES Iteration 6 with residual 230.8157162674118
bempp:HOST:TIMING: Start operation: Evaluating Fmm.
bempp:HOST:TIMING: Start operation: Calling ExaFMM.
bempp:HOST:TIMING: Finished Operation: Calling ExaFMM.: 0.0306699275970459s
bempp:HOST:TIMING: Start operation: Singular Corrections Evaluator
bempp:HOST:TIMING: Finished Operation: Singular Corrections Evaluator: 0.021202564239501953s
bempp:HOST:TIMING: Finished Operation: Evaluating Fmm.: 0.054169654846191406s
bempp:HOST:TIMING: Start operation: Evaluating Fmm.
bempp:HOST:TIMING: Start operation: Calling ExaFMM.
bempp:HOST:TIMING: Finished Operation: Calling ExaFMM.: 0.026252269744873047s
bempp:HOST:TIMING: Start operation: Singular Corrections Evaluator
bempp:HOST:TIMING: Finished Operation: Singular Corrections Evaluator: 0.03333306312561035s
bempp:HOST:TIMING: Finished Operation: Evaluating Fmm.: 0.06143021583557129s
bempp:HOST:TIMING: Start operation: Evaluating Fmm.
bempp:HOST:TIMING: Start operation: Calling ExaFMM.
bempp:HOST:TIMING: Finished Operation: Calling ExaFMM.: 0.02617669105529785s
bempp:HOST:TIMING: Start operation: Singular Corrections Evaluator
bempp:HOST:TIMING: Finished Operation: Singular Corrections Evaluator: 0.03571510314941406s
bempp:HOST:TIMING: Finished Operation: Evaluating Fmm.: 0.06378793716430664s
bempp:HOST:TIMING: Start operation: Evaluating Fmm.
bempp:HOST:TIMING: Start operation: Calling ExaFMM.
bempp:HOST:TIMING: Finished Operation: Calling ExaFMM.: 0.026282072067260742s
bempp:HOST:TIMING: Start operation: Singular Corrections Evaluator
bempp:HOST:TIMING: Finished Operation: Singular Corrections Evaluator: 0.02787923812866211s
bempp:HOST:TIMING: Finished Operation: Evaluating Fmm.: 0.05603623390197754s
bempp:HOST:TIMING: Start operation: Evaluating Fmm.
bempp:HOST:TIMING: Start operation: Calling ExaFMM.
bempp:HOST:TIMING: Finished Operation: Calling ExaFMM.: 0.09663867950439453s
bempp:HOST:TIMING: Start operation: Singular Corrections Evaluator
bempp:HOST:TIMING: Finished Operation: Singular Corrections Evaluator: 0.05976414680480957s
bempp:HOST:TIMING: Finished Operation: Evaluating Fmm.: 0.15834903717041016s
bempp:HOST:TIMING: Start operation: Evaluating Fmm.
bempp:HOST:TIMING: Start operation: Calling ExaFMM.
bempp:HOST:TIMING: Finished Operation: Calling ExaFMM.: 0.12059378623962402s
bempp:HOST:TIMING: Start operation: Singular Corrections Evaluator
bempp:HOST:TIMING: Finished Operation: Singular Corrections Evaluator: 0.08525943756103516s
bempp:HOST:TIMING: Finished Operation: Evaluating Fmm.: 0.20806646347045898s
bempp:HOST:TIMING: Start operation: Evaluating Fmm.
bempp:HOST:TIMING: Start operation: Calling ExaFMM.
bempp:HOST:TIMING: Finished Operation: Calling ExaFMM.: 0.09577798843383789s
bempp:HOST:TIMING: Start operation: Singular Corrections Evaluator
bempp:HOST:TIMING: Finished Operation: Singular Corrections Evaluator: 0.09046077728271484s
bempp:HOST:TIMING: Finished Operation: Evaluating Fmm.: 0.1881718635559082s
bempp:HOST:TIMING: Start operation: Evaluating Fmm.
bempp:HOST:TIMING: Start operation: Calling ExaFMM.
bempp:HOST:TIMING: Finished Operation: Calling ExaFMM.: 0.09677863121032715s
bempp:HOST:TIMING: Start operation: Singular Corrections Evaluator
bempp:HOST:TIMING: Finished Operation: Singular Corrections Evaluator: 0.0665748119354248s
bempp:HOST:TIMING: Finished Operation: Evaluating Fmm.: 0.1653127670288086s
bempp:HOST:INFO: GMRES Iteration 7 with residual 150.24043599111195
bempp:HOST:TIMING: Start operation: Evaluating Fmm.
bempp:HOST:TIMING: Start operation: Calling ExaFMM.
bempp:HOST:TIMING: Finished Operation: Calling ExaFMM.: 0.026322603225708008s
bempp:HOST:TIMING: Start operation: Singular Corrections Evaluator
bempp:HOST:TIMING: Finished Operation: Singular Corrections Evaluator: 0.016733646392822266s
bempp:HOST:TIMING: Finished Operation: Evaluating Fmm.: 0.045073747634887695s
bempp:HOST:TIMING: Start operation: Evaluating Fmm.
bempp:HOST:TIMING: Start operation: Calling ExaFMM.
bempp:HOST:TIMING: Finished Operation: Calling ExaFMM.: 0.026285409927368164s
bempp:HOST:TIMING: Start operation: Singular Corrections Evaluator
bempp:HOST:TIMING: Finished Operation: Singular Corrections Evaluator: 0.023389816284179688s
bempp:HOST:TIMING: Finished Operation: Evaluating Fmm.: 0.05156207084655762s
bempp:HOST:TIMING: Start operation: Evaluating Fmm.
bempp:HOST:TIMING: Start operation: Calling ExaFMM.
bempp:HOST:TIMING: Finished Operation: Calling ExaFMM.: 0.04230642318725586s
bempp:HOST:TIMING: Start operation: Singular Corrections Evaluator
bempp:HOST:TIMING: Finished Operation: Singular Corrections Evaluator: 0.03811454772949219s
bempp:HOST:TIMING: Finished Operation: Evaluating Fmm.: 0.08263301849365234s
bempp:HOST:TIMING: Start operation: Evaluating Fmm.
bempp:HOST:TIMING: Start operation: Calling ExaFMM.
bempp:HOST:TIMING: Finished Operation: Calling ExaFMM.: 0.04509472846984863s
bempp:HOST:TIMING: Start operation: Singular Corrections Evaluator
bempp:HOST:TIMING: Finished Operation: Singular Corrections Evaluator: 0.052097320556640625s
bempp:HOST:TIMING: Finished Operation: Evaluating Fmm.: 0.09941267967224121s
bempp:HOST:TIMING: Start operation: Evaluating Fmm.
bempp:HOST:TIMING: Start operation: Calling ExaFMM.
bempp:HOST:TIMING: Finished Operation: Calling ExaFMM.: 0.09375691413879395s
bempp:HOST:TIMING: Start operation: Singular Corrections Evaluator
bempp:HOST:TIMING: Finished Operation: Singular Corrections Evaluator: 0.061891794204711914s
bempp:HOST:TIMING: Finished Operation: Evaluating Fmm.: 0.15750455856323242s
bempp:HOST:TIMING: Start operation: Evaluating Fmm.
bempp:HOST:TIMING: Start operation: Calling ExaFMM.
bempp:HOST:TIMING: Finished Operation: Calling ExaFMM.: 0.0899190902709961s
bempp:HOST:TIMING: Start operation: Singular Corrections Evaluator
bempp:HOST:TIMING: Finished Operation: Singular Corrections Evaluator: 0.09279513359069824s
bempp:HOST:TIMING: Finished Operation: Evaluating Fmm.: 0.18456363677978516s
bempp:HOST:TIMING: Start operation: Evaluating Fmm.
bempp:HOST:TIMING: Start operation: Calling ExaFMM.
bempp:HOST:TIMING: Finished Operation: Calling ExaFMM.: 0.09420561790466309s
bempp:HOST:TIMING: Start operation: Singular Corrections Evaluator
bempp:HOST:TIMING: Finished Operation: Singular Corrections Evaluator: 0.026227474212646484s
bempp:HOST:TIMING: Finished Operation: Evaluating Fmm.: 0.12237668037414551s
bempp:HOST:TIMING: Start operation: Evaluating Fmm.
bempp:HOST:TIMING: Start operation: Calling ExaFMM.
bempp:HOST:TIMING: Finished Operation: Calling ExaFMM.: 0.09258413314819336s
bempp:HOST:TIMING: Start operation: Singular Corrections Evaluator
bempp:HOST:TIMING: Finished Operation: Singular Corrections Evaluator: 0.038338422775268555s
bempp:HOST:TIMING: Finished Operation: Evaluating Fmm.: 0.13306045532226562s
bempp:HOST:INFO: GMRES Iteration 8 with residual 115.3060891009152
bempp:HOST:TIMING: Start operation: Evaluating Fmm.
bempp:HOST:TIMING: Start operation: Calling ExaFMM.
bempp:HOST:TIMING: Finished Operation: Calling ExaFMM.: 0.026282787322998047s
bempp:HOST:TIMING: Start operation: Singular Corrections Evaluator
bempp:HOST:TIMING: Finished Operation: Singular Corrections Evaluator: 0.02741718292236328s
bempp:HOST:TIMING: Finished Operation: Evaluating Fmm.: 0.05562615394592285s
bempp:HOST:TIMING: Start operation: Evaluating Fmm.
bempp:HOST:TIMING: Start operation: Calling ExaFMM.
bempp:HOST:TIMING: Finished Operation: Calling ExaFMM.: 0.039859771728515625s
bempp:HOST:TIMING: Start operation: Singular Corrections Evaluator
bempp:HOST:TIMING: Finished Operation: Singular Corrections Evaluator: 0.03339123725891113s
bempp:HOST:TIMING: Finished Operation: Evaluating Fmm.: 0.0753781795501709s
bempp:HOST:TIMING: Start operation: Evaluating Fmm.
bempp:HOST:TIMING: Start operation: Calling ExaFMM.
bempp:HOST:TIMING: Finished Operation: Calling ExaFMM.: 0.026105403900146484s
bempp:HOST:TIMING: Start operation: Singular Corrections Evaluator
bempp:HOST:TIMING: Finished Operation: Singular Corrections Evaluator: 0.02583146095275879s
bempp:HOST:TIMING: Finished Operation: Evaluating Fmm.: 0.053693294525146484s
bempp:HOST:TIMING: Start operation: Evaluating Fmm.
bempp:HOST:TIMING: Start operation: Calling ExaFMM.
bempp:HOST:TIMING: Finished Operation: Calling ExaFMM.: 0.026294946670532227s
bempp:HOST:TIMING: Start operation: Singular Corrections Evaluator
bempp:HOST:TIMING: Finished Operation: Singular Corrections Evaluator: 0.04745841026306152s
bempp:HOST:TIMING: Finished Operation: Evaluating Fmm.: 0.07556271553039551s
bempp:HOST:TIMING: Start operation: Evaluating Fmm.
bempp:HOST:TIMING: Start operation: Calling ExaFMM.
bempp:HOST:TIMING: Finished Operation: Calling ExaFMM.: 0.08992624282836914s
bempp:HOST:TIMING: Start operation: Singular Corrections Evaluator
bempp:HOST:TIMING: Finished Operation: Singular Corrections Evaluator: 0.10872483253479004s
bempp:HOST:TIMING: Finished Operation: Evaluating Fmm.: 0.20054244995117188s
bempp:HOST:TIMING: Start operation: Evaluating Fmm.
bempp:HOST:TIMING: Start operation: Calling ExaFMM.
bempp:HOST:TIMING: Finished Operation: Calling ExaFMM.: 0.09002399444580078s
bempp:HOST:TIMING: Start operation: Singular Corrections Evaluator
bempp:HOST:TIMING: Finished Operation: Singular Corrections Evaluator: 0.10311365127563477s
bempp:HOST:TIMING: Finished Operation: Evaluating Fmm.: 0.1950206756591797s
bempp:HOST:TIMING: Start operation: Evaluating Fmm.
bempp:HOST:TIMING: Start operation: Calling ExaFMM.
bempp:HOST:TIMING: Finished Operation: Calling ExaFMM.: 0.0894460678100586s
bempp:HOST:TIMING: Start operation: Singular Corrections Evaluator
bempp:HOST:TIMING: Finished Operation: Singular Corrections Evaluator: 0.03607511520385742s
bempp:HOST:TIMING: Finished Operation: Evaluating Fmm.: 0.12731170654296875s
bempp:HOST:TIMING: Start operation: Evaluating Fmm.
bempp:HOST:TIMING: Start operation: Calling ExaFMM.
bempp:HOST:TIMING: Finished Operation: Calling ExaFMM.: 0.08937931060791016s
bempp:HOST:TIMING: Start operation: Singular Corrections Evaluator
bempp:HOST:TIMING: Finished Operation: Singular Corrections Evaluator: 0.03362131118774414s
bempp:HOST:TIMING: Finished Operation: Evaluating Fmm.: 0.12482237815856934s
bempp:HOST:INFO: GMRES Iteration 9 with residual 85.96486306041184
bempp:HOST:TIMING: Start operation: Evaluating Fmm.
bempp:HOST:TIMING: Start operation: Calling ExaFMM.
bempp:HOST:TIMING: Finished Operation: Calling ExaFMM.: 0.026280641555786133s
bempp:HOST:TIMING: Start operation: Singular Corrections Evaluator
bempp:HOST:TIMING: Finished Operation: Singular Corrections Evaluator: 0.02570366859436035s
bempp:HOST:TIMING: Finished Operation: Evaluating Fmm.: 0.05388665199279785s
bempp:HOST:TIMING: Start operation: Evaluating Fmm.
bempp:HOST:TIMING: Start operation: Calling ExaFMM.
bempp:HOST:TIMING: Finished Operation: Calling ExaFMM.: 0.026248455047607422s
bempp:HOST:TIMING: Start operation: Singular Corrections Evaluator
bempp:HOST:TIMING: Finished Operation: Singular Corrections Evaluator: 0.03339076042175293s
bempp:HOST:TIMING: Finished Operation: Evaluating Fmm.: 0.0614466667175293s
bempp:HOST:TIMING: Start operation: Evaluating Fmm.
bempp:HOST:TIMING: Start operation: Calling ExaFMM.
bempp:HOST:TIMING: Finished Operation: Calling ExaFMM.: 0.02616596221923828s
bempp:HOST:TIMING: Start operation: Singular Corrections Evaluator
bempp:HOST:TIMING: Finished Operation: Singular Corrections Evaluator: 0.021407604217529297s
bempp:HOST:TIMING: Finished Operation: Evaluating Fmm.: 0.04949498176574707s
bempp:HOST:TIMING: Start operation: Evaluating Fmm.
bempp:HOST:TIMING: Start operation: Calling ExaFMM.
bempp:HOST:TIMING: Finished Operation: Calling ExaFMM.: 0.026259422302246094s
bempp:HOST:TIMING: Start operation: Singular Corrections Evaluator
bempp:HOST:TIMING: Finished Operation: Singular Corrections Evaluator: 0.02950119972229004s
bempp:HOST:TIMING: Finished Operation: Evaluating Fmm.: 0.05752706527709961s
bempp:HOST:TIMING: Start operation: Evaluating Fmm.
bempp:HOST:TIMING: Start operation: Calling ExaFMM.
bempp:HOST:TIMING: Finished Operation: Calling ExaFMM.: 0.08953070640563965s
bempp:HOST:TIMING: Start operation: Singular Corrections Evaluator
bempp:HOST:TIMING: Finished Operation: Singular Corrections Evaluator: 0.07358217239379883s
bempp:HOST:TIMING: Finished Operation: Evaluating Fmm.: 0.1649494171142578s
bempp:HOST:TIMING: Start operation: Evaluating Fmm.
bempp:HOST:TIMING: Start operation: Calling ExaFMM.
bempp:HOST:TIMING: Finished Operation: Calling ExaFMM.: 0.09057950973510742s
bempp:HOST:TIMING: Start operation: Singular Corrections Evaluator
bempp:HOST:TIMING: Finished Operation: Singular Corrections Evaluator: 0.05674099922180176s
bempp:HOST:TIMING: Finished Operation: Evaluating Fmm.: 0.1491694450378418s
bempp:HOST:TIMING: Start operation: Evaluating Fmm.
bempp:HOST:TIMING: Start operation: Calling ExaFMM.
bempp:HOST:TIMING: Finished Operation: Calling ExaFMM.: 0.12432336807250977s
bempp:HOST:TIMING: Start operation: Singular Corrections Evaluator
bempp:HOST:TIMING: Finished Operation: Singular Corrections Evaluator: 0.05208587646484375s
bempp:HOST:TIMING: Finished Operation: Evaluating Fmm.: 0.1783127784729004s
bempp:HOST:TIMING: Start operation: Evaluating Fmm.
bempp:HOST:TIMING: Start operation: Calling ExaFMM.
bempp:HOST:TIMING: Finished Operation: Calling ExaFMM.: 0.13640999794006348s
bempp:HOST:TIMING: Start operation: Singular Corrections Evaluator
bempp:HOST:TIMING: Finished Operation: Singular Corrections Evaluator: 0.05214977264404297s
bempp:HOST:TIMING: Finished Operation: Evaluating Fmm.: 0.19045782089233398s
bempp:HOST:TIMING: Start operation: Evaluating Fmm.
bempp:HOST:TIMING: Start operation: Calling ExaFMM.
bempp:HOST:TIMING: Finished Operation: Calling ExaFMM.: 0.04733395576477051s
bempp:HOST:TIMING: Start operation: Singular Corrections Evaluator
bempp:HOST:TIMING: Finished Operation: Singular Corrections Evaluator: 0.03604435920715332s
bempp:HOST:TIMING: Finished Operation: Evaluating Fmm.: 0.08559751510620117s
bempp:HOST:TIMING: Start operation: Evaluating Fmm.
bempp:HOST:TIMING: Start operation: Calling ExaFMM.
bempp:HOST:TIMING: Finished Operation: Calling ExaFMM.: 0.04686784744262695s
bempp:HOST:TIMING: Start operation: Singular Corrections Evaluator
bempp:HOST:TIMING: Finished Operation: Singular Corrections Evaluator: 0.04859805107116699s
bempp:HOST:TIMING: Finished Operation: Evaluating Fmm.: 0.09755301475524902s
bempp:HOST:TIMING: Start operation: Evaluating Fmm.
bempp:HOST:TIMING: Start operation: Calling ExaFMM.
bempp:HOST:TIMING: Finished Operation: Calling ExaFMM.: 0.026220083236694336s
bempp:HOST:TIMING: Start operation: Singular Corrections Evaluator
bempp:HOST:TIMING: Finished Operation: Singular Corrections Evaluator: 0.03322315216064453s
bempp:HOST:TIMING: Finished Operation: Evaluating Fmm.: 0.06123924255371094s
bempp:HOST:TIMING: Start operation: Evaluating Fmm.
bempp:HOST:TIMING: Start operation: Calling ExaFMM.
bempp:HOST:TIMING: Finished Operation: Calling ExaFMM.: 0.033316850662231445s
bempp:HOST:TIMING: Start operation: Singular Corrections Evaluator
bempp:HOST:TIMING: Finished Operation: Singular Corrections Evaluator: 0.025650978088378906s
bempp:HOST:TIMING: Finished Operation: Evaluating Fmm.: 0.061083316802978516s
bempp:HOST:TIMING: Start operation: Evaluating Fmm.
bempp:HOST:TIMING: Start operation: Calling ExaFMM.
bempp:HOST:TIMING: Finished Operation: Calling ExaFMM.: 0.10065674781799316s
bempp:HOST:TIMING: Start operation: Singular Corrections Evaluator
bempp:HOST:TIMING: Finished Operation: Singular Corrections Evaluator: 0.03856921195983887s
bempp:HOST:TIMING: Finished Operation: Evaluating Fmm.: 0.14150428771972656s
bempp:HOST:TIMING: Start operation: Evaluating Fmm.
bempp:HOST:TIMING: Start operation: Calling ExaFMM.
bempp:HOST:TIMING: Finished Operation: Calling ExaFMM.: 0.10305476188659668s
bempp:HOST:TIMING: Start operation: Singular Corrections Evaluator
bempp:HOST:TIMING: Finished Operation: Singular Corrections Evaluator: 0.032460689544677734s
bempp:HOST:TIMING: Finished Operation: Evaluating Fmm.: 0.13747143745422363s
bempp:HOST:TIMING: Start operation: Evaluating Fmm.
bempp:HOST:TIMING: Start operation: Calling ExaFMM.
bempp:HOST:TIMING: Finished Operation: Calling ExaFMM.: 0.1043851375579834s
bempp:HOST:TIMING: Start operation: Singular Corrections Evaluator
bempp:HOST:TIMING: Finished Operation: Singular Corrections Evaluator: 0.04650163650512695s
bempp:HOST:TIMING: Finished Operation: Evaluating Fmm.: 0.15305447578430176s
bempp:HOST:TIMING: Start operation: Evaluating Fmm.
bempp:HOST:TIMING: Start operation: Calling ExaFMM.
bempp:HOST:TIMING: Finished Operation: Calling ExaFMM.: 0.0967569351196289s
bempp:HOST:TIMING: Start operation: Singular Corrections Evaluator
bempp:HOST:TIMING: Finished Operation: Singular Corrections Evaluator: 0.0476226806640625s
bempp:HOST:TIMING: Finished Operation: Evaluating Fmm.: 0.1462571620941162s
bempp:HOST:INFO: GMRES Iteration 10 with residual 47.26192190977487
bempp:HOST:TIMING: Start operation: Evaluating Fmm.
bempp:HOST:TIMING: Start operation: Calling ExaFMM.
bempp:HOST:TIMING: Finished Operation: Calling ExaFMM.: 0.026347875595092773s
bempp:HOST:TIMING: Start operation: Singular Corrections Evaluator
bempp:HOST:TIMING: Finished Operation: Singular Corrections Evaluator: 0.02891230583190918s
bempp:HOST:TIMING: Finished Operation: Evaluating Fmm.: 0.05722641944885254s
bempp:HOST:TIMING: Start operation: Evaluating Fmm.
bempp:HOST:TIMING: Start operation: Calling ExaFMM.
bempp:HOST:TIMING: Finished Operation: Calling ExaFMM.: 0.026327848434448242s
bempp:HOST:TIMING: Start operation: Singular Corrections Evaluator
bempp:HOST:TIMING: Finished Operation: Singular Corrections Evaluator: 0.027945756912231445s
bempp:HOST:TIMING: Finished Operation: Evaluating Fmm.: 0.056040287017822266s
bempp:HOST:TIMING: Start operation: Evaluating Fmm.
bempp:HOST:TIMING: Start operation: Calling ExaFMM.
bempp:HOST:TIMING: Finished Operation: Calling ExaFMM.: 0.02634453773498535s
bempp:HOST:TIMING: Start operation: Singular Corrections Evaluator
bempp:HOST:TIMING: Finished Operation: Singular Corrections Evaluator: 0.030884265899658203s
bempp:HOST:TIMING: Finished Operation: Evaluating Fmm.: 0.05909228324890137s
bempp:HOST:TIMING: Start operation: Evaluating Fmm.
bempp:HOST:TIMING: Start operation: Calling ExaFMM.
bempp:HOST:TIMING: Finished Operation: Calling ExaFMM.: 0.02654552459716797s
bempp:HOST:TIMING: Start operation: Singular Corrections Evaluator
bempp:HOST:TIMING: Finished Operation: Singular Corrections Evaluator: 0.026796579360961914s
bempp:HOST:TIMING: Finished Operation: Evaluating Fmm.: 0.05522894859313965s
bempp:HOST:TIMING: Start operation: Evaluating Fmm.
bempp:HOST:TIMING: Start operation: Calling ExaFMM.
bempp:HOST:TIMING: Finished Operation: Calling ExaFMM.: 0.09579801559448242s
bempp:HOST:TIMING: Start operation: Singular Corrections Evaluator
bempp:HOST:TIMING: Finished Operation: Singular Corrections Evaluator: 0.04099774360656738s
bempp:HOST:TIMING: Finished Operation: Evaluating Fmm.: 0.13871169090270996s
bempp:HOST:TIMING: Start operation: Evaluating Fmm.
bempp:HOST:TIMING: Start operation: Calling ExaFMM.
bempp:HOST:TIMING: Finished Operation: Calling ExaFMM.: 0.09611916542053223s
bempp:HOST:TIMING: Start operation: Singular Corrections Evaluator
bempp:HOST:TIMING: Finished Operation: Singular Corrections Evaluator: 0.047833919525146484s
bempp:HOST:TIMING: Finished Operation: Evaluating Fmm.: 0.1457979679107666s
bempp:HOST:TIMING: Start operation: Evaluating Fmm.
bempp:HOST:TIMING: Start operation: Calling ExaFMM.
bempp:HOST:TIMING: Finished Operation: Calling ExaFMM.: 0.09582376480102539s
bempp:HOST:TIMING: Start operation: Singular Corrections Evaluator
bempp:HOST:TIMING: Finished Operation: Singular Corrections Evaluator: 0.031203269958496094s
bempp:HOST:TIMING: Finished Operation: Evaluating Fmm.: 0.12890911102294922s
bempp:HOST:TIMING: Start operation: Evaluating Fmm.
bempp:HOST:TIMING: Start operation: Calling ExaFMM.
bempp:HOST:TIMING: Finished Operation: Calling ExaFMM.: 0.09575724601745605s
bempp:HOST:TIMING: Start operation: Singular Corrections Evaluator
bempp:HOST:TIMING: Finished Operation: Singular Corrections Evaluator: 0.03131413459777832s
bempp:HOST:TIMING: Finished Operation: Evaluating Fmm.: 0.12892794609069824s
bempp:HOST:INFO: GMRES Iteration 11 with residual 47.138108128503724
bempp:HOST:TIMING: Start operation: Evaluating Fmm.
bempp:HOST:TIMING: Start operation: Calling ExaFMM.
bempp:HOST:TIMING: Finished Operation: Calling ExaFMM.: 0.026290416717529297s
bempp:HOST:TIMING: Start operation: Singular Corrections Evaluator
bempp:HOST:TIMING: Finished Operation: Singular Corrections Evaluator: 0.0304715633392334s
bempp:HOST:TIMING: Finished Operation: Evaluating Fmm.: 0.05872750282287598s
bempp:HOST:TIMING: Start operation: Evaluating Fmm.
bempp:HOST:TIMING: Start operation: Calling ExaFMM.
bempp:HOST:TIMING: Finished Operation: Calling ExaFMM.: 0.02626776695251465s
bempp:HOST:TIMING: Start operation: Singular Corrections Evaluator
bempp:HOST:TIMING: Finished Operation: Singular Corrections Evaluator: 0.02875065803527832s
bempp:HOST:TIMING: Finished Operation: Evaluating Fmm.: 0.05681204795837402s
bempp:HOST:TIMING: Start operation: Evaluating Fmm.
bempp:HOST:TIMING: Start operation: Calling ExaFMM.
bempp:HOST:TIMING: Finished Operation: Calling ExaFMM.: 0.036054134368896484s
bempp:HOST:TIMING: Start operation: Singular Corrections Evaluator
bempp:HOST:TIMING: Finished Operation: Singular Corrections Evaluator: 0.029460906982421875s
bempp:HOST:TIMING: Finished Operation: Evaluating Fmm.: 0.06751608848571777s
bempp:HOST:TIMING: Start operation: Evaluating Fmm.
bempp:HOST:TIMING: Start operation: Calling ExaFMM.
bempp:HOST:TIMING: Finished Operation: Calling ExaFMM.: 0.02631354331970215s
bempp:HOST:TIMING: Start operation: Singular Corrections Evaluator
bempp:HOST:TIMING: Finished Operation: Singular Corrections Evaluator: 0.01717972755432129s
bempp:HOST:TIMING: Finished Operation: Evaluating Fmm.: 0.04536581039428711s
bempp:HOST:TIMING: Start operation: Evaluating Fmm.
bempp:HOST:TIMING: Start operation: Calling ExaFMM.
bempp:HOST:TIMING: Finished Operation: Calling ExaFMM.: 0.09759187698364258s
bempp:HOST:TIMING: Start operation: Singular Corrections Evaluator
bempp:HOST:TIMING: Finished Operation: Singular Corrections Evaluator: 0.02736067771911621s
bempp:HOST:TIMING: Finished Operation: Evaluating Fmm.: 0.12685322761535645s
bempp:HOST:TIMING: Start operation: Evaluating Fmm.
bempp:HOST:TIMING: Start operation: Calling ExaFMM.
bempp:HOST:TIMING: Finished Operation: Calling ExaFMM.: 0.09620380401611328s
bempp:HOST:TIMING: Start operation: Singular Corrections Evaluator
bempp:HOST:TIMING: Finished Operation: Singular Corrections Evaluator: 0.03274822235107422s
bempp:HOST:TIMING: Finished Operation: Evaluating Fmm.: 0.13077521324157715s
bempp:HOST:TIMING: Start operation: Evaluating Fmm.
bempp:HOST:TIMING: Start operation: Calling ExaFMM.
bempp:HOST:TIMING: Finished Operation: Calling ExaFMM.: 0.0965566635131836s
bempp:HOST:TIMING: Start operation: Singular Corrections Evaluator
bempp:HOST:TIMING: Finished Operation: Singular Corrections Evaluator: 0.06721615791320801s
bempp:HOST:TIMING: Finished Operation: Evaluating Fmm.: 0.16568422317504883s
bempp:HOST:TIMING: Start operation: Evaluating Fmm.
bempp:HOST:TIMING: Start operation: Calling ExaFMM.
bempp:HOST:TIMING: Finished Operation: Calling ExaFMM.: 0.09545445442199707s
bempp:HOST:TIMING: Start operation: Singular Corrections Evaluator
bempp:HOST:TIMING: Finished Operation: Singular Corrections Evaluator: 0.04420971870422363s
bempp:HOST:TIMING: Finished Operation: Evaluating Fmm.: 0.14153814315795898s
bempp:HOST:INFO: GMRES Iteration 12 with residual 34.41875982628419
bempp:HOST:TIMING: Start operation: Evaluating Fmm.
bempp:HOST:TIMING: Start operation: Calling ExaFMM.
bempp:HOST:TIMING: Finished Operation: Calling ExaFMM.: 0.026333093643188477s
bempp:HOST:TIMING: Start operation: Singular Corrections Evaluator
bempp:HOST:TIMING: Finished Operation: Singular Corrections Evaluator: 0.02510666847229004s
bempp:HOST:TIMING: Finished Operation: Evaluating Fmm.: 0.053479909896850586s
bempp:HOST:TIMING: Start operation: Evaluating Fmm.
bempp:HOST:TIMING: Start operation: Calling ExaFMM.
bempp:HOST:TIMING: Finished Operation: Calling ExaFMM.: 0.026237010955810547s
bempp:HOST:TIMING: Start operation: Singular Corrections Evaluator
bempp:HOST:TIMING: Finished Operation: Singular Corrections Evaluator: 0.019097566604614258s
bempp:HOST:TIMING: Finished Operation: Evaluating Fmm.: 0.047130584716796875s
bempp:HOST:TIMING: Start operation: Evaluating Fmm.
bempp:HOST:TIMING: Start operation: Calling ExaFMM.
bempp:HOST:TIMING: Finished Operation: Calling ExaFMM.: 0.026215076446533203s
bempp:HOST:TIMING: Start operation: Singular Corrections Evaluator
bempp:HOST:TIMING: Finished Operation: Singular Corrections Evaluator: 0.019278764724731445s
bempp:HOST:TIMING: Finished Operation: Evaluating Fmm.: 0.047333717346191406s
bempp:HOST:TIMING: Start operation: Evaluating Fmm.
bempp:HOST:TIMING: Start operation: Calling ExaFMM.
bempp:HOST:TIMING: Finished Operation: Calling ExaFMM.: 0.026259183883666992s
bempp:HOST:TIMING: Start operation: Singular Corrections Evaluator
bempp:HOST:TIMING: Finished Operation: Singular Corrections Evaluator: 0.09163427352905273s
bempp:HOST:TIMING: Finished Operation: Evaluating Fmm.: 0.11977624893188477s
bempp:HOST:TIMING: Start operation: Evaluating Fmm.
bempp:HOST:TIMING: Start operation: Calling ExaFMM.
bempp:HOST:TIMING: Finished Operation: Calling ExaFMM.: 0.09757781028747559s
bempp:HOST:TIMING: Start operation: Singular Corrections Evaluator
bempp:HOST:TIMING: Finished Operation: Singular Corrections Evaluator: 0.024187088012695312s
bempp:HOST:TIMING: Finished Operation: Evaluating Fmm.: 0.1236729621887207s
bempp:HOST:TIMING: Start operation: Evaluating Fmm.
bempp:HOST:TIMING: Start operation: Calling ExaFMM.
bempp:HOST:TIMING: Finished Operation: Calling ExaFMM.: 0.09741067886352539s
bempp:HOST:TIMING: Start operation: Singular Corrections Evaluator
bempp:HOST:TIMING: Finished Operation: Singular Corrections Evaluator: 0.0624995231628418s
bempp:HOST:TIMING: Finished Operation: Evaluating Fmm.: 0.16173291206359863s
bempp:HOST:TIMING: Start operation: Evaluating Fmm.
bempp:HOST:TIMING: Start operation: Calling ExaFMM.
bempp:HOST:TIMING: Finished Operation: Calling ExaFMM.: 0.09596586227416992s
bempp:HOST:TIMING: Start operation: Singular Corrections Evaluator
bempp:HOST:TIMING: Finished Operation: Singular Corrections Evaluator: 0.06508994102478027s
bempp:HOST:TIMING: Finished Operation: Evaluating Fmm.: 0.16293048858642578s
bempp:HOST:TIMING: Start operation: Evaluating Fmm.
bempp:HOST:TIMING: Start operation: Calling ExaFMM.
bempp:HOST:TIMING: Finished Operation: Calling ExaFMM.: 0.09552502632141113s
bempp:HOST:TIMING: Start operation: Singular Corrections Evaluator
bempp:HOST:TIMING: Finished Operation: Singular Corrections Evaluator: 0.030703067779541016s
bempp:HOST:TIMING: Finished Operation: Evaluating Fmm.: 0.12812280654907227s
bempp:HOST:INFO: GMRES Iteration 13 with residual 27.52042048487547
bempp:HOST:TIMING: Start operation: Evaluating Fmm.
bempp:HOST:TIMING: Start operation: Calling ExaFMM.
bempp:HOST:TIMING: Finished Operation: Calling ExaFMM.: 0.02634263038635254s
bempp:HOST:TIMING: Start operation: Singular Corrections Evaluator
bempp:HOST:TIMING: Finished Operation: Singular Corrections Evaluator: 0.022983074188232422s
bempp:HOST:TIMING: Finished Operation: Evaluating Fmm.: 0.05129122734069824s
bempp:HOST:TIMING: Start operation: Evaluating Fmm.
bempp:HOST:TIMING: Start operation: Calling ExaFMM.
bempp:HOST:TIMING: Finished Operation: Calling ExaFMM.: 0.02626180648803711s
bempp:HOST:TIMING: Start operation: Singular Corrections Evaluator
bempp:HOST:TIMING: Finished Operation: Singular Corrections Evaluator: 0.0246734619140625s
bempp:HOST:TIMING: Finished Operation: Evaluating Fmm.: 0.05273175239562988s
bempp:HOST:TIMING: Start operation: Evaluating Fmm.
bempp:HOST:TIMING: Start operation: Calling ExaFMM.
bempp:HOST:TIMING: Finished Operation: Calling ExaFMM.: 0.026169776916503906s
bempp:HOST:TIMING: Start operation: Singular Corrections Evaluator
bempp:HOST:TIMING: Finished Operation: Singular Corrections Evaluator: 0.018294811248779297s
bempp:HOST:TIMING: Finished Operation: Evaluating Fmm.: 0.04630422592163086s
bempp:HOST:TIMING: Start operation: Evaluating Fmm.
bempp:HOST:TIMING: Start operation: Calling ExaFMM.
bempp:HOST:TIMING: Finished Operation: Calling ExaFMM.: 0.0263059139251709s
bempp:HOST:TIMING: Start operation: Singular Corrections Evaluator
bempp:HOST:TIMING: Finished Operation: Singular Corrections Evaluator: 0.014314651489257812s
bempp:HOST:TIMING: Finished Operation: Evaluating Fmm.: 0.04245495796203613s
bempp:HOST:TIMING: Start operation: Evaluating Fmm.
bempp:HOST:TIMING: Start operation: Calling ExaFMM.
bempp:HOST:TIMING: Finished Operation: Calling ExaFMM.: 0.09589743614196777s
bempp:HOST:TIMING: Start operation: Singular Corrections Evaluator
bempp:HOST:TIMING: Finished Operation: Singular Corrections Evaluator: 0.025141477584838867s
bempp:HOST:TIMING: Finished Operation: Evaluating Fmm.: 0.12295174598693848s
bempp:HOST:TIMING: Start operation: Evaluating Fmm.
bempp:HOST:TIMING: Start operation: Calling ExaFMM.
bempp:HOST:TIMING: Finished Operation: Calling ExaFMM.: 0.09699654579162598s
bempp:HOST:TIMING: Start operation: Singular Corrections Evaluator
bempp:HOST:TIMING: Finished Operation: Singular Corrections Evaluator: 0.04312324523925781s
bempp:HOST:TIMING: Finished Operation: Evaluating Fmm.: 0.14192509651184082s
bempp:HOST:TIMING: Start operation: Evaluating Fmm.
bempp:HOST:TIMING: Start operation: Calling ExaFMM.
bempp:HOST:TIMING: Finished Operation: Calling ExaFMM.: 0.09440207481384277s
bempp:HOST:TIMING: Start operation: Singular Corrections Evaluator
bempp:HOST:TIMING: Finished Operation: Singular Corrections Evaluator: 0.03185892105102539s
bempp:HOST:TIMING: Finished Operation: Evaluating Fmm.: 0.12836551666259766s
bempp:HOST:TIMING: Start operation: Evaluating Fmm.
bempp:HOST:TIMING: Start operation: Calling ExaFMM.
bempp:HOST:TIMING: Finished Operation: Calling ExaFMM.: 0.0894012451171875s
bempp:HOST:TIMING: Start operation: Singular Corrections Evaluator
bempp:HOST:TIMING: Finished Operation: Singular Corrections Evaluator: 0.08914637565612793s
bempp:HOST:TIMING: Finished Operation: Evaluating Fmm.: 0.18039393424987793s
bempp:HOST:INFO: GMRES Iteration 14 with residual 20.020651018442088
bempp:HOST:TIMING: Start operation: Evaluating Fmm.
bempp:HOST:TIMING: Start operation: Calling ExaFMM.
bempp:HOST:TIMING: Finished Operation: Calling ExaFMM.: 0.0262451171875s
bempp:HOST:TIMING: Start operation: Singular Corrections Evaluator
bempp:HOST:TIMING: Finished Operation: Singular Corrections Evaluator: 0.0764317512512207s
bempp:HOST:TIMING: Finished Operation: Evaluating Fmm.: 0.10459470748901367s
bempp:HOST:TIMING: Start operation: Evaluating Fmm.
bempp:HOST:TIMING: Start operation: Calling ExaFMM.
bempp:HOST:TIMING: Finished Operation: Calling ExaFMM.: 0.02625131607055664s
bempp:HOST:TIMING: Start operation: Singular Corrections Evaluator
bempp:HOST:TIMING: Finished Operation: Singular Corrections Evaluator: 0.020981788635253906s
bempp:HOST:TIMING: Finished Operation: Evaluating Fmm.: 0.04902791976928711s
bempp:HOST:TIMING: Start operation: Evaluating Fmm.
bempp:HOST:TIMING: Start operation: Calling ExaFMM.
bempp:HOST:TIMING: Finished Operation: Calling ExaFMM.: 0.02615666389465332s
bempp:HOST:TIMING: Start operation: Singular Corrections Evaluator
bempp:HOST:TIMING: Finished Operation: Singular Corrections Evaluator: 0.06018710136413574s
bempp:HOST:TIMING: Finished Operation: Evaluating Fmm.: 0.08810949325561523s
bempp:HOST:TIMING: Start operation: Evaluating Fmm.
bempp:HOST:TIMING: Start operation: Calling ExaFMM.
bempp:HOST:TIMING: Finished Operation: Calling ExaFMM.: 0.026324033737182617s
bempp:HOST:TIMING: Start operation: Singular Corrections Evaluator
bempp:HOST:TIMING: Finished Operation: Singular Corrections Evaluator: 0.02082514762878418s
bempp:HOST:TIMING: Finished Operation: Evaluating Fmm.: 0.04891490936279297s
bempp:HOST:TIMING: Start operation: Evaluating Fmm.
bempp:HOST:TIMING: Start operation: Calling ExaFMM.
bempp:HOST:TIMING: Finished Operation: Calling ExaFMM.: 0.09009599685668945s
bempp:HOST:TIMING: Start operation: Singular Corrections Evaluator
bempp:HOST:TIMING: Finished Operation: Singular Corrections Evaluator: 0.05480837821960449s
bempp:HOST:TIMING: Finished Operation: Evaluating Fmm.: 0.1467728614807129s
bempp:HOST:TIMING: Start operation: Evaluating Fmm.
bempp:HOST:TIMING: Start operation: Calling ExaFMM.
bempp:HOST:TIMING: Finished Operation: Calling ExaFMM.: 0.089874267578125s
bempp:HOST:TIMING: Start operation: Singular Corrections Evaluator
bempp:HOST:TIMING: Finished Operation: Singular Corrections Evaluator: 0.03985452651977539s
bempp:HOST:TIMING: Finished Operation: Evaluating Fmm.: 0.13157129287719727s
bempp:HOST:TIMING: Start operation: Evaluating Fmm.
bempp:HOST:TIMING: Start operation: Calling ExaFMM.
bempp:HOST:TIMING: Finished Operation: Calling ExaFMM.: 0.08989667892456055s
bempp:HOST:TIMING: Start operation: Singular Corrections Evaluator
bempp:HOST:TIMING: Finished Operation: Singular Corrections Evaluator: 0.04453587532043457s
bempp:HOST:TIMING: Finished Operation: Evaluating Fmm.: 0.13622188568115234s
bempp:HOST:TIMING: Start operation: Evaluating Fmm.
bempp:HOST:TIMING: Start operation: Calling ExaFMM.
bempp:HOST:TIMING: Finished Operation: Calling ExaFMM.: 0.08916306495666504s
bempp:HOST:TIMING: Start operation: Singular Corrections Evaluator
bempp:HOST:TIMING: Finished Operation: Singular Corrections Evaluator: 0.028824567794799805s
bempp:HOST:TIMING: Finished Operation: Evaluating Fmm.: 0.11980557441711426s
bempp:HOST:INFO: GMRES Iteration 15 with residual 16.171148735533478
bempp:HOST:TIMING: Start operation: Evaluating Fmm.
bempp:HOST:TIMING: Start operation: Calling ExaFMM.
bempp:HOST:TIMING: Finished Operation: Calling ExaFMM.: 0.026289939880371094s
bempp:HOST:TIMING: Start operation: Singular Corrections Evaluator
bempp:HOST:TIMING: Finished Operation: Singular Corrections Evaluator: 0.026381969451904297s
bempp:HOST:TIMING: Finished Operation: Evaluating Fmm.: 0.054619550704956055s
bempp:HOST:TIMING: Start operation: Evaluating Fmm.
bempp:HOST:TIMING: Start operation: Calling ExaFMM.
bempp:HOST:TIMING: Finished Operation: Calling ExaFMM.: 0.026186227798461914s
bempp:HOST:TIMING: Start operation: Singular Corrections Evaluator
bempp:HOST:TIMING: Finished Operation: Singular Corrections Evaluator: 0.03794455528259277s
bempp:HOST:TIMING: Finished Operation: Evaluating Fmm.: 0.06598806381225586s
bempp:HOST:TIMING: Start operation: Evaluating Fmm.
bempp:HOST:TIMING: Start operation: Calling ExaFMM.
bempp:HOST:TIMING: Finished Operation: Calling ExaFMM.: 0.026174068450927734s
bempp:HOST:TIMING: Start operation: Singular Corrections Evaluator
bempp:HOST:TIMING: Finished Operation: Singular Corrections Evaluator: 0.033944129943847656s
bempp:HOST:TIMING: Finished Operation: Evaluating Fmm.: 0.0618593692779541s
bempp:HOST:TIMING: Start operation: Evaluating Fmm.
bempp:HOST:TIMING: Start operation: Calling ExaFMM.
bempp:HOST:TIMING: Finished Operation: Calling ExaFMM.: 0.026273012161254883s
bempp:HOST:TIMING: Start operation: Singular Corrections Evaluator
bempp:HOST:TIMING: Finished Operation: Singular Corrections Evaluator: 0.04644417762756348s
bempp:HOST:TIMING: Finished Operation: Evaluating Fmm.: 0.07449650764465332s
bempp:HOST:TIMING: Start operation: Evaluating Fmm.
bempp:HOST:TIMING: Start operation: Calling ExaFMM.
bempp:HOST:TIMING: Finished Operation: Calling ExaFMM.: 0.09184765815734863s
bempp:HOST:TIMING: Start operation: Singular Corrections Evaluator
bempp:HOST:TIMING: Finished Operation: Singular Corrections Evaluator: 0.040265560150146484s
bempp:HOST:TIMING: Finished Operation: Evaluating Fmm.: 0.13409638404846191s
bempp:HOST:TIMING: Start operation: Evaluating Fmm.
bempp:HOST:TIMING: Start operation: Calling ExaFMM.
bempp:HOST:TIMING: Finished Operation: Calling ExaFMM.: 0.09082841873168945s
bempp:HOST:TIMING: Start operation: Singular Corrections Evaluator
bempp:HOST:TIMING: Finished Operation: Singular Corrections Evaluator: 0.03812813758850098s
bempp:HOST:TIMING: Finished Operation: Evaluating Fmm.: 0.13090729713439941s
bempp:HOST:TIMING: Start operation: Evaluating Fmm.
bempp:HOST:TIMING: Start operation: Calling ExaFMM.
bempp:HOST:TIMING: Finished Operation: Calling ExaFMM.: 0.08966064453125s
bempp:HOST:TIMING: Start operation: Singular Corrections Evaluator
bempp:HOST:TIMING: Finished Operation: Singular Corrections Evaluator: 0.023114919662475586s
bempp:HOST:TIMING: Finished Operation: Evaluating Fmm.: 0.11457014083862305s
bempp:HOST:TIMING: Start operation: Evaluating Fmm.
bempp:HOST:TIMING: Start operation: Calling ExaFMM.
bempp:HOST:TIMING: Finished Operation: Calling ExaFMM.: 0.08918070793151855s
bempp:HOST:TIMING: Start operation: Singular Corrections Evaluator
bempp:HOST:TIMING: Finished Operation: Singular Corrections Evaluator: 0.07483482360839844s
bempp:HOST:TIMING: Finished Operation: Evaluating Fmm.: 0.16585493087768555s
bempp:HOST:INFO: GMRES Iteration 16 with residual 12.152875275031505
bempp:HOST:TIMING: Start operation: Evaluating Fmm.
bempp:HOST:TIMING: Start operation: Calling ExaFMM.
bempp:HOST:TIMING: Finished Operation: Calling ExaFMM.: 0.02632617950439453s
bempp:HOST:TIMING: Start operation: Singular Corrections Evaluator
bempp:HOST:TIMING: Finished Operation: Singular Corrections Evaluator: 0.05805826187133789s
bempp:HOST:TIMING: Finished Operation: Evaluating Fmm.: 0.08638238906860352s
bempp:HOST:TIMING: Start operation: Evaluating Fmm.
bempp:HOST:TIMING: Start operation: Calling ExaFMM.
bempp:HOST:TIMING: Finished Operation: Calling ExaFMM.: 0.0261838436126709s
bempp:HOST:TIMING: Start operation: Singular Corrections Evaluator
bempp:HOST:TIMING: Finished Operation: Singular Corrections Evaluator: 0.03673887252807617s
bempp:HOST:TIMING: Finished Operation: Evaluating Fmm.: 0.06474542617797852s
bempp:HOST:TIMING: Start operation: Evaluating Fmm.
bempp:HOST:TIMING: Start operation: Calling ExaFMM.
bempp:HOST:TIMING: Finished Operation: Calling ExaFMM.: 0.026187419891357422s
bempp:HOST:TIMING: Start operation: Singular Corrections Evaluator
bempp:HOST:TIMING: Finished Operation: Singular Corrections Evaluator: 0.02004837989807129s
bempp:HOST:TIMING: Finished Operation: Evaluating Fmm.: 0.0479578971862793s
bempp:HOST:TIMING: Start operation: Evaluating Fmm.
bempp:HOST:TIMING: Start operation: Calling ExaFMM.
bempp:HOST:TIMING: Finished Operation: Calling ExaFMM.: 0.026250362396240234s
bempp:HOST:TIMING: Start operation: Singular Corrections Evaluator
bempp:HOST:TIMING: Finished Operation: Singular Corrections Evaluator: 0.023217439651489258s
bempp:HOST:TIMING: Finished Operation: Evaluating Fmm.: 0.051244497299194336s
bempp:HOST:TIMING: Start operation: Evaluating Fmm.
bempp:HOST:TIMING: Start operation: Calling ExaFMM.
bempp:HOST:TIMING: Finished Operation: Calling ExaFMM.: 0.09047365188598633s
bempp:HOST:TIMING: Start operation: Singular Corrections Evaluator
bempp:HOST:TIMING: Finished Operation: Singular Corrections Evaluator: 0.03761792182922363s
bempp:HOST:TIMING: Finished Operation: Evaluating Fmm.: 0.12991786003112793s
bempp:HOST:TIMING: Start operation: Evaluating Fmm.
bempp:HOST:TIMING: Start operation: Calling ExaFMM.
bempp:HOST:TIMING: Finished Operation: Calling ExaFMM.: 0.08991265296936035s
bempp:HOST:TIMING: Start operation: Singular Corrections Evaluator
bempp:HOST:TIMING: Finished Operation: Singular Corrections Evaluator: 0.03683948516845703s
bempp:HOST:TIMING: Finished Operation: Evaluating Fmm.: 0.1285991668701172s
bempp:HOST:TIMING: Start operation: Evaluating Fmm.
bempp:HOST:TIMING: Start operation: Calling ExaFMM.
bempp:HOST:TIMING: Finished Operation: Calling ExaFMM.: 0.09155678749084473s
bempp:HOST:TIMING: Start operation: Singular Corrections Evaluator
bempp:HOST:TIMING: Finished Operation: Singular Corrections Evaluator: 0.06315493583679199s
bempp:HOST:TIMING: Finished Operation: Evaluating Fmm.: 0.1565685272216797s
bempp:HOST:TIMING: Start operation: Evaluating Fmm.
bempp:HOST:TIMING: Start operation: Calling ExaFMM.
bempp:HOST:TIMING: Finished Operation: Calling ExaFMM.: 0.08921360969543457s
bempp:HOST:TIMING: Start operation: Singular Corrections Evaluator
bempp:HOST:TIMING: Finished Operation: Singular Corrections Evaluator: 0.03268313407897949s
bempp:HOST:TIMING: Finished Operation: Evaluating Fmm.: 0.12381172180175781s
bempp:HOST:INFO: GMRES Iteration 17 with residual 8.762791032072688
bempp:HOST:TIMING: Start operation: Evaluating Fmm.
bempp:HOST:TIMING: Start operation: Calling ExaFMM.
bempp:HOST:TIMING: Finished Operation: Calling ExaFMM.: 0.029900789260864258s
bempp:HOST:TIMING: Start operation: Singular Corrections Evaluator
bempp:HOST:TIMING: Finished Operation: Singular Corrections Evaluator: 0.025217771530151367s
bempp:HOST:TIMING: Finished Operation: Evaluating Fmm.: 0.05770421028137207s
bempp:HOST:TIMING: Start operation: Evaluating Fmm.
bempp:HOST:TIMING: Start operation: Calling ExaFMM.
bempp:HOST:TIMING: Finished Operation: Calling ExaFMM.: 0.026233196258544922s
bempp:HOST:TIMING: Start operation: Singular Corrections Evaluator
bempp:HOST:TIMING: Finished Operation: Singular Corrections Evaluator: 0.029000043869018555s
bempp:HOST:TIMING: Finished Operation: Evaluating Fmm.: 0.05703258514404297s
bempp:HOST:TIMING: Start operation: Evaluating Fmm.
bempp:HOST:TIMING: Start operation: Calling ExaFMM.
bempp:HOST:TIMING: Finished Operation: Calling ExaFMM.: 0.044565677642822266s
bempp:HOST:TIMING: Start operation: Singular Corrections Evaluator
bempp:HOST:TIMING: Finished Operation: Singular Corrections Evaluator: 0.024009227752685547s
bempp:HOST:TIMING: Finished Operation: Evaluating Fmm.: 0.07064247131347656s
bempp:HOST:TIMING: Start operation: Evaluating Fmm.
bempp:HOST:TIMING: Start operation: Calling ExaFMM.
bempp:HOST:TIMING: Finished Operation: Calling ExaFMM.: 0.02678680419921875s
bempp:HOST:TIMING: Start operation: Singular Corrections Evaluator
bempp:HOST:TIMING: Finished Operation: Singular Corrections Evaluator: 0.013911008834838867s
bempp:HOST:TIMING: Finished Operation: Evaluating Fmm.: 0.042403221130371094s
bempp:HOST:TIMING: Start operation: Evaluating Fmm.
bempp:HOST:TIMING: Start operation: Calling ExaFMM.
bempp:HOST:TIMING: Finished Operation: Calling ExaFMM.: 0.1328747272491455s
bempp:HOST:TIMING: Start operation: Singular Corrections Evaluator
bempp:HOST:TIMING: Finished Operation: Singular Corrections Evaluator: 0.02994513511657715s
bempp:HOST:TIMING: Finished Operation: Evaluating Fmm.: 0.16512560844421387s
bempp:HOST:TIMING: Start operation: Evaluating Fmm.
bempp:HOST:TIMING: Start operation: Calling ExaFMM.
bempp:HOST:TIMING: Finished Operation: Calling ExaFMM.: 0.14299488067626953s
bempp:HOST:TIMING: Start operation: Singular Corrections Evaluator
bempp:HOST:TIMING: Finished Operation: Singular Corrections Evaluator: 0.03842306137084961s
bempp:HOST:TIMING: Finished Operation: Evaluating Fmm.: 0.1834733486175537s
bempp:HOST:TIMING: Start operation: Evaluating Fmm.
bempp:HOST:TIMING: Start operation: Calling ExaFMM.
bempp:HOST:TIMING: Finished Operation: Calling ExaFMM.: 0.14185571670532227s
bempp:HOST:TIMING: Start operation: Singular Corrections Evaluator
bempp:HOST:TIMING: Finished Operation: Singular Corrections Evaluator: 0.04798316955566406s
bempp:HOST:TIMING: Finished Operation: Evaluating Fmm.: 0.19187092781066895s
bempp:HOST:TIMING: Start operation: Evaluating Fmm.
bempp:HOST:TIMING: Start operation: Calling ExaFMM.
bempp:HOST:TIMING: Finished Operation: Calling ExaFMM.: 0.10581421852111816s
bempp:HOST:TIMING: Start operation: Singular Corrections Evaluator
bempp:HOST:TIMING: Finished Operation: Singular Corrections Evaluator: 0.03281879425048828s
bempp:HOST:TIMING: Finished Operation: Evaluating Fmm.: 0.14071393013000488s
bempp:HOST:INFO: GMRES Iteration 18 with residual 4.607729324361851
bempp:HOST:TIMING: Start operation: Evaluating Fmm.
bempp:HOST:TIMING: Start operation: Calling ExaFMM.
bempp:HOST:TIMING: Finished Operation: Calling ExaFMM.: 0.026243925094604492s
bempp:HOST:TIMING: Start operation: Singular Corrections Evaluator
bempp:HOST:TIMING: Finished Operation: Singular Corrections Evaluator: 0.02403545379638672s
bempp:HOST:TIMING: Finished Operation: Evaluating Fmm.: 0.05219745635986328s
bempp:HOST:TIMING: Start operation: Evaluating Fmm.
bempp:HOST:TIMING: Start operation: Calling ExaFMM.
bempp:HOST:TIMING: Finished Operation: Calling ExaFMM.: 0.0289456844329834s
bempp:HOST:TIMING: Start operation: Singular Corrections Evaluator
bempp:HOST:TIMING: Finished Operation: Singular Corrections Evaluator: 0.018450021743774414s
bempp:HOST:TIMING: Finished Operation: Evaluating Fmm.: 0.049489498138427734s
bempp:HOST:TIMING: Start operation: Evaluating Fmm.
bempp:HOST:TIMING: Start operation: Calling ExaFMM.
bempp:HOST:TIMING: Finished Operation: Calling ExaFMM.: 0.026135683059692383s
bempp:HOST:TIMING: Start operation: Singular Corrections Evaluator
bempp:HOST:TIMING: Finished Operation: Singular Corrections Evaluator: 0.014329910278320312s
bempp:HOST:TIMING: Finished Operation: Evaluating Fmm.: 0.04218792915344238s
bempp:HOST:TIMING: Start operation: Evaluating Fmm.
bempp:HOST:TIMING: Start operation: Calling ExaFMM.
bempp:HOST:TIMING: Finished Operation: Calling ExaFMM.: 0.026255369186401367s
bempp:HOST:TIMING: Start operation: Singular Corrections Evaluator
bempp:HOST:TIMING: Finished Operation: Singular Corrections Evaluator: 0.023080825805664062s
bempp:HOST:TIMING: Finished Operation: Evaluating Fmm.: 0.05109381675720215s
bempp:HOST:TIMING: Start operation: Evaluating Fmm.
bempp:HOST:TIMING: Start operation: Calling ExaFMM.
bempp:HOST:TIMING: Finished Operation: Calling ExaFMM.: 0.0902411937713623s
bempp:HOST:TIMING: Start operation: Singular Corrections Evaluator
bempp:HOST:TIMING: Finished Operation: Singular Corrections Evaluator: 0.02592301368713379s
bempp:HOST:TIMING: Finished Operation: Evaluating Fmm.: 0.11795401573181152s
bempp:HOST:TIMING: Start operation: Evaluating Fmm.
bempp:HOST:TIMING: Start operation: Calling ExaFMM.
bempp:HOST:TIMING: Finished Operation: Calling ExaFMM.: 0.09033393859863281s
bempp:HOST:TIMING: Start operation: Singular Corrections Evaluator
bempp:HOST:TIMING: Finished Operation: Singular Corrections Evaluator: 0.0389866828918457s
bempp:HOST:TIMING: Finished Operation: Evaluating Fmm.: 0.13117575645446777s
bempp:HOST:TIMING: Start operation: Evaluating Fmm.
bempp:HOST:TIMING: Start operation: Calling ExaFMM.
bempp:HOST:TIMING: Finished Operation: Calling ExaFMM.: 0.1021263599395752s
bempp:HOST:TIMING: Start operation: Singular Corrections Evaluator
bempp:HOST:TIMING: Finished Operation: Singular Corrections Evaluator: 0.07074379920959473s
bempp:HOST:TIMING: Finished Operation: Evaluating Fmm.: 0.17511653900146484s
bempp:HOST:TIMING: Start operation: Evaluating Fmm.
bempp:HOST:TIMING: Start operation: Calling ExaFMM.
bempp:HOST:TIMING: Finished Operation: Calling ExaFMM.: 0.09640049934387207s
bempp:HOST:TIMING: Start operation: Singular Corrections Evaluator
bempp:HOST:TIMING: Finished Operation: Singular Corrections Evaluator: 0.05611228942871094s
bempp:HOST:TIMING: Finished Operation: Evaluating Fmm.: 0.15443682670593262s
bempp:HOST:INFO: GMRES Iteration 19 with residual 2.786781064875009
bempp:HOST:TIMING: Start operation: Evaluating Fmm.
bempp:HOST:TIMING: Start operation: Calling ExaFMM.
bempp:HOST:TIMING: Finished Operation: Calling ExaFMM.: 0.02628183364868164s
bempp:HOST:TIMING: Start operation: Singular Corrections Evaluator
bempp:HOST:TIMING: Finished Operation: Singular Corrections Evaluator: 0.05205106735229492s
bempp:HOST:TIMING: Finished Operation: Evaluating Fmm.: 0.08036255836486816s
bempp:HOST:TIMING: Start operation: Evaluating Fmm.
bempp:HOST:TIMING: Start operation: Calling ExaFMM.
bempp:HOST:TIMING: Finished Operation: Calling ExaFMM.: 0.027324199676513672s
bempp:HOST:TIMING: Start operation: Singular Corrections Evaluator
bempp:HOST:TIMING: Finished Operation: Singular Corrections Evaluator: 0.03322935104370117s
bempp:HOST:TIMING: Finished Operation: Evaluating Fmm.: 0.06238365173339844s
bempp:HOST:TIMING: Start operation: Evaluating Fmm.
bempp:HOST:TIMING: Start operation: Calling ExaFMM.
bempp:HOST:TIMING: Finished Operation: Calling ExaFMM.: 0.026195526123046875s
bempp:HOST:TIMING: Start operation: Singular Corrections Evaluator
bempp:HOST:TIMING: Finished Operation: Singular Corrections Evaluator: 0.03851795196533203s
bempp:HOST:TIMING: Finished Operation: Evaluating Fmm.: 0.06660985946655273s
bempp:HOST:TIMING: Start operation: Evaluating Fmm.
bempp:HOST:TIMING: Start operation: Calling ExaFMM.
bempp:HOST:TIMING: Finished Operation: Calling ExaFMM.: 0.026242971420288086s
bempp:HOST:TIMING: Start operation: Singular Corrections Evaluator
bempp:HOST:TIMING: Finished Operation: Singular Corrections Evaluator: 0.03429269790649414s
bempp:HOST:TIMING: Finished Operation: Evaluating Fmm.: 0.062424421310424805s
bempp:HOST:TIMING: Start operation: Evaluating Fmm.
bempp:HOST:TIMING: Start operation: Calling ExaFMM.
bempp:HOST:TIMING: Finished Operation: Calling ExaFMM.: 0.0975492000579834s
bempp:HOST:TIMING: Start operation: Singular Corrections Evaluator
bempp:HOST:TIMING: Finished Operation: Singular Corrections Evaluator: 0.05255556106567383s
bempp:HOST:TIMING: Finished Operation: Evaluating Fmm.: 0.1520538330078125s
bempp:HOST:TIMING: Start operation: Evaluating Fmm.
bempp:HOST:TIMING: Start operation: Calling ExaFMM.
bempp:HOST:TIMING: Finished Operation: Calling ExaFMM.: 0.09657740592956543s
bempp:HOST:TIMING: Start operation: Singular Corrections Evaluator
bempp:HOST:TIMING: Finished Operation: Singular Corrections Evaluator: 0.07800030708312988s
bempp:HOST:TIMING: Finished Operation: Evaluating Fmm.: 0.17644071578979492s
bempp:HOST:TIMING: Start operation: Evaluating Fmm.
bempp:HOST:TIMING: Start operation: Calling ExaFMM.
bempp:HOST:TIMING: Finished Operation: Calling ExaFMM.: 0.0965569019317627s
bempp:HOST:TIMING: Start operation: Singular Corrections Evaluator
bempp:HOST:TIMING: Finished Operation: Singular Corrections Evaluator: 0.028232336044311523s
bempp:HOST:TIMING: Finished Operation: Evaluating Fmm.: 0.12668919563293457s
bempp:HOST:TIMING: Start operation: Evaluating Fmm.
bempp:HOST:TIMING: Start operation: Calling ExaFMM.
bempp:HOST:TIMING: Finished Operation: Calling ExaFMM.: 0.09621357917785645s
bempp:HOST:TIMING: Start operation: Singular Corrections Evaluator
bempp:HOST:TIMING: Finished Operation: Singular Corrections Evaluator: 0.06190848350524902s
bempp:HOST:TIMING: Finished Operation: Evaluating Fmm.: 0.16004395484924316s
bempp:HOST:INFO: GMRES Iteration 20 with residual 1.7306765250304146
bempp:HOST:TIMING: Start operation: Evaluating Fmm.
bempp:HOST:TIMING: Start operation: Calling ExaFMM.
bempp:HOST:TIMING: Finished Operation: Calling ExaFMM.: 0.030858755111694336s
bempp:HOST:TIMING: Start operation: Singular Corrections Evaluator
bempp:HOST:TIMING: Finished Operation: Singular Corrections Evaluator: 0.017493486404418945s
bempp:HOST:TIMING: Finished Operation: Evaluating Fmm.: 0.05051732063293457s
bempp:HOST:TIMING: Start operation: Evaluating Fmm.
bempp:HOST:TIMING: Start operation: Calling ExaFMM.
bempp:HOST:TIMING: Finished Operation: Calling ExaFMM.: 0.026343345642089844s
bempp:HOST:TIMING: Start operation: Singular Corrections Evaluator
bempp:HOST:TIMING: Finished Operation: Singular Corrections Evaluator: 0.024161100387573242s
bempp:HOST:TIMING: Finished Operation: Evaluating Fmm.: 0.052335500717163086s
bempp:HOST:TIMING: Start operation: Evaluating Fmm.
bempp:HOST:TIMING: Start operation: Calling ExaFMM.
bempp:HOST:TIMING: Finished Operation: Calling ExaFMM.: 0.026190757751464844s
bempp:HOST:TIMING: Start operation: Singular Corrections Evaluator
bempp:HOST:TIMING: Finished Operation: Singular Corrections Evaluator: 0.02358412742614746s
bempp:HOST:TIMING: Finished Operation: Evaluating Fmm.: 0.051603078842163086s
bempp:HOST:TIMING: Start operation: Evaluating Fmm.
bempp:HOST:TIMING: Start operation: Calling ExaFMM.
bempp:HOST:TIMING: Finished Operation: Calling ExaFMM.: 0.026320457458496094s
bempp:HOST:TIMING: Start operation: Singular Corrections Evaluator
bempp:HOST:TIMING: Finished Operation: Singular Corrections Evaluator: 0.025511503219604492s
bempp:HOST:TIMING: Finished Operation: Evaluating Fmm.: 0.053705453872680664s
bempp:HOST:TIMING: Start operation: Evaluating Fmm.
bempp:HOST:TIMING: Start operation: Calling ExaFMM.
bempp:HOST:TIMING: Finished Operation: Calling ExaFMM.: 0.09693193435668945s
bempp:HOST:TIMING: Start operation: Singular Corrections Evaluator
bempp:HOST:TIMING: Finished Operation: Singular Corrections Evaluator: 0.11385059356689453s
bempp:HOST:TIMING: Finished Operation: Evaluating Fmm.: 0.21275877952575684s
bempp:HOST:TIMING: Start operation: Evaluating Fmm.
bempp:HOST:TIMING: Start operation: Calling ExaFMM.
bempp:HOST:TIMING: Finished Operation: Calling ExaFMM.: 0.0958852767944336s
bempp:HOST:TIMING: Start operation: Singular Corrections Evaluator
bempp:HOST:TIMING: Finished Operation: Singular Corrections Evaluator: 0.09572291374206543s
bempp:HOST:TIMING: Finished Operation: Evaluating Fmm.: 0.19348478317260742s
bempp:HOST:TIMING: Start operation: Evaluating Fmm.
bempp:HOST:TIMING: Start operation: Calling ExaFMM.
bempp:HOST:TIMING: Finished Operation: Calling ExaFMM.: 0.09662652015686035s
bempp:HOST:TIMING: Start operation: Singular Corrections Evaluator
bempp:HOST:TIMING: Finished Operation: Singular Corrections Evaluator: 0.05196428298950195s
bempp:HOST:TIMING: Finished Operation: Evaluating Fmm.: 0.15050220489501953s
bempp:HOST:TIMING: Start operation: Evaluating Fmm.
bempp:HOST:TIMING: Start operation: Calling ExaFMM.
bempp:HOST:TIMING: Finished Operation: Calling ExaFMM.: 0.0962982177734375s
bempp:HOST:TIMING: Start operation: Singular Corrections Evaluator
bempp:HOST:TIMING: Finished Operation: Singular Corrections Evaluator: 0.02379775047302246s
bempp:HOST:TIMING: Finished Operation: Evaluating Fmm.: 0.12198996543884277s
bempp:HOST:INFO: GMRES Iteration 21 with residual 1.0582160616082916
bempp:HOST:TIMING: Start operation: Evaluating Fmm.
bempp:HOST:TIMING: Start operation: Calling ExaFMM.
bempp:HOST:TIMING: Finished Operation: Calling ExaFMM.: 0.027470827102661133s
bempp:HOST:TIMING: Start operation: Singular Corrections Evaluator
bempp:HOST:TIMING: Finished Operation: Singular Corrections Evaluator: 0.03181624412536621s
bempp:HOST:TIMING: Finished Operation: Evaluating Fmm.: 0.06126689910888672s
bempp:HOST:TIMING: Start operation: Evaluating Fmm.
bempp:HOST:TIMING: Start operation: Calling ExaFMM.
bempp:HOST:TIMING: Finished Operation: Calling ExaFMM.: 0.02644968032836914s
bempp:HOST:TIMING: Start operation: Singular Corrections Evaluator
bempp:HOST:TIMING: Finished Operation: Singular Corrections Evaluator: 0.02539968490600586s
bempp:HOST:TIMING: Finished Operation: Evaluating Fmm.: 0.05364799499511719s
bempp:HOST:TIMING: Start operation: Evaluating Fmm.
bempp:HOST:TIMING: Start operation: Calling ExaFMM.
bempp:HOST:TIMING: Finished Operation: Calling ExaFMM.: 0.026276826858520508s
bempp:HOST:TIMING: Start operation: Singular Corrections Evaluator
bempp:HOST:TIMING: Finished Operation: Singular Corrections Evaluator: 0.025791168212890625s
bempp:HOST:TIMING: Finished Operation: Evaluating Fmm.: 0.053911685943603516s
bempp:HOST:TIMING: Start operation: Evaluating Fmm.
bempp:HOST:TIMING: Start operation: Calling ExaFMM.
bempp:HOST:TIMING: Finished Operation: Calling ExaFMM.: 0.02632451057434082s
bempp:HOST:TIMING: Start operation: Singular Corrections Evaluator
bempp:HOST:TIMING: Finished Operation: Singular Corrections Evaluator: 0.03429222106933594s
bempp:HOST:TIMING: Finished Operation: Evaluating Fmm.: 0.06247210502624512s
bempp:HOST:TIMING: Start operation: Evaluating Fmm.
bempp:HOST:TIMING: Start operation: Calling ExaFMM.
bempp:HOST:TIMING: Finished Operation: Calling ExaFMM.: 0.09622955322265625s
bempp:HOST:TIMING: Start operation: Singular Corrections Evaluator
bempp:HOST:TIMING: Finished Operation: Singular Corrections Evaluator: 0.0301206111907959s
bempp:HOST:TIMING: Finished Operation: Evaluating Fmm.: 0.12826991081237793s
bempp:HOST:TIMING: Start operation: Evaluating Fmm.
bempp:HOST:TIMING: Start operation: Calling ExaFMM.
bempp:HOST:TIMING: Finished Operation: Calling ExaFMM.: 0.09793257713317871s
bempp:HOST:TIMING: Start operation: Singular Corrections Evaluator
bempp:HOST:TIMING: Finished Operation: Singular Corrections Evaluator: 0.026522397994995117s
bempp:HOST:TIMING: Finished Operation: Evaluating Fmm.: 0.12631511688232422s
bempp:HOST:TIMING: Start operation: Evaluating Fmm.
bempp:HOST:TIMING: Start operation: Calling ExaFMM.
bempp:HOST:TIMING: Finished Operation: Calling ExaFMM.: 0.09691858291625977s
bempp:HOST:TIMING: Start operation: Singular Corrections Evaluator
bempp:HOST:TIMING: Finished Operation: Singular Corrections Evaluator: 0.027180910110473633s
bempp:HOST:TIMING: Finished Operation: Evaluating Fmm.: 0.12599539756774902s
bempp:HOST:TIMING: Start operation: Evaluating Fmm.
bempp:HOST:TIMING: Start operation: Calling ExaFMM.
bempp:HOST:TIMING: Finished Operation: Calling ExaFMM.: 0.09702706336975098s
bempp:HOST:TIMING: Start operation: Singular Corrections Evaluator
bempp:HOST:TIMING: Finished Operation: Singular Corrections Evaluator: 0.05130720138549805s
bempp:HOST:TIMING: Finished Operation: Evaluating Fmm.: 0.15024375915527344s
bempp:HOST:INFO: GMRES Iteration 22 with residual 0.9153494737257643
bempp:HOST:TIMING: Start operation: Evaluating Fmm.
bempp:HOST:TIMING: Start operation: Calling ExaFMM.
bempp:HOST:TIMING: Finished Operation: Calling ExaFMM.: 0.026322126388549805s
bempp:HOST:TIMING: Start operation: Singular Corrections Evaluator
bempp:HOST:TIMING: Finished Operation: Singular Corrections Evaluator: 0.027241945266723633s
bempp:HOST:TIMING: Finished Operation: Evaluating Fmm.: 0.05714106559753418s
bempp:HOST:TIMING: Start operation: Evaluating Fmm.
bempp:HOST:TIMING: Start operation: Calling ExaFMM.
bempp:HOST:TIMING: Finished Operation: Calling ExaFMM.: 0.03246617317199707s
bempp:HOST:TIMING: Start operation: Singular Corrections Evaluator
bempp:HOST:TIMING: Finished Operation: Singular Corrections Evaluator: 0.022701263427734375s
bempp:HOST:TIMING: Finished Operation: Evaluating Fmm.: 0.057253360748291016s
bempp:HOST:TIMING: Start operation: Evaluating Fmm.
bempp:HOST:TIMING: Start operation: Calling ExaFMM.
bempp:HOST:TIMING: Finished Operation: Calling ExaFMM.: 0.030149459838867188s
bempp:HOST:TIMING: Start operation: Singular Corrections Evaluator
bempp:HOST:TIMING: Finished Operation: Singular Corrections Evaluator: 0.0315403938293457s
bempp:HOST:TIMING: Finished Operation: Evaluating Fmm.: 0.06369829177856445s
bempp:HOST:TIMING: Start operation: Evaluating Fmm.
bempp:HOST:TIMING: Start operation: Calling ExaFMM.
bempp:HOST:TIMING: Finished Operation: Calling ExaFMM.: 0.02645277976989746s
bempp:HOST:TIMING: Start operation: Singular Corrections Evaluator
bempp:HOST:TIMING: Finished Operation: Singular Corrections Evaluator: 0.02445530891418457s
bempp:HOST:TIMING: Finished Operation: Evaluating Fmm.: 0.052817344665527344s
bempp:HOST:TIMING: Start operation: Evaluating Fmm.
bempp:HOST:TIMING: Start operation: Calling ExaFMM.
bempp:HOST:TIMING: Finished Operation: Calling ExaFMM.: 0.09883546829223633s
bempp:HOST:TIMING: Start operation: Singular Corrections Evaluator
bempp:HOST:TIMING: Finished Operation: Singular Corrections Evaluator: 0.03920435905456543s
bempp:HOST:TIMING: Finished Operation: Evaluating Fmm.: 0.1403796672821045s
bempp:HOST:TIMING: Start operation: Evaluating Fmm.
bempp:HOST:TIMING: Start operation: Calling ExaFMM.
bempp:HOST:TIMING: Finished Operation: Calling ExaFMM.: 0.10585927963256836s
bempp:HOST:TIMING: Start operation: Singular Corrections Evaluator
bempp:HOST:TIMING: Finished Operation: Singular Corrections Evaluator: 0.024532794952392578s
bempp:HOST:TIMING: Finished Operation: Evaluating Fmm.: 0.13227295875549316s
bempp:HOST:TIMING: Start operation: Evaluating Fmm.
bempp:HOST:TIMING: Start operation: Calling ExaFMM.
bempp:HOST:TIMING: Finished Operation: Calling ExaFMM.: 0.09623503684997559s
bempp:HOST:TIMING: Start operation: Singular Corrections Evaluator
bempp:HOST:TIMING: Finished Operation: Singular Corrections Evaluator: 0.029359102249145508s
bempp:HOST:TIMING: Finished Operation: Evaluating Fmm.: 0.12747979164123535s
bempp:HOST:TIMING: Start operation: Evaluating Fmm.
bempp:HOST:TIMING: Start operation: Calling ExaFMM.
bempp:HOST:TIMING: Finished Operation: Calling ExaFMM.: 0.09741091728210449s
bempp:HOST:TIMING: Start operation: Singular Corrections Evaluator
bempp:HOST:TIMING: Finished Operation: Singular Corrections Evaluator: 0.028093814849853516s
bempp:HOST:TIMING: Finished Operation: Evaluating Fmm.: 0.12739014625549316s
bempp:HOST:INFO: GMRES Iteration 23 with residual 0.7649665102953539
bempp:HOST:TIMING: Start operation: Evaluating Fmm.
bempp:HOST:TIMING: Start operation: Calling ExaFMM.
bempp:HOST:TIMING: Finished Operation: Calling ExaFMM.: 0.026393890380859375s
bempp:HOST:TIMING: Start operation: Singular Corrections Evaluator
bempp:HOST:TIMING: Finished Operation: Singular Corrections Evaluator: 0.016184329986572266s
bempp:HOST:TIMING: Finished Operation: Evaluating Fmm.: 0.04455089569091797s
bempp:HOST:TIMING: Start operation: Evaluating Fmm.
bempp:HOST:TIMING: Start operation: Calling ExaFMM.
bempp:HOST:TIMING: Finished Operation: Calling ExaFMM.: 0.02653336524963379s
bempp:HOST:TIMING: Start operation: Singular Corrections Evaluator
bempp:HOST:TIMING: Finished Operation: Singular Corrections Evaluator: 0.03493905067443848s
bempp:HOST:TIMING: Finished Operation: Evaluating Fmm.: 0.06326603889465332s
bempp:HOST:TIMING: Start operation: Evaluating Fmm.
bempp:HOST:TIMING: Start operation: Calling ExaFMM.
bempp:HOST:TIMING: Finished Operation: Calling ExaFMM.: 0.026208162307739258s
bempp:HOST:TIMING: Start operation: Singular Corrections Evaluator
bempp:HOST:TIMING: Finished Operation: Singular Corrections Evaluator: 0.017932415008544922s
bempp:HOST:TIMING: Finished Operation: Evaluating Fmm.: 0.04604649543762207s
bempp:HOST:TIMING: Start operation: Evaluating Fmm.
bempp:HOST:TIMING: Start operation: Calling ExaFMM.
bempp:HOST:TIMING: Finished Operation: Calling ExaFMM.: 0.04687190055847168s
bempp:HOST:TIMING: Start operation: Singular Corrections Evaluator
bempp:HOST:TIMING: Finished Operation: Singular Corrections Evaluator: 0.01607537269592285s
bempp:HOST:TIMING: Finished Operation: Evaluating Fmm.: 0.06510400772094727s
bempp:HOST:TIMING: Start operation: Evaluating Fmm.
bempp:HOST:TIMING: Start operation: Calling ExaFMM.
bempp:HOST:TIMING: Finished Operation: Calling ExaFMM.: 0.09684920310974121s
bempp:HOST:TIMING: Start operation: Singular Corrections Evaluator
bempp:HOST:TIMING: Finished Operation: Singular Corrections Evaluator: 0.033807992935180664s
bempp:HOST:TIMING: Finished Operation: Evaluating Fmm.: 0.13260650634765625s
bempp:HOST:TIMING: Start operation: Evaluating Fmm.
bempp:HOST:TIMING: Start operation: Calling ExaFMM.
bempp:HOST:TIMING: Finished Operation: Calling ExaFMM.: 0.09687280654907227s
bempp:HOST:TIMING: Start operation: Singular Corrections Evaluator
bempp:HOST:TIMING: Finished Operation: Singular Corrections Evaluator: 0.026806354522705078s
bempp:HOST:TIMING: Finished Operation: Evaluating Fmm.: 0.12550091743469238s
bempp:HOST:TIMING: Start operation: Evaluating Fmm.
bempp:HOST:TIMING: Start operation: Calling ExaFMM.
bempp:HOST:TIMING: Finished Operation: Calling ExaFMM.: 0.09638738632202148s
bempp:HOST:TIMING: Start operation: Singular Corrections Evaluator
bempp:HOST:TIMING: Finished Operation: Singular Corrections Evaluator: 0.03368949890136719s
bempp:HOST:TIMING: Finished Operation: Evaluating Fmm.: 0.1321263313293457s
bempp:HOST:TIMING: Start operation: Evaluating Fmm.
bempp:HOST:TIMING: Start operation: Calling ExaFMM.
bempp:HOST:TIMING: Finished Operation: Calling ExaFMM.: 0.09669756889343262s
bempp:HOST:TIMING: Start operation: Singular Corrections Evaluator
bempp:HOST:TIMING: Finished Operation: Singular Corrections Evaluator: 0.03327441215515137s
bempp:HOST:TIMING: Finished Operation: Evaluating Fmm.: 0.13202667236328125s
bempp:HOST:INFO: GMRES Iteration 24 with residual 0.5867265175970037
bempp:HOST:TIMING: Start operation: Initialising Exafmm.
bempp:HOST:TIMING: Finished Operation: Initialising Exafmm.: 0.26160454750061035s
bempp:HOST:DEBUG: Using cached Fmm Interface.
bempp:HOST:TIMING: Start operation: Evaluating Fmm.
bempp:HOST:TIMING: Start operation: Calling ExaFMM.
bempp:HOST:TIMING: Finished Operation: Calling ExaFMM.: 0.018050670623779297s
bempp:HOST:TIMING: Finished Operation: Evaluating Fmm.: 0.019086122512817383s
bempp:HOST:TIMING: Start operation: Evaluating Fmm.
bempp:HOST:TIMING: Start operation: Calling ExaFMM.
bempp:HOST:TIMING: Finished Operation: Calling ExaFMM.: 0.013518810272216797s
bempp:HOST:TIMING: Finished Operation: Evaluating Fmm.: 0.013987064361572266s
bempp:HOST:TIMING: Start operation: Evaluating Fmm.
bempp:HOST:TIMING: Start operation: Calling ExaFMM.
bempp:HOST:TIMING: Finished Operation: Calling ExaFMM.: 0.013379096984863281s
bempp:HOST:TIMING: Finished Operation: Evaluating Fmm.: 0.013831853866577148s
bempp:HOST:TIMING: Start operation: Evaluating Fmm.
bempp:HOST:TIMING: Start operation: Calling ExaFMM.
bempp:HOST:TIMING: Finished Operation: Calling ExaFMM.: 0.013411760330200195s
bempp:HOST:TIMING: Finished Operation: Evaluating Fmm.: 0.013859987258911133s
	Command being timed: "python /SEAS/home/twang66/bempp_exafmm_paper/repro-pack/scripts/direct.py /SEAS/home/twang66/bempp_exafmm_paper/repro-pack/runs/sphere_performance/config/sphere_refine6.yml"
	User time (seconds): 1111.44
	System time (seconds): 16.85
	Percent of CPU this job got: 2383%
	Elapsed (wall clock) time (h:mm:ss or m:ss): 0:47.33
	Average shared text size (kbytes): 0
	Average unshared data size (kbytes): 0
	Average stack size (kbytes): 0
	Average total size (kbytes): 0
	Maximum resident set size (kbytes): 1204908
	Average resident set size (kbytes): 0
	Major (requiring I/O) page faults: 0
	Minor (reclaiming a frame) page faults: 318970
	Voluntary context switches: 39788
	Involuntary context switches: 172111
	Swaps: 0
	File system inputs: 1888
	File system outputs: 545872
	Socket messages sent: 0
	Socket messages received: 0
	Signals delivered: 0
	Page size (bytes): 4096
	Exit status: 0
