	Command being timed: "bin/apbs 1F6W.in"
	User time (seconds): 311.49
	System time (seconds): 3.33
	Percent of CPU this job got: 851%
	Elapsed (wall clock) time (h:mm:ss or m:ss): 0:36.99
	Average shared text size (kbytes): 0
	Average unshared data size (kbytes): 0
	Average stack size (kbytes): 0
	Average total size (kbytes): 0
	Maximum resident set size (kbytes): 1479068
	Average resident set size (kbytes): 0
	Major (requiring I/O) page faults: 43
	Minor (reclaiming a frame) page faults: 146993
	Voluntary context switches: 9561
	Involuntary context switches: 1129
	Swaps: 0
	File system inputs: 53728
	File system outputs: 4784
	Socket messages sent: 0
	Socket messages received: 0
	Signals delivered: 0
	Page size (bytes): 4096
	Exit status: 0
