	Command being timed: "bin/apbs 1F6W_fine.in"
	User time (seconds): 1538.83
	System time (seconds): 18.07
	Percent of CPU this job got: 1039%
	Elapsed (wall clock) time (h:mm:ss or m:ss): 2:29.75
	Average shared text size (kbytes): 0
	Average unshared data size (kbytes): 0
	Average stack size (kbytes): 0
	Average total size (kbytes): 0
	Maximum resident set size (kbytes): 10156172
	Average resident set size (kbytes): 0
	Major (requiring I/O) page faults: 43
	Minor (reclaiming a frame) page faults: 176031
	Voluntary context switches: 17561
	Involuntary context switches: 3833
	Swaps: 0
	File system inputs: 53760
	File system outputs: 4840
	Socket messages sent: 0
	Socket messages received: 0
	Signals delivered: 0
	Page size (bytes): 4096
	Exit status: 0
