Could not find Gmsh.Interactive plotting and shapes module not available.
number of elements: 131072
assembly system matrix wall time: 68.5943009853363
gmres wall time: 48.2681188583374
The linear system was solved in 4 iterations
Total solvation energy: -89627.58999915 [kcal/Mol]
bempp:HOST:INFO: Created grid with id cbc4a5cc-dc36-401f-be69-15665ab6b71e. Elements: 131072. Edges: 196608. Vertices: 65538
bempp:HOST:TIMING: Grid.__init__ : 5.274e+00s
bempp:HOST:TIMING: _compute_p1_dof_map : 8.601e-02s
bempp:HOST:TIMING: p1_continuous_function_space : 8.201e-01s
bempp:HOST:TIMING: Start operation: 
bempp:HOST:TIMING: Finished Operation: : 3.07637882232666s
bempp:HOST:TIMING: assemble_sparse : 3.092e+00s
/SEAS/home/twang66/miniconda/envs/bempp/lib/python3.8/site-packages/scipy/sparse/linalg/dsolve/linsolve.py:318: SparseEfficiencyWarning: splu requires CSC matrix format
  warn('splu requires CSC matrix format', SparseEfficiencyWarning)
bempp:HOST:TIMING: _Solver.__init__ : 1.345e+00s
bempp:HOST:TIMING: Start operation: 
bempp:HOST:TIMING: Finished Operation: : 0.39375901222229004s
bempp:HOST:TIMING: assemble_sparse : 4.068e-01s
bempp:HOST:INFO: OpenCL Device set to: pthread-Intel(R) Xeon(R) Gold 6148 CPU @ 2.40GHz
bempp:HOST:TIMING: Start operation: Initialising Exafmm.
bempp:HOST:TIMING: Finished Operation: Initialising Exafmm.: 1.731046438217163s
bempp:HOST:TIMING: Start operation: Singular assembler:laplace_double_layer_boundary:opencl
bempp:HOST:TIMING: Finished Operation: Singular assembler:laplace_double_layer_boundary:opencl: 0.6743171215057373s
bempp:HOST:TIMING: Start operation: Initialising Exafmm.
bempp:HOST:TIMING: Finished Operation: Initialising Exafmm.: 1.9445295333862305s
bempp:HOST:TIMING: Start operation: Singular assembler:modified_helmholtz_double_layer_boundary:opencl
bempp:HOST:TIMING: Finished Operation: Singular assembler:modified_helmholtz_double_layer_boundary:opencl: 1.5328733921051025s
bempp:HOST:DEBUG: Using cached Fmm Interface.
bempp:HOST:TIMING: Start operation: Singular assembler:laplace_single_layer_boundary:opencl
bempp:HOST:TIMING: Finished Operation: Singular assembler:laplace_single_layer_boundary:opencl: 0.5886595249176025s
bempp:HOST:DEBUG: Using cached Fmm Interface.
bempp:HOST:TIMING: Start operation: Singular assembler:modified_helmholtz_single_layer_boundary:opencl
bempp:HOST:TIMING: Finished Operation: Singular assembler:modified_helmholtz_single_layer_boundary:opencl: 1.460407018661499s
bempp:HOST:DEBUG: Using cached Fmm Interface.
bempp:HOST:TIMING: Start operation: Singular assembler:modified_helmholtz_hypersingular_boundary:opencl
bempp:HOST:TIMING: Finished Operation: Singular assembler:modified_helmholtz_hypersingular_boundary:opencl: 1.7803289890289307s
bempp:HOST:DEBUG: Using cached Fmm Interface.
bempp:HOST:TIMING: Start operation: Singular assembler:laplace_hypersingular_boundary:opencl
bempp:HOST:TIMING: Finished Operation: Singular assembler:laplace_hypersingular_boundary:opencl: 0.41869020462036133s
bempp:HOST:TIMING: Start operation: 
bempp:HOST:TIMING: Finished Operation: : 0.3928813934326172s
bempp:HOST:TIMING: assemble_sparse : 4.070e-01s
bempp:HOST:DEBUG: Using cached Fmm Interface.
bempp:HOST:TIMING: Start operation: Singular assembler:laplace_adjoint_double_layer_boundary:opencl
bempp:HOST:TIMING: Finished Operation: Singular assembler:laplace_adjoint_double_layer_boundary:opencl: 0.6515536308288574s
bempp:HOST:DEBUG: Using cached Fmm Interface.
bempp:HOST:TIMING: Start operation: Singular assembler:modified_helmholtz_adjoint_double_layer_boundary:opencl
bempp:HOST:TIMING: Finished Operation: Singular assembler:modified_helmholtz_adjoint_double_layer_boundary:opencl: 1.553678274154663s
bempp:HOST:TIMING: _Solver.solve : 2.266e-01s
bempp:HOST:TIMING: _Solver.solve : 2.568e-02s
bempp:HOST:TIMING: Start operation: Evaluating Fmm.
bempp:HOST:TIMING: Start operation: Calling ExaFMM.
bempp:HOST:TIMING: Finished Operation: Calling ExaFMM.: 0.15278959274291992s
bempp:HOST:TIMING: Start operation: Singular Corrections Evaluator
bempp:HOST:TIMING: Finished Operation: Singular Corrections Evaluator: 0.10298824310302734s
bempp:HOST:TIMING: Finished Operation: Evaluating Fmm.: 0.29670119285583496s
bempp:HOST:TIMING: Start operation: Evaluating Fmm.
bempp:HOST:TIMING: Start operation: Calling ExaFMM.
bempp:HOST:TIMING: Finished Operation: Calling ExaFMM.: 0.12514519691467285s
bempp:HOST:TIMING: Start operation: Singular Corrections Evaluator
bempp:HOST:TIMING: Finished Operation: Singular Corrections Evaluator: 0.061542510986328125s
bempp:HOST:TIMING: Finished Operation: Evaluating Fmm.: 0.19208693504333496s
bempp:HOST:TIMING: Start operation: Evaluating Fmm.
bempp:HOST:TIMING: Start operation: Calling ExaFMM.
bempp:HOST:TIMING: Finished Operation: Calling ExaFMM.: 0.1248629093170166s
bempp:HOST:TIMING: Start operation: Singular Corrections Evaluator
bempp:HOST:TIMING: Finished Operation: Singular Corrections Evaluator: 0.0893394947052002s
bempp:HOST:TIMING: Finished Operation: Evaluating Fmm.: 0.22028708457946777s
bempp:HOST:TIMING: Start operation: Evaluating Fmm.
bempp:HOST:TIMING: Start operation: Calling ExaFMM.
bempp:HOST:TIMING: Finished Operation: Calling ExaFMM.: 0.41375207901000977s
bempp:HOST:TIMING: Start operation: Singular Corrections Evaluator
bempp:HOST:TIMING: Finished Operation: Singular Corrections Evaluator: 0.089385986328125s
bempp:HOST:TIMING: Finished Operation: Evaluating Fmm.: 0.5456852912902832s
bempp:HOST:TIMING: Start operation: Evaluating Fmm.
bempp:HOST:TIMING: Start operation: Calling ExaFMM.
bempp:HOST:TIMING: Finished Operation: Calling ExaFMM.: 0.358518123626709s
bempp:HOST:TIMING: Start operation: Singular Corrections Evaluator
bempp:HOST:TIMING: Finished Operation: Singular Corrections Evaluator: 0.08492422103881836s
bempp:HOST:TIMING: Finished Operation: Evaluating Fmm.: 0.449540376663208s
bempp:HOST:TIMING: Start operation: Evaluating Fmm.
bempp:HOST:TIMING: Start operation: Calling ExaFMM.
bempp:HOST:TIMING: Finished Operation: Calling ExaFMM.: 0.358691930770874s
bempp:HOST:TIMING: Start operation: Singular Corrections Evaluator
bempp:HOST:TIMING: Finished Operation: Singular Corrections Evaluator: 0.06728386878967285s
bempp:HOST:TIMING: Finished Operation: Evaluating Fmm.: 0.4312422275543213s
bempp:HOST:TIMING: Start operation: Evaluating Fmm.
bempp:HOST:TIMING: Start operation: Calling ExaFMM.
bempp:HOST:TIMING: Finished Operation: Calling ExaFMM.: 0.12490677833557129s
bempp:HOST:TIMING: Start operation: Singular Corrections Evaluator
bempp:HOST:TIMING: Finished Operation: Singular Corrections Evaluator: 0.07574868202209473s
bempp:HOST:TIMING: Finished Operation: Evaluating Fmm.: 0.20662975311279297s
bempp:HOST:TIMING: Start operation: Evaluating Fmm.
bempp:HOST:TIMING: Start operation: Calling ExaFMM.
bempp:HOST:TIMING: Finished Operation: Calling ExaFMM.: 0.35701608657836914s
bempp:HOST:TIMING: Start operation: Singular Corrections Evaluator
bempp:HOST:TIMING: Finished Operation: Singular Corrections Evaluator: 0.1644148826599121s
bempp:HOST:TIMING: Finished Operation: Evaluating Fmm.: 0.5272054672241211s
bempp:HOST:TIMING: Start operation: Evaluating Fmm.
bempp:HOST:TIMING: Start operation: Calling ExaFMM.
bempp:HOST:TIMING: Finished Operation: Calling ExaFMM.: 0.3574199676513672s
bempp:HOST:TIMING: Start operation: Singular Corrections Evaluator
bempp:HOST:TIMING: Finished Operation: Singular Corrections Evaluator: 0.11806082725524902s
bempp:HOST:TIMING: Finished Operation: Evaluating Fmm.: 0.4807617664337158s
bempp:HOST:TIMING: Start operation: Evaluating Fmm.
bempp:HOST:TIMING: Start operation: Calling ExaFMM.
bempp:HOST:TIMING: Finished Operation: Calling ExaFMM.: 0.35768985748291016s
bempp:HOST:TIMING: Start operation: Singular Corrections Evaluator
bempp:HOST:TIMING: Finished Operation: Singular Corrections Evaluator: 0.10524821281433105s
bempp:HOST:TIMING: Finished Operation: Evaluating Fmm.: 0.4681661128997803s
bempp:HOST:TIMING: Start operation: Evaluating Fmm.
bempp:HOST:TIMING: Start operation: Calling ExaFMM.
bempp:HOST:TIMING: Finished Operation: Calling ExaFMM.: 0.3581075668334961s
bempp:HOST:TIMING: Start operation: Singular Corrections Evaluator
bempp:HOST:TIMING: Finished Operation: Singular Corrections Evaluator: 0.10884642601013184s
bempp:HOST:TIMING: Finished Operation: Evaluating Fmm.: 0.4723670482635498s
bempp:HOST:TIMING: Start operation: Evaluating Fmm.
bempp:HOST:TIMING: Start operation: Calling ExaFMM.
bempp:HOST:TIMING: Finished Operation: Calling ExaFMM.: 0.3767681121826172s
bempp:HOST:TIMING: Start operation: Singular Corrections Evaluator
bempp:HOST:TIMING: Finished Operation: Singular Corrections Evaluator: 0.09587955474853516s
bempp:HOST:TIMING: Finished Operation: Evaluating Fmm.: 0.4787776470184326s
bempp:HOST:TIMING: Start operation: Evaluating Fmm.
bempp:HOST:TIMING: Start operation: Calling ExaFMM.
bempp:HOST:TIMING: Finished Operation: Calling ExaFMM.: 0.36769914627075195s
bempp:HOST:TIMING: Start operation: Singular Corrections Evaluator
bempp:HOST:TIMING: Finished Operation: Singular Corrections Evaluator: 0.09255003929138184s
bempp:HOST:TIMING: Finished Operation: Evaluating Fmm.: 0.46753358840942383s
bempp:HOST:TIMING: Start operation: Evaluating Fmm.
bempp:HOST:TIMING: Start operation: Calling ExaFMM.
bempp:HOST:TIMING: Finished Operation: Calling ExaFMM.: 0.39921045303344727s
bempp:HOST:TIMING: Start operation: Singular Corrections Evaluator
bempp:HOST:TIMING: Finished Operation: Singular Corrections Evaluator: 0.10611414909362793s
bempp:HOST:TIMING: Finished Operation: Evaluating Fmm.: 0.512178897857666s
bempp:HOST:TIMING: Start operation: Evaluating Fmm.
bempp:HOST:TIMING: Start operation: Calling ExaFMM.
bempp:HOST:TIMING: Finished Operation: Calling ExaFMM.: 0.13592028617858887s
bempp:HOST:TIMING: Start operation: Singular Corrections Evaluator
bempp:HOST:TIMING: Finished Operation: Singular Corrections Evaluator: 0.06797075271606445s
bempp:HOST:TIMING: Finished Operation: Evaluating Fmm.: 0.22774648666381836s
bempp:HOST:TIMING: Start operation: Evaluating Fmm.
bempp:HOST:TIMING: Start operation: Calling ExaFMM.
bempp:HOST:TIMING: Finished Operation: Calling ExaFMM.: 0.12612676620483398s
bempp:HOST:TIMING: Start operation: Singular Corrections Evaluator
bempp:HOST:TIMING: Finished Operation: Singular Corrections Evaluator: 0.07006692886352539s
bempp:HOST:TIMING: Finished Operation: Evaluating Fmm.: 0.20271825790405273s
bempp:HOST:TIMING: Start operation: Evaluating Fmm.
bempp:HOST:TIMING: Start operation: Calling ExaFMM.
bempp:HOST:TIMING: Finished Operation: Calling ExaFMM.: 0.1251213550567627s
bempp:HOST:TIMING: Start operation: Singular Corrections Evaluator
bempp:HOST:TIMING: Finished Operation: Singular Corrections Evaluator: 0.0767207145690918s
bempp:HOST:TIMING: Finished Operation: Evaluating Fmm.: 0.20816469192504883s
bempp:HOST:TIMING: Start operation: Evaluating Fmm.
bempp:HOST:TIMING: Start operation: Calling ExaFMM.
bempp:HOST:TIMING: Finished Operation: Calling ExaFMM.: 0.12511277198791504s
bempp:HOST:TIMING: Start operation: Singular Corrections Evaluator
bempp:HOST:TIMING: Finished Operation: Singular Corrections Evaluator: 0.09644961357116699s
bempp:HOST:TIMING: Finished Operation: Evaluating Fmm.: 0.22794127464294434s
bempp:HOST:TIMING: Start operation: Evaluating Fmm.
bempp:HOST:TIMING: Start operation: Calling ExaFMM.
bempp:HOST:TIMING: Finished Operation: Calling ExaFMM.: 0.36460256576538086s
bempp:HOST:TIMING: Start operation: Singular Corrections Evaluator
bempp:HOST:TIMING: Finished Operation: Singular Corrections Evaluator: 0.1426229476928711s
bempp:HOST:TIMING: Finished Operation: Evaluating Fmm.: 0.5136141777038574s
bempp:HOST:TIMING: _Solver.solve : 4.064e-02s
bempp:HOST:TIMING: _Solver.solve : 3.387e-02s
bempp:HOST:TIMING: Start operation: Evaluating Fmm.
bempp:HOST:TIMING: Start operation: Calling ExaFMM.
bempp:HOST:TIMING: Finished Operation: Calling ExaFMM.: 0.1250159740447998s
bempp:HOST:TIMING: Start operation: Singular Corrections Evaluator
bempp:HOST:TIMING: Finished Operation: Singular Corrections Evaluator: 0.10540914535522461s
bempp:HOST:TIMING: Finished Operation: Evaluating Fmm.: 0.23676800727844238s
bempp:HOST:TIMING: Start operation: Evaluating Fmm.
bempp:HOST:TIMING: Start operation: Calling ExaFMM.
bempp:HOST:TIMING: Finished Operation: Calling ExaFMM.: 0.12545037269592285s
bempp:HOST:TIMING: Start operation: Singular Corrections Evaluator
bempp:HOST:TIMING: Finished Operation: Singular Corrections Evaluator: 0.08050394058227539s
bempp:HOST:TIMING: Finished Operation: Evaluating Fmm.: 0.21213531494140625s
bempp:HOST:TIMING: Start operation: Evaluating Fmm.
bempp:HOST:TIMING: Start operation: Calling ExaFMM.
bempp:HOST:TIMING: Finished Operation: Calling ExaFMM.: 0.13264822959899902s
bempp:HOST:TIMING: Start operation: Singular Corrections Evaluator
bempp:HOST:TIMING: Finished Operation: Singular Corrections Evaluator: 0.09929037094116211s
bempp:HOST:TIMING: Finished Operation: Evaluating Fmm.: 0.23855805397033691s
bempp:HOST:TIMING: Start operation: Evaluating Fmm.
bempp:HOST:TIMING: Start operation: Calling ExaFMM.
bempp:HOST:TIMING: Finished Operation: Calling ExaFMM.: 0.3662679195404053s
bempp:HOST:TIMING: Start operation: Singular Corrections Evaluator
bempp:HOST:TIMING: Finished Operation: Singular Corrections Evaluator: 0.1182546615600586s
bempp:HOST:TIMING: Finished Operation: Evaluating Fmm.: 0.4905846118927002s
bempp:HOST:TIMING: Start operation: Evaluating Fmm.
bempp:HOST:TIMING: Start operation: Calling ExaFMM.
bempp:HOST:TIMING: Finished Operation: Calling ExaFMM.: 0.5001108646392822s
bempp:HOST:TIMING: Start operation: Singular Corrections Evaluator
bempp:HOST:TIMING: Finished Operation: Singular Corrections Evaluator: 0.11623930931091309s
bempp:HOST:TIMING: Finished Operation: Evaluating Fmm.: 0.6231486797332764s
bempp:HOST:TIMING: Start operation: Evaluating Fmm.
bempp:HOST:TIMING: Start operation: Calling ExaFMM.
bempp:HOST:TIMING: Finished Operation: Calling ExaFMM.: 0.3657965660095215s
bempp:HOST:TIMING: Start operation: Singular Corrections Evaluator
bempp:HOST:TIMING: Finished Operation: Singular Corrections Evaluator: 0.1206200122833252s
bempp:HOST:TIMING: Finished Operation: Evaluating Fmm.: 0.49339747428894043s
bempp:HOST:TIMING: Start operation: Evaluating Fmm.
bempp:HOST:TIMING: Start operation: Calling ExaFMM.
bempp:HOST:TIMING: Finished Operation: Calling ExaFMM.: 0.12513303756713867s
bempp:HOST:TIMING: Start operation: Singular Corrections Evaluator
bempp:HOST:TIMING: Finished Operation: Singular Corrections Evaluator: 0.10508608818054199s
bempp:HOST:TIMING: Finished Operation: Evaluating Fmm.: 0.23635435104370117s
bempp:HOST:TIMING: Start operation: Evaluating Fmm.
bempp:HOST:TIMING: Start operation: Calling ExaFMM.
bempp:HOST:TIMING: Finished Operation: Calling ExaFMM.: 0.362227201461792s
bempp:HOST:TIMING: Start operation: Singular Corrections Evaluator
bempp:HOST:TIMING: Finished Operation: Singular Corrections Evaluator: 0.16791248321533203s
bempp:HOST:TIMING: Finished Operation: Evaluating Fmm.: 0.5364644527435303s
bempp:HOST:TIMING: Start operation: Evaluating Fmm.
bempp:HOST:TIMING: Start operation: Calling ExaFMM.
bempp:HOST:TIMING: Finished Operation: Calling ExaFMM.: 0.36624884605407715s
bempp:HOST:TIMING: Start operation: Singular Corrections Evaluator
bempp:HOST:TIMING: Finished Operation: Singular Corrections Evaluator: 0.13332343101501465s
bempp:HOST:TIMING: Finished Operation: Evaluating Fmm.: 0.506317138671875s
bempp:HOST:TIMING: Start operation: Evaluating Fmm.
bempp:HOST:TIMING: Start operation: Calling ExaFMM.
bempp:HOST:TIMING: Finished Operation: Calling ExaFMM.: 0.3740115165710449s
bempp:HOST:TIMING: Start operation: Singular Corrections Evaluator
bempp:HOST:TIMING: Finished Operation: Singular Corrections Evaluator: 0.10975980758666992s
bempp:HOST:TIMING: Finished Operation: Evaluating Fmm.: 0.4898045063018799s
bempp:HOST:TIMING: Start operation: Evaluating Fmm.
bempp:HOST:TIMING: Start operation: Calling ExaFMM.
bempp:HOST:TIMING: Finished Operation: Calling ExaFMM.: 0.36441826820373535s
bempp:HOST:TIMING: Start operation: Singular Corrections Evaluator
bempp:HOST:TIMING: Finished Operation: Singular Corrections Evaluator: 0.10557365417480469s
bempp:HOST:TIMING: Finished Operation: Evaluating Fmm.: 0.4762442111968994s
bempp:HOST:TIMING: Start operation: Evaluating Fmm.
bempp:HOST:TIMING: Start operation: Calling ExaFMM.
bempp:HOST:TIMING: Finished Operation: Calling ExaFMM.: 0.3637692928314209s
bempp:HOST:TIMING: Start operation: Singular Corrections Evaluator
bempp:HOST:TIMING: Finished Operation: Singular Corrections Evaluator: 0.1254284381866455s
bempp:HOST:TIMING: Finished Operation: Evaluating Fmm.: 0.49487900733947754s
bempp:HOST:TIMING: Start operation: Evaluating Fmm.
bempp:HOST:TIMING: Start operation: Calling ExaFMM.
bempp:HOST:TIMING: Finished Operation: Calling ExaFMM.: 0.3651456832885742s
bempp:HOST:TIMING: Start operation: Singular Corrections Evaluator
bempp:HOST:TIMING: Finished Operation: Singular Corrections Evaluator: 0.1364588737487793s
bempp:HOST:TIMING: Finished Operation: Evaluating Fmm.: 0.5084469318389893s
bempp:HOST:TIMING: Start operation: Evaluating Fmm.
bempp:HOST:TIMING: Start operation: Calling ExaFMM.
bempp:HOST:TIMING: Finished Operation: Calling ExaFMM.: 0.3810694217681885s
bempp:HOST:TIMING: Start operation: Singular Corrections Evaluator
bempp:HOST:TIMING: Finished Operation: Singular Corrections Evaluator: 0.13786864280700684s
bempp:HOST:TIMING: Finished Operation: Evaluating Fmm.: 0.5253860950469971s
bempp:HOST:TIMING: Start operation: Evaluating Fmm.
bempp:HOST:TIMING: Start operation: Calling ExaFMM.
bempp:HOST:TIMING: Finished Operation: Calling ExaFMM.: 0.13740015029907227s
bempp:HOST:TIMING: Start operation: Singular Corrections Evaluator
bempp:HOST:TIMING: Finished Operation: Singular Corrections Evaluator: 0.08901476860046387s
bempp:HOST:TIMING: Finished Operation: Evaluating Fmm.: 0.24497437477111816s
bempp:HOST:TIMING: Start operation: Evaluating Fmm.
bempp:HOST:TIMING: Start operation: Calling ExaFMM.
bempp:HOST:TIMING: Finished Operation: Calling ExaFMM.: 0.12517595291137695s
bempp:HOST:TIMING: Start operation: Singular Corrections Evaluator
bempp:HOST:TIMING: Finished Operation: Singular Corrections Evaluator: 0.10745668411254883s
bempp:HOST:TIMING: Finished Operation: Evaluating Fmm.: 0.23956799507141113s
bempp:HOST:TIMING: Start operation: Evaluating Fmm.
bempp:HOST:TIMING: Start operation: Calling ExaFMM.
bempp:HOST:TIMING: Finished Operation: Calling ExaFMM.: 0.12617731094360352s
bempp:HOST:TIMING: Start operation: Singular Corrections Evaluator
bempp:HOST:TIMING: Finished Operation: Singular Corrections Evaluator: 0.0799710750579834s
bempp:HOST:TIMING: Finished Operation: Evaluating Fmm.: 0.2146768569946289s
bempp:HOST:TIMING: Start operation: Evaluating Fmm.
bempp:HOST:TIMING: Start operation: Calling ExaFMM.
bempp:HOST:TIMING: Finished Operation: Calling ExaFMM.: 0.1254267692565918s
bempp:HOST:TIMING: Start operation: Singular Corrections Evaluator
bempp:HOST:TIMING: Finished Operation: Singular Corrections Evaluator: 0.10930323600769043s
bempp:HOST:TIMING: Finished Operation: Evaluating Fmm.: 0.2412426471710205s
bempp:HOST:TIMING: Start operation: Evaluating Fmm.
bempp:HOST:TIMING: Start operation: Calling ExaFMM.
bempp:HOST:TIMING: Finished Operation: Calling ExaFMM.: 0.37665486335754395s
bempp:HOST:TIMING: Start operation: Singular Corrections Evaluator
bempp:HOST:TIMING: Finished Operation: Singular Corrections Evaluator: 0.10958170890808105s
bempp:HOST:TIMING: Finished Operation: Evaluating Fmm.: 0.4931035041809082s
bempp:HOST:TIMING: _Solver.solve : 2.555e-01s
bempp:HOST:TIMING: _Solver.solve : 2.604e-02s
bempp:HOST:TIMING: Start operation: Evaluating Fmm.
bempp:HOST:TIMING: Start operation: Calling ExaFMM.
bempp:HOST:TIMING: Finished Operation: Calling ExaFMM.: 0.12573742866516113s
bempp:HOST:TIMING: Start operation: Singular Corrections Evaluator
bempp:HOST:TIMING: Finished Operation: Singular Corrections Evaluator: 0.0673055648803711s
bempp:HOST:TIMING: Finished Operation: Evaluating Fmm.: 0.19987273216247559s
bempp:HOST:TIMING: Start operation: Evaluating Fmm.
bempp:HOST:TIMING: Start operation: Calling ExaFMM.
bempp:HOST:TIMING: Finished Operation: Calling ExaFMM.: 0.12480759620666504s
bempp:HOST:TIMING: Start operation: Singular Corrections Evaluator
bempp:HOST:TIMING: Finished Operation: Singular Corrections Evaluator: 0.059474945068359375s
bempp:HOST:TIMING: Finished Operation: Evaluating Fmm.: 0.19055724143981934s
bempp:HOST:TIMING: Start operation: Evaluating Fmm.
bempp:HOST:TIMING: Start operation: Calling ExaFMM.
bempp:HOST:TIMING: Finished Operation: Calling ExaFMM.: 0.1252737045288086s
bempp:HOST:TIMING: Start operation: Singular Corrections Evaluator
bempp:HOST:TIMING: Finished Operation: Singular Corrections Evaluator: 0.09811568260192871s
bempp:HOST:TIMING: Finished Operation: Evaluating Fmm.: 0.22982287406921387s
bempp:HOST:TIMING: Start operation: Evaluating Fmm.
bempp:HOST:TIMING: Start operation: Calling ExaFMM.
bempp:HOST:TIMING: Finished Operation: Calling ExaFMM.: 0.36844348907470703s
bempp:HOST:TIMING: Start operation: Singular Corrections Evaluator
bempp:HOST:TIMING: Finished Operation: Singular Corrections Evaluator: 0.10702919960021973s
bempp:HOST:TIMING: Finished Operation: Evaluating Fmm.: 0.481339693069458s
bempp:HOST:TIMING: Start operation: Evaluating Fmm.
bempp:HOST:TIMING: Start operation: Calling ExaFMM.
bempp:HOST:TIMING: Finished Operation: Calling ExaFMM.: 0.36490321159362793s
bempp:HOST:TIMING: Start operation: Singular Corrections Evaluator
bempp:HOST:TIMING: Finished Operation: Singular Corrections Evaluator: 0.12481832504272461s
bempp:HOST:TIMING: Finished Operation: Evaluating Fmm.: 0.4960310459136963s
bempp:HOST:TIMING: Start operation: Evaluating Fmm.
bempp:HOST:TIMING: Start operation: Calling ExaFMM.
bempp:HOST:TIMING: Finished Operation: Calling ExaFMM.: 0.3635215759277344s
bempp:HOST:TIMING: Start operation: Singular Corrections Evaluator
bempp:HOST:TIMING: Finished Operation: Singular Corrections Evaluator: 0.13091659545898438s
bempp:HOST:TIMING: Finished Operation: Evaluating Fmm.: 0.5006160736083984s
bempp:HOST:TIMING: Start operation: Evaluating Fmm.
bempp:HOST:TIMING: Start operation: Calling ExaFMM.
bempp:HOST:TIMING: Finished Operation: Calling ExaFMM.: 0.12525320053100586s
bempp:HOST:TIMING: Start operation: Singular Corrections Evaluator
bempp:HOST:TIMING: Finished Operation: Singular Corrections Evaluator: 0.13654375076293945s
bempp:HOST:TIMING: Finished Operation: Evaluating Fmm.: 0.26753735542297363s
bempp:HOST:TIMING: Start operation: Evaluating Fmm.
bempp:HOST:TIMING: Start operation: Calling ExaFMM.
bempp:HOST:TIMING: Finished Operation: Calling ExaFMM.: 0.3652000427246094s
bempp:HOST:TIMING: Start operation: Singular Corrections Evaluator
bempp:HOST:TIMING: Finished Operation: Singular Corrections Evaluator: 0.14812874794006348s
bempp:HOST:TIMING: Finished Operation: Evaluating Fmm.: 0.5193336009979248s
bempp:HOST:TIMING: Start operation: Evaluating Fmm.
bempp:HOST:TIMING: Start operation: Calling ExaFMM.
bempp:HOST:TIMING: Finished Operation: Calling ExaFMM.: 0.38726019859313965s
bempp:HOST:TIMING: Start operation: Singular Corrections Evaluator
bempp:HOST:TIMING: Finished Operation: Singular Corrections Evaluator: 0.07727718353271484s
bempp:HOST:TIMING: Finished Operation: Evaluating Fmm.: 0.4815051555633545s
bempp:HOST:TIMING: Start operation: Evaluating Fmm.
bempp:HOST:TIMING: Start operation: Calling ExaFMM.
bempp:HOST:TIMING: Finished Operation: Calling ExaFMM.: 0.47479891777038574s
bempp:HOST:TIMING: Start operation: Singular Corrections Evaluator
bempp:HOST:TIMING: Finished Operation: Singular Corrections Evaluator: 0.12067508697509766s
bempp:HOST:TIMING: Finished Operation: Evaluating Fmm.: 0.6014502048492432s
bempp:HOST:TIMING: Start operation: Evaluating Fmm.
bempp:HOST:TIMING: Start operation: Calling ExaFMM.
bempp:HOST:TIMING: Finished Operation: Calling ExaFMM.: 0.37703680992126465s
bempp:HOST:TIMING: Start operation: Singular Corrections Evaluator
bempp:HOST:TIMING: Finished Operation: Singular Corrections Evaluator: 0.15724492073059082s
bempp:HOST:TIMING: Finished Operation: Evaluating Fmm.: 0.5401606559753418s
bempp:HOST:TIMING: Start operation: Evaluating Fmm.
bempp:HOST:TIMING: Start operation: Calling ExaFMM.
bempp:HOST:TIMING: Finished Operation: Calling ExaFMM.: 0.3817458152770996s
bempp:HOST:TIMING: Start operation: Singular Corrections Evaluator
bempp:HOST:TIMING: Finished Operation: Singular Corrections Evaluator: 0.10074782371520996s
bempp:HOST:TIMING: Finished Operation: Evaluating Fmm.: 0.4903998374938965s
bempp:HOST:TIMING: Start operation: Evaluating Fmm.
bempp:HOST:TIMING: Start operation: Calling ExaFMM.
bempp:HOST:TIMING: Finished Operation: Calling ExaFMM.: 0.36139416694641113s
bempp:HOST:TIMING: Start operation: Singular Corrections Evaluator
bempp:HOST:TIMING: Finished Operation: Singular Corrections Evaluator: 0.1014397144317627s
bempp:HOST:TIMING: Finished Operation: Evaluating Fmm.: 0.4699418544769287s
bempp:HOST:TIMING: Start operation: Evaluating Fmm.
bempp:HOST:TIMING: Start operation: Calling ExaFMM.
bempp:HOST:TIMING: Finished Operation: Calling ExaFMM.: 0.3628847599029541s
bempp:HOST:TIMING: Start operation: Singular Corrections Evaluator
bempp:HOST:TIMING: Finished Operation: Singular Corrections Evaluator: 0.10399246215820312s
bempp:HOST:TIMING: Finished Operation: Evaluating Fmm.: 0.47322773933410645s
bempp:HOST:TIMING: Start operation: Evaluating Fmm.
bempp:HOST:TIMING: Start operation: Calling ExaFMM.
bempp:HOST:TIMING: Finished Operation: Calling ExaFMM.: 0.13009142875671387s
bempp:HOST:TIMING: Start operation: Singular Corrections Evaluator
bempp:HOST:TIMING: Finished Operation: Singular Corrections Evaluator: 0.0857083797454834s
bempp:HOST:TIMING: Finished Operation: Evaluating Fmm.: 0.22600269317626953s
bempp:HOST:TIMING: Start operation: Evaluating Fmm.
bempp:HOST:TIMING: Start operation: Calling ExaFMM.
bempp:HOST:TIMING: Finished Operation: Calling ExaFMM.: 0.12495160102844238s
bempp:HOST:TIMING: Start operation: Singular Corrections Evaluator
bempp:HOST:TIMING: Finished Operation: Singular Corrections Evaluator: 0.05831646919250488s
bempp:HOST:TIMING: Finished Operation: Evaluating Fmm.: 0.18924450874328613s
bempp:HOST:TIMING: Start operation: Evaluating Fmm.
bempp:HOST:TIMING: Start operation: Calling ExaFMM.
bempp:HOST:TIMING: Finished Operation: Calling ExaFMM.: 0.13158106803894043s
bempp:HOST:TIMING: Start operation: Singular Corrections Evaluator
bempp:HOST:TIMING: Finished Operation: Singular Corrections Evaluator: 0.07391095161437988s
bempp:HOST:TIMING: Finished Operation: Evaluating Fmm.: 0.21189665794372559s
bempp:HOST:TIMING: Start operation: Evaluating Fmm.
bempp:HOST:TIMING: Start operation: Calling ExaFMM.
bempp:HOST:TIMING: Finished Operation: Calling ExaFMM.: 0.12509512901306152s
bempp:HOST:TIMING: Start operation: Singular Corrections Evaluator
bempp:HOST:TIMING: Finished Operation: Singular Corrections Evaluator: 0.07468223571777344s
bempp:HOST:TIMING: Finished Operation: Evaluating Fmm.: 0.2056598663330078s
bempp:HOST:TIMING: Start operation: Evaluating Fmm.
bempp:HOST:TIMING: Start operation: Calling ExaFMM.
bempp:HOST:TIMING: Finished Operation: Calling ExaFMM.: 0.36264657974243164s
bempp:HOST:TIMING: Start operation: Singular Corrections Evaluator
bempp:HOST:TIMING: Finished Operation: Singular Corrections Evaluator: 0.14892864227294922s
bempp:HOST:TIMING: Finished Operation: Evaluating Fmm.: 0.5177252292633057s
bempp:HOST:TIMING: _Solver.solve : 4.173e-02s
bempp:HOST:TIMING: _Solver.solve : 2.957e-02s
bempp:HOST:INFO: GMRES Iteration 1 with residual 0.0679491465100981
bempp:HOST:TIMING: Start operation: Evaluating Fmm.
bempp:HOST:TIMING: Start operation: Calling ExaFMM.
bempp:HOST:TIMING: Finished Operation: Calling ExaFMM.: 0.1251664161682129s
bempp:HOST:TIMING: Start operation: Singular Corrections Evaluator
bempp:HOST:TIMING: Finished Operation: Singular Corrections Evaluator: 0.07978224754333496s
bempp:HOST:TIMING: Finished Operation: Evaluating Fmm.: 0.21175098419189453s
bempp:HOST:TIMING: Start operation: Evaluating Fmm.
bempp:HOST:TIMING: Start operation: Calling ExaFMM.
bempp:HOST:TIMING: Finished Operation: Calling ExaFMM.: 0.12502503395080566s
bempp:HOST:TIMING: Start operation: Singular Corrections Evaluator
bempp:HOST:TIMING: Finished Operation: Singular Corrections Evaluator: 0.08381533622741699s
bempp:HOST:TIMING: Finished Operation: Evaluating Fmm.: 0.21508312225341797s
bempp:HOST:TIMING: Start operation: Evaluating Fmm.
bempp:HOST:TIMING: Start operation: Calling ExaFMM.
bempp:HOST:TIMING: Finished Operation: Calling ExaFMM.: 0.12519550323486328s
bempp:HOST:TIMING: Start operation: Singular Corrections Evaluator
bempp:HOST:TIMING: Finished Operation: Singular Corrections Evaluator: 0.1055457592010498s
bempp:HOST:TIMING: Finished Operation: Evaluating Fmm.: 0.23624920845031738s
bempp:HOST:TIMING: Start operation: Evaluating Fmm.
bempp:HOST:TIMING: Start operation: Calling ExaFMM.
bempp:HOST:TIMING: Finished Operation: Calling ExaFMM.: 0.36942219734191895s
bempp:HOST:TIMING: Start operation: Singular Corrections Evaluator
bempp:HOST:TIMING: Finished Operation: Singular Corrections Evaluator: 0.09766864776611328s
bempp:HOST:TIMING: Finished Operation: Evaluating Fmm.: 0.47309088706970215s
bempp:HOST:TIMING: Start operation: Evaluating Fmm.
bempp:HOST:TIMING: Start operation: Calling ExaFMM.
bempp:HOST:TIMING: Finished Operation: Calling ExaFMM.: 0.37317562103271484s
bempp:HOST:TIMING: Start operation: Singular Corrections Evaluator
bempp:HOST:TIMING: Finished Operation: Singular Corrections Evaluator: 0.12417769432067871s
bempp:HOST:TIMING: Finished Operation: Evaluating Fmm.: 0.5040774345397949s
bempp:HOST:TIMING: Start operation: Evaluating Fmm.
bempp:HOST:TIMING: Start operation: Calling ExaFMM.
bempp:HOST:TIMING: Finished Operation: Calling ExaFMM.: 0.37816429138183594s
bempp:HOST:TIMING: Start operation: Singular Corrections Evaluator
bempp:HOST:TIMING: Finished Operation: Singular Corrections Evaluator: 0.19118928909301758s
bempp:HOST:TIMING: Finished Operation: Evaluating Fmm.: 0.576331377029419s
bempp:HOST:TIMING: Start operation: Evaluating Fmm.
bempp:HOST:TIMING: Start operation: Calling ExaFMM.
bempp:HOST:TIMING: Finished Operation: Calling ExaFMM.: 0.1385958194732666s
bempp:HOST:TIMING: Start operation: Singular Corrections Evaluator
bempp:HOST:TIMING: Finished Operation: Singular Corrections Evaluator: 0.11373400688171387s
bempp:HOST:TIMING: Finished Operation: Evaluating Fmm.: 0.2771737575531006s
bempp:HOST:TIMING: Start operation: Evaluating Fmm.
bempp:HOST:TIMING: Start operation: Calling ExaFMM.
bempp:HOST:TIMING: Finished Operation: Calling ExaFMM.: 0.36534786224365234s
bempp:HOST:TIMING: Start operation: Singular Corrections Evaluator
bempp:HOST:TIMING: Finished Operation: Singular Corrections Evaluator: 0.11345863342285156s
bempp:HOST:TIMING: Finished Operation: Evaluating Fmm.: 0.48499035835266113s
bempp:HOST:TIMING: Start operation: Evaluating Fmm.
bempp:HOST:TIMING: Start operation: Calling ExaFMM.
bempp:HOST:TIMING: Finished Operation: Calling ExaFMM.: 0.36149096488952637s
bempp:HOST:TIMING: Start operation: Singular Corrections Evaluator
bempp:HOST:TIMING: Finished Operation: Singular Corrections Evaluator: 0.10678434371948242s
bempp:HOST:TIMING: Finished Operation: Evaluating Fmm.: 0.4751272201538086s
bempp:HOST:TIMING: Start operation: Evaluating Fmm.
bempp:HOST:TIMING: Start operation: Calling ExaFMM.
bempp:HOST:TIMING: Finished Operation: Calling ExaFMM.: 0.36698198318481445s
bempp:HOST:TIMING: Start operation: Singular Corrections Evaluator
bempp:HOST:TIMING: Finished Operation: Singular Corrections Evaluator: 0.09392786026000977s
bempp:HOST:TIMING: Finished Operation: Evaluating Fmm.: 0.4728367328643799s
bempp:HOST:TIMING: Start operation: Evaluating Fmm.
bempp:HOST:TIMING: Start operation: Calling ExaFMM.
bempp:HOST:TIMING: Finished Operation: Calling ExaFMM.: 0.36209797859191895s
bempp:HOST:TIMING: Start operation: Singular Corrections Evaluator
bempp:HOST:TIMING: Finished Operation: Singular Corrections Evaluator: 0.10991024971008301s
bempp:HOST:TIMING: Finished Operation: Evaluating Fmm.: 0.47791266441345215s
bempp:HOST:TIMING: Start operation: Evaluating Fmm.
bempp:HOST:TIMING: Start operation: Calling ExaFMM.
bempp:HOST:TIMING: Finished Operation: Calling ExaFMM.: 0.3591790199279785s
bempp:HOST:TIMING: Start operation: Singular Corrections Evaluator
bempp:HOST:TIMING: Finished Operation: Singular Corrections Evaluator: 0.14762449264526367s
bempp:HOST:TIMING: Finished Operation: Evaluating Fmm.: 0.5125460624694824s
bempp:HOST:TIMING: Start operation: Evaluating Fmm.
bempp:HOST:TIMING: Start operation: Calling ExaFMM.
bempp:HOST:TIMING: Finished Operation: Calling ExaFMM.: 0.39528822898864746s
bempp:HOST:TIMING: Start operation: Singular Corrections Evaluator
bempp:HOST:TIMING: Finished Operation: Singular Corrections Evaluator: 0.10029935836791992s
bempp:HOST:TIMING: Finished Operation: Evaluating Fmm.: 0.501936674118042s
bempp:HOST:TIMING: Start operation: Evaluating Fmm.
bempp:HOST:TIMING: Start operation: Calling ExaFMM.
bempp:HOST:TIMING: Finished Operation: Calling ExaFMM.: 0.42183423042297363s
bempp:HOST:TIMING: Start operation: Singular Corrections Evaluator
bempp:HOST:TIMING: Finished Operation: Singular Corrections Evaluator: 0.13212800025939941s
bempp:HOST:TIMING: Finished Operation: Evaluating Fmm.: 0.560807466506958s
bempp:HOST:TIMING: Start operation: Evaluating Fmm.
bempp:HOST:TIMING: Start operation: Calling ExaFMM.
bempp:HOST:TIMING: Finished Operation: Calling ExaFMM.: 0.13129329681396484s
bempp:HOST:TIMING: Start operation: Singular Corrections Evaluator
bempp:HOST:TIMING: Finished Operation: Singular Corrections Evaluator: 0.07725381851196289s
bempp:HOST:TIMING: Finished Operation: Evaluating Fmm.: 0.21519804000854492s
bempp:HOST:TIMING: Start operation: Evaluating Fmm.
bempp:HOST:TIMING: Start operation: Calling ExaFMM.
bempp:HOST:TIMING: Finished Operation: Calling ExaFMM.: 0.12481236457824707s
bempp:HOST:TIMING: Start operation: Singular Corrections Evaluator
bempp:HOST:TIMING: Finished Operation: Singular Corrections Evaluator: 0.08179688453674316s
bempp:HOST:TIMING: Finished Operation: Evaluating Fmm.: 0.2126302719116211s
bempp:HOST:TIMING: Start operation: Evaluating Fmm.
bempp:HOST:TIMING: Start operation: Calling ExaFMM.
bempp:HOST:TIMING: Finished Operation: Calling ExaFMM.: 0.12473297119140625s
bempp:HOST:TIMING: Start operation: Singular Corrections Evaluator
bempp:HOST:TIMING: Finished Operation: Singular Corrections Evaluator: 0.07649350166320801s
bempp:HOST:TIMING: Finished Operation: Evaluating Fmm.: 0.20727276802062988s
bempp:HOST:TIMING: Start operation: Evaluating Fmm.
bempp:HOST:TIMING: Start operation: Calling ExaFMM.
bempp:HOST:TIMING: Finished Operation: Calling ExaFMM.: 0.1248633861541748s
bempp:HOST:TIMING: Start operation: Singular Corrections Evaluator
bempp:HOST:TIMING: Finished Operation: Singular Corrections Evaluator: 0.07325387001037598s
bempp:HOST:TIMING: Finished Operation: Evaluating Fmm.: 0.20418262481689453s
bempp:HOST:TIMING: Start operation: Evaluating Fmm.
bempp:HOST:TIMING: Start operation: Calling ExaFMM.
bempp:HOST:TIMING: Finished Operation: Calling ExaFMM.: 0.36502695083618164s
bempp:HOST:TIMING: Start operation: Singular Corrections Evaluator
bempp:HOST:TIMING: Finished Operation: Singular Corrections Evaluator: 0.1029047966003418s
bempp:HOST:TIMING: Finished Operation: Evaluating Fmm.: 0.4745786190032959s
bempp:HOST:TIMING: _Solver.solve : 2.427e-01s
bempp:HOST:TIMING: _Solver.solve : 2.625e-02s
bempp:HOST:INFO: GMRES Iteration 2 with residual 0.01403719459238666
bempp:HOST:TIMING: Start operation: Evaluating Fmm.
bempp:HOST:TIMING: Start operation: Calling ExaFMM.
bempp:HOST:TIMING: Finished Operation: Calling ExaFMM.: 0.13129520416259766s
bempp:HOST:TIMING: Start operation: Singular Corrections Evaluator
bempp:HOST:TIMING: Finished Operation: Singular Corrections Evaluator: 0.06807136535644531s
bempp:HOST:TIMING: Finished Operation: Evaluating Fmm.: 0.2053205966949463s
bempp:HOST:TIMING: Start operation: Evaluating Fmm.
bempp:HOST:TIMING: Start operation: Calling ExaFMM.
bempp:HOST:TIMING: Finished Operation: Calling ExaFMM.: 0.1302947998046875s
bempp:HOST:TIMING: Start operation: Singular Corrections Evaluator
bempp:HOST:TIMING: Finished Operation: Singular Corrections Evaluator: 0.08479547500610352s
bempp:HOST:TIMING: Finished Operation: Evaluating Fmm.: 0.22152471542358398s
bempp:HOST:TIMING: Start operation: Evaluating Fmm.
bempp:HOST:TIMING: Start operation: Calling ExaFMM.
bempp:HOST:TIMING: Finished Operation: Calling ExaFMM.: 0.12490725517272949s
bempp:HOST:TIMING: Start operation: Singular Corrections Evaluator
bempp:HOST:TIMING: Finished Operation: Singular Corrections Evaluator: 0.11435151100158691s
bempp:HOST:TIMING: Finished Operation: Evaluating Fmm.: 0.24468350410461426s
bempp:HOST:TIMING: Start operation: Evaluating Fmm.
bempp:HOST:TIMING: Start operation: Calling ExaFMM.
bempp:HOST:TIMING: Finished Operation: Calling ExaFMM.: 0.3602917194366455s
bempp:HOST:TIMING: Start operation: Singular Corrections Evaluator
bempp:HOST:TIMING: Finished Operation: Singular Corrections Evaluator: 0.14614367485046387s
bempp:HOST:TIMING: Finished Operation: Evaluating Fmm.: 0.5120644569396973s
bempp:HOST:TIMING: Start operation: Evaluating Fmm.
bempp:HOST:TIMING: Start operation: Calling ExaFMM.
bempp:HOST:TIMING: Finished Operation: Calling ExaFMM.: 0.35788941383361816s
bempp:HOST:TIMING: Start operation: Singular Corrections Evaluator
bempp:HOST:TIMING: Finished Operation: Singular Corrections Evaluator: 0.1576099395751953s
bempp:HOST:TIMING: Finished Operation: Evaluating Fmm.: 0.5222415924072266s
bempp:HOST:TIMING: Start operation: Evaluating Fmm.
bempp:HOST:TIMING: Start operation: Calling ExaFMM.
bempp:HOST:TIMING: Finished Operation: Calling ExaFMM.: 0.3592677116394043s
bempp:HOST:TIMING: Start operation: Singular Corrections Evaluator
bempp:HOST:TIMING: Finished Operation: Singular Corrections Evaluator: 0.11430144309997559s
bempp:HOST:TIMING: Finished Operation: Evaluating Fmm.: 0.47916197776794434s
bempp:HOST:TIMING: Start operation: Evaluating Fmm.
bempp:HOST:TIMING: Start operation: Calling ExaFMM.
bempp:HOST:TIMING: Finished Operation: Calling ExaFMM.: 0.12518835067749023s
bempp:HOST:TIMING: Start operation: Singular Corrections Evaluator
bempp:HOST:TIMING: Finished Operation: Singular Corrections Evaluator: 0.11451268196105957s
bempp:HOST:TIMING: Finished Operation: Evaluating Fmm.: 0.24547529220581055s
bempp:HOST:TIMING: Start operation: Evaluating Fmm.
bempp:HOST:TIMING: Start operation: Calling ExaFMM.
bempp:HOST:TIMING: Finished Operation: Calling ExaFMM.: 0.35932087898254395s
bempp:HOST:TIMING: Start operation: Singular Corrections Evaluator
bempp:HOST:TIMING: Finished Operation: Singular Corrections Evaluator: 0.18382620811462402s
bempp:HOST:TIMING: Finished Operation: Evaluating Fmm.: 0.5492310523986816s
bempp:HOST:TIMING: Start operation: Evaluating Fmm.
bempp:HOST:TIMING: Start operation: Calling ExaFMM.
bempp:HOST:TIMING: Finished Operation: Calling ExaFMM.: 0.3662552833557129s
bempp:HOST:TIMING: Start operation: Singular Corrections Evaluator
bempp:HOST:TIMING: Finished Operation: Singular Corrections Evaluator: 0.12865328788757324s
bempp:HOST:TIMING: Finished Operation: Evaluating Fmm.: 0.5013539791107178s
bempp:HOST:TIMING: Start operation: Evaluating Fmm.
bempp:HOST:TIMING: Start operation: Calling ExaFMM.
bempp:HOST:TIMING: Finished Operation: Calling ExaFMM.: 0.3604390621185303s
bempp:HOST:TIMING: Start operation: Singular Corrections Evaluator
bempp:HOST:TIMING: Finished Operation: Singular Corrections Evaluator: 0.13707280158996582s
bempp:HOST:TIMING: Finished Operation: Evaluating Fmm.: 0.5034029483795166s
bempp:HOST:TIMING: Start operation: Evaluating Fmm.
bempp:HOST:TIMING: Start operation: Calling ExaFMM.
bempp:HOST:TIMING: Finished Operation: Calling ExaFMM.: 0.3761470317840576s
bempp:HOST:TIMING: Start operation: Singular Corrections Evaluator
bempp:HOST:TIMING: Finished Operation: Singular Corrections Evaluator: 0.14631080627441406s
bempp:HOST:TIMING: Finished Operation: Evaluating Fmm.: 0.5293879508972168s
bempp:HOST:TIMING: Start operation: Evaluating Fmm.
bempp:HOST:TIMING: Start operation: Calling ExaFMM.
bempp:HOST:TIMING: Finished Operation: Calling ExaFMM.: 0.36052966117858887s
bempp:HOST:TIMING: Start operation: Singular Corrections Evaluator
bempp:HOST:TIMING: Finished Operation: Singular Corrections Evaluator: 0.1569199562072754s
bempp:HOST:TIMING: Finished Operation: Evaluating Fmm.: 0.5231378078460693s
bempp:HOST:TIMING: Start operation: Evaluating Fmm.
bempp:HOST:TIMING: Start operation: Calling ExaFMM.
bempp:HOST:TIMING: Finished Operation: Calling ExaFMM.: 0.3595771789550781s
bempp:HOST:TIMING: Start operation: Singular Corrections Evaluator
bempp:HOST:TIMING: Finished Operation: Singular Corrections Evaluator: 0.12227559089660645s
bempp:HOST:TIMING: Finished Operation: Evaluating Fmm.: 0.48743319511413574s
bempp:HOST:TIMING: Start operation: Evaluating Fmm.
bempp:HOST:TIMING: Start operation: Calling ExaFMM.
bempp:HOST:TIMING: Finished Operation: Calling ExaFMM.: 0.3624081611633301s
bempp:HOST:TIMING: Start operation: Singular Corrections Evaluator
bempp:HOST:TIMING: Finished Operation: Singular Corrections Evaluator: 0.11364865303039551s
bempp:HOST:TIMING: Finished Operation: Evaluating Fmm.: 0.4826042652130127s
bempp:HOST:TIMING: Start operation: Evaluating Fmm.
bempp:HOST:TIMING: Start operation: Calling ExaFMM.
bempp:HOST:TIMING: Finished Operation: Calling ExaFMM.: 0.12481141090393066s
bempp:HOST:TIMING: Start operation: Singular Corrections Evaluator
bempp:HOST:TIMING: Finished Operation: Singular Corrections Evaluator: 0.0501408576965332s
bempp:HOST:TIMING: Finished Operation: Evaluating Fmm.: 0.18091869354248047s
bempp:HOST:TIMING: Start operation: Evaluating Fmm.
bempp:HOST:TIMING: Start operation: Calling ExaFMM.
bempp:HOST:TIMING: Finished Operation: Calling ExaFMM.: 0.12477779388427734s
bempp:HOST:TIMING: Start operation: Singular Corrections Evaluator
bempp:HOST:TIMING: Finished Operation: Singular Corrections Evaluator: 0.05795121192932129s
bempp:HOST:TIMING: Finished Operation: Evaluating Fmm.: 0.18850040435791016s
bempp:HOST:TIMING: Start operation: Evaluating Fmm.
bempp:HOST:TIMING: Start operation: Calling ExaFMM.
bempp:HOST:TIMING: Finished Operation: Calling ExaFMM.: 0.1247854232788086s
bempp:HOST:TIMING: Start operation: Singular Corrections Evaluator
bempp:HOST:TIMING: Finished Operation: Singular Corrections Evaluator: 0.0897514820098877s
bempp:HOST:TIMING: Finished Operation: Evaluating Fmm.: 0.2202746868133545s
bempp:HOST:TIMING: Start operation: Evaluating Fmm.
bempp:HOST:TIMING: Start operation: Calling ExaFMM.
bempp:HOST:TIMING: Finished Operation: Calling ExaFMM.: 0.12471961975097656s
bempp:HOST:TIMING: Start operation: Singular Corrections Evaluator
bempp:HOST:TIMING: Finished Operation: Singular Corrections Evaluator: 0.10261869430541992s
bempp:HOST:TIMING: Finished Operation: Evaluating Fmm.: 0.23323416709899902s
bempp:HOST:TIMING: Start operation: Evaluating Fmm.
bempp:HOST:TIMING: Start operation: Calling ExaFMM.
bempp:HOST:TIMING: Finished Operation: Calling ExaFMM.: 0.35941529273986816s
bempp:HOST:TIMING: Start operation: Singular Corrections Evaluator
bempp:HOST:TIMING: Finished Operation: Singular Corrections Evaluator: 0.12755656242370605s
bempp:HOST:TIMING: Finished Operation: Evaluating Fmm.: 0.49308109283447266s
bempp:HOST:TIMING: _Solver.solve : 3.729e-02s
bempp:HOST:TIMING: _Solver.solve : 2.505e-02s
bempp:HOST:INFO: GMRES Iteration 3 with residual 0.0009643830647687384
bempp:HOST:TIMING: Start operation: Evaluating Fmm.
bempp:HOST:TIMING: Start operation: Calling ExaFMM.
bempp:HOST:TIMING: Finished Operation: Calling ExaFMM.: 0.12494778633117676s
bempp:HOST:TIMING: Start operation: Singular Corrections Evaluator
bempp:HOST:TIMING: Finished Operation: Singular Corrections Evaluator: 0.09954285621643066s
bempp:HOST:TIMING: Finished Operation: Evaluating Fmm.: 0.22999334335327148s
bempp:HOST:TIMING: Start operation: Evaluating Fmm.
bempp:HOST:TIMING: Start operation: Calling ExaFMM.
bempp:HOST:TIMING: Finished Operation: Calling ExaFMM.: 0.12473702430725098s
bempp:HOST:TIMING: Start operation: Singular Corrections Evaluator
bempp:HOST:TIMING: Finished Operation: Singular Corrections Evaluator: 0.08544087409973145s
bempp:HOST:TIMING: Finished Operation: Evaluating Fmm.: 0.21664047241210938s
bempp:HOST:TIMING: Start operation: Evaluating Fmm.
bempp:HOST:TIMING: Start operation: Calling ExaFMM.
bempp:HOST:TIMING: Finished Operation: Calling ExaFMM.: 0.12516355514526367s
bempp:HOST:TIMING: Start operation: Singular Corrections Evaluator
bempp:HOST:TIMING: Finished Operation: Singular Corrections Evaluator: 0.08252310752868652s
bempp:HOST:TIMING: Finished Operation: Evaluating Fmm.: 0.21310877799987793s
bempp:HOST:TIMING: Start operation: Evaluating Fmm.
bempp:HOST:TIMING: Start operation: Calling ExaFMM.
bempp:HOST:TIMING: Finished Operation: Calling ExaFMM.: 0.36002397537231445s
bempp:HOST:TIMING: Start operation: Singular Corrections Evaluator
bempp:HOST:TIMING: Finished Operation: Singular Corrections Evaluator: 0.1053919792175293s
bempp:HOST:TIMING: Finished Operation: Evaluating Fmm.: 0.47147107124328613s
bempp:HOST:TIMING: Start operation: Evaluating Fmm.
bempp:HOST:TIMING: Start operation: Calling ExaFMM.
bempp:HOST:TIMING: Finished Operation: Calling ExaFMM.: 0.3585507869720459s
bempp:HOST:TIMING: Start operation: Singular Corrections Evaluator
bempp:HOST:TIMING: Finished Operation: Singular Corrections Evaluator: 0.10308313369750977s
bempp:HOST:TIMING: Finished Operation: Evaluating Fmm.: 0.46707844734191895s
bempp:HOST:TIMING: Start operation: Evaluating Fmm.
bempp:HOST:TIMING: Start operation: Calling ExaFMM.
bempp:HOST:TIMING: Finished Operation: Calling ExaFMM.: 0.35715413093566895s
bempp:HOST:TIMING: Start operation: Singular Corrections Evaluator
bempp:HOST:TIMING: Finished Operation: Singular Corrections Evaluator: 0.0986928939819336s
bempp:HOST:TIMING: Finished Operation: Evaluating Fmm.: 0.46128201484680176s
bempp:HOST:TIMING: Start operation: Evaluating Fmm.
bempp:HOST:TIMING: Start operation: Calling ExaFMM.
bempp:HOST:TIMING: Finished Operation: Calling ExaFMM.: 0.1259300708770752s
bempp:HOST:TIMING: Start operation: Singular Corrections Evaluator
bempp:HOST:TIMING: Finished Operation: Singular Corrections Evaluator: 0.12883687019348145s
bempp:HOST:TIMING: Finished Operation: Evaluating Fmm.: 0.2609703540802002s
bempp:HOST:TIMING: Start operation: Evaluating Fmm.
bempp:HOST:TIMING: Start operation: Calling ExaFMM.
bempp:HOST:TIMING: Finished Operation: Calling ExaFMM.: 0.3573753833770752s
bempp:HOST:TIMING: Start operation: Singular Corrections Evaluator
bempp:HOST:TIMING: Finished Operation: Singular Corrections Evaluator: 0.15081191062927246s
bempp:HOST:TIMING: Finished Operation: Evaluating Fmm.: 0.5145704746246338s
bempp:HOST:TIMING: Start operation: Evaluating Fmm.
bempp:HOST:TIMING: Start operation: Calling ExaFMM.
bempp:HOST:TIMING: Finished Operation: Calling ExaFMM.: 0.3687927722930908s
bempp:HOST:TIMING: Start operation: Singular Corrections Evaluator
bempp:HOST:TIMING: Finished Operation: Singular Corrections Evaluator: 0.13073444366455078s
bempp:HOST:TIMING: Finished Operation: Evaluating Fmm.: 0.5047998428344727s
bempp:HOST:TIMING: Start operation: Evaluating Fmm.
bempp:HOST:TIMING: Start operation: Calling ExaFMM.
bempp:HOST:TIMING: Finished Operation: Calling ExaFMM.: 0.36486053466796875s
bempp:HOST:TIMING: Start operation: Singular Corrections Evaluator
bempp:HOST:TIMING: Finished Operation: Singular Corrections Evaluator: 0.11329102516174316s
bempp:HOST:TIMING: Finished Operation: Evaluating Fmm.: 0.4841940402984619s
bempp:HOST:TIMING: Start operation: Evaluating Fmm.
bempp:HOST:TIMING: Start operation: Calling ExaFMM.
bempp:HOST:TIMING: Finished Operation: Calling ExaFMM.: 0.35868382453918457s
bempp:HOST:TIMING: Start operation: Singular Corrections Evaluator
bempp:HOST:TIMING: Finished Operation: Singular Corrections Evaluator: 0.09787392616271973s
bempp:HOST:TIMING: Finished Operation: Evaluating Fmm.: 0.46255016326904297s
bempp:HOST:TIMING: Start operation: Evaluating Fmm.
bempp:HOST:TIMING: Start operation: Calling ExaFMM.
bempp:HOST:TIMING: Finished Operation: Calling ExaFMM.: 0.3590712547302246s
bempp:HOST:TIMING: Start operation: Singular Corrections Evaluator
bempp:HOST:TIMING: Finished Operation: Singular Corrections Evaluator: 0.11544585227966309s
bempp:HOST:TIMING: Finished Operation: Evaluating Fmm.: 0.4806632995605469s
bempp:HOST:TIMING: Start operation: Evaluating Fmm.
bempp:HOST:TIMING: Start operation: Calling ExaFMM.
bempp:HOST:TIMING: Finished Operation: Calling ExaFMM.: 0.46886587142944336s
bempp:HOST:TIMING: Start operation: Singular Corrections Evaluator
bempp:HOST:TIMING: Finished Operation: Singular Corrections Evaluator: 0.2040085792541504s
bempp:HOST:TIMING: Finished Operation: Evaluating Fmm.: 0.6791565418243408s
bempp:HOST:TIMING: Start operation: Evaluating Fmm.
bempp:HOST:TIMING: Start operation: Calling ExaFMM.
bempp:HOST:TIMING: Finished Operation: Calling ExaFMM.: 0.3711426258087158s
bempp:HOST:TIMING: Start operation: Singular Corrections Evaluator
bempp:HOST:TIMING: Finished Operation: Singular Corrections Evaluator: 0.1439201831817627s
bempp:HOST:TIMING: Finished Operation: Evaluating Fmm.: 0.5221357345581055s
bempp:HOST:TIMING: Start operation: Evaluating Fmm.
bempp:HOST:TIMING: Start operation: Calling ExaFMM.
bempp:HOST:TIMING: Finished Operation: Calling ExaFMM.: 0.13007211685180664s
bempp:HOST:TIMING: Start operation: Singular Corrections Evaluator
bempp:HOST:TIMING: Finished Operation: Singular Corrections Evaluator: 0.05440664291381836s
bempp:HOST:TIMING: Finished Operation: Evaluating Fmm.: 0.1947767734527588s
bempp:HOST:TIMING: Start operation: Evaluating Fmm.
bempp:HOST:TIMING: Start operation: Calling ExaFMM.
bempp:HOST:TIMING: Finished Operation: Calling ExaFMM.: 0.12468814849853516s
bempp:HOST:TIMING: Start operation: Singular Corrections Evaluator
bempp:HOST:TIMING: Finished Operation: Singular Corrections Evaluator: 0.08534526824951172s
bempp:HOST:TIMING: Finished Operation: Evaluating Fmm.: 0.2159273624420166s
bempp:HOST:TIMING: Start operation: Evaluating Fmm.
bempp:HOST:TIMING: Start operation: Calling ExaFMM.
bempp:HOST:TIMING: Finished Operation: Calling ExaFMM.: 0.12501955032348633s
bempp:HOST:TIMING: Start operation: Singular Corrections Evaluator
bempp:HOST:TIMING: Finished Operation: Singular Corrections Evaluator: 0.11148190498352051s
bempp:HOST:TIMING: Finished Operation: Evaluating Fmm.: 0.24238371849060059s
bempp:HOST:TIMING: Start operation: Evaluating Fmm.
bempp:HOST:TIMING: Start operation: Calling ExaFMM.
bempp:HOST:TIMING: Finished Operation: Calling ExaFMM.: 0.12494587898254395s
bempp:HOST:TIMING: Start operation: Singular Corrections Evaluator
bempp:HOST:TIMING: Finished Operation: Singular Corrections Evaluator: 0.09654736518859863s
bempp:HOST:TIMING: Finished Operation: Evaluating Fmm.: 0.22736787796020508s
bempp:HOST:TIMING: Start operation: Evaluating Fmm.
bempp:HOST:TIMING: Start operation: Calling ExaFMM.
bempp:HOST:TIMING: Finished Operation: Calling ExaFMM.: 0.3594324588775635s
bempp:HOST:TIMING: Start operation: Singular Corrections Evaluator
bempp:HOST:TIMING: Finished Operation: Singular Corrections Evaluator: 0.12708759307861328s
bempp:HOST:TIMING: Finished Operation: Evaluating Fmm.: 0.4925823211669922s
bempp:HOST:TIMING: _Solver.solve : 3.634e-02s
bempp:HOST:TIMING: _Solver.solve : 2.492e-02s
bempp:HOST:INFO: GMRES Iteration 4 with residual 6.927204075941376e-05
bempp:HOST:TIMING: Start operation: Initialising Exafmm.
bempp:HOST:TIMING: Finished Operation: Initialising Exafmm.: 0.8785405158996582s
bempp:HOST:DEBUG: Using cached Fmm Interface.
bempp:HOST:TIMING: Start operation: Evaluating Fmm.
bempp:HOST:TIMING: Start operation: Calling ExaFMM.
bempp:HOST:TIMING: Finished Operation: Calling ExaFMM.: 0.03740406036376953s
bempp:HOST:TIMING: Finished Operation: Evaluating Fmm.: 0.03867912292480469s
bempp:HOST:TIMING: Start operation: Evaluating Fmm.
bempp:HOST:TIMING: Start operation: Calling ExaFMM.
bempp:HOST:TIMING: Finished Operation: Calling ExaFMM.: 0.031995296478271484s
bempp:HOST:TIMING: Finished Operation: Evaluating Fmm.: 0.03279709815979004s
bempp:HOST:TIMING: Start operation: Evaluating Fmm.
bempp:HOST:TIMING: Start operation: Calling ExaFMM.
bempp:HOST:TIMING: Finished Operation: Calling ExaFMM.: 0.03120708465576172s
bempp:HOST:TIMING: Finished Operation: Evaluating Fmm.: 0.03198838233947754s
bempp:HOST:TIMING: Start operation: Evaluating Fmm.
bempp:HOST:TIMING: Start operation: Calling ExaFMM.
bempp:HOST:TIMING: Finished Operation: Calling ExaFMM.: 0.03124713897705078s
bempp:HOST:TIMING: Finished Operation: Evaluating Fmm.: 0.032019615173339844s
	Command being timed: "python /SEAS/home/twang66/bempp_exafmm_paper/repro-pack/scripts/juffer_ex.py /SEAS/home/twang66/bempp_exafmm_paper/repro-pack/runs/sphere_performance/config/sphere_refine7.yml"
	User time (seconds): 2518.59
	System time (seconds): 49.83
	Percent of CPU this job got: 1853%
	Elapsed (wall clock) time (h:mm:ss or m:ss): 2:18.60
	Average shared text size (kbytes): 0
	Average unshared data size (kbytes): 0
	Average stack size (kbytes): 0
	Average total size (kbytes): 0
	Maximum resident set size (kbytes): 3616500
	Average resident set size (kbytes): 0
	Major (requiring I/O) page faults: 0
	Minor (reclaiming a frame) page faults: 2455982
	Voluntary context switches: 37805
	Involuntary context switches: 249078
	Swaps: 0
	File system inputs: 0
	File system outputs: 883248
	Socket messages sent: 0
	Socket messages received: 0
	Signals delivered: 0
	Page size (bytes): 4096
	Exit status: 0
