Could not find Gmsh.Interactive plotting and shapes module not available.
number of elements: 512
assembly system matrix wall time: 7.951846599578857
gmres wall time: 9.48632287979126
The linear system was solved in 7 iterations
Total solvation energy: -12.40639001 [kcal/Mol]
bempp:HOST:INFO: Created grid with id 580b322d-d1a6-4cda-8350-cb377f3b32ed. Elements: 512. Edges: 768. Vertices: 258
bempp:HOST:TIMING: Grid.__init__ : 3.885e+00s
bempp:HOST:TIMING: _compute_p1_dof_map : 5.904e-02s
bempp:HOST:TIMING: p1_continuous_function_space : 6.598e-02s
bempp:HOST:TIMING: Start operation: 
bempp:HOST:TIMING: Finished Operation: : 2.6135687828063965s
bempp:HOST:TIMING: assemble_sparse : 2.614e+00s
/SEAS/home/twang66/miniconda/envs/bempp/lib/python3.8/site-packages/scipy/sparse/linalg/dsolve/linsolve.py:318: SparseEfficiencyWarning: splu requires CSC matrix format
  warn('splu requires CSC matrix format', SparseEfficiencyWarning)
bempp:HOST:TIMING: _Solver.__init__ : 2.201e-02s
bempp:HOST:TIMING: Start operation: 
bempp:HOST:TIMING: Finished Operation: : 0.0027441978454589844s
bempp:HOST:TIMING: assemble_sparse : 3.267e-03s
bempp:HOST:INFO: OpenCL Device set to: pthread-Intel(R) Xeon(R) Gold 6148 CPU @ 2.40GHz
bempp:HOST:TIMING: Start operation: Initialising Exafmm.
bempp:HOST:TIMING: Finished Operation: Initialising Exafmm.: 0.7012286186218262s
bempp:HOST:TIMING: Start operation: Singular assembler:laplace_double_layer_boundary:opencl
bempp:HOST:TIMING: Finished Operation: Singular assembler:laplace_double_layer_boundary:opencl: 0.16682195663452148s
bempp:HOST:TIMING: Start operation: Initialising Exafmm.
bempp:HOST:TIMING: Finished Operation: Initialising Exafmm.: 0.6356463432312012s
bempp:HOST:TIMING: Start operation: Singular assembler:modified_helmholtz_double_layer_boundary:opencl
bempp:HOST:TIMING: Finished Operation: Singular assembler:modified_helmholtz_double_layer_boundary:opencl: 0.19791817665100098s
bempp:HOST:DEBUG: Using cached Fmm Interface.
bempp:HOST:TIMING: Start operation: Singular assembler:laplace_single_layer_boundary:opencl
bempp:HOST:TIMING: Finished Operation: Singular assembler:laplace_single_layer_boundary:opencl: 0.1018824577331543s
bempp:HOST:DEBUG: Using cached Fmm Interface.
bempp:HOST:TIMING: Start operation: Singular assembler:modified_helmholtz_single_layer_boundary:opencl
bempp:HOST:TIMING: Finished Operation: Singular assembler:modified_helmholtz_single_layer_boundary:opencl: 0.1194617748260498s
bempp:HOST:DEBUG: Using cached Fmm Interface.
bempp:HOST:TIMING: Start operation: Singular assembler:modified_helmholtz_hypersingular_boundary:opencl
bempp:HOST:TIMING: Finished Operation: Singular assembler:modified_helmholtz_hypersingular_boundary:opencl: 0.14376306533813477s
bempp:HOST:DEBUG: Using cached Fmm Interface.
bempp:HOST:TIMING: Start operation: Singular assembler:laplace_hypersingular_boundary:opencl
bempp:HOST:TIMING: Finished Operation: Singular assembler:laplace_hypersingular_boundary:opencl: 0.10911345481872559s
bempp:HOST:TIMING: Start operation: 
bempp:HOST:TIMING: Finished Operation: : 0.002498149871826172s
bempp:HOST:TIMING: assemble_sparse : 2.781e-03s
bempp:HOST:DEBUG: Using cached Fmm Interface.
bempp:HOST:TIMING: Start operation: Singular assembler:laplace_adjoint_double_layer_boundary:opencl
bempp:HOST:TIMING: Finished Operation: Singular assembler:laplace_adjoint_double_layer_boundary:opencl: 0.1358025074005127s
bempp:HOST:DEBUG: Using cached Fmm Interface.
bempp:HOST:TIMING: Start operation: Singular assembler:modified_helmholtz_adjoint_double_layer_boundary:opencl
bempp:HOST:TIMING: Finished Operation: Singular assembler:modified_helmholtz_adjoint_double_layer_boundary:opencl: 0.11920452117919922s
bempp:HOST:TIMING: _Solver.solve : 1.318e-04s
bempp:HOST:TIMING: _Solver.solve : 3.958e-05s
bempp:HOST:TIMING: Start operation: Evaluating Fmm.
bempp:HOST:TIMING: Start operation: Calling ExaFMM.
bempp:HOST:TIMING: Finished Operation: Calling ExaFMM.: 0.009490489959716797s
bempp:HOST:TIMING: Start operation: Singular Corrections Evaluator
bempp:HOST:TIMING: Finished Operation: Singular Corrections Evaluator: 0.003359556198120117s
bempp:HOST:TIMING: Finished Operation: Evaluating Fmm.: 0.013614654541015625s
bempp:HOST:TIMING: Start operation: Evaluating Fmm.
bempp:HOST:TIMING: Start operation: Calling ExaFMM.
bempp:HOST:TIMING: Finished Operation: Calling ExaFMM.: 0.0063419342041015625s
bempp:HOST:TIMING: Start operation: Singular Corrections Evaluator
bempp:HOST:TIMING: Finished Operation: Singular Corrections Evaluator: 0.0011138916015625s
bempp:HOST:TIMING: Finished Operation: Evaluating Fmm.: 0.007829427719116211s
bempp:HOST:TIMING: Start operation: Evaluating Fmm.
bempp:HOST:TIMING: Start operation: Calling ExaFMM.
bempp:HOST:TIMING: Finished Operation: Calling ExaFMM.: 0.006749868392944336s
bempp:HOST:TIMING: Start operation: Singular Corrections Evaluator
bempp:HOST:TIMING: Finished Operation: Singular Corrections Evaluator: 0.0017633438110351562s
bempp:HOST:TIMING: Finished Operation: Evaluating Fmm.: 0.008861541748046875s
bempp:HOST:TIMING: Start operation: Evaluating Fmm.
bempp:HOST:TIMING: Start operation: Calling ExaFMM.
bempp:HOST:TIMING: Finished Operation: Calling ExaFMM.: 0.08859443664550781s
bempp:HOST:TIMING: Start operation: Singular Corrections Evaluator
bempp:HOST:TIMING: Finished Operation: Singular Corrections Evaluator: 0.0015108585357666016s
bempp:HOST:TIMING: Finished Operation: Evaluating Fmm.: 0.09061312675476074s
bempp:HOST:TIMING: Start operation: Evaluating Fmm.
bempp:HOST:TIMING: Start operation: Calling ExaFMM.
bempp:HOST:TIMING: Finished Operation: Calling ExaFMM.: 0.08179831504821777s
bempp:HOST:TIMING: Start operation: Singular Corrections Evaluator
bempp:HOST:TIMING: Finished Operation: Singular Corrections Evaluator: 0.002275705337524414s
bempp:HOST:TIMING: Finished Operation: Evaluating Fmm.: 0.08458733558654785s
bempp:HOST:TIMING: Start operation: Evaluating Fmm.
bempp:HOST:TIMING: Start operation: Calling ExaFMM.
bempp:HOST:TIMING: Finished Operation: Calling ExaFMM.: 0.0812540054321289s
bempp:HOST:TIMING: Start operation: Singular Corrections Evaluator
bempp:HOST:TIMING: Finished Operation: Singular Corrections Evaluator: 0.0015532970428466797s
bempp:HOST:TIMING: Finished Operation: Evaluating Fmm.: 0.08333373069763184s
bempp:HOST:TIMING: Start operation: Evaluating Fmm.
bempp:HOST:TIMING: Start operation: Calling ExaFMM.
bempp:HOST:TIMING: Finished Operation: Calling ExaFMM.: 0.006803750991821289s
bempp:HOST:TIMING: Start operation: Singular Corrections Evaluator
bempp:HOST:TIMING: Finished Operation: Singular Corrections Evaluator: 0.0008194446563720703s
bempp:HOST:TIMING: Finished Operation: Evaluating Fmm.: 0.008005380630493164s
bempp:HOST:TIMING: Start operation: Evaluating Fmm.
bempp:HOST:TIMING: Start operation: Calling ExaFMM.
bempp:HOST:TIMING: Finished Operation: Calling ExaFMM.: 0.08079934120178223s
bempp:HOST:TIMING: Start operation: Singular Corrections Evaluator
bempp:HOST:TIMING: Finished Operation: Singular Corrections Evaluator: 0.0011303424835205078s
bempp:HOST:TIMING: Finished Operation: Evaluating Fmm.: 0.08243441581726074s
bempp:HOST:TIMING: Start operation: Evaluating Fmm.
bempp:HOST:TIMING: Start operation: Calling ExaFMM.
bempp:HOST:TIMING: Finished Operation: Calling ExaFMM.: 0.07962203025817871s
bempp:HOST:TIMING: Start operation: Singular Corrections Evaluator
bempp:HOST:TIMING: Finished Operation: Singular Corrections Evaluator: 0.0010690689086914062s
bempp:HOST:TIMING: Finished Operation: Evaluating Fmm.: 0.0811917781829834s
bempp:HOST:TIMING: Start operation: Evaluating Fmm.
bempp:HOST:TIMING: Start operation: Calling ExaFMM.
bempp:HOST:TIMING: Finished Operation: Calling ExaFMM.: 0.07915377616882324s
bempp:HOST:TIMING: Start operation: Singular Corrections Evaluator
bempp:HOST:TIMING: Finished Operation: Singular Corrections Evaluator: 0.0015397071838378906s
bempp:HOST:TIMING: Finished Operation: Evaluating Fmm.: 0.08119511604309082s
bempp:HOST:TIMING: Start operation: Evaluating Fmm.
bempp:HOST:TIMING: Start operation: Calling ExaFMM.
bempp:HOST:TIMING: Finished Operation: Calling ExaFMM.: 0.07974624633789062s
bempp:HOST:TIMING: Start operation: Singular Corrections Evaluator
bempp:HOST:TIMING: Finished Operation: Singular Corrections Evaluator: 0.0011811256408691406s
bempp:HOST:TIMING: Finished Operation: Evaluating Fmm.: 0.08144688606262207s
bempp:HOST:TIMING: Start operation: Evaluating Fmm.
bempp:HOST:TIMING: Start operation: Calling ExaFMM.
bempp:HOST:TIMING: Finished Operation: Calling ExaFMM.: 0.07925939559936523s
bempp:HOST:TIMING: Start operation: Singular Corrections Evaluator
bempp:HOST:TIMING: Finished Operation: Singular Corrections Evaluator: 0.0018405914306640625s
bempp:HOST:TIMING: Finished Operation: Evaluating Fmm.: 0.08157682418823242s
bempp:HOST:TIMING: Start operation: Evaluating Fmm.
bempp:HOST:TIMING: Start operation: Calling ExaFMM.
bempp:HOST:TIMING: Finished Operation: Calling ExaFMM.: 0.07937049865722656s
bempp:HOST:TIMING: Start operation: Singular Corrections Evaluator
bempp:HOST:TIMING: Finished Operation: Singular Corrections Evaluator: 0.0014619827270507812s
bempp:HOST:TIMING: Finished Operation: Evaluating Fmm.: 0.08130931854248047s
bempp:HOST:TIMING: Start operation: Evaluating Fmm.
bempp:HOST:TIMING: Start operation: Calling ExaFMM.
bempp:HOST:TIMING: Finished Operation: Calling ExaFMM.: 0.080230712890625s
bempp:HOST:TIMING: Start operation: Singular Corrections Evaluator
bempp:HOST:TIMING: Finished Operation: Singular Corrections Evaluator: 0.0022809505462646484s
bempp:HOST:TIMING: Finished Operation: Evaluating Fmm.: 0.08302855491638184s
bempp:HOST:TIMING: Start operation: Evaluating Fmm.
bempp:HOST:TIMING: Start operation: Calling ExaFMM.
bempp:HOST:TIMING: Finished Operation: Calling ExaFMM.: 0.007513284683227539s
bempp:HOST:TIMING: Start operation: Singular Corrections Evaluator
bempp:HOST:TIMING: Finished Operation: Singular Corrections Evaluator: 0.0007915496826171875s
bempp:HOST:TIMING: Finished Operation: Evaluating Fmm.: 0.00869894027709961s
bempp:HOST:TIMING: Start operation: Evaluating Fmm.
bempp:HOST:TIMING: Start operation: Calling ExaFMM.
bempp:HOST:TIMING: Finished Operation: Calling ExaFMM.: 0.005403757095336914s
bempp:HOST:TIMING: Start operation: Singular Corrections Evaluator
bempp:HOST:TIMING: Finished Operation: Singular Corrections Evaluator: 0.0016705989837646484s
bempp:HOST:TIMING: Finished Operation: Evaluating Fmm.: 0.007447719573974609s
bempp:HOST:TIMING: Start operation: Evaluating Fmm.
bempp:HOST:TIMING: Start operation: Calling ExaFMM.
bempp:HOST:TIMING: Finished Operation: Calling ExaFMM.: 0.005301237106323242s
bempp:HOST:TIMING: Start operation: Singular Corrections Evaluator
bempp:HOST:TIMING: Finished Operation: Singular Corrections Evaluator: 0.0009868144989013672s
bempp:HOST:TIMING: Finished Operation: Evaluating Fmm.: 0.00665593147277832s
bempp:HOST:TIMING: Start operation: Evaluating Fmm.
bempp:HOST:TIMING: Start operation: Calling ExaFMM.
bempp:HOST:TIMING: Finished Operation: Calling ExaFMM.: 0.0052640438079833984s
bempp:HOST:TIMING: Start operation: Singular Corrections Evaluator
bempp:HOST:TIMING: Finished Operation: Singular Corrections Evaluator: 0.0010859966278076172s
bempp:HOST:TIMING: Finished Operation: Evaluating Fmm.: 0.006705284118652344s
bempp:HOST:TIMING: Start operation: Evaluating Fmm.
bempp:HOST:TIMING: Start operation: Calling ExaFMM.
bempp:HOST:TIMING: Finished Operation: Calling ExaFMM.: 0.07977032661437988s
bempp:HOST:TIMING: Start operation: Singular Corrections Evaluator
bempp:HOST:TIMING: Finished Operation: Singular Corrections Evaluator: 0.001705169677734375s
bempp:HOST:TIMING: Finished Operation: Evaluating Fmm.: 0.08198738098144531s
bempp:HOST:TIMING: _Solver.solve : 9.370e-05s
bempp:HOST:TIMING: _Solver.solve : 4.268e-05s
bempp:HOST:TIMING: Start operation: Evaluating Fmm.
bempp:HOST:TIMING: Start operation: Calling ExaFMM.
bempp:HOST:TIMING: Finished Operation: Calling ExaFMM.: 0.006627559661865234s
bempp:HOST:TIMING: Start operation: Singular Corrections Evaluator
bempp:HOST:TIMING: Finished Operation: Singular Corrections Evaluator: 0.0009610652923583984s
bempp:HOST:TIMING: Finished Operation: Evaluating Fmm.: 0.007955551147460938s
bempp:HOST:TIMING: Start operation: Evaluating Fmm.
bempp:HOST:TIMING: Start operation: Calling ExaFMM.
bempp:HOST:TIMING: Finished Operation: Calling ExaFMM.: 0.006724357604980469s
bempp:HOST:TIMING: Start operation: Singular Corrections Evaluator
bempp:HOST:TIMING: Finished Operation: Singular Corrections Evaluator: 0.0010006427764892578s
bempp:HOST:TIMING: Finished Operation: Evaluating Fmm.: 0.00808572769165039s
bempp:HOST:TIMING: Start operation: Evaluating Fmm.
bempp:HOST:TIMING: Start operation: Calling ExaFMM.
bempp:HOST:TIMING: Finished Operation: Calling ExaFMM.: 0.005793333053588867s
bempp:HOST:TIMING: Start operation: Singular Corrections Evaluator
bempp:HOST:TIMING: Finished Operation: Singular Corrections Evaluator: 0.001750946044921875s
bempp:HOST:TIMING: Finished Operation: Evaluating Fmm.: 0.007863044738769531s
bempp:HOST:TIMING: Start operation: Evaluating Fmm.
bempp:HOST:TIMING: Start operation: Calling ExaFMM.
bempp:HOST:TIMING: Finished Operation: Calling ExaFMM.: 0.08110785484313965s
bempp:HOST:TIMING: Start operation: Singular Corrections Evaluator
bempp:HOST:TIMING: Finished Operation: Singular Corrections Evaluator: 0.0014972686767578125s
bempp:HOST:TIMING: Finished Operation: Evaluating Fmm.: 0.08309698104858398s
bempp:HOST:TIMING: Start operation: Evaluating Fmm.
bempp:HOST:TIMING: Start operation: Calling ExaFMM.
bempp:HOST:TIMING: Finished Operation: Calling ExaFMM.: 0.0803370475769043s
bempp:HOST:TIMING: Start operation: Singular Corrections Evaluator
bempp:HOST:TIMING: Finished Operation: Singular Corrections Evaluator: 0.0008003711700439453s
bempp:HOST:TIMING: Finished Operation: Evaluating Fmm.: 0.08163595199584961s
bempp:HOST:TIMING: Start operation: Evaluating Fmm.
bempp:HOST:TIMING: Start operation: Calling ExaFMM.
bempp:HOST:TIMING: Finished Operation: Calling ExaFMM.: 0.08098769187927246s
bempp:HOST:TIMING: Start operation: Singular Corrections Evaluator
bempp:HOST:TIMING: Finished Operation: Singular Corrections Evaluator: 0.001130819320678711s
bempp:HOST:TIMING: Finished Operation: Evaluating Fmm.: 0.08263707160949707s
bempp:HOST:TIMING: Start operation: Evaluating Fmm.
bempp:HOST:TIMING: Start operation: Calling ExaFMM.
bempp:HOST:TIMING: Finished Operation: Calling ExaFMM.: 0.006397247314453125s
bempp:HOST:TIMING: Start operation: Singular Corrections Evaluator
bempp:HOST:TIMING: Finished Operation: Singular Corrections Evaluator: 0.0010187625885009766s
bempp:HOST:TIMING: Finished Operation: Evaluating Fmm.: 0.007773160934448242s
bempp:HOST:TIMING: Start operation: Evaluating Fmm.
bempp:HOST:TIMING: Start operation: Calling ExaFMM.
bempp:HOST:TIMING: Finished Operation: Calling ExaFMM.: 0.08035492897033691s
bempp:HOST:TIMING: Start operation: Singular Corrections Evaluator
bempp:HOST:TIMING: Finished Operation: Singular Corrections Evaluator: 0.0008046627044677734s
bempp:HOST:TIMING: Finished Operation: Evaluating Fmm.: 0.08164501190185547s
bempp:HOST:TIMING: Start operation: Evaluating Fmm.
bempp:HOST:TIMING: Start operation: Calling ExaFMM.
bempp:HOST:TIMING: Finished Operation: Calling ExaFMM.: 0.07975506782531738s
bempp:HOST:TIMING: Start operation: Singular Corrections Evaluator
bempp:HOST:TIMING: Finished Operation: Singular Corrections Evaluator: 0.000865936279296875s
bempp:HOST:TIMING: Finished Operation: Evaluating Fmm.: 0.08112668991088867s
bempp:HOST:TIMING: Start operation: Evaluating Fmm.
bempp:HOST:TIMING: Start operation: Calling ExaFMM.
bempp:HOST:TIMING: Finished Operation: Calling ExaFMM.: 0.07969951629638672s
bempp:HOST:TIMING: Start operation: Singular Corrections Evaluator
bempp:HOST:TIMING: Finished Operation: Singular Corrections Evaluator: 0.0011103153228759766s
bempp:HOST:TIMING: Finished Operation: Evaluating Fmm.: 0.0813298225402832s
bempp:HOST:TIMING: Start operation: Evaluating Fmm.
bempp:HOST:TIMING: Start operation: Calling ExaFMM.
bempp:HOST:TIMING: Finished Operation: Calling ExaFMM.: 0.07967591285705566s
bempp:HOST:TIMING: Start operation: Singular Corrections Evaluator
bempp:HOST:TIMING: Finished Operation: Singular Corrections Evaluator: 0.0007417201995849609s
bempp:HOST:TIMING: Finished Operation: Evaluating Fmm.: 0.08093881607055664s
bempp:HOST:TIMING: Start operation: Evaluating Fmm.
bempp:HOST:TIMING: Start operation: Calling ExaFMM.
bempp:HOST:TIMING: Finished Operation: Calling ExaFMM.: 0.07996582984924316s
bempp:HOST:TIMING: Start operation: Singular Corrections Evaluator
bempp:HOST:TIMING: Finished Operation: Singular Corrections Evaluator: 0.0008041858673095703s
bempp:HOST:TIMING: Finished Operation: Evaluating Fmm.: 0.08130359649658203s
bempp:HOST:TIMING: Start operation: Evaluating Fmm.
bempp:HOST:TIMING: Start operation: Calling ExaFMM.
bempp:HOST:TIMING: Finished Operation: Calling ExaFMM.: 0.08023905754089355s
bempp:HOST:TIMING: Start operation: Singular Corrections Evaluator
bempp:HOST:TIMING: Finished Operation: Singular Corrections Evaluator: 0.0008087158203125s
bempp:HOST:TIMING: Finished Operation: Evaluating Fmm.: 0.08153963088989258s
bempp:HOST:TIMING: Start operation: Evaluating Fmm.
bempp:HOST:TIMING: Start operation: Calling ExaFMM.
bempp:HOST:TIMING: Finished Operation: Calling ExaFMM.: 0.08015179634094238s
bempp:HOST:TIMING: Start operation: Singular Corrections Evaluator
bempp:HOST:TIMING: Finished Operation: Singular Corrections Evaluator: 0.0011103153228759766s
bempp:HOST:TIMING: Finished Operation: Evaluating Fmm.: 0.08176541328430176s
bempp:HOST:TIMING: Start operation: Evaluating Fmm.
bempp:HOST:TIMING: Start operation: Calling ExaFMM.
bempp:HOST:TIMING: Finished Operation: Calling ExaFMM.: 0.006409168243408203s
bempp:HOST:TIMING: Start operation: Singular Corrections Evaluator
bempp:HOST:TIMING: Finished Operation: Singular Corrections Evaluator: 0.0010361671447753906s
bempp:HOST:TIMING: Finished Operation: Evaluating Fmm.: 0.007817268371582031s
bempp:HOST:TIMING: Start operation: Evaluating Fmm.
bempp:HOST:TIMING: Start operation: Calling ExaFMM.
bempp:HOST:TIMING: Finished Operation: Calling ExaFMM.: 0.006646871566772461s
bempp:HOST:TIMING: Start operation: Singular Corrections Evaluator
bempp:HOST:TIMING: Finished Operation: Singular Corrections Evaluator: 0.0009987354278564453s
bempp:HOST:TIMING: Finished Operation: Evaluating Fmm.: 0.007982492446899414s
bempp:HOST:TIMING: Start operation: Evaluating Fmm.
bempp:HOST:TIMING: Start operation: Calling ExaFMM.
bempp:HOST:TIMING: Finished Operation: Calling ExaFMM.: 0.006530046463012695s
bempp:HOST:TIMING: Start operation: Singular Corrections Evaluator
bempp:HOST:TIMING: Finished Operation: Singular Corrections Evaluator: 0.0005645751953125s
bempp:HOST:TIMING: Finished Operation: Evaluating Fmm.: 0.007415771484375s
bempp:HOST:TIMING: Start operation: Evaluating Fmm.
bempp:HOST:TIMING: Start operation: Calling ExaFMM.
bempp:HOST:TIMING: Finished Operation: Calling ExaFMM.: 0.005742311477661133s
bempp:HOST:TIMING: Start operation: Singular Corrections Evaluator
bempp:HOST:TIMING: Finished Operation: Singular Corrections Evaluator: 0.0006129741668701172s
bempp:HOST:TIMING: Finished Operation: Evaluating Fmm.: 0.006658315658569336s
bempp:HOST:TIMING: Start operation: Evaluating Fmm.
bempp:HOST:TIMING: Start operation: Calling ExaFMM.
bempp:HOST:TIMING: Finished Operation: Calling ExaFMM.: 0.08065390586853027s
bempp:HOST:TIMING: Start operation: Singular Corrections Evaluator
bempp:HOST:TIMING: Finished Operation: Singular Corrections Evaluator: 0.0022954940795898438s
bempp:HOST:TIMING: Finished Operation: Evaluating Fmm.: 0.08345508575439453s
bempp:HOST:TIMING: _Solver.solve : 9.012e-05s
bempp:HOST:TIMING: _Solver.solve : 4.554e-05s
bempp:HOST:TIMING: Start operation: Evaluating Fmm.
bempp:HOST:TIMING: Start operation: Calling ExaFMM.
bempp:HOST:TIMING: Finished Operation: Calling ExaFMM.: 0.0067327022552490234s
bempp:HOST:TIMING: Start operation: Singular Corrections Evaluator
bempp:HOST:TIMING: Finished Operation: Singular Corrections Evaluator: 0.0010268688201904297s
bempp:HOST:TIMING: Finished Operation: Evaluating Fmm.: 0.00812077522277832s
bempp:HOST:TIMING: Start operation: Evaluating Fmm.
bempp:HOST:TIMING: Start operation: Calling ExaFMM.
bempp:HOST:TIMING: Finished Operation: Calling ExaFMM.: 0.006482839584350586s
bempp:HOST:TIMING: Start operation: Singular Corrections Evaluator
bempp:HOST:TIMING: Finished Operation: Singular Corrections Evaluator: 0.0014269351959228516s
bempp:HOST:TIMING: Finished Operation: Evaluating Fmm.: 0.008232355117797852s
bempp:HOST:TIMING: Start operation: Evaluating Fmm.
bempp:HOST:TIMING: Start operation: Calling ExaFMM.
bempp:HOST:TIMING: Finished Operation: Calling ExaFMM.: 0.006067514419555664s
bempp:HOST:TIMING: Start operation: Singular Corrections Evaluator
bempp:HOST:TIMING: Finished Operation: Singular Corrections Evaluator: 0.0005815029144287109s
bempp:HOST:TIMING: Finished Operation: Evaluating Fmm.: 0.0069692134857177734s
bempp:HOST:TIMING: Start operation: Evaluating Fmm.
bempp:HOST:TIMING: Start operation: Calling ExaFMM.
bempp:HOST:TIMING: Finished Operation: Calling ExaFMM.: 0.08106875419616699s
bempp:HOST:TIMING: Start operation: Singular Corrections Evaluator
bempp:HOST:TIMING: Finished Operation: Singular Corrections Evaluator: 0.001613616943359375s
bempp:HOST:TIMING: Finished Operation: Evaluating Fmm.: 0.08318614959716797s
bempp:HOST:TIMING: Start operation: Evaluating Fmm.
bempp:HOST:TIMING: Start operation: Calling ExaFMM.
bempp:HOST:TIMING: Finished Operation: Calling ExaFMM.: 0.08089995384216309s
bempp:HOST:TIMING: Start operation: Singular Corrections Evaluator
bempp:HOST:TIMING: Finished Operation: Singular Corrections Evaluator: 0.001474142074584961s
bempp:HOST:TIMING: Finished Operation: Evaluating Fmm.: 0.08288931846618652s
bempp:HOST:TIMING: Start operation: Evaluating Fmm.
bempp:HOST:TIMING: Start operation: Calling ExaFMM.
bempp:HOST:TIMING: Finished Operation: Calling ExaFMM.: 0.08024287223815918s
bempp:HOST:TIMING: Start operation: Singular Corrections Evaluator
bempp:HOST:TIMING: Finished Operation: Singular Corrections Evaluator: 0.0012128353118896484s
bempp:HOST:TIMING: Finished Operation: Evaluating Fmm.: 0.08196234703063965s
bempp:HOST:TIMING: Start operation: Evaluating Fmm.
bempp:HOST:TIMING: Start operation: Calling ExaFMM.
bempp:HOST:TIMING: Finished Operation: Calling ExaFMM.: 0.006246805191040039s
bempp:HOST:TIMING: Start operation: Singular Corrections Evaluator
bempp:HOST:TIMING: Finished Operation: Singular Corrections Evaluator: 0.0008339881896972656s
bempp:HOST:TIMING: Finished Operation: Evaluating Fmm.: 0.007452249526977539s
bempp:HOST:TIMING: Start operation: Evaluating Fmm.
bempp:HOST:TIMING: Start operation: Calling ExaFMM.
bempp:HOST:TIMING: Finished Operation: Calling ExaFMM.: 0.08116674423217773s
bempp:HOST:TIMING: Start operation: Singular Corrections Evaluator
bempp:HOST:TIMING: Finished Operation: Singular Corrections Evaluator: 0.0010318756103515625s
bempp:HOST:TIMING: Finished Operation: Evaluating Fmm.: 0.08266520500183105s
bempp:HOST:TIMING: Start operation: Evaluating Fmm.
bempp:HOST:TIMING: Start operation: Calling ExaFMM.
bempp:HOST:TIMING: Finished Operation: Calling ExaFMM.: 0.08075356483459473s
bempp:HOST:TIMING: Start operation: Singular Corrections Evaluator
bempp:HOST:TIMING: Finished Operation: Singular Corrections Evaluator: 0.0023224353790283203s
bempp:HOST:TIMING: Finished Operation: Evaluating Fmm.: 0.08358502388000488s
bempp:HOST:TIMING: Start operation: Evaluating Fmm.
bempp:HOST:TIMING: Start operation: Calling ExaFMM.
bempp:HOST:TIMING: Finished Operation: Calling ExaFMM.: 0.0811002254486084s
bempp:HOST:TIMING: Start operation: Singular Corrections Evaluator
bempp:HOST:TIMING: Finished Operation: Singular Corrections Evaluator: 0.0014736652374267578s
bempp:HOST:TIMING: Finished Operation: Evaluating Fmm.: 0.08309221267700195s
bempp:HOST:TIMING: Start operation: Evaluating Fmm.
bempp:HOST:TIMING: Start operation: Calling ExaFMM.
bempp:HOST:TIMING: Finished Operation: Calling ExaFMM.: 0.08011651039123535s
bempp:HOST:TIMING: Start operation: Singular Corrections Evaluator
bempp:HOST:TIMING: Finished Operation: Singular Corrections Evaluator: 0.0007841587066650391s
bempp:HOST:TIMING: Finished Operation: Evaluating Fmm.: 0.08138155937194824s
bempp:HOST:TIMING: Start operation: Evaluating Fmm.
bempp:HOST:TIMING: Start operation: Calling ExaFMM.
bempp:HOST:TIMING: Finished Operation: Calling ExaFMM.: 0.0803525447845459s
bempp:HOST:TIMING: Start operation: Singular Corrections Evaluator
bempp:HOST:TIMING: Finished Operation: Singular Corrections Evaluator: 0.001199960708618164s
bempp:HOST:TIMING: Finished Operation: Evaluating Fmm.: 0.08203697204589844s
bempp:HOST:TIMING: Start operation: Evaluating Fmm.
bempp:HOST:TIMING: Start operation: Calling ExaFMM.
bempp:HOST:TIMING: Finished Operation: Calling ExaFMM.: 0.08463740348815918s
bempp:HOST:TIMING: Start operation: Singular Corrections Evaluator
bempp:HOST:TIMING: Finished Operation: Singular Corrections Evaluator: 0.0007724761962890625s
bempp:HOST:TIMING: Finished Operation: Evaluating Fmm.: 0.0858609676361084s
bempp:HOST:TIMING: Start operation: Evaluating Fmm.
bempp:HOST:TIMING: Start operation: Calling ExaFMM.
bempp:HOST:TIMING: Finished Operation: Calling ExaFMM.: 0.08071303367614746s
bempp:HOST:TIMING: Start operation: Singular Corrections Evaluator
bempp:HOST:TIMING: Finished Operation: Singular Corrections Evaluator: 0.001623392105102539s
bempp:HOST:TIMING: Finished Operation: Evaluating Fmm.: 0.08401870727539062s
bempp:HOST:TIMING: Start operation: Evaluating Fmm.
bempp:HOST:TIMING: Start operation: Calling ExaFMM.
bempp:HOST:TIMING: Finished Operation: Calling ExaFMM.: 0.006468534469604492s
bempp:HOST:TIMING: Start operation: Singular Corrections Evaluator
bempp:HOST:TIMING: Finished Operation: Singular Corrections Evaluator: 0.0012111663818359375s
bempp:HOST:TIMING: Finished Operation: Evaluating Fmm.: 0.008081436157226562s
bempp:HOST:TIMING: Start operation: Evaluating Fmm.
bempp:HOST:TIMING: Start operation: Calling ExaFMM.
bempp:HOST:TIMING: Finished Operation: Calling ExaFMM.: 0.0063936710357666016s
bempp:HOST:TIMING: Start operation: Singular Corrections Evaluator
bempp:HOST:TIMING: Finished Operation: Singular Corrections Evaluator: 0.0008335113525390625s
bempp:HOST:TIMING: Finished Operation: Evaluating Fmm.: 0.0075719356536865234s
bempp:HOST:TIMING: Start operation: Evaluating Fmm.
bempp:HOST:TIMING: Start operation: Calling ExaFMM.
bempp:HOST:TIMING: Finished Operation: Calling ExaFMM.: 0.00651860237121582s
bempp:HOST:TIMING: Start operation: Singular Corrections Evaluator
bempp:HOST:TIMING: Finished Operation: Singular Corrections Evaluator: 0.0005540847778320312s
bempp:HOST:TIMING: Finished Operation: Evaluating Fmm.: 0.007391929626464844s
bempp:HOST:TIMING: Start operation: Evaluating Fmm.
bempp:HOST:TIMING: Start operation: Calling ExaFMM.
bempp:HOST:TIMING: Finished Operation: Calling ExaFMM.: 0.00516963005065918s
bempp:HOST:TIMING: Start operation: Singular Corrections Evaluator
bempp:HOST:TIMING: Finished Operation: Singular Corrections Evaluator: 0.0010564327239990234s
bempp:HOST:TIMING: Finished Operation: Evaluating Fmm.: 0.006540775299072266s
bempp:HOST:TIMING: Start operation: Evaluating Fmm.
bempp:HOST:TIMING: Start operation: Calling ExaFMM.
bempp:HOST:TIMING: Finished Operation: Calling ExaFMM.: 0.08066630363464355s
bempp:HOST:TIMING: Start operation: Singular Corrections Evaluator
bempp:HOST:TIMING: Finished Operation: Singular Corrections Evaluator: 0.0011930465698242188s
bempp:HOST:TIMING: Finished Operation: Evaluating Fmm.: 0.08233475685119629s
bempp:HOST:TIMING: _Solver.solve : 9.274e-05s
bempp:HOST:TIMING: _Solver.solve : 4.888e-05s
bempp:HOST:INFO: GMRES Iteration 1 with residual 0.13594911578176994
bempp:HOST:TIMING: Start operation: Evaluating Fmm.
bempp:HOST:TIMING: Start operation: Calling ExaFMM.
bempp:HOST:TIMING: Finished Operation: Calling ExaFMM.: 0.006535530090332031s
bempp:HOST:TIMING: Start operation: Singular Corrections Evaluator
bempp:HOST:TIMING: Finished Operation: Singular Corrections Evaluator: 0.0007138252258300781s
bempp:HOST:TIMING: Finished Operation: Evaluating Fmm.: 0.007612943649291992s
bempp:HOST:TIMING: Start operation: Evaluating Fmm.
bempp:HOST:TIMING: Start operation: Calling ExaFMM.
bempp:HOST:TIMING: Finished Operation: Calling ExaFMM.: 0.006799221038818359s
bempp:HOST:TIMING: Start operation: Singular Corrections Evaluator
bempp:HOST:TIMING: Finished Operation: Singular Corrections Evaluator: 0.0009410381317138672s
bempp:HOST:TIMING: Finished Operation: Evaluating Fmm.: 0.008065223693847656s
bempp:HOST:TIMING: Start operation: Evaluating Fmm.
bempp:HOST:TIMING: Start operation: Calling ExaFMM.
bempp:HOST:TIMING: Finished Operation: Calling ExaFMM.: 0.0055103302001953125s
bempp:HOST:TIMING: Start operation: Singular Corrections Evaluator
bempp:HOST:TIMING: Finished Operation: Singular Corrections Evaluator: 0.0005860328674316406s
bempp:HOST:TIMING: Finished Operation: Evaluating Fmm.: 0.006432533264160156s
bempp:HOST:TIMING: Start operation: Evaluating Fmm.
bempp:HOST:TIMING: Start operation: Calling ExaFMM.
bempp:HOST:TIMING: Finished Operation: Calling ExaFMM.: 0.08091020584106445s
bempp:HOST:TIMING: Start operation: Singular Corrections Evaluator
bempp:HOST:TIMING: Finished Operation: Singular Corrections Evaluator: 0.0008611679077148438s
bempp:HOST:TIMING: Finished Operation: Evaluating Fmm.: 0.08225750923156738s
bempp:HOST:TIMING: Start operation: Evaluating Fmm.
bempp:HOST:TIMING: Start operation: Calling ExaFMM.
bempp:HOST:TIMING: Finished Operation: Calling ExaFMM.: 0.08017468452453613s
bempp:HOST:TIMING: Start operation: Singular Corrections Evaluator
bempp:HOST:TIMING: Finished Operation: Singular Corrections Evaluator: 0.002088308334350586s
bempp:HOST:TIMING: Finished Operation: Evaluating Fmm.: 0.08278322219848633s
bempp:HOST:TIMING: Start operation: Evaluating Fmm.
bempp:HOST:TIMING: Start operation: Calling ExaFMM.
bempp:HOST:TIMING: Finished Operation: Calling ExaFMM.: 0.08029532432556152s
bempp:HOST:TIMING: Start operation: Singular Corrections Evaluator
bempp:HOST:TIMING: Finished Operation: Singular Corrections Evaluator: 0.0012505054473876953s
bempp:HOST:TIMING: Finished Operation: Evaluating Fmm.: 0.0820622444152832s
bempp:HOST:TIMING: Start operation: Evaluating Fmm.
bempp:HOST:TIMING: Start operation: Calling ExaFMM.
bempp:HOST:TIMING: Finished Operation: Calling ExaFMM.: 0.00646662712097168s
bempp:HOST:TIMING: Start operation: Singular Corrections Evaluator
bempp:HOST:TIMING: Finished Operation: Singular Corrections Evaluator: 0.0018045902252197266s
bempp:HOST:TIMING: Finished Operation: Evaluating Fmm.: 0.008656024932861328s
bempp:HOST:TIMING: Start operation: Evaluating Fmm.
bempp:HOST:TIMING: Start operation: Calling ExaFMM.
bempp:HOST:TIMING: Finished Operation: Calling ExaFMM.: 0.0812222957611084s
bempp:HOST:TIMING: Start operation: Singular Corrections Evaluator
bempp:HOST:TIMING: Finished Operation: Singular Corrections Evaluator: 0.0015399456024169922s
bempp:HOST:TIMING: Finished Operation: Evaluating Fmm.: 0.08327698707580566s
bempp:HOST:TIMING: Start operation: Evaluating Fmm.
bempp:HOST:TIMING: Start operation: Calling ExaFMM.
bempp:HOST:TIMING: Finished Operation: Calling ExaFMM.: 0.08040642738342285s
bempp:HOST:TIMING: Start operation: Singular Corrections Evaluator
bempp:HOST:TIMING: Finished Operation: Singular Corrections Evaluator: 0.000774383544921875s
bempp:HOST:TIMING: Finished Operation: Evaluating Fmm.: 0.0816495418548584s
bempp:HOST:TIMING: Start operation: Evaluating Fmm.
bempp:HOST:TIMING: Start operation: Calling ExaFMM.
bempp:HOST:TIMING: Finished Operation: Calling ExaFMM.: 0.07975125312805176s
bempp:HOST:TIMING: Start operation: Singular Corrections Evaluator
bempp:HOST:TIMING: Finished Operation: Singular Corrections Evaluator: 0.001468658447265625s
bempp:HOST:TIMING: Finished Operation: Evaluating Fmm.: 0.08188009262084961s
bempp:HOST:TIMING: Start operation: Evaluating Fmm.
bempp:HOST:TIMING: Start operation: Calling ExaFMM.
bempp:HOST:TIMING: Finished Operation: Calling ExaFMM.: 0.1305379867553711s
bempp:HOST:TIMING: Start operation: Singular Corrections Evaluator
bempp:HOST:TIMING: Finished Operation: Singular Corrections Evaluator: 0.0014078617095947266s
bempp:HOST:TIMING: Finished Operation: Evaluating Fmm.: 0.13275718688964844s
bempp:HOST:TIMING: Start operation: Evaluating Fmm.
bempp:HOST:TIMING: Start operation: Calling ExaFMM.
bempp:HOST:TIMING: Finished Operation: Calling ExaFMM.: 0.08014273643493652s
bempp:HOST:TIMING: Start operation: Singular Corrections Evaluator
bempp:HOST:TIMING: Finished Operation: Singular Corrections Evaluator: 0.0008015632629394531s
bempp:HOST:TIMING: Finished Operation: Evaluating Fmm.: 0.08144307136535645s
bempp:HOST:TIMING: Start operation: Evaluating Fmm.
bempp:HOST:TIMING: Start operation: Calling ExaFMM.
bempp:HOST:TIMING: Finished Operation: Calling ExaFMM.: 0.07954859733581543s
bempp:HOST:TIMING: Start operation: Singular Corrections Evaluator
bempp:HOST:TIMING: Finished Operation: Singular Corrections Evaluator: 0.0009355545043945312s
bempp:HOST:TIMING: Finished Operation: Evaluating Fmm.: 0.08098554611206055s
bempp:HOST:TIMING: Start operation: Evaluating Fmm.
bempp:HOST:TIMING: Start operation: Calling ExaFMM.
bempp:HOST:TIMING: Finished Operation: Calling ExaFMM.: 0.07994318008422852s
bempp:HOST:TIMING: Start operation: Singular Corrections Evaluator
bempp:HOST:TIMING: Finished Operation: Singular Corrections Evaluator: 0.001077890396118164s
bempp:HOST:TIMING: Finished Operation: Evaluating Fmm.: 0.08153390884399414s
bempp:HOST:TIMING: Start operation: Evaluating Fmm.
bempp:HOST:TIMING: Start operation: Calling ExaFMM.
bempp:HOST:TIMING: Finished Operation: Calling ExaFMM.: 0.005903482437133789s
bempp:HOST:TIMING: Start operation: Singular Corrections Evaluator
bempp:HOST:TIMING: Finished Operation: Singular Corrections Evaluator: 0.0011968612670898438s
bempp:HOST:TIMING: Finished Operation: Evaluating Fmm.: 0.007476806640625s
bempp:HOST:TIMING: Start operation: Evaluating Fmm.
bempp:HOST:TIMING: Start operation: Calling ExaFMM.
bempp:HOST:TIMING: Finished Operation: Calling ExaFMM.: 0.005225419998168945s
bempp:HOST:TIMING: Start operation: Singular Corrections Evaluator
bempp:HOST:TIMING: Finished Operation: Singular Corrections Evaluator: 0.0011153221130371094s
bempp:HOST:TIMING: Finished Operation: Evaluating Fmm.: 0.006689548492431641s
bempp:HOST:TIMING: Start operation: Evaluating Fmm.
bempp:HOST:TIMING: Start operation: Calling ExaFMM.
bempp:HOST:TIMING: Finished Operation: Calling ExaFMM.: 0.005774021148681641s
bempp:HOST:TIMING: Start operation: Singular Corrections Evaluator
bempp:HOST:TIMING: Finished Operation: Singular Corrections Evaluator: 0.001001596450805664s
bempp:HOST:TIMING: Finished Operation: Evaluating Fmm.: 0.007117271423339844s
bempp:HOST:TIMING: Start operation: Evaluating Fmm.
bempp:HOST:TIMING: Start operation: Calling ExaFMM.
bempp:HOST:TIMING: Finished Operation: Calling ExaFMM.: 0.005515575408935547s
bempp:HOST:TIMING: Start operation: Singular Corrections Evaluator
bempp:HOST:TIMING: Finished Operation: Singular Corrections Evaluator: 0.0006649494171142578s
bempp:HOST:TIMING: Finished Operation: Evaluating Fmm.: 0.006500720977783203s
bempp:HOST:TIMING: Start operation: Evaluating Fmm.
bempp:HOST:TIMING: Start operation: Calling ExaFMM.
bempp:HOST:TIMING: Finished Operation: Calling ExaFMM.: 0.08126211166381836s
bempp:HOST:TIMING: Start operation: Singular Corrections Evaluator
bempp:HOST:TIMING: Finished Operation: Singular Corrections Evaluator: 0.001203298568725586s
bempp:HOST:TIMING: Finished Operation: Evaluating Fmm.: 0.08292365074157715s
bempp:HOST:TIMING: _Solver.solve : 9.179e-05s
bempp:HOST:TIMING: _Solver.solve : 4.721e-05s
bempp:HOST:INFO: GMRES Iteration 2 with residual 0.012232869617020872
bempp:HOST:TIMING: Start operation: Evaluating Fmm.
bempp:HOST:TIMING: Start operation: Calling ExaFMM.
bempp:HOST:TIMING: Finished Operation: Calling ExaFMM.: 0.006934642791748047s
bempp:HOST:TIMING: Start operation: Singular Corrections Evaluator
bempp:HOST:TIMING: Finished Operation: Singular Corrections Evaluator: 0.0017871856689453125s
bempp:HOST:TIMING: Finished Operation: Evaluating Fmm.: 0.00908517837524414s
bempp:HOST:TIMING: Start operation: Evaluating Fmm.
bempp:HOST:TIMING: Start operation: Calling ExaFMM.
bempp:HOST:TIMING: Finished Operation: Calling ExaFMM.: 0.006052494049072266s
bempp:HOST:TIMING: Start operation: Singular Corrections Evaluator
bempp:HOST:TIMING: Finished Operation: Singular Corrections Evaluator: 0.0017714500427246094s
bempp:HOST:TIMING: Finished Operation: Evaluating Fmm.: 0.008179903030395508s
bempp:HOST:TIMING: Start operation: Evaluating Fmm.
bempp:HOST:TIMING: Start operation: Calling ExaFMM.
bempp:HOST:TIMING: Finished Operation: Calling ExaFMM.: 0.00614166259765625s
bempp:HOST:TIMING: Start operation: Singular Corrections Evaluator
bempp:HOST:TIMING: Finished Operation: Singular Corrections Evaluator: 0.0009052753448486328s
bempp:HOST:TIMING: Finished Operation: Evaluating Fmm.: 0.007376670837402344s
bempp:HOST:TIMING: Start operation: Evaluating Fmm.
bempp:HOST:TIMING: Start operation: Calling ExaFMM.
bempp:HOST:TIMING: Finished Operation: Calling ExaFMM.: 0.08386945724487305s
bempp:HOST:TIMING: Start operation: Singular Corrections Evaluator
bempp:HOST:TIMING: Finished Operation: Singular Corrections Evaluator: 0.0011167526245117188s
bempp:HOST:TIMING: Finished Operation: Evaluating Fmm.: 0.08545804023742676s
bempp:HOST:TIMING: Start operation: Evaluating Fmm.
bempp:HOST:TIMING: Start operation: Calling ExaFMM.
bempp:HOST:TIMING: Finished Operation: Calling ExaFMM.: 0.08046936988830566s
bempp:HOST:TIMING: Start operation: Singular Corrections Evaluator
bempp:HOST:TIMING: Finished Operation: Singular Corrections Evaluator: 0.0011632442474365234s
bempp:HOST:TIMING: Finished Operation: Evaluating Fmm.: 0.0821542739868164s
bempp:HOST:TIMING: Start operation: Evaluating Fmm.
bempp:HOST:TIMING: Start operation: Calling ExaFMM.
bempp:HOST:TIMING: Finished Operation: Calling ExaFMM.: 0.08005547523498535s
bempp:HOST:TIMING: Start operation: Singular Corrections Evaluator
bempp:HOST:TIMING: Finished Operation: Singular Corrections Evaluator: 0.0008373260498046875s
bempp:HOST:TIMING: Finished Operation: Evaluating Fmm.: 0.0813908576965332s
bempp:HOST:TIMING: Start operation: Evaluating Fmm.
bempp:HOST:TIMING: Start operation: Calling ExaFMM.
bempp:HOST:TIMING: Finished Operation: Calling ExaFMM.: 0.006902217864990234s
bempp:HOST:TIMING: Start operation: Singular Corrections Evaluator
bempp:HOST:TIMING: Finished Operation: Singular Corrections Evaluator: 0.0006620883941650391s
bempp:HOST:TIMING: Finished Operation: Evaluating Fmm.: 0.007944345474243164s
bempp:HOST:TIMING: Start operation: Evaluating Fmm.
bempp:HOST:TIMING: Start operation: Calling ExaFMM.
bempp:HOST:TIMING: Finished Operation: Calling ExaFMM.: 0.08416104316711426s
bempp:HOST:TIMING: Start operation: Singular Corrections Evaluator
bempp:HOST:TIMING: Finished Operation: Singular Corrections Evaluator: 0.0034437179565429688s
bempp:HOST:TIMING: Finished Operation: Evaluating Fmm.: 0.0890045166015625s
bempp:HOST:TIMING: Start operation: Evaluating Fmm.
bempp:HOST:TIMING: Start operation: Calling ExaFMM.
bempp:HOST:TIMING: Finished Operation: Calling ExaFMM.: 0.08597278594970703s
bempp:HOST:TIMING: Start operation: Singular Corrections Evaluator
bempp:HOST:TIMING: Finished Operation: Singular Corrections Evaluator: 0.0014312267303466797s
bempp:HOST:TIMING: Finished Operation: Evaluating Fmm.: 0.08812785148620605s
bempp:HOST:TIMING: Start operation: Evaluating Fmm.
bempp:HOST:TIMING: Start operation: Calling ExaFMM.
bempp:HOST:TIMING: Finished Operation: Calling ExaFMM.: 0.08405542373657227s
bempp:HOST:TIMING: Start operation: Singular Corrections Evaluator
bempp:HOST:TIMING: Finished Operation: Singular Corrections Evaluator: 0.0012326240539550781s
bempp:HOST:TIMING: Finished Operation: Evaluating Fmm.: 0.08593106269836426s
bempp:HOST:TIMING: Start operation: Evaluating Fmm.
bempp:HOST:TIMING: Start operation: Calling ExaFMM.
bempp:HOST:TIMING: Finished Operation: Calling ExaFMM.: 0.08112549781799316s
bempp:HOST:TIMING: Start operation: Singular Corrections Evaluator
bempp:HOST:TIMING: Finished Operation: Singular Corrections Evaluator: 0.0014390945434570312s
bempp:HOST:TIMING: Finished Operation: Evaluating Fmm.: 0.08321785926818848s
bempp:HOST:TIMING: Start operation: Evaluating Fmm.
bempp:HOST:TIMING: Start operation: Calling ExaFMM.
bempp:HOST:TIMING: Finished Operation: Calling ExaFMM.: 0.37578463554382324s
bempp:HOST:TIMING: Start operation: Singular Corrections Evaluator
bempp:HOST:TIMING: Finished Operation: Singular Corrections Evaluator: 0.0030035972595214844s
bempp:HOST:TIMING: Finished Operation: Evaluating Fmm.: 0.3796370029449463s
bempp:HOST:TIMING: Start operation: Evaluating Fmm.
bempp:HOST:TIMING: Start operation: Calling ExaFMM.
bempp:HOST:TIMING: Finished Operation: Calling ExaFMM.: 0.09838485717773438s
bempp:HOST:TIMING: Start operation: Singular Corrections Evaluator
bempp:HOST:TIMING: Finished Operation: Singular Corrections Evaluator: 0.0019338130950927734s
bempp:HOST:TIMING: Finished Operation: Evaluating Fmm.: 0.10091114044189453s
bempp:HOST:TIMING: Start operation: Evaluating Fmm.
bempp:HOST:TIMING: Start operation: Calling ExaFMM.
bempp:HOST:TIMING: Finished Operation: Calling ExaFMM.: 0.0844871997833252s
bempp:HOST:TIMING: Start operation: Singular Corrections Evaluator
bempp:HOST:TIMING: Finished Operation: Singular Corrections Evaluator: 0.001573801040649414s
bempp:HOST:TIMING: Finished Operation: Evaluating Fmm.: 0.0865774154663086s
bempp:HOST:TIMING: Start operation: Evaluating Fmm.
bempp:HOST:TIMING: Start operation: Calling ExaFMM.
bempp:HOST:TIMING: Finished Operation: Calling ExaFMM.: 0.04573512077331543s
bempp:HOST:TIMING: Start operation: Singular Corrections Evaluator
bempp:HOST:TIMING: Finished Operation: Singular Corrections Evaluator: 0.0014247894287109375s
bempp:HOST:TIMING: Finished Operation: Evaluating Fmm.: 0.04789590835571289s
bempp:HOST:TIMING: Start operation: Evaluating Fmm.
bempp:HOST:TIMING: Start operation: Calling ExaFMM.
bempp:HOST:TIMING: Finished Operation: Calling ExaFMM.: 0.0060579776763916016s
bempp:HOST:TIMING: Start operation: Singular Corrections Evaluator
bempp:HOST:TIMING: Finished Operation: Singular Corrections Evaluator: 0.0013194084167480469s
bempp:HOST:TIMING: Finished Operation: Evaluating Fmm.: 0.007712841033935547s
bempp:HOST:TIMING: Start operation: Evaluating Fmm.
bempp:HOST:TIMING: Start operation: Calling ExaFMM.
bempp:HOST:TIMING: Finished Operation: Calling ExaFMM.: 0.00572657585144043s
bempp:HOST:TIMING: Start operation: Singular Corrections Evaluator
bempp:HOST:TIMING: Finished Operation: Singular Corrections Evaluator: 0.0007989406585693359s
bempp:HOST:TIMING: Finished Operation: Evaluating Fmm.: 0.006831645965576172s
bempp:HOST:TIMING: Start operation: Evaluating Fmm.
bempp:HOST:TIMING: Start operation: Calling ExaFMM.
bempp:HOST:TIMING: Finished Operation: Calling ExaFMM.: 0.004957437515258789s
bempp:HOST:TIMING: Start operation: Singular Corrections Evaluator
bempp:HOST:TIMING: Finished Operation: Singular Corrections Evaluator: 0.0007386207580566406s
bempp:HOST:TIMING: Finished Operation: Evaluating Fmm.: 0.005994081497192383s
bempp:HOST:TIMING: Start operation: Evaluating Fmm.
bempp:HOST:TIMING: Start operation: Calling ExaFMM.
bempp:HOST:TIMING: Finished Operation: Calling ExaFMM.: 0.08512663841247559s
bempp:HOST:TIMING: Start operation: Singular Corrections Evaluator
bempp:HOST:TIMING: Finished Operation: Singular Corrections Evaluator: 0.0030393600463867188s
bempp:HOST:TIMING: Finished Operation: Evaluating Fmm.: 0.0886690616607666s
bempp:HOST:TIMING: _Solver.solve : 1.471e-04s
bempp:HOST:TIMING: _Solver.solve : 4.530e-05s
bempp:HOST:INFO: GMRES Iteration 3 with residual 0.0019192628583088922
bempp:HOST:TIMING: Start operation: Evaluating Fmm.
bempp:HOST:TIMING: Start operation: Calling ExaFMM.
bempp:HOST:TIMING: Finished Operation: Calling ExaFMM.: 0.005503654479980469s
bempp:HOST:TIMING: Start operation: Singular Corrections Evaluator
bempp:HOST:TIMING: Finished Operation: Singular Corrections Evaluator: 0.0018050670623779297s
bempp:HOST:TIMING: Finished Operation: Evaluating Fmm.: 0.0076372623443603516s
bempp:HOST:TIMING: Start operation: Evaluating Fmm.
bempp:HOST:TIMING: Start operation: Calling ExaFMM.
bempp:HOST:TIMING: Finished Operation: Calling ExaFMM.: 0.004966020584106445s
bempp:HOST:TIMING: Start operation: Singular Corrections Evaluator
bempp:HOST:TIMING: Finished Operation: Singular Corrections Evaluator: 0.0011794567108154297s
bempp:HOST:TIMING: Finished Operation: Evaluating Fmm.: 0.006491422653198242s
bempp:HOST:TIMING: Start operation: Evaluating Fmm.
bempp:HOST:TIMING: Start operation: Calling ExaFMM.
bempp:HOST:TIMING: Finished Operation: Calling ExaFMM.: 0.00565648078918457s
bempp:HOST:TIMING: Start operation: Singular Corrections Evaluator
bempp:HOST:TIMING: Finished Operation: Singular Corrections Evaluator: 0.002285480499267578s
bempp:HOST:TIMING: Finished Operation: Evaluating Fmm.: 0.008331537246704102s
bempp:HOST:TIMING: Start operation: Evaluating Fmm.
bempp:HOST:TIMING: Start operation: Calling ExaFMM.
bempp:HOST:TIMING: Finished Operation: Calling ExaFMM.: 0.08450627326965332s
bempp:HOST:TIMING: Start operation: Singular Corrections Evaluator
bempp:HOST:TIMING: Finished Operation: Singular Corrections Evaluator: 0.0029964447021484375s
bempp:HOST:TIMING: Finished Operation: Evaluating Fmm.: 0.0880136489868164s
bempp:HOST:TIMING: Start operation: Evaluating Fmm.
bempp:HOST:TIMING: Start operation: Calling ExaFMM.
bempp:HOST:TIMING: Finished Operation: Calling ExaFMM.: 0.08491992950439453s
bempp:HOST:TIMING: Start operation: Singular Corrections Evaluator
bempp:HOST:TIMING: Finished Operation: Singular Corrections Evaluator: 0.003051280975341797s
bempp:HOST:TIMING: Finished Operation: Evaluating Fmm.: 0.0884706974029541s
bempp:HOST:TIMING: Start operation: Evaluating Fmm.
bempp:HOST:TIMING: Start operation: Calling ExaFMM.
bempp:HOST:TIMING: Finished Operation: Calling ExaFMM.: 0.08544158935546875s
bempp:HOST:TIMING: Start operation: Singular Corrections Evaluator
bempp:HOST:TIMING: Finished Operation: Singular Corrections Evaluator: 0.0030214786529541016s
bempp:HOST:TIMING: Finished Operation: Evaluating Fmm.: 0.08895754814147949s
bempp:HOST:TIMING: Start operation: Evaluating Fmm.
bempp:HOST:TIMING: Start operation: Calling ExaFMM.
bempp:HOST:TIMING: Finished Operation: Calling ExaFMM.: 0.0062067508697509766s
bempp:HOST:TIMING: Start operation: Singular Corrections Evaluator
bempp:HOST:TIMING: Finished Operation: Singular Corrections Evaluator: 0.0018377304077148438s
bempp:HOST:TIMING: Finished Operation: Evaluating Fmm.: 0.00838327407836914s
bempp:HOST:TIMING: Start operation: Evaluating Fmm.
bempp:HOST:TIMING: Start operation: Calling ExaFMM.
bempp:HOST:TIMING: Finished Operation: Calling ExaFMM.: 0.08459949493408203s
bempp:HOST:TIMING: Start operation: Singular Corrections Evaluator
bempp:HOST:TIMING: Finished Operation: Singular Corrections Evaluator: 0.0029611587524414062s
bempp:HOST:TIMING: Finished Operation: Evaluating Fmm.: 0.08804440498352051s
bempp:HOST:TIMING: Start operation: Evaluating Fmm.
bempp:HOST:TIMING: Start operation: Calling ExaFMM.
bempp:HOST:TIMING: Finished Operation: Calling ExaFMM.: 0.0839989185333252s
bempp:HOST:TIMING: Start operation: Singular Corrections Evaluator
bempp:HOST:TIMING: Finished Operation: Singular Corrections Evaluator: 0.0029144287109375s
bempp:HOST:TIMING: Finished Operation: Evaluating Fmm.: 0.08742380142211914s
bempp:HOST:TIMING: Start operation: Evaluating Fmm.
bempp:HOST:TIMING: Start operation: Calling ExaFMM.
bempp:HOST:TIMING: Finished Operation: Calling ExaFMM.: 0.08387994766235352s
bempp:HOST:TIMING: Start operation: Singular Corrections Evaluator
bempp:HOST:TIMING: Finished Operation: Singular Corrections Evaluator: 0.0033919811248779297s
bempp:HOST:TIMING: Finished Operation: Evaluating Fmm.: 0.08781003952026367s
bempp:HOST:TIMING: Start operation: Evaluating Fmm.
bempp:HOST:TIMING: Start operation: Calling ExaFMM.
bempp:HOST:TIMING: Finished Operation: Calling ExaFMM.: 0.08410477638244629s
bempp:HOST:TIMING: Start operation: Singular Corrections Evaluator
bempp:HOST:TIMING: Finished Operation: Singular Corrections Evaluator: 0.0030066967010498047s
bempp:HOST:TIMING: Finished Operation: Evaluating Fmm.: 0.08762001991271973s
bempp:HOST:TIMING: Start operation: Evaluating Fmm.
bempp:HOST:TIMING: Start operation: Calling ExaFMM.
bempp:HOST:TIMING: Finished Operation: Calling ExaFMM.: 0.08823108673095703s
bempp:HOST:TIMING: Start operation: Singular Corrections Evaluator
bempp:HOST:TIMING: Finished Operation: Singular Corrections Evaluator: 0.003019094467163086s
bempp:HOST:TIMING: Finished Operation: Evaluating Fmm.: 0.09175395965576172s
bempp:HOST:TIMING: Start operation: Evaluating Fmm.
bempp:HOST:TIMING: Start operation: Calling ExaFMM.
bempp:HOST:TIMING: Finished Operation: Calling ExaFMM.: 0.08491826057434082s
bempp:HOST:TIMING: Start operation: Singular Corrections Evaluator
bempp:HOST:TIMING: Finished Operation: Singular Corrections Evaluator: 0.002967357635498047s
bempp:HOST:TIMING: Finished Operation: Evaluating Fmm.: 0.08839106559753418s
bempp:HOST:TIMING: Start operation: Evaluating Fmm.
bempp:HOST:TIMING: Start operation: Calling ExaFMM.
bempp:HOST:TIMING: Finished Operation: Calling ExaFMM.: 0.08361697196960449s
bempp:HOST:TIMING: Start operation: Singular Corrections Evaluator
bempp:HOST:TIMING: Finished Operation: Singular Corrections Evaluator: 0.0029277801513671875s
bempp:HOST:TIMING: Finished Operation: Evaluating Fmm.: 0.0870511531829834s
bempp:HOST:TIMING: Start operation: Evaluating Fmm.
bempp:HOST:TIMING: Start operation: Calling ExaFMM.
bempp:HOST:TIMING: Finished Operation: Calling ExaFMM.: 0.006101846694946289s
bempp:HOST:TIMING: Start operation: Singular Corrections Evaluator
bempp:HOST:TIMING: Finished Operation: Singular Corrections Evaluator: 0.0018041133880615234s
bempp:HOST:TIMING: Finished Operation: Evaluating Fmm.: 0.008252859115600586s
bempp:HOST:TIMING: Start operation: Evaluating Fmm.
bempp:HOST:TIMING: Start operation: Calling ExaFMM.
bempp:HOST:TIMING: Finished Operation: Calling ExaFMM.: 0.005808115005493164s
bempp:HOST:TIMING: Start operation: Singular Corrections Evaluator
bempp:HOST:TIMING: Finished Operation: Singular Corrections Evaluator: 0.0017240047454833984s
bempp:HOST:TIMING: Finished Operation: Evaluating Fmm.: 0.00785064697265625s
bempp:HOST:TIMING: Start operation: Evaluating Fmm.
bempp:HOST:TIMING: Start operation: Calling ExaFMM.
bempp:HOST:TIMING: Finished Operation: Calling ExaFMM.: 0.006265878677368164s
bempp:HOST:TIMING: Start operation: Singular Corrections Evaluator
bempp:HOST:TIMING: Finished Operation: Singular Corrections Evaluator: 0.0017540454864501953s
bempp:HOST:TIMING: Finished Operation: Evaluating Fmm.: 0.008339405059814453s
bempp:HOST:TIMING: Start operation: Evaluating Fmm.
bempp:HOST:TIMING: Start operation: Calling ExaFMM.
bempp:HOST:TIMING: Finished Operation: Calling ExaFMM.: 0.005384683609008789s
bempp:HOST:TIMING: Start operation: Singular Corrections Evaluator
bempp:HOST:TIMING: Finished Operation: Singular Corrections Evaluator: 0.001668691635131836s
bempp:HOST:TIMING: Finished Operation: Evaluating Fmm.: 0.00735926628112793s
bempp:HOST:TIMING: Start operation: Evaluating Fmm.
bempp:HOST:TIMING: Start operation: Calling ExaFMM.
bempp:HOST:TIMING: Finished Operation: Calling ExaFMM.: 0.08452463150024414s
bempp:HOST:TIMING: Start operation: Singular Corrections Evaluator
bempp:HOST:TIMING: Finished Operation: Singular Corrections Evaluator: 0.003000974655151367s
bempp:HOST:TIMING: Finished Operation: Evaluating Fmm.: 0.08801078796386719s
bempp:HOST:TIMING: _Solver.solve : 8.249e-05s
bempp:HOST:TIMING: _Solver.solve : 4.244e-05s
bempp:HOST:INFO: GMRES Iteration 4 with residual 0.00010560812262449027
bempp:HOST:TIMING: Start operation: Evaluating Fmm.
bempp:HOST:TIMING: Start operation: Calling ExaFMM.
bempp:HOST:TIMING: Finished Operation: Calling ExaFMM.: 0.005591630935668945s
bempp:HOST:TIMING: Start operation: Singular Corrections Evaluator
bempp:HOST:TIMING: Finished Operation: Singular Corrections Evaluator: 0.002320528030395508s
bempp:HOST:TIMING: Finished Operation: Evaluating Fmm.: 0.008275747299194336s
bempp:HOST:TIMING: Start operation: Evaluating Fmm.
bempp:HOST:TIMING: Start operation: Calling ExaFMM.
bempp:HOST:TIMING: Finished Operation: Calling ExaFMM.: 0.004931449890136719s
bempp:HOST:TIMING: Start operation: Singular Corrections Evaluator
bempp:HOST:TIMING: Finished Operation: Singular Corrections Evaluator: 0.001737833023071289s
bempp:HOST:TIMING: Finished Operation: Evaluating Fmm.: 0.006997346878051758s
bempp:HOST:TIMING: Start operation: Evaluating Fmm.
bempp:HOST:TIMING: Start operation: Calling ExaFMM.
bempp:HOST:TIMING: Finished Operation: Calling ExaFMM.: 0.009678363800048828s
bempp:HOST:TIMING: Start operation: Singular Corrections Evaluator
bempp:HOST:TIMING: Finished Operation: Singular Corrections Evaluator: 0.0018112659454345703s
bempp:HOST:TIMING: Finished Operation: Evaluating Fmm.: 0.011962175369262695s
bempp:HOST:TIMING: Start operation: Evaluating Fmm.
bempp:HOST:TIMING: Start operation: Calling ExaFMM.
bempp:HOST:TIMING: Finished Operation: Calling ExaFMM.: 0.08463358879089355s
bempp:HOST:TIMING: Start operation: Singular Corrections Evaluator
bempp:HOST:TIMING: Finished Operation: Singular Corrections Evaluator: 0.002994537353515625s
bempp:HOST:TIMING: Finished Operation: Evaluating Fmm.: 0.08812642097473145s
bempp:HOST:TIMING: Start operation: Evaluating Fmm.
bempp:HOST:TIMING: Start operation: Calling ExaFMM.
bempp:HOST:TIMING: Finished Operation: Calling ExaFMM.: 0.0840756893157959s
bempp:HOST:TIMING: Start operation: Singular Corrections Evaluator
bempp:HOST:TIMING: Finished Operation: Singular Corrections Evaluator: 0.0029816627502441406s
bempp:HOST:TIMING: Finished Operation: Evaluating Fmm.: 0.08755087852478027s
bempp:HOST:TIMING: Start operation: Evaluating Fmm.
bempp:HOST:TIMING: Start operation: Calling ExaFMM.
bempp:HOST:TIMING: Finished Operation: Calling ExaFMM.: 0.08392763137817383s
bempp:HOST:TIMING: Start operation: Singular Corrections Evaluator
bempp:HOST:TIMING: Finished Operation: Singular Corrections Evaluator: 0.0029871463775634766s
bempp:HOST:TIMING: Finished Operation: Evaluating Fmm.: 0.08742308616638184s
bempp:HOST:TIMING: Start operation: Evaluating Fmm.
bempp:HOST:TIMING: Start operation: Calling ExaFMM.
bempp:HOST:TIMING: Finished Operation: Calling ExaFMM.: 0.005745410919189453s
bempp:HOST:TIMING: Start operation: Singular Corrections Evaluator
bempp:HOST:TIMING: Finished Operation: Singular Corrections Evaluator: 0.0017459392547607422s
bempp:HOST:TIMING: Finished Operation: Evaluating Fmm.: 0.007829427719116211s
bempp:HOST:TIMING: Start operation: Evaluating Fmm.
bempp:HOST:TIMING: Start operation: Calling ExaFMM.
bempp:HOST:TIMING: Finished Operation: Calling ExaFMM.: 0.08429312705993652s
bempp:HOST:TIMING: Start operation: Singular Corrections Evaluator
bempp:HOST:TIMING: Finished Operation: Singular Corrections Evaluator: 0.002965688705444336s
bempp:HOST:TIMING: Finished Operation: Evaluating Fmm.: 0.08777260780334473s
bempp:HOST:TIMING: Start operation: Evaluating Fmm.
bempp:HOST:TIMING: Start operation: Calling ExaFMM.
bempp:HOST:TIMING: Finished Operation: Calling ExaFMM.: 0.08411478996276855s
bempp:HOST:TIMING: Start operation: Singular Corrections Evaluator
bempp:HOST:TIMING: Finished Operation: Singular Corrections Evaluator: 0.003008127212524414s
bempp:HOST:TIMING: Finished Operation: Evaluating Fmm.: 0.08762288093566895s
bempp:HOST:TIMING: Start operation: Evaluating Fmm.
bempp:HOST:TIMING: Start operation: Calling ExaFMM.
bempp:HOST:TIMING: Finished Operation: Calling ExaFMM.: 0.08375382423400879s
bempp:HOST:TIMING: Start operation: Singular Corrections Evaluator
bempp:HOST:TIMING: Finished Operation: Singular Corrections Evaluator: 0.0029942989349365234s
bempp:HOST:TIMING: Finished Operation: Evaluating Fmm.: 0.08725547790527344s
bempp:HOST:TIMING: Start operation: Evaluating Fmm.
bempp:HOST:TIMING: Start operation: Calling ExaFMM.
bempp:HOST:TIMING: Finished Operation: Calling ExaFMM.: 0.08374643325805664s
bempp:HOST:TIMING: Start operation: Singular Corrections Evaluator
bempp:HOST:TIMING: Finished Operation: Singular Corrections Evaluator: 0.002923727035522461s
bempp:HOST:TIMING: Finished Operation: Evaluating Fmm.: 0.08719611167907715s
bempp:HOST:TIMING: Start operation: Evaluating Fmm.
bempp:HOST:TIMING: Start operation: Calling ExaFMM.
bempp:HOST:TIMING: Finished Operation: Calling ExaFMM.: 0.08420538902282715s
bempp:HOST:TIMING: Start operation: Singular Corrections Evaluator
bempp:HOST:TIMING: Finished Operation: Singular Corrections Evaluator: 0.0029430389404296875s
bempp:HOST:TIMING: Finished Operation: Evaluating Fmm.: 0.08766388893127441s
bempp:HOST:TIMING: Start operation: Evaluating Fmm.
bempp:HOST:TIMING: Start operation: Calling ExaFMM.
bempp:HOST:TIMING: Finished Operation: Calling ExaFMM.: 0.08388113975524902s
bempp:HOST:TIMING: Start operation: Singular Corrections Evaluator
bempp:HOST:TIMING: Finished Operation: Singular Corrections Evaluator: 0.0033681392669677734s
bempp:HOST:TIMING: Finished Operation: Evaluating Fmm.: 0.08779406547546387s
bempp:HOST:TIMING: Start operation: Evaluating Fmm.
bempp:HOST:TIMING: Start operation: Calling ExaFMM.
bempp:HOST:TIMING: Finished Operation: Calling ExaFMM.: 0.08437776565551758s
bempp:HOST:TIMING: Start operation: Singular Corrections Evaluator
bempp:HOST:TIMING: Finished Operation: Singular Corrections Evaluator: 0.002947568893432617s
bempp:HOST:TIMING: Finished Operation: Evaluating Fmm.: 0.08783841133117676s
bempp:HOST:TIMING: Start operation: Evaluating Fmm.
bempp:HOST:TIMING: Start operation: Calling ExaFMM.
bempp:HOST:TIMING: Finished Operation: Calling ExaFMM.: 0.006284952163696289s
bempp:HOST:TIMING: Start operation: Singular Corrections Evaluator
bempp:HOST:TIMING: Finished Operation: Singular Corrections Evaluator: 0.0017728805541992188s
bempp:HOST:TIMING: Finished Operation: Evaluating Fmm.: 0.008434772491455078s
bempp:HOST:TIMING: Start operation: Evaluating Fmm.
bempp:HOST:TIMING: Start operation: Calling ExaFMM.
bempp:HOST:TIMING: Finished Operation: Calling ExaFMM.: 0.005896329879760742s
bempp:HOST:TIMING: Start operation: Singular Corrections Evaluator
bempp:HOST:TIMING: Finished Operation: Singular Corrections Evaluator: 0.001711130142211914s
bempp:HOST:TIMING: Finished Operation: Evaluating Fmm.: 0.007926702499389648s
bempp:HOST:TIMING: Start operation: Evaluating Fmm.
bempp:HOST:TIMING: Start operation: Calling ExaFMM.
bempp:HOST:TIMING: Finished Operation: Calling ExaFMM.: 0.004981040954589844s
bempp:HOST:TIMING: Start operation: Singular Corrections Evaluator
bempp:HOST:TIMING: Finished Operation: Singular Corrections Evaluator: 0.0017178058624267578s
bempp:HOST:TIMING: Finished Operation: Evaluating Fmm.: 0.007008552551269531s
bempp:HOST:TIMING: Start operation: Evaluating Fmm.
bempp:HOST:TIMING: Start operation: Calling ExaFMM.
bempp:HOST:TIMING: Finished Operation: Calling ExaFMM.: 0.005505800247192383s
bempp:HOST:TIMING: Start operation: Singular Corrections Evaluator
bempp:HOST:TIMING: Finished Operation: Singular Corrections Evaluator: 0.001687765121459961s
bempp:HOST:TIMING: Finished Operation: Evaluating Fmm.: 0.00749659538269043s
bempp:HOST:TIMING: Start operation: Evaluating Fmm.
bempp:HOST:TIMING: Start operation: Calling ExaFMM.
bempp:HOST:TIMING: Finished Operation: Calling ExaFMM.: 0.08469033241271973s
bempp:HOST:TIMING: Start operation: Singular Corrections Evaluator
bempp:HOST:TIMING: Finished Operation: Singular Corrections Evaluator: 0.0029456615447998047s
bempp:HOST:TIMING: Finished Operation: Evaluating Fmm.: 0.08812975883483887s
bempp:HOST:TIMING: _Solver.solve : 9.131e-05s
bempp:HOST:TIMING: _Solver.solve : 4.268e-05s
bempp:HOST:INFO: GMRES Iteration 5 with residual 5.271876500575234e-06
bempp:HOST:TIMING: Start operation: Evaluating Fmm.
bempp:HOST:TIMING: Start operation: Calling ExaFMM.
bempp:HOST:TIMING: Finished Operation: Calling ExaFMM.: 0.006096839904785156s
bempp:HOST:TIMING: Start operation: Singular Corrections Evaluator
bempp:HOST:TIMING: Finished Operation: Singular Corrections Evaluator: 0.0017695426940917969s
bempp:HOST:TIMING: Finished Operation: Evaluating Fmm.: 0.00821065902709961s
bempp:HOST:TIMING: Start operation: Evaluating Fmm.
bempp:HOST:TIMING: Start operation: Calling ExaFMM.
bempp:HOST:TIMING: Finished Operation: Calling ExaFMM.: 0.004901409149169922s
bempp:HOST:TIMING: Start operation: Singular Corrections Evaluator
bempp:HOST:TIMING: Finished Operation: Singular Corrections Evaluator: 0.0017087459564208984s
bempp:HOST:TIMING: Finished Operation: Evaluating Fmm.: 0.00691676139831543s
bempp:HOST:TIMING: Start operation: Evaluating Fmm.
bempp:HOST:TIMING: Start operation: Calling ExaFMM.
bempp:HOST:TIMING: Finished Operation: Calling ExaFMM.: 0.004897594451904297s
bempp:HOST:TIMING: Start operation: Singular Corrections Evaluator
bempp:HOST:TIMING: Finished Operation: Singular Corrections Evaluator: 0.001695394515991211s
bempp:HOST:TIMING: Finished Operation: Evaluating Fmm.: 0.006899118423461914s
bempp:HOST:TIMING: Start operation: Evaluating Fmm.
bempp:HOST:TIMING: Start operation: Calling ExaFMM.
bempp:HOST:TIMING: Finished Operation: Calling ExaFMM.: 0.08480620384216309s
bempp:HOST:TIMING: Start operation: Singular Corrections Evaluator
bempp:HOST:TIMING: Finished Operation: Singular Corrections Evaluator: 0.0029554367065429688s
bempp:HOST:TIMING: Finished Operation: Evaluating Fmm.: 0.088287353515625s
bempp:HOST:TIMING: Start operation: Evaluating Fmm.
bempp:HOST:TIMING: Start operation: Calling ExaFMM.
bempp:HOST:TIMING: Finished Operation: Calling ExaFMM.: 0.08494973182678223s
bempp:HOST:TIMING: Start operation: Singular Corrections Evaluator
bempp:HOST:TIMING: Finished Operation: Singular Corrections Evaluator: 0.0029671192169189453s
bempp:HOST:TIMING: Finished Operation: Evaluating Fmm.: 0.08841800689697266s
bempp:HOST:TIMING: Start operation: Evaluating Fmm.
bempp:HOST:TIMING: Start operation: Calling ExaFMM.
bempp:HOST:TIMING: Finished Operation: Calling ExaFMM.: 0.08449816703796387s
bempp:HOST:TIMING: Start operation: Singular Corrections Evaluator
bempp:HOST:TIMING: Finished Operation: Singular Corrections Evaluator: 0.002948760986328125s
bempp:HOST:TIMING: Finished Operation: Evaluating Fmm.: 0.0879523754119873s
bempp:HOST:TIMING: Start operation: Evaluating Fmm.
bempp:HOST:TIMING: Start operation: Calling ExaFMM.
bempp:HOST:TIMING: Finished Operation: Calling ExaFMM.: 0.005704402923583984s
bempp:HOST:TIMING: Start operation: Singular Corrections Evaluator
bempp:HOST:TIMING: Finished Operation: Singular Corrections Evaluator: 0.00228118896484375s
bempp:HOST:TIMING: Finished Operation: Evaluating Fmm.: 0.008353471755981445s
bempp:HOST:TIMING: Start operation: Evaluating Fmm.
bempp:HOST:TIMING: Start operation: Calling ExaFMM.
bempp:HOST:TIMING: Finished Operation: Calling ExaFMM.: 0.08452320098876953s
bempp:HOST:TIMING: Start operation: Singular Corrections Evaluator
bempp:HOST:TIMING: Finished Operation: Singular Corrections Evaluator: 0.002992868423461914s
bempp:HOST:TIMING: Finished Operation: Evaluating Fmm.: 0.08802342414855957s
bempp:HOST:TIMING: Start operation: Evaluating Fmm.
bempp:HOST:TIMING: Start operation: Calling ExaFMM.
bempp:HOST:TIMING: Finished Operation: Calling ExaFMM.: 0.08373117446899414s
bempp:HOST:TIMING: Start operation: Singular Corrections Evaluator
bempp:HOST:TIMING: Finished Operation: Singular Corrections Evaluator: 0.0029668807983398438s
bempp:HOST:TIMING: Finished Operation: Evaluating Fmm.: 0.08720660209655762s
bempp:HOST:TIMING: Start operation: Evaluating Fmm.
bempp:HOST:TIMING: Start operation: Calling ExaFMM.
bempp:HOST:TIMING: Finished Operation: Calling ExaFMM.: 0.08372092247009277s
bempp:HOST:TIMING: Start operation: Singular Corrections Evaluator
bempp:HOST:TIMING: Finished Operation: Singular Corrections Evaluator: 0.0029664039611816406s
bempp:HOST:TIMING: Finished Operation: Evaluating Fmm.: 0.0872032642364502s
bempp:HOST:TIMING: Start operation: Evaluating Fmm.
bempp:HOST:TIMING: Start operation: Calling ExaFMM.
bempp:HOST:TIMING: Finished Operation: Calling ExaFMM.: 0.08378410339355469s
bempp:HOST:TIMING: Start operation: Singular Corrections Evaluator
bempp:HOST:TIMING: Finished Operation: Singular Corrections Evaluator: 0.002933025360107422s
bempp:HOST:TIMING: Finished Operation: Evaluating Fmm.: 0.08723330497741699s
bempp:HOST:TIMING: Start operation: Evaluating Fmm.
bempp:HOST:TIMING: Start operation: Calling ExaFMM.
bempp:HOST:TIMING: Finished Operation: Calling ExaFMM.: 0.08369326591491699s
bempp:HOST:TIMING: Start operation: Singular Corrections Evaluator
bempp:HOST:TIMING: Finished Operation: Singular Corrections Evaluator: 0.002993345260620117s
bempp:HOST:TIMING: Finished Operation: Evaluating Fmm.: 0.08720207214355469s
bempp:HOST:TIMING: Start operation: Evaluating Fmm.
bempp:HOST:TIMING: Start operation: Calling ExaFMM.
bempp:HOST:TIMING: Finished Operation: Calling ExaFMM.: 0.08422255516052246s
bempp:HOST:TIMING: Start operation: Singular Corrections Evaluator
bempp:HOST:TIMING: Finished Operation: Singular Corrections Evaluator: 0.0029468536376953125s
bempp:HOST:TIMING: Finished Operation: Evaluating Fmm.: 0.08767867088317871s
bempp:HOST:TIMING: Start operation: Evaluating Fmm.
bempp:HOST:TIMING: Start operation: Calling ExaFMM.
bempp:HOST:TIMING: Finished Operation: Calling ExaFMM.: 0.08377552032470703s
bempp:HOST:TIMING: Start operation: Singular Corrections Evaluator
bempp:HOST:TIMING: Finished Operation: Singular Corrections Evaluator: 0.0029556751251220703s
bempp:HOST:TIMING: Finished Operation: Evaluating Fmm.: 0.08725643157958984s
bempp:HOST:TIMING: Start operation: Evaluating Fmm.
bempp:HOST:TIMING: Start operation: Calling ExaFMM.
bempp:HOST:TIMING: Finished Operation: Calling ExaFMM.: 0.005717754364013672s
bempp:HOST:TIMING: Start operation: Singular Corrections Evaluator
bempp:HOST:TIMING: Finished Operation: Singular Corrections Evaluator: 0.0017557144165039062s
bempp:HOST:TIMING: Finished Operation: Evaluating Fmm.: 0.007816791534423828s
bempp:HOST:TIMING: Start operation: Evaluating Fmm.
bempp:HOST:TIMING: Start operation: Calling ExaFMM.
bempp:HOST:TIMING: Finished Operation: Calling ExaFMM.: 0.005835294723510742s
bempp:HOST:TIMING: Start operation: Singular Corrections Evaluator
bempp:HOST:TIMING: Finished Operation: Singular Corrections Evaluator: 0.0017552375793457031s
bempp:HOST:TIMING: Finished Operation: Evaluating Fmm.: 0.007924795150756836s
bempp:HOST:TIMING: Start operation: Evaluating Fmm.
bempp:HOST:TIMING: Start operation: Calling ExaFMM.
bempp:HOST:TIMING: Finished Operation: Calling ExaFMM.: 0.005515336990356445s
bempp:HOST:TIMING: Start operation: Singular Corrections Evaluator
bempp:HOST:TIMING: Finished Operation: Singular Corrections Evaluator: 0.001737356185913086s
bempp:HOST:TIMING: Finished Operation: Evaluating Fmm.: 0.0075643062591552734s
bempp:HOST:TIMING: Start operation: Evaluating Fmm.
bempp:HOST:TIMING: Start operation: Calling ExaFMM.
bempp:HOST:TIMING: Finished Operation: Calling ExaFMM.: 0.004824161529541016s
bempp:HOST:TIMING: Start operation: Singular Corrections Evaluator
bempp:HOST:TIMING: Finished Operation: Singular Corrections Evaluator: 0.0016949176788330078s
bempp:HOST:TIMING: Finished Operation: Evaluating Fmm.: 0.0068204402923583984s
bempp:HOST:TIMING: Start operation: Evaluating Fmm.
bempp:HOST:TIMING: Start operation: Calling ExaFMM.
bempp:HOST:TIMING: Finished Operation: Calling ExaFMM.: 0.08826208114624023s
bempp:HOST:TIMING: Start operation: Singular Corrections Evaluator
bempp:HOST:TIMING: Finished Operation: Singular Corrections Evaluator: 0.0029692649841308594s
bempp:HOST:TIMING: Finished Operation: Evaluating Fmm.: 0.09172821044921875s
bempp:HOST:TIMING: _Solver.solve : 9.036e-05s
bempp:HOST:TIMING: _Solver.solve : 4.244e-05s
bempp:HOST:INFO: GMRES Iteration 6 with residual 2.729167931864494e-07
bempp:HOST:TIMING: Start operation: Evaluating Fmm.
bempp:HOST:TIMING: Start operation: Calling ExaFMM.
bempp:HOST:TIMING: Finished Operation: Calling ExaFMM.: 0.00554966926574707s
bempp:HOST:TIMING: Start operation: Singular Corrections Evaluator
bempp:HOST:TIMING: Finished Operation: Singular Corrections Evaluator: 0.0017600059509277344s
bempp:HOST:TIMING: Finished Operation: Evaluating Fmm.: 0.007642507553100586s
bempp:HOST:TIMING: Start operation: Evaluating Fmm.
bempp:HOST:TIMING: Start operation: Calling ExaFMM.
bempp:HOST:TIMING: Finished Operation: Calling ExaFMM.: 0.004962444305419922s
bempp:HOST:TIMING: Start operation: Singular Corrections Evaluator
bempp:HOST:TIMING: Finished Operation: Singular Corrections Evaluator: 0.0017077922821044922s
bempp:HOST:TIMING: Finished Operation: Evaluating Fmm.: 0.006987810134887695s
bempp:HOST:TIMING: Start operation: Evaluating Fmm.
bempp:HOST:TIMING: Start operation: Calling ExaFMM.
bempp:HOST:TIMING: Finished Operation: Calling ExaFMM.: 0.0048410892486572266s
bempp:HOST:TIMING: Start operation: Singular Corrections Evaluator
bempp:HOST:TIMING: Finished Operation: Singular Corrections Evaluator: 0.0017414093017578125s
bempp:HOST:TIMING: Finished Operation: Evaluating Fmm.: 0.006901979446411133s
bempp:HOST:TIMING: Start operation: Evaluating Fmm.
bempp:HOST:TIMING: Start operation: Calling ExaFMM.
bempp:HOST:TIMING: Finished Operation: Calling ExaFMM.: 0.08460187911987305s
bempp:HOST:TIMING: Start operation: Singular Corrections Evaluator
bempp:HOST:TIMING: Finished Operation: Singular Corrections Evaluator: 0.002965688705444336s
bempp:HOST:TIMING: Finished Operation: Evaluating Fmm.: 0.08806157112121582s
bempp:HOST:TIMING: Start operation: Evaluating Fmm.
bempp:HOST:TIMING: Start operation: Calling ExaFMM.
bempp:HOST:TIMING: Finished Operation: Calling ExaFMM.: 0.0839078426361084s
bempp:HOST:TIMING: Start operation: Singular Corrections Evaluator
bempp:HOST:TIMING: Finished Operation: Singular Corrections Evaluator: 0.0029633045196533203s
bempp:HOST:TIMING: Finished Operation: Evaluating Fmm.: 0.08737683296203613s
bempp:HOST:TIMING: Start operation: Evaluating Fmm.
bempp:HOST:TIMING: Start operation: Calling ExaFMM.
bempp:HOST:TIMING: Finished Operation: Calling ExaFMM.: 0.08374571800231934s
bempp:HOST:TIMING: Start operation: Singular Corrections Evaluator
bempp:HOST:TIMING: Finished Operation: Singular Corrections Evaluator: 0.0029675960540771484s
bempp:HOST:TIMING: Finished Operation: Evaluating Fmm.: 0.08722734451293945s
bempp:HOST:TIMING: Start operation: Evaluating Fmm.
bempp:HOST:TIMING: Start operation: Calling ExaFMM.
bempp:HOST:TIMING: Finished Operation: Calling ExaFMM.: 0.0057070255279541016s
bempp:HOST:TIMING: Start operation: Singular Corrections Evaluator
bempp:HOST:TIMING: Finished Operation: Singular Corrections Evaluator: 0.0018124580383300781s
bempp:HOST:TIMING: Finished Operation: Evaluating Fmm.: 0.007870197296142578s
bempp:HOST:TIMING: Start operation: Evaluating Fmm.
bempp:HOST:TIMING: Start operation: Calling ExaFMM.
bempp:HOST:TIMING: Finished Operation: Calling ExaFMM.: 0.08441710472106934s
bempp:HOST:TIMING: Start operation: Singular Corrections Evaluator
bempp:HOST:TIMING: Finished Operation: Singular Corrections Evaluator: 0.002964019775390625s
bempp:HOST:TIMING: Finished Operation: Evaluating Fmm.: 0.0879049301147461s
bempp:HOST:TIMING: Start operation: Evaluating Fmm.
bempp:HOST:TIMING: Start operation: Calling ExaFMM.
bempp:HOST:TIMING: Finished Operation: Calling ExaFMM.: 0.08379626274108887s
bempp:HOST:TIMING: Start operation: Singular Corrections Evaluator
bempp:HOST:TIMING: Finished Operation: Singular Corrections Evaluator: 0.0029478073120117188s
bempp:HOST:TIMING: Finished Operation: Evaluating Fmm.: 0.08722949028015137s
bempp:HOST:TIMING: Start operation: Evaluating Fmm.
bempp:HOST:TIMING: Start operation: Calling ExaFMM.
bempp:HOST:TIMING: Finished Operation: Calling ExaFMM.: 0.08370018005371094s
bempp:HOST:TIMING: Start operation: Singular Corrections Evaluator
bempp:HOST:TIMING: Finished Operation: Singular Corrections Evaluator: 0.0029637813568115234s
bempp:HOST:TIMING: Finished Operation: Evaluating Fmm.: 0.08716082572937012s
bempp:HOST:TIMING: Start operation: Evaluating Fmm.
bempp:HOST:TIMING: Start operation: Calling ExaFMM.
bempp:HOST:TIMING: Finished Operation: Calling ExaFMM.: 0.08389711380004883s
bempp:HOST:TIMING: Start operation: Singular Corrections Evaluator
bempp:HOST:TIMING: Finished Operation: Singular Corrections Evaluator: 0.0029668807983398438s
bempp:HOST:TIMING: Finished Operation: Evaluating Fmm.: 0.08737301826477051s
bempp:HOST:TIMING: Start operation: Evaluating Fmm.
bempp:HOST:TIMING: Start operation: Calling ExaFMM.
bempp:HOST:TIMING: Finished Operation: Calling ExaFMM.: 0.08415722846984863s
bempp:HOST:TIMING: Start operation: Singular Corrections Evaluator
bempp:HOST:TIMING: Finished Operation: Singular Corrections Evaluator: 0.002964019775390625s
bempp:HOST:TIMING: Finished Operation: Evaluating Fmm.: 0.08762884140014648s
bempp:HOST:TIMING: Start operation: Evaluating Fmm.
bempp:HOST:TIMING: Start operation: Calling ExaFMM.
bempp:HOST:TIMING: Finished Operation: Calling ExaFMM.: 0.08397722244262695s
bempp:HOST:TIMING: Start operation: Singular Corrections Evaluator
bempp:HOST:TIMING: Finished Operation: Singular Corrections Evaluator: 0.0029773712158203125s
bempp:HOST:TIMING: Finished Operation: Evaluating Fmm.: 0.0874626636505127s
bempp:HOST:TIMING: Start operation: Evaluating Fmm.
bempp:HOST:TIMING: Start operation: Calling ExaFMM.
bempp:HOST:TIMING: Finished Operation: Calling ExaFMM.: 0.08417320251464844s
bempp:HOST:TIMING: Start operation: Singular Corrections Evaluator
bempp:HOST:TIMING: Finished Operation: Singular Corrections Evaluator: 0.0029549598693847656s
bempp:HOST:TIMING: Finished Operation: Evaluating Fmm.: 0.08762788772583008s
bempp:HOST:TIMING: Start operation: Evaluating Fmm.
bempp:HOST:TIMING: Start operation: Calling ExaFMM.
bempp:HOST:TIMING: Finished Operation: Calling ExaFMM.: 0.0056858062744140625s
bempp:HOST:TIMING: Start operation: Singular Corrections Evaluator
bempp:HOST:TIMING: Finished Operation: Singular Corrections Evaluator: 0.0017673969268798828s
bempp:HOST:TIMING: Finished Operation: Evaluating Fmm.: 0.007805347442626953s
bempp:HOST:TIMING: Start operation: Evaluating Fmm.
bempp:HOST:TIMING: Start operation: Calling ExaFMM.
bempp:HOST:TIMING: Finished Operation: Calling ExaFMM.: 0.005295276641845703s
bempp:HOST:TIMING: Start operation: Singular Corrections Evaluator
bempp:HOST:TIMING: Finished Operation: Singular Corrections Evaluator: 0.0017154216766357422s
bempp:HOST:TIMING: Finished Operation: Evaluating Fmm.: 0.0073244571685791016s
bempp:HOST:TIMING: Start operation: Evaluating Fmm.
bempp:HOST:TIMING: Start operation: Calling ExaFMM.
bempp:HOST:TIMING: Finished Operation: Calling ExaFMM.: 0.004890918731689453s
bempp:HOST:TIMING: Start operation: Singular Corrections Evaluator
bempp:HOST:TIMING: Finished Operation: Singular Corrections Evaluator: 0.0010905265808105469s
bempp:HOST:TIMING: Finished Operation: Evaluating Fmm.: 0.0063018798828125s
bempp:HOST:TIMING: Start operation: Evaluating Fmm.
bempp:HOST:TIMING: Start operation: Calling ExaFMM.
bempp:HOST:TIMING: Finished Operation: Calling ExaFMM.: 0.004835605621337891s
bempp:HOST:TIMING: Start operation: Singular Corrections Evaluator
bempp:HOST:TIMING: Finished Operation: Singular Corrections Evaluator: 0.0009832382202148438s
bempp:HOST:TIMING: Finished Operation: Evaluating Fmm.: 0.006103038787841797s
bempp:HOST:TIMING: Start operation: Evaluating Fmm.
bempp:HOST:TIMING: Start operation: Calling ExaFMM.
bempp:HOST:TIMING: Finished Operation: Calling ExaFMM.: 0.08417129516601562s
bempp:HOST:TIMING: Start operation: Singular Corrections Evaluator
bempp:HOST:TIMING: Finished Operation: Singular Corrections Evaluator: 0.002199411392211914s
bempp:HOST:TIMING: Finished Operation: Evaluating Fmm.: 0.08685445785522461s
bempp:HOST:TIMING: _Solver.solve : 9.036e-05s
bempp:HOST:TIMING: _Solver.solve : 4.172e-05s
bempp:HOST:INFO: GMRES Iteration 7 with residual 9.659309660649316e-09
bempp:HOST:TIMING: Start operation: Initialising Exafmm.
bempp:HOST:TIMING: Finished Operation: Initialising Exafmm.: 0.748729944229126s
bempp:HOST:DEBUG: Using cached Fmm Interface.
bempp:HOST:TIMING: Start operation: Evaluating Fmm.
bempp:HOST:TIMING: Start operation: Calling ExaFMM.
bempp:HOST:TIMING: Finished Operation: Calling ExaFMM.: 0.007309913635253906s
bempp:HOST:TIMING: Finished Operation: Evaluating Fmm.: 0.008015632629394531s
bempp:HOST:TIMING: Start operation: Evaluating Fmm.
bempp:HOST:TIMING: Start operation: Calling ExaFMM.
bempp:HOST:TIMING: Finished Operation: Calling ExaFMM.: 0.004694700241088867s
bempp:HOST:TIMING: Finished Operation: Evaluating Fmm.: 0.004842996597290039s
bempp:HOST:TIMING: Start operation: Evaluating Fmm.
bempp:HOST:TIMING: Start operation: Calling ExaFMM.
bempp:HOST:TIMING: Finished Operation: Calling ExaFMM.: 0.003857135772705078s
bempp:HOST:TIMING: Finished Operation: Evaluating Fmm.: 0.00400853157043457s
bempp:HOST:TIMING: Start operation: Evaluating Fmm.
bempp:HOST:TIMING: Start operation: Calling ExaFMM.
bempp:HOST:TIMING: Finished Operation: Calling ExaFMM.: 0.004961252212524414s
bempp:HOST:TIMING: Finished Operation: Evaluating Fmm.: 0.005097627639770508s
	Command being timed: "python /SEAS/home/twang66/bempp_exafmm_paper/repro-pack/scripts/juffer_ex.py /SEAS/home/twang66/bempp_exafmm_paper/repro-pack/runs/sphere_convergence/config/sphere512_r4.yml"
	User time (seconds): 522.20
	System time (seconds): 15.52
	Percent of CPU this job got: 1924%
	Elapsed (wall clock) time (h:mm:ss or m:ss): 0:27.94
	Average shared text size (kbytes): 0
	Average unshared data size (kbytes): 0
	Average stack size (kbytes): 0
	Average total size (kbytes): 0
	Maximum resident set size (kbytes): 1069280
	Average resident set size (kbytes): 0
	Major (requiring I/O) page faults: 0
	Minor (reclaiming a frame) page faults: 1641085
	Voluntary context switches: 42488
	Involuntary context switches: 111626
	Swaps: 0
	File system inputs: 6872
	File system outputs: 1590720
	Socket messages sent: 0
	Socket messages received: 0
	Signals delivered: 0
	Page size (bytes): 4096
	Exit status: 0
